LAYER_NAME: all_layers
2020-07-14 11:08:51.254674: I tensorflow_io/core/kernels/cpu_check.cc:128] Your CPU supports instructions that this TensorFlow IO binary was not compiled to use: AVX2 AVX512F FMA
2020-07-14 11:08:52.416552: I tensorflow/stream_executor/platform/default/dso_loader.cc:44] Successfully opened dynamic library libcuda.so.1
2020-07-14 11:08:52.736396: I tensorflow/core/common_runtime/gpu/gpu_device.cc:1561] Found device 0 with properties: 
pciBusID: 0000:1d:00.0 name: GeForce RTX 2080 Ti computeCapability: 7.5
coreClock: 1.545GHz coreCount: 68 deviceMemorySize: 10.73GiB deviceMemoryBandwidth: 573.69GiB/s
2020-07-14 11:08:52.738495: I tensorflow/core/common_runtime/gpu/gpu_device.cc:1561] Found device 1 with properties: 
pciBusID: 0000:1e:00.0 name: GeForce RTX 2080 Ti computeCapability: 7.5
coreClock: 1.545GHz coreCount: 68 deviceMemorySize: 10.73GiB deviceMemoryBandwidth: 573.69GiB/s
2020-07-14 11:08:52.740560: I tensorflow/core/common_runtime/gpu/gpu_device.cc:1561] Found device 2 with properties: 
pciBusID: 0000:1f:00.0 name: GeForce RTX 2080 Ti computeCapability: 7.5
coreClock: 1.545GHz coreCount: 68 deviceMemorySize: 10.73GiB deviceMemoryBandwidth: 573.69GiB/s
2020-07-14 11:08:52.742616: I tensorflow/core/common_runtime/gpu/gpu_device.cc:1561] Found device 3 with properties: 
pciBusID: 0000:20:00.0 name: GeForce RTX 2080 Ti computeCapability: 7.5
coreClock: 1.545GHz coreCount: 68 deviceMemorySize: 10.73GiB deviceMemoryBandwidth: 573.69GiB/s
2020-07-14 11:08:52.744574: I tensorflow/core/common_runtime/gpu/gpu_device.cc:1561] Found device 4 with properties: 
pciBusID: 0000:21:00.0 name: GeForce RTX 2080 Ti computeCapability: 7.5
coreClock: 1.545GHz coreCount: 68 deviceMemorySize: 10.73GiB deviceMemoryBandwidth: 573.69GiB/s
2020-07-14 11:08:52.746528: I tensorflow/core/common_runtime/gpu/gpu_device.cc:1561] Found device 5 with properties: 
pciBusID: 0000:22:00.0 name: GeForce RTX 2080 Ti computeCapability: 7.5
coreClock: 1.545GHz coreCount: 68 deviceMemorySize: 10.73GiB deviceMemoryBandwidth: 573.69GiB/s
2020-07-14 11:08:52.748344: I tensorflow/stream_executor/platform/default/dso_loader.cc:44] Successfully opened dynamic library libcudart.so.10.1
2020-07-14 11:08:52.753235: I tensorflow/stream_executor/platform/default/dso_loader.cc:44] Successfully opened dynamic library libcublas.so.10
2020-07-14 11:08:52.756862: I tensorflow/stream_executor/platform/default/dso_loader.cc:44] Successfully opened dynamic library libcufft.so.10
2020-07-14 11:08:52.758591: I tensorflow/stream_executor/platform/default/dso_loader.cc:44] Successfully opened dynamic library libcurand.so.10
2020-07-14 11:08:52.762290: I tensorflow/stream_executor/platform/default/dso_loader.cc:44] Successfully opened dynamic library libcusolver.so.10
2020-07-14 11:08:52.764809: I tensorflow/stream_executor/platform/default/dso_loader.cc:44] Successfully opened dynamic library libcusparse.so.10
2020-07-14 11:08:52.771120: I tensorflow/stream_executor/platform/default/dso_loader.cc:44] Successfully opened dynamic library libcudnn.so.7
2020-07-14 11:08:52.794875: I tensorflow/core/common_runtime/gpu/gpu_device.cc:1703] Adding visible gpu devices: 0, 1, 2, 3, 4, 5
2020-07-14 11:08:53.486558: I tensorflow/core/platform/cpu_feature_guard.cc:143] Your CPU supports instructions that this TensorFlow binary was not compiled to use: AVX2 AVX512F FMA
2020-07-14 11:08:53.496526: I tensorflow/core/platform/profile_utils/cpu_utils.cc:102] CPU Frequency: 2100000000 Hz
2020-07-14 11:08:53.498172: I tensorflow/compiler/xla/service/service.cc:168] XLA service 0x55958924ed60 initialized for platform Host (this does not guarantee that XLA will be used). Devices:
2020-07-14 11:08:53.498201: I tensorflow/compiler/xla/service/service.cc:176]   StreamExecutor device (0): Host, Default Version
2020-07-14 11:08:54.274771: I tensorflow/compiler/xla/service/service.cc:168] XLA service 0x5595885083c0 initialized for platform CUDA (this does not guarantee that XLA will be used). Devices:
2020-07-14 11:08:54.274805: I tensorflow/compiler/xla/service/service.cc:176]   StreamExecutor device (0): GeForce RTX 2080 Ti, Compute Capability 7.5
2020-07-14 11:08:54.274818: I tensorflow/compiler/xla/service/service.cc:176]   StreamExecutor device (1): GeForce RTX 2080 Ti, Compute Capability 7.5
2020-07-14 11:08:54.274825: I tensorflow/compiler/xla/service/service.cc:176]   StreamExecutor device (2): GeForce RTX 2080 Ti, Compute Capability 7.5
2020-07-14 11:08:54.274830: I tensorflow/compiler/xla/service/service.cc:176]   StreamExecutor device (3): GeForce RTX 2080 Ti, Compute Capability 7.5
2020-07-14 11:08:54.274836: I tensorflow/compiler/xla/service/service.cc:176]   StreamExecutor device (4): GeForce RTX 2080 Ti, Compute Capability 7.5
2020-07-14 11:08:54.274842: I tensorflow/compiler/xla/service/service.cc:176]   StreamExecutor device (5): GeForce RTX 2080 Ti, Compute Capability 7.5
2020-07-14 11:08:54.279975: I tensorflow/core/common_runtime/gpu/gpu_device.cc:1561] Found device 0 with properties: 
pciBusID: 0000:1d:00.0 name: GeForce RTX 2080 Ti computeCapability: 7.5
coreClock: 1.545GHz coreCount: 68 deviceMemorySize: 10.73GiB deviceMemoryBandwidth: 573.69GiB/s
2020-07-14 11:08:54.281860: I tensorflow/core/common_runtime/gpu/gpu_device.cc:1561] Found device 1 with properties: 
pciBusID: 0000:1e:00.0 name: GeForce RTX 2080 Ti computeCapability: 7.5
coreClock: 1.545GHz coreCount: 68 deviceMemorySize: 10.73GiB deviceMemoryBandwidth: 573.69GiB/s
2020-07-14 11:08:54.283745: I tensorflow/core/common_runtime/gpu/gpu_device.cc:1561] Found device 2 with properties: 
pciBusID: 0000:1f:00.0 name: GeForce RTX 2080 Ti computeCapability: 7.5
coreClock: 1.545GHz coreCount: 68 deviceMemorySize: 10.73GiB deviceMemoryBandwidth: 573.69GiB/s
2020-07-14 11:08:54.285614: I tensorflow/core/common_runtime/gpu/gpu_device.cc:1561] Found device 3 with properties: 
pciBusID: 0000:20:00.0 name: GeForce RTX 2080 Ti computeCapability: 7.5
coreClock: 1.545GHz coreCount: 68 deviceMemorySize: 10.73GiB deviceMemoryBandwidth: 573.69GiB/s
2020-07-14 11:08:54.287398: I tensorflow/core/common_runtime/gpu/gpu_device.cc:1561] Found device 4 with properties: 
pciBusID: 0000:21:00.0 name: GeForce RTX 2080 Ti computeCapability: 7.5
coreClock: 1.545GHz coreCount: 68 deviceMemorySize: 10.73GiB deviceMemoryBandwidth: 573.69GiB/s
2020-07-14 11:08:54.289184: I tensorflow/core/common_runtime/gpu/gpu_device.cc:1561] Found device 5 with properties: 
pciBusID: 0000:22:00.0 name: GeForce RTX 2080 Ti computeCapability: 7.5
coreClock: 1.545GHz coreCount: 68 deviceMemorySize: 10.73GiB deviceMemoryBandwidth: 573.69GiB/s
2020-07-14 11:08:54.289225: I tensorflow/stream_executor/platform/default/dso_loader.cc:44] Successfully opened dynamic library libcudart.so.10.1
2020-07-14 11:08:54.289237: I tensorflow/stream_executor/platform/default/dso_loader.cc:44] Successfully opened dynamic library libcublas.so.10
2020-07-14 11:08:54.289250: I tensorflow/stream_executor/platform/default/dso_loader.cc:44] Successfully opened dynamic library libcufft.so.10
2020-07-14 11:08:54.289262: I tensorflow/stream_executor/platform/default/dso_loader.cc:44] Successfully opened dynamic library libcurand.so.10
2020-07-14 11:08:54.289274: I tensorflow/stream_executor/platform/default/dso_loader.cc:44] Successfully opened dynamic library libcusolver.so.10
2020-07-14 11:08:54.289285: I tensorflow/stream_executor/platform/default/dso_loader.cc:44] Successfully opened dynamic library libcusparse.so.10
2020-07-14 11:08:54.289297: I tensorflow/stream_executor/platform/default/dso_loader.cc:44] Successfully opened dynamic library libcudnn.so.7
2020-07-14 11:08:54.311178: I tensorflow/core/common_runtime/gpu/gpu_device.cc:1703] Adding visible gpu devices: 0, 1, 2, 3, 4, 5
2020-07-14 11:08:54.311216: I tensorflow/stream_executor/platform/default/dso_loader.cc:44] Successfully opened dynamic library libcudart.so.10.1
2020-07-14 11:08:54.323984: I tensorflow/core/common_runtime/gpu/gpu_device.cc:1102] Device interconnect StreamExecutor with strength 1 edge matrix:
2020-07-14 11:08:54.324002: I tensorflow/core/common_runtime/gpu/gpu_device.cc:1108]      0 1 2 3 4 5 
2020-07-14 11:08:54.324012: I tensorflow/core/common_runtime/gpu/gpu_device.cc:1121] 0:   N N N N N N 
2020-07-14 11:08:54.324023: I tensorflow/core/common_runtime/gpu/gpu_device.cc:1121] 1:   N N N N N N 
2020-07-14 11:08:54.324029: I tensorflow/core/common_runtime/gpu/gpu_device.cc:1121] 2:   N N N N N N 
2020-07-14 11:08:54.324035: I tensorflow/core/common_runtime/gpu/gpu_device.cc:1121] 3:   N N N N N N 
2020-07-14 11:08:54.324040: I tensorflow/core/common_runtime/gpu/gpu_device.cc:1121] 4:   N N N N N N 
2020-07-14 11:08:54.324046: I tensorflow/core/common_runtime/gpu/gpu_device.cc:1121] 5:   N N N N N N 
2020-07-14 11:08:54.340785: I tensorflow/core/common_runtime/gpu/gpu_device.cc:1247] Created TensorFlow device (/job:localhost/replica:0/task:0/device:GPU:0 with 10174 MB memory) -> physical GPU (device: 0, name: GeForce RTX 2080 Ti, pci bus id: 0000:1d:00.0, compute capability: 7.5)
2020-07-14 11:08:54.342912: I tensorflow/core/common_runtime/gpu/gpu_device.cc:1247] Created TensorFlow device (/job:localhost/replica:0/task:0/device:GPU:1 with 10174 MB memory) -> physical GPU (device: 1, name: GeForce RTX 2080 Ti, pci bus id: 0000:1e:00.0, compute capability: 7.5)
2020-07-14 11:08:54.345056: I tensorflow/core/common_runtime/gpu/gpu_device.cc:1247] Created TensorFlow device (/job:localhost/replica:0/task:0/device:GPU:2 with 10174 MB memory) -> physical GPU (device: 2, name: GeForce RTX 2080 Ti, pci bus id: 0000:1f:00.0, compute capability: 7.5)
2020-07-14 11:08:54.347150: I tensorflow/core/common_runtime/gpu/gpu_device.cc:1247] Created TensorFlow device (/job:localhost/replica:0/task:0/device:GPU:3 with 10174 MB memory) -> physical GPU (device: 3, name: GeForce RTX 2080 Ti, pci bus id: 0000:20:00.0, compute capability: 7.5)
2020-07-14 11:08:54.349175: I tensorflow/core/common_runtime/gpu/gpu_device.cc:1247] Created TensorFlow device (/job:localhost/replica:0/task:0/device:GPU:4 with 10174 MB memory) -> physical GPU (device: 4, name: GeForce RTX 2080 Ti, pci bus id: 0000:21:00.0, compute capability: 7.5)
2020-07-14 11:08:54.351207: I tensorflow/core/common_runtime/gpu/gpu_device.cc:1247] Created TensorFlow device (/job:localhost/replica:0/task:0/device:GPU:5 with 10174 MB memory) -> physical GPU (device: 5, name: GeForce RTX 2080 Ti, pci bus id: 0000:22:00.0, compute capability: 7.5)
WARNING:tensorflow:From /home/hauthj/.conda/envs/gpu-env/lib/python3.8/site-packages/tensorflow_probability/python/layers/util.py:99: Layer.add_variable (from tensorflow.python.keras.engine.base_layer) is deprecated and will be removed in a future version.
Instructions for updating:
Please use `layer.add_weight` method instead.
