LAYER_NAME: all_layers
2020-07-21 13:13:08.398252: I tensorflow_io/core/kernels/cpu_check.cc:128] Your CPU supports instructions that this TensorFlow IO binary was not compiled to use: AVX2 AVX512F FMA
2020-07-21 13:13:10.036629: I tensorflow/stream_executor/platform/default/dso_loader.cc:44] Successfully opened dynamic library libcuda.so.1
2020-07-21 13:13:10.264896: I tensorflow/core/common_runtime/gpu/gpu_device.cc:1561] Found device 0 with properties: 
pciBusID: 0000:1d:00.0 name: GeForce RTX 2080 Ti computeCapability: 7.5
coreClock: 1.545GHz coreCount: 68 deviceMemorySize: 10.73GiB deviceMemoryBandwidth: 573.69GiB/s
2020-07-21 13:13:10.266997: I tensorflow/core/common_runtime/gpu/gpu_device.cc:1561] Found device 1 with properties: 
pciBusID: 0000:1e:00.0 name: GeForce RTX 2080 Ti computeCapability: 7.5
coreClock: 1.545GHz coreCount: 68 deviceMemorySize: 10.73GiB deviceMemoryBandwidth: 573.69GiB/s
2020-07-21 13:13:10.269056: I tensorflow/core/common_runtime/gpu/gpu_device.cc:1561] Found device 2 with properties: 
pciBusID: 0000:1f:00.0 name: GeForce RTX 2080 Ti computeCapability: 7.5
coreClock: 1.545GHz coreCount: 68 deviceMemorySize: 10.73GiB deviceMemoryBandwidth: 573.69GiB/s
2020-07-21 13:13:10.271114: I tensorflow/core/common_runtime/gpu/gpu_device.cc:1561] Found device 3 with properties: 
pciBusID: 0000:20:00.0 name: GeForce RTX 2080 Ti computeCapability: 7.5
coreClock: 1.545GHz coreCount: 68 deviceMemorySize: 10.73GiB deviceMemoryBandwidth: 573.69GiB/s
2020-07-21 13:13:10.277772: I tensorflow/stream_executor/platform/default/dso_loader.cc:44] Successfully opened dynamic library libcudart.so.10.1
2020-07-21 13:13:10.307641: I tensorflow/stream_executor/platform/default/dso_loader.cc:44] Successfully opened dynamic library libcublas.so.10
2020-07-21 13:13:10.324698: I tensorflow/stream_executor/platform/default/dso_loader.cc:44] Successfully opened dynamic library libcufft.so.10
2020-07-21 13:13:10.338894: I tensorflow/stream_executor/platform/default/dso_loader.cc:44] Successfully opened dynamic library libcurand.so.10
2020-07-21 13:13:10.364962: I tensorflow/stream_executor/platform/default/dso_loader.cc:44] Successfully opened dynamic library libcusolver.so.10
2020-07-21 13:13:10.379278: I tensorflow/stream_executor/platform/default/dso_loader.cc:44] Successfully opened dynamic library libcusparse.so.10
2020-07-21 13:13:10.434962: I tensorflow/stream_executor/platform/default/dso_loader.cc:44] Successfully opened dynamic library libcudnn.so.7
2020-07-21 13:13:10.451260: I tensorflow/core/common_runtime/gpu/gpu_device.cc:1703] Adding visible gpu devices: 0, 1, 2, 3
2020-07-21 13:13:11.472049: I tensorflow/core/platform/cpu_feature_guard.cc:143] Your CPU supports instructions that this TensorFlow binary was not compiled to use: AVX2 AVX512F FMA
2020-07-21 13:13:11.483033: I tensorflow/core/platform/profile_utils/cpu_utils.cc:102] CPU Frequency: 2100000000 Hz
2020-07-21 13:13:11.484773: I tensorflow/compiler/xla/service/service.cc:168] XLA service 0x55c0844e9fb0 initialized for platform Host (this does not guarantee that XLA will be used). Devices:
2020-07-21 13:13:11.484801: I tensorflow/compiler/xla/service/service.cc:176]   StreamExecutor device (0): Host, Default Version
2020-07-21 13:13:11.990855: I tensorflow/compiler/xla/service/service.cc:168] XLA service 0x55c0837af6c0 initialized for platform CUDA (this does not guarantee that XLA will be used). Devices:
2020-07-21 13:13:11.990891: I tensorflow/compiler/xla/service/service.cc:176]   StreamExecutor device (0): GeForce RTX 2080 Ti, Compute Capability 7.5
2020-07-21 13:13:11.990898: I tensorflow/compiler/xla/service/service.cc:176]   StreamExecutor device (1): GeForce RTX 2080 Ti, Compute Capability 7.5
2020-07-21 13:13:11.990904: I tensorflow/compiler/xla/service/service.cc:176]   StreamExecutor device (2): GeForce RTX 2080 Ti, Compute Capability 7.5
2020-07-21 13:13:11.990910: I tensorflow/compiler/xla/service/service.cc:176]   StreamExecutor device (3): GeForce RTX 2080 Ti, Compute Capability 7.5
2020-07-21 13:13:11.995643: I tensorflow/core/common_runtime/gpu/gpu_device.cc:1561] Found device 0 with properties: 
pciBusID: 0000:1d:00.0 name: GeForce RTX 2080 Ti computeCapability: 7.5
coreClock: 1.545GHz coreCount: 68 deviceMemorySize: 10.73GiB deviceMemoryBandwidth: 573.69GiB/s
2020-07-21 13:13:11.997582: I tensorflow/core/common_runtime/gpu/gpu_device.cc:1561] Found device 1 with properties: 
pciBusID: 0000:1e:00.0 name: GeForce RTX 2080 Ti computeCapability: 7.5
coreClock: 1.545GHz coreCount: 68 deviceMemorySize: 10.73GiB deviceMemoryBandwidth: 573.69GiB/s
2020-07-21 13:13:11.999427: I tensorflow/core/common_runtime/gpu/gpu_device.cc:1561] Found device 2 with properties: 
pciBusID: 0000:1f:00.0 name: GeForce RTX 2080 Ti computeCapability: 7.5
coreClock: 1.545GHz coreCount: 68 deviceMemorySize: 10.73GiB deviceMemoryBandwidth: 573.69GiB/s
2020-07-21 13:13:12.001339: I tensorflow/core/common_runtime/gpu/gpu_device.cc:1561] Found device 3 with properties: 
pciBusID: 0000:20:00.0 name: GeForce RTX 2080 Ti computeCapability: 7.5
coreClock: 1.545GHz coreCount: 68 deviceMemorySize: 10.73GiB deviceMemoryBandwidth: 573.69GiB/s
2020-07-21 13:13:12.001377: I tensorflow/stream_executor/platform/default/dso_loader.cc:44] Successfully opened dynamic library libcudart.so.10.1
2020-07-21 13:13:12.001390: I tensorflow/stream_executor/platform/default/dso_loader.cc:44] Successfully opened dynamic library libcublas.so.10
2020-07-21 13:13:12.001402: I tensorflow/stream_executor/platform/default/dso_loader.cc:44] Successfully opened dynamic library libcufft.so.10
2020-07-21 13:13:12.001413: I tensorflow/stream_executor/platform/default/dso_loader.cc:44] Successfully opened dynamic library libcurand.so.10
2020-07-21 13:13:12.001425: I tensorflow/stream_executor/platform/default/dso_loader.cc:44] Successfully opened dynamic library libcusolver.so.10
2020-07-21 13:13:12.001436: I tensorflow/stream_executor/platform/default/dso_loader.cc:44] Successfully opened dynamic library libcusparse.so.10
2020-07-21 13:13:12.001449: I tensorflow/stream_executor/platform/default/dso_loader.cc:44] Successfully opened dynamic library libcudnn.so.7
2020-07-21 13:13:12.016426: I tensorflow/core/common_runtime/gpu/gpu_device.cc:1703] Adding visible gpu devices: 0, 1, 2, 3
2020-07-21 13:13:12.016466: I tensorflow/stream_executor/platform/default/dso_loader.cc:44] Successfully opened dynamic library libcudart.so.10.1
2020-07-21 13:13:12.024508: I tensorflow/core/common_runtime/gpu/gpu_device.cc:1102] Device interconnect StreamExecutor with strength 1 edge matrix:
2020-07-21 13:13:12.024525: I tensorflow/core/common_runtime/gpu/gpu_device.cc:1108]      0 1 2 3 
2020-07-21 13:13:12.024534: I tensorflow/core/common_runtime/gpu/gpu_device.cc:1121] 0:   N N N N 
2020-07-21 13:13:12.024540: I tensorflow/core/common_runtime/gpu/gpu_device.cc:1121] 1:   N N N N 
2020-07-21 13:13:12.024545: I tensorflow/core/common_runtime/gpu/gpu_device.cc:1121] 2:   N N N N 
2020-07-21 13:13:12.024551: I tensorflow/core/common_runtime/gpu/gpu_device.cc:1121] 3:   N N N N 
2020-07-21 13:13:12.035896: I tensorflow/core/common_runtime/gpu/gpu_device.cc:1247] Created TensorFlow device (/job:localhost/replica:0/task:0/device:GPU:0 with 10176 MB memory) -> physical GPU (device: 0, name: GeForce RTX 2080 Ti, pci bus id: 0000:1d:00.0, compute capability: 7.5)
2020-07-21 13:13:12.038420: I tensorflow/core/common_runtime/gpu/gpu_device.cc:1247] Created TensorFlow device (/job:localhost/replica:0/task:0/device:GPU:1 with 10176 MB memory) -> physical GPU (device: 1, name: GeForce RTX 2080 Ti, pci bus id: 0000:1e:00.0, compute capability: 7.5)
2020-07-21 13:13:12.040877: I tensorflow/core/common_runtime/gpu/gpu_device.cc:1247] Created TensorFlow device (/job:localhost/replica:0/task:0/device:GPU:2 with 10176 MB memory) -> physical GPU (device: 2, name: GeForce RTX 2080 Ti, pci bus id: 0000:1f:00.0, compute capability: 7.5)
2020-07-21 13:13:12.043389: I tensorflow/core/common_runtime/gpu/gpu_device.cc:1247] Created TensorFlow device (/job:localhost/replica:0/task:0/device:GPU:3 with 10176 MB memory) -> physical GPU (device: 3, name: GeForce RTX 2080 Ti, pci bus id: 0000:20:00.0, compute capability: 7.5)
WARNING:tensorflow:From /home/hauthj/.conda/envs/gpu-env/lib/python3.8/site-packages/tensorflow_probability/python/layers/util.py:99: Layer.add_variable (from tensorflow.python.keras.engine.base_layer) is deprecated and will be removed in a future version.
Instructions for updating:
Please use `layer.add_weight` method instead.
2020-07-21 13:16:18.022647: I tensorflow/stream_executor/platform/default/dso_loader.cc:44] Successfully opened dynamic library libcudnn.so.7
2020-07-21 13:16:26.738890: I tensorflow/stream_executor/platform/default/dso_loader.cc:44] Successfully opened dynamic library libcublas.so.10
2.2.0
Listing all GPU resources:
[PhysicalDevice(name='/physical_device:GPU:0', device_type='GPU'), PhysicalDevice(name='/physical_device:GPU:1', device_type='GPU'), PhysicalDevice(name='/physical_device:GPU:2', device_type='GPU'), PhysicalDevice(name='/physical_device:GPU:3', device_type='GPU')]

0.10.0
------------------------------
Constructing model...
------------------------------

Input size: (None, 144, 144, 4)
Output size: (None, 144, 144, 1)
Model summary:
Model: "model_all_layers"
__________________________________________________________________________________________________
Layer (type)                    Output Shape         Param #     Connected to                     
==================================================================================================
input_layer (InputLayer)        [(None, 144, 144, 4) 0                                            
__________________________________________________________________________________________________
encoder_1_a (Conv2DFlipout)     (None, 144, 144, 32) 2368        input_layer[0][0]                
__________________________________________________________________________________________________
encoder_1_b (Conv2DFlipout)     (None, 144, 144, 32) 18496       encoder_1_a[0][0]                
__________________________________________________________________________________________________
downsample_1 (MaxPooling2D)     (None, 72, 72, 32)   0           encoder_1_b[0][0]                
__________________________________________________________________________________________________
encoder_2_a (Conv2DFlipout)     (None, 72, 72, 64)   36992       downsample_1[0][0]               
__________________________________________________________________________________________________
encoder_2_b (Conv2DFlipout)     (None, 72, 72, 64)   73856       encoder_2_a[0][0]                
__________________________________________________________________________________________________
downsample_2 (MaxPooling2D)     (None, 36, 36, 64)   0           encoder_2_b[0][0]                
__________________________________________________________________________________________________
encoder_3_a (Conv2DFlipout)     (None, 36, 36, 128)  147712      downsample_2[0][0]               
__________________________________________________________________________________________________
encoder_3_b (Conv2DFlipout)     (None, 36, 36, 128)  295168      encoder_3_a[0][0]                
__________________________________________________________________________________________________
downsample_3 (MaxPooling2D)     (None, 18, 18, 128)  0           encoder_3_b[0][0]                
__________________________________________________________________________________________________
encoder_4_a (Conv2DFlipout)     (None, 18, 18, 256)  590336      downsample_3[0][0]               
__________________________________________________________________________________________________
encoder_4_b (Conv2DFlipout)     (None, 18, 18, 256)  1180160     encoder_4_a[0][0]                
__________________________________________________________________________________________________
downsample_4 (MaxPooling2D)     (None, 9, 9, 256)    0           encoder_4_b[0][0]                
__________________________________________________________________________________________________
encoder_5_a (Conv2DFlipout)     (None, 9, 9, 512)    2360320     downsample_4[0][0]               
__________________________________________________________________________________________________
encoder_5_b (Conv2DFlipout)     (None, 9, 9, 512)    4719616     encoder_5_a[0][0]                
__________________________________________________________________________________________________
upsample_4 (UpSampling2D)       (None, 18, 18, 512)  0           encoder_5_b[0][0]                
__________________________________________________________________________________________________
concat_4 (Concatenate)          (None, 18, 18, 768)  0           upsample_4[0][0]                 
                                                                 encoder_4_b[0][0]                
__________________________________________________________________________________________________
decoder_4_a (Conv2DFlipout)     (None, 18, 18, 256)  3539456     concat_4[0][0]                   
__________________________________________________________________________________________________
decoder_4_b (Conv2DFlipout)     (None, 18, 18, 256)  1180160     decoder_4_a[0][0]                
__________________________________________________________________________________________________
upsample_3 (UpSampling2D)       (None, 36, 36, 256)  0           decoder_4_b[0][0]                
__________________________________________________________________________________________________
concat_3 (Concatenate)          (None, 36, 36, 384)  0           upsample_3[0][0]                 
                                                                 encoder_3_b[0][0]                
__________________________________________________________________________________________________
decoder_3_a (Conv2DFlipout)     (None, 36, 36, 128)  884992      concat_3[0][0]                   
__________________________________________________________________________________________________
decoder_3_b (Conv2DFlipout)     (None, 36, 36, 128)  295168      decoder_3_a[0][0]                
__________________________________________________________________________________________________
upsample_2 (UpSampling2D)       (None, 72, 72, 128)  0           decoder_3_b[0][0]                
__________________________________________________________________________________________________
concat_2 (Concatenate)          (None, 72, 72, 192)  0           upsample_2[0][0]                 
                                                                 encoder_2_b[0][0]                
__________________________________________________________________________________________________
decoder_2_a (Conv2DFlipout)     (None, 72, 72, 64)   221312      concat_2[0][0]                   
__________________________________________________________________________________________________
decoder_2_b (Conv2DFlipout)     (None, 72, 72, 64)   73856       decoder_2_a[0][0]                
__________________________________________________________________________________________________
upsample_1 (UpSampling2D)       (None, 144, 144, 64) 0           decoder_2_b[0][0]                
__________________________________________________________________________________________________
concat_1 (Concatenate)          (None, 144, 144, 96) 0           upsample_1[0][0]                 
                                                                 encoder_1_b[0][0]                
__________________________________________________________________________________________________
decoder_1_a (Conv2DFlipout)     (None, 144, 144, 32) 55360       concat_1[0][0]                   
__________________________________________________________________________________________________
decoder_1_b (Conv2DFlipout)     (None, 144, 144, 32) 18496       decoder_1_a[0][0]                
__________________________________________________________________________________________________
output_layer (Conv2DFlipout)    (None, 144, 144, 1)  66          decoder_1_b[0][0]                
==================================================================================================
Total params: 15,693,890
Trainable params: 15,693,890
Non-trainable params: 0
__________________________________________________________________________________________________
None
Model losses:
[<tf.Tensor: shape=(), dtype=float32, numpy=5527.372>, <tf.Tensor: shape=(), dtype=float32, numpy=153.58589>, <tf.Tensor: shape=(), dtype=float32, numpy=44221.09>, <tf.Tensor: shape=(), dtype=float32, numpy=153.27669>, <tf.Tensor: shape=(), dtype=float32, numpy=88438.484>, <tf.Tensor: shape=(), dtype=float32, numpy=307.00922>, <tf.Tensor: shape=(), dtype=float32, numpy=176890.31>, <tf.Tensor: shape=(), dtype=float32, numpy=306.13446>, <tf.Tensor: shape=(), dtype=float32, numpy=353767.25>, <tf.Tensor: shape=(), dtype=float32, numpy=613.60187>, <tf.Tensor: shape=(), dtype=float32, numpy=707538.5>, <tf.Tensor: shape=(), dtype=float32, numpy=615.14886>, <tf.Tensor: shape=(), dtype=float32, numpy=1415057.8>, <tf.Tensor: shape=(), dtype=float32, numpy=1229.1404>, <tf.Tensor: shape=(), dtype=float32, numpy=2830144.8>, <tf.Tensor: shape=(), dtype=float32, numpy=1226.9109>, <tf.Tensor: shape=(), dtype=float32, numpy=5660364.0>, <tf.Tensor: shape=(), dtype=float32, numpy=2456.2346>, <tf.Tensor: shape=(), dtype=float32, numpy=11320734.0>, <tf.Tensor: shape=(), dtype=float32, numpy=2457.437>, <tf.Tensor: shape=(), dtype=float32, numpy=8490627.0>, <tf.Tensor: shape=(), dtype=float32, numpy=1229.1348>, <tf.Tensor: shape=(), dtype=float32, numpy=2830156.0>, <tf.Tensor: shape=(), dtype=float32, numpy=1228.3362>, <tf.Tensor: shape=(), dtype=float32, numpy=2122629.0>, <tf.Tensor: shape=(), dtype=float32, numpy=614.01697>, <tf.Tensor: shape=(), dtype=float32, numpy=707543.0>, <tf.Tensor: shape=(), dtype=float32, numpy=614.8642>, <tf.Tensor: shape=(), dtype=float32, numpy=530655.4>, <tf.Tensor: shape=(), dtype=float32, numpy=307.58145>, <tf.Tensor: shape=(), dtype=float32, numpy=176883.03>, <tf.Tensor: shape=(), dtype=float32, numpy=307.47498>, <tf.Tensor: shape=(), dtype=float32, numpy=132668.86>, <tf.Tensor: shape=(), dtype=float32, numpy=153.38712>, <tf.Tensor: shape=(), dtype=float32, numpy=44224.04>, <tf.Tensor: shape=(), dtype=float32, numpy=153.92659>, <tf.Tensor: shape=(), dtype=float32, numpy=153.81392>, <tf.Tensor: shape=(), dtype=float32, numpy=4.743847>]
------------------------------
Loading training and testing data...
------------------------------
------------------------------
Fitting model with training data ...
------------------------------
Training the model started at 2020-07-21 13:13:59.395560
Epoch 1/300
229/229 - 136s - loss: 22300462.0000 - likelihood_loss: 4366.0342 - mean_binary_crossentropy: 0.0728 - val_loss: 22277310.0000 - val_likelihood_loss: 3643.7998 - val_mean_binary_crossentropy: 0.0607
Epoch 2/300
229/229 - 122s - loss: 22257318.0000 - likelihood_loss: 3278.5610 - mean_binary_crossentropy: 0.0546 - val_loss: 22237542.0000 - val_likelihood_loss: 3414.7764 - val_mean_binary_crossentropy: 0.0569
Epoch 3/300
229/229 - 120s - loss: 22218022.0000 - likelihood_loss: 3243.6489 - mean_binary_crossentropy: 0.0541 - val_loss: 22199010.0000 - val_likelihood_loss: 3549.1326 - val_mean_binary_crossentropy: 0.0592
Epoch 4/300
229/229 - 120s - loss: 22179906.0000 - likelihood_loss: 3321.9651 - mean_binary_crossentropy: 0.0554 - val_loss: 22160868.0000 - val_likelihood_loss: 3369.1033 - val_mean_binary_crossentropy: 0.0562
Epoch 5/300
229/229 - 120s - loss: 22142160.0000 - likelihood_loss: 3270.4033 - mean_binary_crossentropy: 0.0545 - val_loss: 22123520.0000 - val_likelihood_loss: 3535.4724 - val_mean_binary_crossentropy: 0.0589
Epoch 6/300
229/229 - 121s - loss: 22104724.0000 - likelihood_loss: 3336.4597 - mean_binary_crossentropy: 0.0556 - val_loss: 22086048.0000 - val_likelihood_loss: 3494.0977 - val_mean_binary_crossentropy: 0.0582
Epoch 7/300
229/229 - 120s - loss: 22067154.0000 - likelihood_loss: 3201.0530 - mean_binary_crossentropy: 0.0534 - val_loss: 22049466.0000 - val_likelihood_loss: 4275.8008 - val_mean_binary_crossentropy: 0.0713
Epoch 8/300
229/229 - 120s - loss: 22030140.0000 - likelihood_loss: 3397.9656 - mean_binary_crossentropy: 0.0566 - val_loss: 22011798.0000 - val_likelihood_loss: 3466.7644 - val_mean_binary_crossentropy: 0.0578
Epoch 9/300
229/229 - 120s - loss: 21994356.0000 - likelihood_loss: 3206.1943 - mean_binary_crossentropy: 0.0534 - val_loss: 21977276.0000 - val_likelihood_loss: 3534.6780 - val_mean_binary_crossentropy: 0.0589
Epoch 10/300
229/229 - 121s - loss: 21960070.0000 - likelihood_loss: 3323.9912 - mean_binary_crossentropy: 0.0554 - val_loss: 21943380.0000 - val_likelihood_loss: 3684.8203 - val_mean_binary_crossentropy: 0.0614
Epoch 11/300
229/229 - 122s - loss: 21926426.0000 - likelihood_loss: 3479.4460 - mean_binary_crossentropy: 0.0580 - val_loss: 21909794.0000 - val_likelihood_loss: 3656.2471 - val_mean_binary_crossentropy: 0.0609
Epoch 12/300
229/229 - 122s - loss: 21893656.0000 - likelihood_loss: 3240.2688 - mean_binary_crossentropy: 0.0540 - val_loss: 21878226.0000 - val_likelihood_loss: 3760.7700 - val_mean_binary_crossentropy: 0.0627
Epoch 13/300
229/229 - 122s - loss: 21862102.0000 - likelihood_loss: 3255.3264 - mean_binary_crossentropy: 0.0543 - val_loss: 21846380.0000 - val_likelihood_loss: 3406.6094 - val_mean_binary_crossentropy: 0.0568
Epoch 14/300
229/229 - 121s - loss: 21830806.0000 - likelihood_loss: 3294.5632 - mean_binary_crossentropy: 0.0549 - val_loss: 21815250.0000 - val_likelihood_loss: 3348.6899 - val_mean_binary_crossentropy: 0.0558
Epoch 15/300
229/229 - 122s - loss: 21799686.0000 - likelihood_loss: 3242.0925 - mean_binary_crossentropy: 0.0540 - val_loss: 21784298.0000 - val_likelihood_loss: 3624.5591 - val_mean_binary_crossentropy: 0.0604
Epoch 16/300
229/229 - 121s - loss: 21768518.0000 - likelihood_loss: 3438.9165 - mean_binary_crossentropy: 0.0573 - val_loss: 21752916.0000 - val_likelihood_loss: 3595.8130 - val_mean_binary_crossentropy: 0.0599
Epoch 17/300
229/229 - 120s - loss: 21736960.0000 - likelihood_loss: 3259.5688 - mean_binary_crossentropy: 0.0543 - val_loss: 21721222.0000 - val_likelihood_loss: 3431.7778 - val_mean_binary_crossentropy: 0.0572
Epoch 18/300
229/229 - 121s - loss: 21705650.0000 - likelihood_loss: 3425.2207 - mean_binary_crossentropy: 0.0571 - val_loss: 21703054.0000 - val_likelihood_loss: 16668.0352 - val_mean_binary_crossentropy: 0.2778
Epoch 19/300
229/229 - 122s - loss: 21673830.0000 - likelihood_loss: 3359.9514 - mean_binary_crossentropy: 0.0560 - val_loss: 21657746.0000 - val_likelihood_loss: 3422.2986 - val_mean_binary_crossentropy: 0.0570
Epoch 20/300
229/229 - 121s - loss: 21641730.0000 - likelihood_loss: 3382.6108 - mean_binary_crossentropy: 0.0564 - val_loss: 21625574.0000 - val_likelihood_loss: 3423.2837 - val_mean_binary_crossentropy: 0.0571
Epoch 21/300
229/229 - 120s - loss: 21609396.0000 - likelihood_loss: 3222.2012 - mean_binary_crossentropy: 0.0537 - val_loss: 21593460.0000 - val_likelihood_loss: 3528.3831 - val_mean_binary_crossentropy: 0.0588
Epoch 22/300
229/229 - 120s - loss: 21577044.0000 - likelihood_loss: 3246.0879 - mean_binary_crossentropy: 0.0541 - val_loss: 21560856.0000 - val_likelihood_loss: 3389.6267 - val_mean_binary_crossentropy: 0.0565
Epoch 23/300
229/229 - 122s - loss: 21545534.0000 - likelihood_loss: 3697.9832 - mean_binary_crossentropy: 0.0616 - val_loss: 21531092.0000 - val_likelihood_loss: 4751.2661 - val_mean_binary_crossentropy: 0.0792
