LAYER_NAME: deterministic
2020-10-01 18:02:01.778661: I tensorflow_io/core/kernels/cpu_check.cc:128] Your CPU supports instructions that this TensorFlow IO binary was not compiled to use: AVX2 AVX512F FMA
2020-10-01 18:02:07.948988: I tensorflow/stream_executor/platform/default/dso_loader.cc:44] Successfully opened dynamic library libcuda.so.1
2020-10-01 18:02:08.177697: I tensorflow/core/common_runtime/gpu/gpu_device.cc:1561] Found device 0 with properties: 
pciBusID: 0000:1d:00.0 name: GeForce RTX 2080 Ti computeCapability: 7.5
coreClock: 1.545GHz coreCount: 68 deviceMemorySize: 10.76GiB deviceMemoryBandwidth: 573.69GiB/s
2020-10-01 18:02:08.179190: I tensorflow/core/common_runtime/gpu/gpu_device.cc:1561] Found device 1 with properties: 
pciBusID: 0000:1e:00.0 name: GeForce RTX 2080 Ti computeCapability: 7.5
coreClock: 1.545GHz coreCount: 68 deviceMemorySize: 10.76GiB deviceMemoryBandwidth: 573.69GiB/s
2020-10-01 18:02:08.235555: I tensorflow/stream_executor/platform/default/dso_loader.cc:44] Successfully opened dynamic library libcudart.so.10.1
2020-10-01 18:02:08.598587: I tensorflow/stream_executor/platform/default/dso_loader.cc:44] Successfully opened dynamic library libcublas.so.10
2020-10-01 18:02:08.801610: I tensorflow/stream_executor/platform/default/dso_loader.cc:44] Successfully opened dynamic library libcufft.so.10
2020-10-01 18:02:08.996042: I tensorflow/stream_executor/platform/default/dso_loader.cc:44] Successfully opened dynamic library libcurand.so.10
2020-10-01 18:02:09.468375: I tensorflow/stream_executor/platform/default/dso_loader.cc:44] Successfully opened dynamic library libcusolver.so.10
2020-10-01 18:02:09.635863: I tensorflow/stream_executor/platform/default/dso_loader.cc:44] Successfully opened dynamic library libcusparse.so.10
2020-10-01 18:02:10.525414: I tensorflow/stream_executor/platform/default/dso_loader.cc:44] Successfully opened dynamic library libcudnn.so.7
2020-10-01 18:02:10.530917: I tensorflow/core/common_runtime/gpu/gpu_device.cc:1703] Adding visible gpu devices: 0, 1
2020-10-01 18:02:14.624391: I tensorflow/core/platform/cpu_feature_guard.cc:143] Your CPU supports instructions that this TensorFlow binary was not compiled to use: AVX2 AVX512F FMA
2020-10-01 18:02:14.642047: I tensorflow/core/platform/profile_utils/cpu_utils.cc:102] CPU Frequency: 2100000000 Hz
2020-10-01 18:02:14.643382: I tensorflow/compiler/xla/service/service.cc:168] XLA service 0x55ec31310c30 initialized for platform Host (this does not guarantee that XLA will be used). Devices:
2020-10-01 18:02:14.643404: I tensorflow/compiler/xla/service/service.cc:176]   StreamExecutor device (0): Host, Default Version
2020-10-01 18:02:14.943641: I tensorflow/compiler/xla/service/service.cc:168] XLA service 0x55ec3137ad10 initialized for platform CUDA (this does not guarantee that XLA will be used). Devices:
2020-10-01 18:02:14.943677: I tensorflow/compiler/xla/service/service.cc:176]   StreamExecutor device (0): GeForce RTX 2080 Ti, Compute Capability 7.5
2020-10-01 18:02:14.943685: I tensorflow/compiler/xla/service/service.cc:176]   StreamExecutor device (1): GeForce RTX 2080 Ti, Compute Capability 7.5
2020-10-01 18:02:14.947733: I tensorflow/core/common_runtime/gpu/gpu_device.cc:1561] Found device 0 with properties: 
pciBusID: 0000:1d:00.0 name: GeForce RTX 2080 Ti computeCapability: 7.5
coreClock: 1.545GHz coreCount: 68 deviceMemorySize: 10.76GiB deviceMemoryBandwidth: 573.69GiB/s
2020-10-01 18:02:14.949147: I tensorflow/core/common_runtime/gpu/gpu_device.cc:1561] Found device 1 with properties: 
pciBusID: 0000:1e:00.0 name: GeForce RTX 2080 Ti computeCapability: 7.5
coreClock: 1.545GHz coreCount: 68 deviceMemorySize: 10.76GiB deviceMemoryBandwidth: 573.69GiB/s
2020-10-01 18:02:14.949187: I tensorflow/stream_executor/platform/default/dso_loader.cc:44] Successfully opened dynamic library libcudart.so.10.1
2020-10-01 18:02:14.949201: I tensorflow/stream_executor/platform/default/dso_loader.cc:44] Successfully opened dynamic library libcublas.so.10
2020-10-01 18:02:14.949214: I tensorflow/stream_executor/platform/default/dso_loader.cc:44] Successfully opened dynamic library libcufft.so.10
2020-10-01 18:02:14.949229: I tensorflow/stream_executor/platform/default/dso_loader.cc:44] Successfully opened dynamic library libcurand.so.10
2020-10-01 18:02:14.949241: I tensorflow/stream_executor/platform/default/dso_loader.cc:44] Successfully opened dynamic library libcusolver.so.10
2020-10-01 18:02:14.949253: I tensorflow/stream_executor/platform/default/dso_loader.cc:44] Successfully opened dynamic library libcusparse.so.10
2020-10-01 18:02:14.949266: I tensorflow/stream_executor/platform/default/dso_loader.cc:44] Successfully opened dynamic library libcudnn.so.7
2020-10-01 18:02:14.954692: I tensorflow/core/common_runtime/gpu/gpu_device.cc:1703] Adding visible gpu devices: 0, 1
2020-10-01 18:02:14.954724: I tensorflow/stream_executor/platform/default/dso_loader.cc:44] Successfully opened dynamic library libcudart.so.10.1
2020-10-01 18:02:14.957970: I tensorflow/core/common_runtime/gpu/gpu_device.cc:1102] Device interconnect StreamExecutor with strength 1 edge matrix:
2020-10-01 18:02:14.957985: I tensorflow/core/common_runtime/gpu/gpu_device.cc:1108]      0 1 
2020-10-01 18:02:14.957994: I tensorflow/core/common_runtime/gpu/gpu_device.cc:1121] 0:   N N 
2020-10-01 18:02:14.958000: I tensorflow/core/common_runtime/gpu/gpu_device.cc:1121] 1:   N N 
2020-10-01 18:02:14.962218: I tensorflow/core/common_runtime/gpu/gpu_device.cc:1247] Created TensorFlow device (/job:localhost/replica:0/task:0/device:GPU:0 with 10211 MB memory) -> physical GPU (device: 0, name: GeForce RTX 2080 Ti, pci bus id: 0000:1d:00.0, compute capability: 7.5)
2020-10-01 18:02:14.964117: I tensorflow/core/common_runtime/gpu/gpu_device.cc:1247] Created TensorFlow device (/job:localhost/replica:0/task:0/device:GPU:1 with 10211 MB memory) -> physical GPU (device: 1, name: GeForce RTX 2080 Ti, pci bus id: 0000:1e:00.0, compute capability: 7.5)
2020-10-01 18:05:34.396245: I tensorflow/stream_executor/platform/default/dso_loader.cc:44] Successfully opened dynamic library libcudnn.so.7
2020-10-01 18:05:43.980960: I tensorflow/stream_executor/platform/default/dso_loader.cc:44] Successfully opened dynamic library libcublas.so.10
2.2.0
Listing all GPU resources:
[PhysicalDevice(name='/physical_device:GPU:0', device_type='GPU'), PhysicalDevice(name='/physical_device:GPU:1', device_type='GPU')]

0.10.0
------------------------------
Constructing model...
------------------------------

Input size: (None, 144, 144, 4)
Output size: (None, 144, 144, 1)
Model summary:
Model: "model_deterministic"
__________________________________________________________________________________________________
Layer (type)                    Output Shape         Param #     Connected to                     
==================================================================================================
input_layer (InputLayer)        [(None, 144, 144, 4) 0                                            
__________________________________________________________________________________________________
encoder_1_a (Conv2D)            (None, 144, 144, 32) 1184        input_layer[0][0]                
__________________________________________________________________________________________________
encoder_1_b (Conv2D)            (None, 144, 144, 32) 9248        encoder_1_a[0][0]                
__________________________________________________________________________________________________
downsample_1 (MaxPooling2D)     (None, 72, 72, 32)   0           encoder_1_b[0][0]                
__________________________________________________________________________________________________
encoder_2_a (Conv2D)            (None, 72, 72, 64)   18496       downsample_1[0][0]               
__________________________________________________________________________________________________
encoder_2_b (Conv2D)            (None, 72, 72, 64)   36928       encoder_2_a[0][0]                
__________________________________________________________________________________________________
downsample_2 (MaxPooling2D)     (None, 36, 36, 64)   0           encoder_2_b[0][0]                
__________________________________________________________________________________________________
encoder_3_a (Conv2D)            (None, 36, 36, 128)  73856       downsample_2[0][0]               
__________________________________________________________________________________________________
encoder_3_b (Conv2D)            (None, 36, 36, 128)  147584      encoder_3_a[0][0]                
__________________________________________________________________________________________________
downsample_3 (MaxPooling2D)     (None, 18, 18, 128)  0           encoder_3_b[0][0]                
__________________________________________________________________________________________________
encoder_4_a (Conv2D)            (None, 18, 18, 256)  295168      downsample_3[0][0]               
__________________________________________________________________________________________________
encoder_4_b (Conv2D)            (None, 18, 18, 256)  590080      encoder_4_a[0][0]                
__________________________________________________________________________________________________
downsample_4 (MaxPooling2D)     (None, 9, 9, 256)    0           encoder_4_b[0][0]                
__________________________________________________________________________________________________
encoder_5_a (Conv2D)            (None, 9, 9, 512)    1180160     downsample_4[0][0]               
__________________________________________________________________________________________________
encoder_5_b (Conv2D)            (None, 9, 9, 512)    2359808     encoder_5_a[0][0]                
__________________________________________________________________________________________________
upsample_4 (UpSampling2D)       (None, 18, 18, 512)  0           encoder_5_b[0][0]                
__________________________________________________________________________________________________
concat_4 (Concatenate)          (None, 18, 18, 768)  0           upsample_4[0][0]                 
                                                                 encoder_4_b[0][0]                
__________________________________________________________________________________________________
decoder_4_a (Conv2D)            (None, 18, 18, 256)  1769728     concat_4[0][0]                   
__________________________________________________________________________________________________
decoder_4_b (Conv2D)            (None, 18, 18, 256)  590080      decoder_4_a[0][0]                
__________________________________________________________________________________________________
upsample_3 (UpSampling2D)       (None, 36, 36, 256)  0           decoder_4_b[0][0]                
__________________________________________________________________________________________________
concat_3 (Concatenate)          (None, 36, 36, 384)  0           upsample_3[0][0]                 
                                                                 encoder_3_b[0][0]                
__________________________________________________________________________________________________
decoder_3_a (Conv2D)            (None, 36, 36, 128)  442496      concat_3[0][0]                   
__________________________________________________________________________________________________
decoder_3_b (Conv2D)            (None, 36, 36, 128)  147584      decoder_3_a[0][0]                
__________________________________________________________________________________________________
upsample_2 (UpSampling2D)       (None, 72, 72, 128)  0           decoder_3_b[0][0]                
__________________________________________________________________________________________________
concat_2 (Concatenate)          (None, 72, 72, 192)  0           upsample_2[0][0]                 
                                                                 encoder_2_b[0][0]                
__________________________________________________________________________________________________
decoder_2_a (Conv2D)            (None, 72, 72, 64)   110656      concat_2[0][0]                   
__________________________________________________________________________________________________
decoder_2_b (Conv2D)            (None, 72, 72, 64)   36928       decoder_2_a[0][0]                
__________________________________________________________________________________________________
upsample_1 (UpSampling2D)       (None, 144, 144, 64) 0           decoder_2_b[0][0]                
__________________________________________________________________________________________________
concat_1 (Concatenate)          (None, 144, 144, 96) 0           upsample_1[0][0]                 
                                                                 encoder_1_b[0][0]                
__________________________________________________________________________________________________
decoder_1_a (Conv2D)            (None, 144, 144, 32) 27680       concat_1[0][0]                   
__________________________________________________________________________________________________
decoder_1_b (Conv2D)            (None, 144, 144, 32) 9248        decoder_1_a[0][0]                
__________________________________________________________________________________________________
output_layer (Conv2D)           (None, 144, 144, 1)  33          decoder_1_b[0][0]                
==================================================================================================
Total params: 7,846,945
Trainable params: 7,846,945
Non-trainable params: 0
__________________________________________________________________________________________________
None
Model losses:
[]
------------------------------
Loading training and testing data...
------------------------------
------------------------------
Fitting model with training data ...
------------------------------
Training the model started at 2020-10-01 18:04:13.483938
Epoch 1/200
457/457 - 92s - mean_binary_crossentropy: 0.0654 - likelihood_loss: 81350232.0000 - loss: 81367048.0000
Epoch 2/200
457/457 - 90s - mean_binary_crossentropy: 0.0337 - likelihood_loss: 41921216.0000 - loss: 41916504.0000
Epoch 3/200
457/457 - 90s - mean_binary_crossentropy: 0.0282 - likelihood_loss: 35077324.0000 - loss: 35070580.0000
Epoch 4/200
457/457 - 91s - mean_binary_crossentropy: 0.0233 - likelihood_loss: 28982852.0000 - loss: 28973414.0000
Epoch 5/200
457/457 - 90s - mean_binary_crossentropy: 0.0208 - likelihood_loss: 25888942.0000 - loss: 25877822.0000
Epoch 6/200
457/457 - 90s - mean_binary_crossentropy: 0.0198 - likelihood_loss: 24594616.0000 - loss: 24584040.0000
Epoch 7/200
457/457 - 90s - mean_binary_crossentropy: 0.0181 - likelihood_loss: 22488842.0000 - loss: 22478758.0000
Epoch 8/200
457/457 - 90s - mean_binary_crossentropy: 0.0172 - likelihood_loss: 21449752.0000 - loss: 21438760.0000
Epoch 9/200
457/457 - 90s - mean_binary_crossentropy: 0.0175 - likelihood_loss: 21829618.0000 - loss: 21821390.0000
Epoch 10/200
457/457 - 103s - mean_binary_crossentropy: 0.0165 - likelihood_loss: 20489306.0000 - loss: 20483148.0000 - val_mean_binary_crossentropy: 0.0201 - val_likelihood_loss: 24977118.0000 - val_loss: 24837714.0000
Epoch 11/200
457/457 - 90s - mean_binary_crossentropy: 0.0156 - likelihood_loss: 19434826.0000 - loss: 19426048.0000
Epoch 12/200
457/457 - 90s - mean_binary_crossentropy: 0.0149 - likelihood_loss: 18551170.0000 - loss: 18544422.0000
Epoch 13/200
457/457 - 90s - mean_binary_crossentropy: 0.0148 - likelihood_loss: 18452876.0000 - loss: 18443788.0000
Epoch 14/200
457/457 - 90s - mean_binary_crossentropy: 0.0146 - likelihood_loss: 18114078.0000 - loss: 18107486.0000
Epoch 15/200
457/457 - 90s - mean_binary_crossentropy: 0.0136 - likelihood_loss: 16903198.0000 - loss: 16894078.0000
Epoch 16/200
457/457 - 90s - mean_binary_crossentropy: 0.1015 - likelihood_loss: 126233968.0000 - loss: 126248704.0000
Epoch 17/200
457/457 - 90s - mean_binary_crossentropy: 0.0362 - likelihood_loss: 45055156.0000 - loss: 45051408.0000
Epoch 18/200
457/457 - 90s - mean_binary_crossentropy: 0.0241 - likelihood_loss: 29999792.0000 - loss: 29988540.0000
Epoch 19/200
457/457 - 90s - mean_binary_crossentropy: 0.0222 - likelihood_loss: 27621864.0000 - loss: 27608520.0000
Epoch 20/200
457/457 - 102s - mean_binary_crossentropy: 0.0195 - likelihood_loss: 24284030.0000 - loss: 24269934.0000 - val_mean_binary_crossentropy: 0.0220 - val_likelihood_loss: 27322102.0000 - val_loss: 27220250.0000
Epoch 21/200
457/457 - 90s - mean_binary_crossentropy: 0.0180 - likelihood_loss: 22446314.0000 - loss: 22432418.0000
Epoch 22/200
457/457 - 90s - mean_binary_crossentropy: 0.0170 - likelihood_loss: 21128578.0000 - loss: 21115874.0000
Epoch 23/200
457/457 - 90s - mean_binary_crossentropy: 0.0162 - likelihood_loss: 20135308.0000 - loss: 20123386.0000
Epoch 24/200
457/457 - 90s - mean_binary_crossentropy: 0.0152 - likelihood_loss: 18969768.0000 - loss: 18958970.0000
Epoch 25/200
457/457 - 90s - mean_binary_crossentropy: 0.0150 - likelihood_loss: 18644280.0000 - loss: 18633302.0000
Epoch 26/200
457/457 - 90s - mean_binary_crossentropy: 0.0141 - likelihood_loss: 17514452.0000 - loss: 17507442.0000
Epoch 27/200
457/457 - 90s - mean_binary_crossentropy: 0.0135 - likelihood_loss: 16780480.0000 - loss: 16770334.0000
Epoch 28/200
457/457 - 90s - mean_binary_crossentropy: 0.0132 - likelihood_loss: 16452448.0000 - loss: 16444264.0000
Epoch 29/200
457/457 - 90s - mean_binary_crossentropy: 0.0132 - likelihood_loss: 16423808.0000 - loss: 16410702.0000
Epoch 30/200
457/457 - 101s - mean_binary_crossentropy: 0.0124 - likelihood_loss: 15478443.0000 - loss: 15469311.0000 - val_mean_binary_crossentropy: 0.0184 - val_likelihood_loss: 22842326.0000 - val_loss: 22586298.0000
Epoch 31/200
457/457 - 90s - mean_binary_crossentropy: 0.0120 - likelihood_loss: 14868363.0000 - loss: 14859888.0000
Epoch 32/200
457/457 - 90s - mean_binary_crossentropy: 0.0120 - likelihood_loss: 14988797.0000 - loss: 14980410.0000
Epoch 33/200
457/457 - 91s - mean_binary_crossentropy: 0.0114 - likelihood_loss: 14173352.0000 - loss: 14165256.0000
Epoch 34/200
457/457 - 90s - mean_binary_crossentropy: 0.0114 - likelihood_loss: 14178618.0000 - loss: 14171559.0000
Epoch 35/200
457/457 - 90s - mean_binary_crossentropy: 0.0111 - likelihood_loss: 13794295.0000 - loss: 13789757.0000
Epoch 36/200
457/457 - 90s - mean_binary_crossentropy: 0.0106 - likelihood_loss: 13160398.0000 - loss: 13155134.0000
Epoch 37/200
457/457 - 90s - mean_binary_crossentropy: 0.0103 - likelihood_loss: 12828646.0000 - loss: 12820691.0000
Epoch 38/200
457/457 - 90s - mean_binary_crossentropy: 0.0104 - likelihood_loss: 12882555.0000 - loss: 12873311.0000
Epoch 39/200
457/457 - 90s - mean_binary_crossentropy: 0.0104 - likelihood_loss: 12884611.0000 - loss: 12877667.0000
Epoch 40/200
457/457 - 101s - mean_binary_crossentropy: 0.0099 - likelihood_loss: 12284155.0000 - loss: 12279176.0000 - val_mean_binary_crossentropy: 0.0232 - val_likelihood_loss: 28870548.0000 - val_loss: 28657476.0000
Epoch 41/200
457/457 - 90s - mean_binary_crossentropy: 0.0096 - likelihood_loss: 11901483.0000 - loss: 11893717.0000
Epoch 42/200
457/457 - 90s - mean_binary_crossentropy: 0.0094 - likelihood_loss: 11687516.0000 - loss: 11678857.0000
Epoch 43/200
457/457 - 90s - mean_binary_crossentropy: 0.0094 - likelihood_loss: 11684237.0000 - loss: 11677503.0000
Epoch 44/200
457/457 - 90s - mean_binary_crossentropy: 0.0093 - likelihood_loss: 11575960.0000 - loss: 11566806.0000
Epoch 45/200
457/457 - 90s - mean_binary_crossentropy: 0.0097 - likelihood_loss: 12109199.0000 - loss: 12103516.0000
Epoch 46/200
457/457 - 90s - mean_binary_crossentropy: 0.0115 - likelihood_loss: 14337958.0000 - loss: 14330153.0000
Epoch 47/200
457/457 - 90s - mean_binary_crossentropy: 0.0096 - likelihood_loss: 12003783.0000 - loss: 11997839.0000
Epoch 48/200
457/457 - 90s - mean_binary_crossentropy: 0.0094 - likelihood_loss: 11716880.0000 - loss: 11711509.0000
Epoch 49/200
457/457 - 90s - mean_binary_crossentropy: 0.0095 - likelihood_loss: 11802914.0000 - loss: 11783377.0000
Epoch 50/200
457/457 - 101s - mean_binary_crossentropy: 0.0095 - likelihood_loss: 11793679.0000 - loss: 11788243.0000 - val_mean_binary_crossentropy: 0.0200 - val_likelihood_loss: 24845020.0000 - val_loss: 24520640.0000
Epoch 51/200
457/457 - 90s - mean_binary_crossentropy: 0.0088 - likelihood_loss: 10929216.0000 - loss: 10922641.0000
Epoch 52/200
457/457 - 90s - mean_binary_crossentropy: 0.0086 - likelihood_loss: 10701686.0000 - loss: 10695604.0000
Epoch 53/200
457/457 - 90s - mean_binary_crossentropy: 0.0087 - likelihood_loss: 10816542.0000 - loss: 10810324.0000
Epoch 54/200
457/457 - 90s - mean_binary_crossentropy: 0.0084 - likelihood_loss: 10440927.0000 - loss: 10433866.0000
Epoch 55/200
457/457 - 90s - mean_binary_crossentropy: 0.0083 - likelihood_loss: 10309347.0000 - loss: 10303682.0000
Epoch 56/200
457/457 - 90s - mean_binary_crossentropy: 0.0084 - likelihood_loss: 10502393.0000 - loss: 10495156.0000
Epoch 57/200
457/457 - 90s - mean_binary_crossentropy: 0.0082 - likelihood_loss: 10233137.0000 - loss: 10226109.0000
Epoch 58/200
457/457 - 90s - mean_binary_crossentropy: 0.0081 - likelihood_loss: 10083021.0000 - loss: 10077424.0000
Epoch 59/200
457/457 - 90s - mean_binary_crossentropy: 0.0079 - likelihood_loss: 9859115.0000 - loss: 9849997.0000
Epoch 60/200
457/457 - 101s - mean_binary_crossentropy: 0.0078 - likelihood_loss: 9742520.0000 - loss: 9734888.0000 - val_mean_binary_crossentropy: 0.0286 - val_likelihood_loss: 35626304.0000 - val_loss: 35040488.0000
Epoch 61/200
457/457 - 90s - mean_binary_crossentropy: 0.0079 - likelihood_loss: 9776354.0000 - loss: 9768875.0000
Epoch 62/200
457/457 - 90s - mean_binary_crossentropy: 0.0078 - likelihood_loss: 9703239.0000 - loss: 9697247.0000
Epoch 63/200
457/457 - 90s - mean_binary_crossentropy: 0.0077 - likelihood_loss: 9605606.0000 - loss: 9599427.0000
Epoch 64/200
457/457 - 90s - mean_binary_crossentropy: 0.0076 - likelihood_loss: 9412384.0000 - loss: 9405877.0000
Epoch 65/200
457/457 - 90s - mean_binary_crossentropy: 0.0078 - likelihood_loss: 9686876.0000 - loss: 9679453.0000
Epoch 66/200
457/457 - 90s - mean_binary_crossentropy: 0.0079 - likelihood_loss: 9775739.0000 - loss: 9769467.0000
Epoch 67/200
457/457 - 90s - mean_binary_crossentropy: 0.0078 - likelihood_loss: 9691667.0000 - loss: 9685900.0000
Epoch 68/200
457/457 - 90s - mean_binary_crossentropy: 0.0076 - likelihood_loss: 9468657.0000 - loss: 9461434.0000
Epoch 69/200
457/457 - 90s - mean_binary_crossentropy: 0.0074 - likelihood_loss: 9250325.0000 - loss: 9243873.0000
Epoch 70/200
457/457 - 101s - mean_binary_crossentropy: 0.0072 - likelihood_loss: 8951036.0000 - loss: 8945105.0000 - val_mean_binary_crossentropy: 0.0206 - val_likelihood_loss: 25661182.0000 - val_loss: 25431080.0000
Epoch 71/200
457/457 - 89s - mean_binary_crossentropy: 0.0072 - likelihood_loss: 8987711.0000 - loss: 8979701.0000
Epoch 72/200
457/457 - 90s - mean_binary_crossentropy: 0.0072 - likelihood_loss: 8957345.0000 - loss: 8950445.0000
Epoch 73/200
457/457 - 90s - mean_binary_crossentropy: 0.0071 - likelihood_loss: 8865696.0000 - loss: 8859519.0000
Epoch 74/200
457/457 - 90s - mean_binary_crossentropy: 0.0072 - likelihood_loss: 8897407.0000 - loss: 8891751.0000
Epoch 75/200
457/457 - 90s - mean_binary_crossentropy: 0.0070 - likelihood_loss: 8705004.0000 - loss: 8699322.0000
Epoch 76/200
457/457 - 90s - mean_binary_crossentropy: 0.0071 - likelihood_loss: 8802875.0000 - loss: 8795579.0000
Epoch 77/200
457/457 - 90s - mean_binary_crossentropy: 0.0073 - likelihood_loss: 9023816.0000 - loss: 9018824.0000
Epoch 78/200
457/457 - 90s - mean_binary_crossentropy: 0.0070 - likelihood_loss: 8738736.0000 - loss: 8733919.0000
Epoch 79/200
457/457 - 90s - mean_binary_crossentropy: 0.0070 - likelihood_loss: 8762284.0000 - loss: 8757063.0000
Epoch 80/200
457/457 - 101s - mean_binary_crossentropy: 0.0071 - likelihood_loss: 8822888.0000 - loss: 8818263.0000 - val_mean_binary_crossentropy: 0.0231 - val_likelihood_loss: 28719986.0000 - val_loss: 28490992.0000
Epoch 81/200
457/457 - 89s - mean_binary_crossentropy: 0.0070 - likelihood_loss: 8765597.0000 - loss: 8761201.0000
Epoch 82/200
457/457 - 90s - mean_binary_crossentropy: 0.0072 - likelihood_loss: 8944594.0000 - loss: 8940156.0000
Epoch 83/200
457/457 - 90s - mean_binary_crossentropy: 0.0070 - likelihood_loss: 8703384.0000 - loss: 8696643.0000
Epoch 84/200
457/457 - 90s - mean_binary_crossentropy: 0.0071 - likelihood_loss: 8821307.0000 - loss: 8813479.0000
Epoch 85/200
457/457 - 90s - mean_binary_crossentropy: 0.0075 - likelihood_loss: 9367199.0000 - loss: 9360374.0000
Epoch 86/200
457/457 - 90s - mean_binary_crossentropy: 0.0069 - likelihood_loss: 8640681.0000 - loss: 8635081.0000
Epoch 87/200
457/457 - 90s - mean_binary_crossentropy: 0.0066 - likelihood_loss: 8219561.5000 - loss: 8214833.0000
Epoch 88/200
457/457 - 90s - mean_binary_crossentropy: 0.0065 - likelihood_loss: 8087934.5000 - loss: 8083037.5000
Epoch 89/200
457/457 - 90s - mean_binary_crossentropy: 0.0065 - likelihood_loss: 8029677.0000 - loss: 8024739.0000
Epoch 90/200
457/457 - 101s - mean_binary_crossentropy: 0.0065 - likelihood_loss: 8098573.0000 - loss: 8093921.0000 - val_mean_binary_crossentropy: 0.0222 - val_likelihood_loss: 27639006.0000 - val_loss: 27314376.0000
Epoch 91/200
457/457 - 89s - mean_binary_crossentropy: 0.0065 - likelihood_loss: 8032772.5000 - loss: 8028317.5000
Epoch 92/200
457/457 - 90s - mean_binary_crossentropy: 0.0065 - likelihood_loss: 8044014.0000 - loss: 8039439.5000
Epoch 93/200
457/457 - 90s - mean_binary_crossentropy: 0.0066 - likelihood_loss: 8163424.5000 - loss: 8158122.0000
Epoch 94/200
457/457 - 90s - mean_binary_crossentropy: 0.0067 - likelihood_loss: 8313076.0000 - loss: 8307693.5000
Epoch 95/200
457/457 - 89s - mean_binary_crossentropy: 0.0066 - likelihood_loss: 8233848.5000 - loss: 8228660.0000
Epoch 96/200
457/457 - 90s - mean_binary_crossentropy: 0.0064 - likelihood_loss: 7984278.5000 - loss: 7979431.5000
Epoch 97/200
457/457 - 90s - mean_binary_crossentropy: 0.0064 - likelihood_loss: 7953333.5000 - loss: 7947326.0000
Epoch 98/200
457/457 - 89s - mean_binary_crossentropy: 0.0065 - likelihood_loss: 8111842.5000 - loss: 8105873.0000
Epoch 99/200
457/457 - 89s - mean_binary_crossentropy: 0.0065 - likelihood_loss: 8127769.0000 - loss: 8123052.0000
Epoch 100/200
457/457 - 101s - mean_binary_crossentropy: 0.0063 - likelihood_loss: 7873570.5000 - loss: 7867341.0000 - val_mean_binary_crossentropy: 0.0223 - val_likelihood_loss: 27769934.0000 - val_loss: 27457616.0000
Epoch 101/200
457/457 - 90s - mean_binary_crossentropy: 0.0062 - likelihood_loss: 7732930.5000 - loss: 7728171.0000
Epoch 102/200
457/457 - 90s - mean_binary_crossentropy: 0.0062 - likelihood_loss: 7729107.0000 - loss: 7724726.5000
Epoch 103/200
457/457 - 90s - mean_binary_crossentropy: 0.0061 - likelihood_loss: 7552144.5000 - loss: 7547018.0000
Epoch 104/200
457/457 - 90s - mean_binary_crossentropy: 0.0060 - likelihood_loss: 7430670.0000 - loss: 7425788.0000
Epoch 105/200
457/457 - 89s - mean_binary_crossentropy: 0.0060 - likelihood_loss: 7496581.0000 - loss: 7490412.0000
Epoch 106/200
457/457 - 90s - mean_binary_crossentropy: 0.0060 - likelihood_loss: 7411025.0000 - loss: 7405142.5000
Epoch 107/200
457/457 - 90s - mean_binary_crossentropy: 0.0060 - likelihood_loss: 7461730.0000 - loss: 7457141.5000
Epoch 108/200
457/457 - 89s - mean_binary_crossentropy: 0.0062 - likelihood_loss: 7667380.0000 - loss: 7662288.0000
Epoch 109/200
457/457 - 90s - mean_binary_crossentropy: 0.0060 - likelihood_loss: 7459897.0000 - loss: 7455508.5000
Epoch 110/200
457/457 - 101s - mean_binary_crossentropy: 0.0059 - likelihood_loss: 7338136.0000 - loss: 7333853.5000 - val_mean_binary_crossentropy: 0.0267 - val_likelihood_loss: 33210432.0000 - val_loss: 32701914.0000
Epoch 111/200
457/457 - 89s - mean_binary_crossentropy: 0.0059 - likelihood_loss: 7372010.0000 - loss: 7367307.5000
Epoch 112/200
457/457 - 90s - mean_binary_crossentropy: 0.0063 - likelihood_loss: 7835899.5000 - loss: 7830235.0000
Epoch 113/200
457/457 - 90s - mean_binary_crossentropy: 0.0059 - likelihood_loss: 7331259.5000 - loss: 7326233.0000
Epoch 114/200
457/457 - 90s - mean_binary_crossentropy: 0.0057 - likelihood_loss: 7105950.0000 - loss: 7101434.0000
Epoch 115/200
457/457 - 90s - mean_binary_crossentropy: 0.0057 - likelihood_loss: 7073539.5000 - loss: 7068942.5000
Epoch 116/200
457/457 - 90s - mean_binary_crossentropy: 0.0057 - likelihood_loss: 7141884.5000 - loss: 7137130.5000
Epoch 117/200
457/457 - 90s - mean_binary_crossentropy: 0.0057 - likelihood_loss: 7133860.5000 - loss: 7122277.0000
Epoch 118/200
457/457 - 90s - mean_binary_crossentropy: 0.0058 - likelihood_loss: 7190112.0000 - loss: 7182337.0000
Epoch 119/200
457/457 - 90s - mean_binary_crossentropy: 0.0058 - likelihood_loss: 7277238.0000 - loss: 7272220.0000
Epoch 120/200
457/457 - 101s - mean_binary_crossentropy: 0.0058 - likelihood_loss: 7167759.0000 - loss: 7162637.5000 - val_mean_binary_crossentropy: 0.0253 - val_likelihood_loss: 31493272.0000 - val_loss: 31131968.0000
Epoch 121/200
457/457 - 90s - mean_binary_crossentropy: 0.0056 - likelihood_loss: 6987649.5000 - loss: 6983152.0000
Epoch 122/200
457/457 - 90s - mean_binary_crossentropy: 0.0056 - likelihood_loss: 6971235.0000 - loss: 6966977.5000
Epoch 123/200
457/457 - 90s - mean_binary_crossentropy: 0.0055 - likelihood_loss: 6898211.5000 - loss: 6893469.5000
Epoch 124/200
457/457 - 90s - mean_binary_crossentropy: 0.0055 - likelihood_loss: 6871529.0000 - loss: 6867351.0000
Epoch 125/200
457/457 - 90s - mean_binary_crossentropy: 0.0056 - likelihood_loss: 6965188.5000 - loss: 6960190.0000
Epoch 126/200
457/457 - 90s - mean_binary_crossentropy: 0.0057 - likelihood_loss: 7112146.5000 - loss: 7106741.5000
Epoch 127/200
457/457 - 90s - mean_binary_crossentropy: 0.0057 - likelihood_loss: 7040167.5000 - loss: 7035561.0000
Epoch 128/200
457/457 - 90s - mean_binary_crossentropy: 0.0056 - likelihood_loss: 6912213.0000 - loss: 6908124.5000
Epoch 129/200
457/457 - 90s - mean_binary_crossentropy: 0.0055 - likelihood_loss: 6787315.0000 - loss: 6783120.5000
Epoch 130/200
457/457 - 101s - mean_binary_crossentropy: 0.0060 - likelihood_loss: 7451360.0000 - loss: 7446616.5000 - val_mean_binary_crossentropy: 0.0255 - val_likelihood_loss: 31749272.0000 - val_loss: 31486790.0000
Epoch 131/200
457/457 - 90s - mean_binary_crossentropy: 0.0057 - likelihood_loss: 7077799.5000 - loss: 7072869.5000
Epoch 132/200
457/457 - 90s - mean_binary_crossentropy: 0.0054 - likelihood_loss: 6674005.0000 - loss: 6668818.0000
Epoch 133/200
457/457 - 90s - mean_binary_crossentropy: 0.0057 - likelihood_loss: 7080595.0000 - loss: 7075607.0000
Epoch 134/200
457/457 - 90s - mean_binary_crossentropy: 0.0055 - likelihood_loss: 6825223.5000 - loss: 6820837.0000
Epoch 135/200
457/457 - 90s - mean_binary_crossentropy: 0.0053 - likelihood_loss: 6603136.5000 - loss: 6598044.0000
Epoch 136/200
457/457 - 90s - mean_binary_crossentropy: 0.0053 - likelihood_loss: 6585453.0000 - loss: 6581096.0000
Epoch 137/200
457/457 - 90s - mean_binary_crossentropy: 0.0054 - likelihood_loss: 6727945.0000 - loss: 6723638.5000
Epoch 138/200
457/457 - 90s - mean_binary_crossentropy: 0.0055 - likelihood_loss: 6900870.5000 - loss: 6896436.5000
Epoch 139/200
457/457 - 90s - mean_binary_crossentropy: 0.0057 - likelihood_loss: 7089576.0000 - loss: 7085490.0000
Epoch 140/200
457/457 - 101s - mean_binary_crossentropy: 0.0056 - likelihood_loss: 6969898.0000 - loss: 6965206.0000 - val_mean_binary_crossentropy: 0.0261 - val_likelihood_loss: 32479540.0000 - val_loss: 32226092.0000
Epoch 141/200
457/457 - 89s - mean_binary_crossentropy: 0.0053 - likelihood_loss: 6646703.5000 - loss: 6640412.0000
Epoch 142/200
457/457 - 90s - mean_binary_crossentropy: 0.0054 - likelihood_loss: 6656404.5000 - loss: 6650171.0000
Epoch 143/200
457/457 - 90s - mean_binary_crossentropy: 0.0081 - likelihood_loss: 10065246.0000 - loss: 10062276.0000
Epoch 144/200
457/457 - 90s - mean_binary_crossentropy: 0.0058 - likelihood_loss: 7165336.0000 - loss: 7161234.0000
Epoch 145/200
457/457 - 90s - mean_binary_crossentropy: 0.0053 - likelihood_loss: 6551524.0000 - loss: 6546832.5000
Epoch 146/200
457/457 - 90s - mean_binary_crossentropy: 0.0051 - likelihood_loss: 6318982.0000 - loss: 6314595.5000
Epoch 147/200
457/457 - 90s - mean_binary_crossentropy: 0.0053 - likelihood_loss: 6545598.0000 - loss: 6540094.5000
Epoch 148/200
457/457 - 90s - mean_binary_crossentropy: 0.0056 - likelihood_loss: 6942939.0000 - loss: 6937225.0000
Epoch 149/200
457/457 - 90s - mean_binary_crossentropy: 0.0053 - likelihood_loss: 6566682.0000 - loss: 6562381.0000
Epoch 150/200
457/457 - 101s - mean_binary_crossentropy: 0.0051 - likelihood_loss: 6302471.5000 - loss: 6298418.5000 - val_mean_binary_crossentropy: 0.0277 - val_likelihood_loss: 34408328.0000 - val_loss: 34136760.0000
Epoch 151/200
457/457 - 90s - mean_binary_crossentropy: 0.0050 - likelihood_loss: 6210451.5000 - loss: 6205792.0000
Epoch 152/200
457/457 - 90s - mean_binary_crossentropy: 0.0049 - likelihood_loss: 6158103.0000 - loss: 6152463.5000
Epoch 153/200
457/457 - 90s - mean_binary_crossentropy: 0.0050 - likelihood_loss: 6232132.5000 - loss: 6227506.0000
Epoch 154/200
457/457 - 90s - mean_binary_crossentropy: 0.0050 - likelihood_loss: 6257519.5000 - loss: 6253354.0000
Epoch 155/200
457/457 - 90s - mean_binary_crossentropy: 0.0051 - likelihood_loss: 6402956.5000 - loss: 6398543.5000
Epoch 156/200
457/457 - 90s - mean_binary_crossentropy: 0.0051 - likelihood_loss: 6371412.0000 - loss: 6366440.5000
Epoch 157/200
457/457 - 90s - mean_binary_crossentropy: 0.0053 - likelihood_loss: 6611504.5000 - loss: 6607196.5000
Epoch 158/200
457/457 - 90s - mean_binary_crossentropy: 0.0054 - likelihood_loss: 6667615.0000 - loss: 6663345.5000
Epoch 159/200
457/457 - 90s - mean_binary_crossentropy: 0.0052 - likelihood_loss: 6487388.0000 - loss: 6483712.5000
Epoch 160/200
457/457 - 101s - mean_binary_crossentropy: 0.0050 - likelihood_loss: 6227918.5000 - loss: 6224085.0000 - val_mean_binary_crossentropy: 0.0297 - val_likelihood_loss: 37002380.0000 - val_loss: 36732924.0000
Epoch 161/200
457/457 - 89s - mean_binary_crossentropy: 0.0050 - likelihood_loss: 6259376.0000 - loss: 6255171.5000
Epoch 162/200
457/457 - 90s - mean_binary_crossentropy: 0.0051 - likelihood_loss: 6330993.0000 - loss: 6326834.5000
Epoch 163/200
457/457 - 90s - mean_binary_crossentropy: 0.0051 - likelihood_loss: 6319886.0000 - loss: 6315215.0000
Epoch 164/200
457/457 - 90s - mean_binary_crossentropy: 0.0051 - likelihood_loss: 6371906.0000 - loss: 6367994.5000
Epoch 165/200
457/457 - 90s - mean_binary_crossentropy: 0.0054 - likelihood_loss: 6670234.0000 - loss: 6665846.5000
Epoch 166/200
457/457 - 90s - mean_binary_crossentropy: 0.0051 - likelihood_loss: 6388931.0000 - loss: 6384914.0000
Epoch 167/200
457/457 - 90s - mean_binary_crossentropy: 0.0049 - likelihood_loss: 6102765.0000 - loss: 6098815.5000
Epoch 168/200
457/457 - 90s - mean_binary_crossentropy: 0.0048 - likelihood_loss: 6027566.0000 - loss: 6023798.5000
Epoch 169/200
457/457 - 90s - mean_binary_crossentropy: 0.0049 - likelihood_loss: 6064485.0000 - loss: 6060163.0000
Epoch 170/200
457/457 - 101s - mean_binary_crossentropy: 0.0051 - likelihood_loss: 6342217.0000 - loss: 6338253.5000 - val_mean_binary_crossentropy: 0.0266 - val_likelihood_loss: 33038254.0000 - val_loss: 32601638.0000
Epoch 171/200
457/457 - 89s - mean_binary_crossentropy: 0.0052 - likelihood_loss: 6469859.5000 - loss: 6465581.5000
Epoch 172/200
457/457 - 90s - mean_binary_crossentropy: 0.0051 - likelihood_loss: 6335570.5000 - loss: 6331344.5000
Epoch 173/200
457/457 - 90s - mean_binary_crossentropy: 0.0054 - likelihood_loss: 6675087.5000 - loss: 6671280.0000
Epoch 174/200
457/457 - 90s - mean_binary_crossentropy: 0.0052 - likelihood_loss: 6411512.5000 - loss: 6407242.0000
Epoch 175/200
457/457 - 90s - mean_binary_crossentropy: 0.0049 - likelihood_loss: 6121557.0000 - loss: 6117498.0000
Epoch 176/200
457/457 - 90s - mean_binary_crossentropy: 0.0048 - likelihood_loss: 5967224.5000 - loss: 5963571.0000
Epoch 177/200
457/457 - 90s - mean_binary_crossentropy: 0.0048 - likelihood_loss: 5959188.0000 - loss: 5955344.0000
Epoch 178/200
457/457 - 90s - mean_binary_crossentropy: 0.0048 - likelihood_loss: 6032859.0000 - loss: 6028983.5000
Epoch 179/200
457/457 - 90s - mean_binary_crossentropy: 0.0050 - likelihood_loss: 6176625.5000 - loss: 6172060.0000
Epoch 180/200
457/457 - 101s - mean_binary_crossentropy: 0.0053 - likelihood_loss: 6559776.5000 - loss: 6555302.0000 - val_mean_binary_crossentropy: 0.0238 - val_likelihood_loss: 29613430.0000 - val_loss: 29253346.0000
Epoch 181/200
457/457 - 89s - mean_binary_crossentropy: 0.0057 - likelihood_loss: 7040452.5000 - loss: 7031077.5000
Epoch 182/200
457/457 - 90s - mean_binary_crossentropy: 0.0056 - likelihood_loss: 6938973.5000 - loss: 6932446.0000
Epoch 183/200
457/457 - 90s - mean_binary_crossentropy: 0.0051 - likelihood_loss: 6348186.5000 - loss: 6343352.0000
Epoch 184/200
457/457 - 90s - mean_binary_crossentropy: 0.0048 - likelihood_loss: 6015528.5000 - loss: 6011603.5000
Epoch 185/200
457/457 - 90s - mean_binary_crossentropy: 0.0047 - likelihood_loss: 5904171.0000 - loss: 5900036.5000
Epoch 186/200
457/457 - 90s - mean_binary_crossentropy: 0.0047 - likelihood_loss: 5879763.0000 - loss: 5875637.0000
Epoch 187/200
457/457 - 90s - mean_binary_crossentropy: 0.0048 - likelihood_loss: 6007744.0000 - loss: 6002927.0000
Epoch 188/200
457/457 - 90s - mean_binary_crossentropy: 0.0048 - likelihood_loss: 6017092.0000 - loss: 6012738.5000
Epoch 189/200
457/457 - 90s - mean_binary_crossentropy: 0.0050 - likelihood_loss: 6255590.0000 - loss: 6251761.5000
Epoch 190/200
457/457 - 101s - mean_binary_crossentropy: 0.0051 - likelihood_loss: 6287255.0000 - loss: 6283310.5000 - val_mean_binary_crossentropy: 0.0273 - val_likelihood_loss: 33912328.0000 - val_loss: 33590164.0000
Epoch 191/200
457/457 - 90s - mean_binary_crossentropy: 0.0049 - likelihood_loss: 6116847.0000 - loss: 6112583.0000
Epoch 192/200
457/457 - 90s - mean_binary_crossentropy: 0.0048 - likelihood_loss: 5921698.0000 - loss: 5916902.0000
Epoch 193/200
457/457 - 90s - mean_binary_crossentropy: 0.0048 - likelihood_loss: 5934412.0000 - loss: 5930645.5000
Epoch 194/200
457/457 - 90s - mean_binary_crossentropy: 0.0047 - likelihood_loss: 5894771.5000 - loss: 5891123.0000
Epoch 195/200
457/457 - 90s - mean_binary_crossentropy: 0.0047 - likelihood_loss: 5882999.0000 - loss: 5879072.0000
Epoch 196/200
457/457 - 90s - mean_binary_crossentropy: 0.0047 - likelihood_loss: 5901161.5000 - loss: 5897298.5000
Epoch 197/200
457/457 - 90s - mean_binary_crossentropy: 0.0048 - likelihood_loss: 5931636.5000 - loss: 5927612.0000
Epoch 198/200
457/457 - 90s - mean_binary_crossentropy: 0.0047 - likelihood_loss: 5890649.0000 - loss: 5886798.5000
Epoch 199/200
457/457 - 90s - mean_binary_crossentropy: 0.0048 - likelihood_loss: 5923464.5000 - loss: 5918065.5000
Epoch 200/200
457/457 - 101s - mean_binary_crossentropy: 0.0048 - likelihood_loss: 5933471.0000 - loss: 5929141.5000 - val_mean_binary_crossentropy: 0.0272 - val_likelihood_loss: 33795052.0000 - val_loss: 33420542.0000
Total time elapsed for training = 22934.33478975296 seconds
Training finished at 2020-10-02 00:26:27.818807
Pickled training history
