LAYER_NAME: decoder_4b
2020-07-09 16:36:30.912928: I tensorflow_io/core/kernels/cpu_check.cc:128] Your CPU supports instructions that this TensorFlow IO binary was not compiled to use: AVX2 AVX512F FMA
2020-07-09 16:36:33.022303: I tensorflow/stream_executor/platform/default/dso_loader.cc:44] Successfully opened dynamic library libcuda.so.1
2020-07-09 16:36:33.191166: I tensorflow/core/common_runtime/gpu/gpu_device.cc:1561] Found device 0 with properties: 
pciBusID: 0000:1d:00.0 name: GeForce RTX 2080 Ti computeCapability: 7.5
coreClock: 1.545GHz coreCount: 68 deviceMemorySize: 10.73GiB deviceMemoryBandwidth: 573.69GiB/s
2020-07-09 16:36:33.193197: I tensorflow/core/common_runtime/gpu/gpu_device.cc:1561] Found device 1 with properties: 
pciBusID: 0000:1e:00.0 name: GeForce RTX 2080 Ti computeCapability: 7.5
coreClock: 1.545GHz coreCount: 68 deviceMemorySize: 10.73GiB deviceMemoryBandwidth: 573.69GiB/s
2020-07-09 16:36:33.195135: I tensorflow/core/common_runtime/gpu/gpu_device.cc:1561] Found device 2 with properties: 
pciBusID: 0000:1f:00.0 name: GeForce RTX 2080 Ti computeCapability: 7.5
coreClock: 1.545GHz coreCount: 68 deviceMemorySize: 10.73GiB deviceMemoryBandwidth: 573.69GiB/s
2020-07-09 16:36:33.206841: I tensorflow/stream_executor/platform/default/dso_loader.cc:44] Successfully opened dynamic library libcudart.so.10.1
2020-07-09 16:36:33.257069: I tensorflow/stream_executor/platform/default/dso_loader.cc:44] Successfully opened dynamic library libcublas.so.10
2020-07-09 16:36:33.286226: I tensorflow/stream_executor/platform/default/dso_loader.cc:44] Successfully opened dynamic library libcufft.so.10
2020-07-09 16:36:33.312918: I tensorflow/stream_executor/platform/default/dso_loader.cc:44] Successfully opened dynamic library libcurand.so.10
2020-07-09 16:36:33.361820: I tensorflow/stream_executor/platform/default/dso_loader.cc:44] Successfully opened dynamic library libcusolver.so.10
2020-07-09 16:36:33.389336: I tensorflow/stream_executor/platform/default/dso_loader.cc:44] Successfully opened dynamic library libcusparse.so.10
2020-07-09 16:36:33.495789: I tensorflow/stream_executor/platform/default/dso_loader.cc:44] Successfully opened dynamic library libcudnn.so.7
2020-07-09 16:36:33.507691: I tensorflow/core/common_runtime/gpu/gpu_device.cc:1703] Adding visible gpu devices: 0, 1, 2
2020-07-09 16:36:35.409685: I tensorflow/core/platform/cpu_feature_guard.cc:143] Your CPU supports instructions that this TensorFlow binary was not compiled to use: AVX2 AVX512F FMA
2020-07-09 16:36:35.421992: I tensorflow/core/platform/profile_utils/cpu_utils.cc:102] CPU Frequency: 2100000000 Hz
2020-07-09 16:36:35.423648: I tensorflow/compiler/xla/service/service.cc:168] XLA service 0x561b8ef72800 initialized for platform Host (this does not guarantee that XLA will be used). Devices:
2020-07-09 16:36:35.423676: I tensorflow/compiler/xla/service/service.cc:176]   StreamExecutor device (0): Host, Default Version
2020-07-09 16:36:35.841849: I tensorflow/compiler/xla/service/service.cc:168] XLA service 0x561b8efdccb0 initialized for platform CUDA (this does not guarantee that XLA will be used). Devices:
2020-07-09 16:36:35.841886: I tensorflow/compiler/xla/service/service.cc:176]   StreamExecutor device (0): GeForce RTX 2080 Ti, Compute Capability 7.5
2020-07-09 16:36:35.841893: I tensorflow/compiler/xla/service/service.cc:176]   StreamExecutor device (1): GeForce RTX 2080 Ti, Compute Capability 7.5
2020-07-09 16:36:35.841899: I tensorflow/compiler/xla/service/service.cc:176]   StreamExecutor device (2): GeForce RTX 2080 Ti, Compute Capability 7.5
2020-07-09 16:36:35.846196: I tensorflow/core/common_runtime/gpu/gpu_device.cc:1561] Found device 0 with properties: 
pciBusID: 0000:1d:00.0 name: GeForce RTX 2080 Ti computeCapability: 7.5
coreClock: 1.545GHz coreCount: 68 deviceMemorySize: 10.73GiB deviceMemoryBandwidth: 573.69GiB/s
2020-07-09 16:36:35.848149: I tensorflow/core/common_runtime/gpu/gpu_device.cc:1561] Found device 1 with properties: 
pciBusID: 0000:1e:00.0 name: GeForce RTX 2080 Ti computeCapability: 7.5
coreClock: 1.545GHz coreCount: 68 deviceMemorySize: 10.73GiB deviceMemoryBandwidth: 573.69GiB/s
2020-07-09 16:36:35.850094: I tensorflow/core/common_runtime/gpu/gpu_device.cc:1561] Found device 2 with properties: 
pciBusID: 0000:1f:00.0 name: GeForce RTX 2080 Ti computeCapability: 7.5
coreClock: 1.545GHz coreCount: 68 deviceMemorySize: 10.73GiB deviceMemoryBandwidth: 573.69GiB/s
2020-07-09 16:36:35.850136: I tensorflow/stream_executor/platform/default/dso_loader.cc:44] Successfully opened dynamic library libcudart.so.10.1
2020-07-09 16:36:35.850149: I tensorflow/stream_executor/platform/default/dso_loader.cc:44] Successfully opened dynamic library libcublas.so.10
2020-07-09 16:36:35.850160: I tensorflow/stream_executor/platform/default/dso_loader.cc:44] Successfully opened dynamic library libcufft.so.10
2020-07-09 16:36:35.850172: I tensorflow/stream_executor/platform/default/dso_loader.cc:44] Successfully opened dynamic library libcurand.so.10
2020-07-09 16:36:35.850183: I tensorflow/stream_executor/platform/default/dso_loader.cc:44] Successfully opened dynamic library libcusolver.so.10
2020-07-09 16:36:35.850195: I tensorflow/stream_executor/platform/default/dso_loader.cc:44] Successfully opened dynamic library libcusparse.so.10
2020-07-09 16:36:35.850207: I tensorflow/stream_executor/platform/default/dso_loader.cc:44] Successfully opened dynamic library libcudnn.so.7
2020-07-09 16:36:35.861549: I tensorflow/core/common_runtime/gpu/gpu_device.cc:1703] Adding visible gpu devices: 0, 1, 2
2020-07-09 16:36:35.861585: I tensorflow/stream_executor/platform/default/dso_loader.cc:44] Successfully opened dynamic library libcudart.so.10.1
2020-07-09 16:36:35.868195: I tensorflow/core/common_runtime/gpu/gpu_device.cc:1102] Device interconnect StreamExecutor with strength 1 edge matrix:
2020-07-09 16:36:35.868212: I tensorflow/core/common_runtime/gpu/gpu_device.cc:1108]      0 1 2 
2020-07-09 16:36:35.868222: I tensorflow/core/common_runtime/gpu/gpu_device.cc:1121] 0:   N N N 
2020-07-09 16:36:35.868228: I tensorflow/core/common_runtime/gpu/gpu_device.cc:1121] 1:   N N N 
2020-07-09 16:36:35.868233: I tensorflow/core/common_runtime/gpu/gpu_device.cc:1121] 2:   N N N 
2020-07-09 16:36:35.877581: I tensorflow/core/common_runtime/gpu/gpu_device.cc:1247] Created TensorFlow device (/job:localhost/replica:0/task:0/device:GPU:0 with 10176 MB memory) -> physical GPU (device: 0, name: GeForce RTX 2080 Ti, pci bus id: 0000:1d:00.0, compute capability: 7.5)
2020-07-09 16:36:35.880086: I tensorflow/core/common_runtime/gpu/gpu_device.cc:1247] Created TensorFlow device (/job:localhost/replica:0/task:0/device:GPU:1 with 10176 MB memory) -> physical GPU (device: 1, name: GeForce RTX 2080 Ti, pci bus id: 0000:1e:00.0, compute capability: 7.5)
2020-07-09 16:36:35.882583: I tensorflow/core/common_runtime/gpu/gpu_device.cc:1247] Created TensorFlow device (/job:localhost/replica:0/task:0/device:GPU:2 with 10176 MB memory) -> physical GPU (device: 2, name: GeForce RTX 2080 Ti, pci bus id: 0000:1f:00.0, compute capability: 7.5)
WARNING:tensorflow:From /home/hauthj/.conda/envs/gpu-env/lib/python3.8/site-packages/tensorflow_probability/python/layers/util.py:99: Layer.add_variable (from tensorflow.python.keras.engine.base_layer) is deprecated and will be removed in a future version.
Instructions for updating:
Please use `layer.add_weight` method instead.
2020-07-09 16:39:43.088199: I tensorflow/stream_executor/platform/default/dso_loader.cc:44] Successfully opened dynamic library libcudnn.so.7
2020-07-09 16:39:49.930696: I tensorflow/stream_executor/platform/default/dso_loader.cc:44] Successfully opened dynamic library libcublas.so.10
2.2.0
Listing all GPU resources:
[PhysicalDevice(name='/physical_device:GPU:0', device_type='GPU'), PhysicalDevice(name='/physical_device:GPU:1', device_type='GPU'), PhysicalDevice(name='/physical_device:GPU:2', device_type='GPU')]

0.10.0
------------------------------
Constructing model...
------------------------------

Input size: (None, 144, 144, 4)
Output size: (None, 144, 144, 1)
Model summary:
Model: "model_decoder_4b"
__________________________________________________________________________________________________
Layer (type)                    Output Shape         Param #     Connected to                     
==================================================================================================
input_layer (InputLayer)        [(None, 144, 144, 4) 0                                            
__________________________________________________________________________________________________
encoder_1_a (Conv2D)            (None, 144, 144, 32) 1184        input_layer[0][0]                
__________________________________________________________________________________________________
encoder_1_b (Conv2D)            (None, 144, 144, 32) 9248        encoder_1_a[0][0]                
__________________________________________________________________________________________________
downsample_1 (MaxPooling2D)     (None, 72, 72, 32)   0           encoder_1_b[0][0]                
__________________________________________________________________________________________________
encoder_2_a (Conv2D)            (None, 72, 72, 64)   18496       downsample_1[0][0]               
__________________________________________________________________________________________________
encoder_2_b (Conv2D)            (None, 72, 72, 64)   36928       encoder_2_a[0][0]                
__________________________________________________________________________________________________
downsample_2 (MaxPooling2D)     (None, 36, 36, 64)   0           encoder_2_b[0][0]                
__________________________________________________________________________________________________
encoder_3_a (Conv2D)            (None, 36, 36, 128)  73856       downsample_2[0][0]               
__________________________________________________________________________________________________
encoder_3_b (Conv2D)            (None, 36, 36, 128)  147584      encoder_3_a[0][0]                
__________________________________________________________________________________________________
downsample_3 (MaxPooling2D)     (None, 18, 18, 128)  0           encoder_3_b[0][0]                
__________________________________________________________________________________________________
encoder_4_a (Conv2D)            (None, 18, 18, 256)  295168      downsample_3[0][0]               
__________________________________________________________________________________________________
encoder_4_b (Conv2D)            (None, 18, 18, 256)  590080      encoder_4_a[0][0]                
__________________________________________________________________________________________________
downsample_4 (MaxPooling2D)     (None, 9, 9, 256)    0           encoder_4_b[0][0]                
__________________________________________________________________________________________________
encoder_5_a (Conv2D)            (None, 9, 9, 512)    1180160     downsample_4[0][0]               
__________________________________________________________________________________________________
encoder_5_b (Conv2D)            (None, 9, 9, 512)    2359808     encoder_5_a[0][0]                
__________________________________________________________________________________________________
upsample_4 (UpSampling2D)       (None, 18, 18, 512)  0           encoder_5_b[0][0]                
__________________________________________________________________________________________________
concat_4 (Concatenate)          (None, 18, 18, 768)  0           upsample_4[0][0]                 
                                                                 encoder_4_b[0][0]                
__________________________________________________________________________________________________
decoder_4_a (Conv2D)            (None, 18, 18, 256)  1769728     concat_4[0][0]                   
__________________________________________________________________________________________________
decoder_4_b (Conv2DFlipout)     (None, 18, 18, 256)  2360320     decoder_4_a[0][0]                
__________________________________________________________________________________________________
upsample_3 (UpSampling2D)       (None, 36, 36, 256)  0           decoder_4_b[0][0]                
__________________________________________________________________________________________________
concat_3 (Concatenate)          (None, 36, 36, 384)  0           upsample_3[0][0]                 
                                                                 encoder_3_b[0][0]                
__________________________________________________________________________________________________
decoder_3_a (Conv2D)            (None, 36, 36, 128)  442496      concat_3[0][0]                   
__________________________________________________________________________________________________
decoder_3_b (Conv2D)            (None, 36, 36, 128)  147584      decoder_3_a[0][0]                
__________________________________________________________________________________________________
upsample_2 (UpSampling2D)       (None, 72, 72, 128)  0           decoder_3_b[0][0]                
__________________________________________________________________________________________________
concat_2 (Concatenate)          (None, 72, 72, 192)  0           upsample_2[0][0]                 
                                                                 encoder_2_b[0][0]                
__________________________________________________________________________________________________
decoder_2_a (Conv2D)            (None, 72, 72, 64)   110656      concat_2[0][0]                   
__________________________________________________________________________________________________
decoder_2_b (Conv2D)            (None, 72, 72, 64)   36928       decoder_2_a[0][0]                
__________________________________________________________________________________________________
upsample_1 (UpSampling2D)       (None, 144, 144, 64) 0           decoder_2_b[0][0]                
__________________________________________________________________________________________________
concat_1 (Concatenate)          (None, 144, 144, 96) 0           upsample_1[0][0]                 
                                                                 encoder_1_b[0][0]                
__________________________________________________________________________________________________
decoder_1_a (Conv2D)            (None, 144, 144, 32) 27680       concat_1[0][0]                   
__________________________________________________________________________________________________
decoder_1_b (Conv2D)            (None, 144, 144, 32) 9248        decoder_1_a[0][0]                
__________________________________________________________________________________________________
output_layer (Conv2D)           (None, 144, 144, 1)  33          decoder_1_b[0][0]                
==================================================================================================
Total params: 9,617,185
Trainable params: 9,617,185
Non-trainable params: 0
__________________________________________________________________________________________________
None
Model losses:
[<tf.Tensor: shape=(), dtype=float32, numpy=22.120552>, <tf.Tensor: shape=(), dtype=float32, numpy=0.01025483>]
------------------------------
Loading training and testing data...
------------------------------
------------------------------
Fitting model with training data ...
------------------------------
Training the model started at 2020-07-09 16:38:04.190933
Epoch 1/200
457/457 - 87s - likelihood_loss: 18154.7070 - mean_binary_crossentropy: 0.3026 - loss: 18157.9707 - val_likelihood_loss: 3259.0874 - val_mean_binary_crossentropy: 0.0543 - val_loss: 3263.6211
Epoch 2/200
457/457 - 82s - likelihood_loss: 2954.5154 - mean_binary_crossentropy: 0.0492 - loss: 2958.3372 - val_likelihood_loss: 2331.5789 - val_mean_binary_crossentropy: 0.0389 - val_loss: 2329.2905
Epoch 3/200
457/457 - 82s - likelihood_loss: 2305.1099 - mean_binary_crossentropy: 0.0384 - loss: 2305.1084 - val_likelihood_loss: 3247.4912 - val_mean_binary_crossentropy: 0.0541 - val_loss: 3252.7083
Epoch 4/200
457/457 - 82s - likelihood_loss: 1879.8961 - mean_binary_crossentropy: 0.0313 - loss: 1879.6924 - val_likelihood_loss: 1860.8097 - val_mean_binary_crossentropy: 0.0310 - val_loss: 1858.7596
Epoch 5/200
457/457 - 82s - likelihood_loss: 1663.2714 - mean_binary_crossentropy: 0.0277 - loss: 1662.7343 - val_likelihood_loss: 1950.7640 - val_mean_binary_crossentropy: 0.0325 - val_loss: 1948.1287
Epoch 6/200
457/457 - 82s - likelihood_loss: 1502.1541 - mean_binary_crossentropy: 0.0250 - loss: 1501.4833 - val_likelihood_loss: 1735.3457 - val_mean_binary_crossentropy: 0.0289 - val_loss: 1733.6899
Epoch 7/200
457/457 - 82s - likelihood_loss: 1382.1045 - mean_binary_crossentropy: 0.0230 - loss: 1381.6384 - val_likelihood_loss: 1714.6835 - val_mean_binary_crossentropy: 0.0286 - val_loss: 1713.9686
Epoch 8/200
457/457 - 82s - likelihood_loss: 1302.9923 - mean_binary_crossentropy: 0.0217 - loss: 1302.5454 - val_likelihood_loss: 1836.5703 - val_mean_binary_crossentropy: 0.0306 - val_loss: 1836.3943
Epoch 9/200
457/457 - 82s - likelihood_loss: 1243.0831 - mean_binary_crossentropy: 0.0207 - loss: 1242.8522 - val_likelihood_loss: 1531.2821 - val_mean_binary_crossentropy: 0.0255 - val_loss: 1528.7053
Epoch 10/200
457/457 - 82s - likelihood_loss: 1207.0427 - mean_binary_crossentropy: 0.0201 - loss: 1206.9766 - val_likelihood_loss: 1450.7396 - val_mean_binary_crossentropy: 0.0242 - val_loss: 1447.5103
Epoch 11/200
457/457 - 82s - likelihood_loss: 1143.8717 - mean_binary_crossentropy: 0.0191 - loss: 1143.8447 - val_likelihood_loss: 1452.8604 - val_mean_binary_crossentropy: 0.0242 - val_loss: 1449.5453
Epoch 12/200
457/457 - 82s - likelihood_loss: 1072.1178 - mean_binary_crossentropy: 0.0179 - loss: 1071.9375 - val_likelihood_loss: 1398.1467 - val_mean_binary_crossentropy: 0.0233 - val_loss: 1393.3191
Epoch 13/200
457/457 - 81s - likelihood_loss: 1037.5729 - mean_binary_crossentropy: 0.0173 - loss: 1037.4340 - val_likelihood_loss: 1244.9171 - val_mean_binary_crossentropy: 0.0207 - val_loss: 1238.6672
Epoch 14/200
457/457 - 82s - likelihood_loss: 1006.2539 - mean_binary_crossentropy: 0.0168 - loss: 1006.1928 - val_likelihood_loss: 1318.5477 - val_mean_binary_crossentropy: 0.0220 - val_loss: 1313.6205
Epoch 15/200
457/457 - 82s - likelihood_loss: 976.8545 - mean_binary_crossentropy: 0.0163 - loss: 976.7867 - val_likelihood_loss: 1334.1674 - val_mean_binary_crossentropy: 0.0222 - val_loss: 1329.7050
Epoch 16/200
457/457 - 81s - likelihood_loss: 952.6006 - mean_binary_crossentropy: 0.0159 - loss: 952.6725 - val_likelihood_loss: 1367.9126 - val_mean_binary_crossentropy: 0.0228 - val_loss: 1364.3719
Epoch 17/200
457/457 - 81s - likelihood_loss: 908.0526 - mean_binary_crossentropy: 0.0151 - loss: 907.9930 - val_likelihood_loss: 1144.1257 - val_mean_binary_crossentropy: 0.0191 - val_loss: 1134.3700
Epoch 18/200
457/457 - 82s - likelihood_loss: 936.8698 - mean_binary_crossentropy: 0.0156 - loss: 936.6500 - val_likelihood_loss: 1531.7419 - val_mean_binary_crossentropy: 0.0255 - val_loss: 1529.0165
Epoch 19/200
457/457 - 82s - likelihood_loss: 888.7996 - mean_binary_crossentropy: 0.0148 - loss: 888.7672 - val_likelihood_loss: 1274.8070 - val_mean_binary_crossentropy: 0.0212 - val_loss: 1266.9762
Epoch 20/200
457/457 - 83s - likelihood_loss: 874.1791 - mean_binary_crossentropy: 0.0146 - loss: 874.1789 - val_likelihood_loss: 1269.5938 - val_mean_binary_crossentropy: 0.0212 - val_loss: 1265.5125
Epoch 21/200
457/457 - 82s - likelihood_loss: 842.8782 - mean_binary_crossentropy: 0.0140 - loss: 842.8014 - val_likelihood_loss: 1170.9175 - val_mean_binary_crossentropy: 0.0195 - val_loss: 1163.9960
Epoch 22/200
457/457 - 82s - likelihood_loss: 875.2118 - mean_binary_crossentropy: 0.0146 - loss: 875.2343 - val_likelihood_loss: 1291.4175 - val_mean_binary_crossentropy: 0.0215 - val_loss: 1285.9650
Epoch 23/200
457/457 - 82s - likelihood_loss: 835.8904 - mean_binary_crossentropy: 0.0139 - loss: 835.8367 - val_likelihood_loss: 1422.7167 - val_mean_binary_crossentropy: 0.0237 - val_loss: 1420.2578
Epoch 24/200
457/457 - 82s - likelihood_loss: 788.5613 - mean_binary_crossentropy: 0.0131 - loss: 788.4449 - val_likelihood_loss: 1216.3290 - val_mean_binary_crossentropy: 0.0203 - val_loss: 1206.4375
Epoch 25/200
457/457 - 82s - likelihood_loss: 784.2659 - mean_binary_crossentropy: 0.0131 - loss: 783.9250 - val_likelihood_loss: 1845.5400 - val_mean_binary_crossentropy: 0.0308 - val_loss: 1844.3435
Epoch 26/200
457/457 - 82s - likelihood_loss: 805.0956 - mean_binary_crossentropy: 0.0134 - loss: 804.8112 - val_likelihood_loss: 1359.7762 - val_mean_binary_crossentropy: 0.0227 - val_loss: 1355.1537
Epoch 27/200
457/457 - 81s - likelihood_loss: 784.1534 - mean_binary_crossentropy: 0.0131 - loss: 784.0539 - val_likelihood_loss: 1246.0605 - val_mean_binary_crossentropy: 0.0208 - val_loss: 1239.9161
Epoch 28/200
457/457 - 81s - likelihood_loss: 735.1920 - mean_binary_crossentropy: 0.0123 - loss: 734.9761 - val_likelihood_loss: 1287.0905 - val_mean_binary_crossentropy: 0.0215 - val_loss: 1267.4841
Epoch 29/200
457/457 - 82s - likelihood_loss: 739.0735 - mean_binary_crossentropy: 0.0123 - loss: 738.8707 - val_likelihood_loss: 1332.7517 - val_mean_binary_crossentropy: 0.0222 - val_loss: 1325.9657
Epoch 30/200
457/457 - 81s - likelihood_loss: 717.3890 - mean_binary_crossentropy: 0.0120 - loss: 717.3235 - val_likelihood_loss: 1221.9154 - val_mean_binary_crossentropy: 0.0204 - val_loss: 1208.3240
Epoch 31/200
457/457 - 81s - likelihood_loss: 708.5203 - mean_binary_crossentropy: 0.0118 - loss: 708.4735 - val_likelihood_loss: 1313.5522 - val_mean_binary_crossentropy: 0.0219 - val_loss: 1304.7642
Epoch 32/200
457/457 - 82s - likelihood_loss: 703.9416 - mean_binary_crossentropy: 0.0117 - loss: 703.7722 - val_likelihood_loss: 1212.3918 - val_mean_binary_crossentropy: 0.0202 - val_loss: 1205.1763
Epoch 33/200
457/457 - 82s - likelihood_loss: 707.9792 - mean_binary_crossentropy: 0.0118 - loss: 707.8201 - val_likelihood_loss: 1186.4128 - val_mean_binary_crossentropy: 0.0198 - val_loss: 1173.0559
Epoch 34/200
457/457 - 82s - likelihood_loss: 701.5794 - mean_binary_crossentropy: 0.0117 - loss: 701.5504 - val_likelihood_loss: 1239.6565 - val_mean_binary_crossentropy: 0.0207 - val_loss: 1229.5737
Epoch 35/200
457/457 - 81s - likelihood_loss: 680.9493 - mean_binary_crossentropy: 0.0113 - loss: 680.9537 - val_likelihood_loss: 1273.5881 - val_mean_binary_crossentropy: 0.0212 - val_loss: 1257.9196
Epoch 36/200
457/457 - 82s - likelihood_loss: 664.3047 - mean_binary_crossentropy: 0.0111 - loss: 664.2465 - val_likelihood_loss: 1202.4368 - val_mean_binary_crossentropy: 0.0200 - val_loss: 1189.8939
Epoch 37/200
457/457 - 81s - likelihood_loss: 662.8893 - mean_binary_crossentropy: 0.0110 - loss: 662.7833 - val_likelihood_loss: 1277.6516 - val_mean_binary_crossentropy: 0.0213 - val_loss: 1268.0582
Epoch 38/200
457/457 - 82s - likelihood_loss: 637.0215 - mean_binary_crossentropy: 0.0106 - loss: 636.8454 - val_likelihood_loss: 1117.3674 - val_mean_binary_crossentropy: 0.0186 - val_loss: 1108.2468
Epoch 39/200
457/457 - 82s - likelihood_loss: 635.5432 - mean_binary_crossentropy: 0.0106 - loss: 635.3760 - val_likelihood_loss: 1301.8549 - val_mean_binary_crossentropy: 0.0217 - val_loss: 1285.1906
Epoch 40/200
457/457 - 83s - likelihood_loss: 642.8143 - mean_binary_crossentropy: 0.0107 - loss: 642.6000 - val_likelihood_loss: 1472.5278 - val_mean_binary_crossentropy: 0.0245 - val_loss: 1465.3457
Epoch 41/200
457/457 - 82s - likelihood_loss: 625.8077 - mean_binary_crossentropy: 0.0104 - loss: 625.8234 - val_likelihood_loss: 1245.6033 - val_mean_binary_crossentropy: 0.0208 - val_loss: 1235.2184
Epoch 42/200
457/457 - 83s - likelihood_loss: 598.1987 - mean_binary_crossentropy: 0.0100 - loss: 598.1215 - val_likelihood_loss: 1422.9751 - val_mean_binary_crossentropy: 0.0237 - val_loss: 1415.4208
Epoch 43/200
457/457 - 82s - likelihood_loss: 614.4621 - mean_binary_crossentropy: 0.0102 - loss: 614.3893 - val_likelihood_loss: 1287.6265 - val_mean_binary_crossentropy: 0.0215 - val_loss: 1282.0021
Epoch 44/200
457/457 - 82s - likelihood_loss: 615.5723 - mean_binary_crossentropy: 0.0103 - loss: 615.4807 - val_likelihood_loss: 1298.1697 - val_mean_binary_crossentropy: 0.0216 - val_loss: 1286.9642
Epoch 45/200
457/457 - 82s - likelihood_loss: 601.7451 - mean_binary_crossentropy: 0.0100 - loss: 601.6943 - val_likelihood_loss: 1351.8429 - val_mean_binary_crossentropy: 0.0225 - val_loss: 1345.4779
Epoch 46/200
457/457 - 82s - likelihood_loss: 596.4443 - mean_binary_crossentropy: 0.0099 - loss: 596.2786 - val_likelihood_loss: 1401.4313 - val_mean_binary_crossentropy: 0.0234 - val_loss: 1396.3999
Epoch 47/200
457/457 - 81s - likelihood_loss: 594.3180 - mean_binary_crossentropy: 0.0099 - loss: 594.1985 - val_likelihood_loss: 1572.0316 - val_mean_binary_crossentropy: 0.0262 - val_loss: 1567.1324
Epoch 48/200
457/457 - 82s - likelihood_loss: 589.4240 - mean_binary_crossentropy: 0.0098 - loss: 589.3306 - val_likelihood_loss: 1301.8744 - val_mean_binary_crossentropy: 0.0217 - val_loss: 1293.7627
Epoch 49/200
457/457 - 81s - likelihood_loss: 567.0993 - mean_binary_crossentropy: 0.0095 - loss: 567.0604 - val_likelihood_loss: 1392.2731 - val_mean_binary_crossentropy: 0.0232 - val_loss: 1386.5725
Epoch 50/200
457/457 - 82s - likelihood_loss: 576.4891 - mean_binary_crossentropy: 0.0096 - loss: 576.4212 - val_likelihood_loss: 1176.1826 - val_mean_binary_crossentropy: 0.0196 - val_loss: 1168.5575
Epoch 51/200
457/457 - 82s - likelihood_loss: 567.7670 - mean_binary_crossentropy: 0.0095 - loss: 567.6828 - val_likelihood_loss: 1317.3862 - val_mean_binary_crossentropy: 0.0220 - val_loss: 1308.6727
Epoch 52/200
457/457 - 82s - likelihood_loss: 564.2634 - mean_binary_crossentropy: 0.0094 - loss: 564.1183 - val_likelihood_loss: 1175.8192 - val_mean_binary_crossentropy: 0.0196 - val_loss: 1162.1558
Epoch 53/200
457/457 - 82s - likelihood_loss: 584.0907 - mean_binary_crossentropy: 0.0097 - loss: 583.9977 - val_likelihood_loss: 1312.3073 - val_mean_binary_crossentropy: 0.0219 - val_loss: 1303.8081
Epoch 54/200
457/457 - 82s - likelihood_loss: 564.8013 - mean_binary_crossentropy: 0.0094 - loss: 564.7185 - val_likelihood_loss: 1243.5531 - val_mean_binary_crossentropy: 0.0207 - val_loss: 1226.3717
Epoch 55/200
457/457 - 81s - likelihood_loss: 567.4688 - mean_binary_crossentropy: 0.0095 - loss: 567.2830 - val_likelihood_loss: 1238.9924 - val_mean_binary_crossentropy: 0.0206 - val_loss: 1226.8662
Epoch 56/200
457/457 - 82s - likelihood_loss: 580.9166 - mean_binary_crossentropy: 0.0097 - loss: 580.7336 - val_likelihood_loss: 1197.3975 - val_mean_binary_crossentropy: 0.0200 - val_loss: 1188.0842
Epoch 57/200
457/457 - 82s - likelihood_loss: 590.4503 - mean_binary_crossentropy: 0.0098 - loss: 590.1860 - val_likelihood_loss: 1256.6941 - val_mean_binary_crossentropy: 0.0209 - val_loss: 1244.6425
Epoch 58/200
457/457 - 81s - likelihood_loss: 560.4357 - mean_binary_crossentropy: 0.0093 - loss: 560.2058 - val_likelihood_loss: 1141.2877 - val_mean_binary_crossentropy: 0.0190 - val_loss: 1129.9255
Epoch 59/200
457/457 - 81s - likelihood_loss: 541.6825 - mean_binary_crossentropy: 0.0090 - loss: 541.2551 - val_likelihood_loss: 1375.0925 - val_mean_binary_crossentropy: 0.0229 - val_loss: 1368.5513
Epoch 60/200
457/457 - 81s - likelihood_loss: 539.6686 - mean_binary_crossentropy: 0.0090 - loss: 539.1647 - val_likelihood_loss: 1161.6222 - val_mean_binary_crossentropy: 0.0194 - val_loss: 1148.9210
Epoch 61/200
457/457 - 81s - likelihood_loss: 543.4791 - mean_binary_crossentropy: 0.0091 - loss: 543.2271 - val_likelihood_loss: 1475.4272 - val_mean_binary_crossentropy: 0.0246 - val_loss: 1469.8389
Epoch 62/200
457/457 - 82s - likelihood_loss: 522.4404 - mean_binary_crossentropy: 0.0087 - loss: 522.2574 - val_likelihood_loss: 1419.0812 - val_mean_binary_crossentropy: 0.0237 - val_loss: 1413.7699
Epoch 63/200
457/457 - 82s - likelihood_loss: 520.8684 - mean_binary_crossentropy: 0.0087 - loss: 520.7061 - val_likelihood_loss: 1235.0393 - val_mean_binary_crossentropy: 0.0206 - val_loss: 1225.8608
Epoch 64/200
457/457 - 81s - likelihood_loss: 517.8201 - mean_binary_crossentropy: 0.0086 - loss: 517.7169 - val_likelihood_loss: 1182.8591 - val_mean_binary_crossentropy: 0.0197 - val_loss: 1168.6964
Epoch 65/200
457/457 - 81s - likelihood_loss: 512.0924 - mean_binary_crossentropy: 0.0085 - loss: 511.9265 - val_likelihood_loss: 1190.6819 - val_mean_binary_crossentropy: 0.0198 - val_loss: 1174.5371
Epoch 66/200
457/457 - 82s - likelihood_loss: 513.2968 - mean_binary_crossentropy: 0.0086 - loss: 513.2176 - val_likelihood_loss: 1206.7118 - val_mean_binary_crossentropy: 0.0201 - val_loss: 1188.7004
Epoch 67/200
457/457 - 83s - likelihood_loss: 504.2158 - mean_binary_crossentropy: 0.0084 - loss: 504.1125 - val_likelihood_loss: 1183.2051 - val_mean_binary_crossentropy: 0.0197 - val_loss: 1171.1888
Epoch 68/200
457/457 - 83s - likelihood_loss: 511.3393 - mean_binary_crossentropy: 0.0085 - loss: 511.1202 - val_likelihood_loss: 1292.1073 - val_mean_binary_crossentropy: 0.0215 - val_loss: 1268.5565
Epoch 69/200
457/457 - 82s - likelihood_loss: 501.6295 - mean_binary_crossentropy: 0.0084 - loss: 501.4042 - val_likelihood_loss: 1242.0529 - val_mean_binary_crossentropy: 0.0207 - val_loss: 1225.4093
Epoch 70/200
457/457 - 82s - likelihood_loss: 496.2168 - mean_binary_crossentropy: 0.0083 - loss: 496.0862 - val_likelihood_loss: 1239.1287 - val_mean_binary_crossentropy: 0.0207 - val_loss: 1220.0317
Epoch 71/200
457/457 - 82s - likelihood_loss: 501.6145 - mean_binary_crossentropy: 0.0084 - loss: 501.4647 - val_likelihood_loss: 1259.2041 - val_mean_binary_crossentropy: 0.0210 - val_loss: 1240.9502
Epoch 72/200
457/457 - 82s - likelihood_loss: 504.1409 - mean_binary_crossentropy: 0.0084 - loss: 504.0613 - val_likelihood_loss: 1197.7848 - val_mean_binary_crossentropy: 0.0200 - val_loss: 1181.9020
Epoch 73/200
457/457 - 83s - likelihood_loss: 487.4315 - mean_binary_crossentropy: 0.0081 - loss: 487.2768 - val_likelihood_loss: 1163.4843 - val_mean_binary_crossentropy: 0.0194 - val_loss: 1148.7581
Epoch 74/200
457/457 - 81s - likelihood_loss: 485.6845 - mean_binary_crossentropy: 0.0081 - loss: 485.5296 - val_likelihood_loss: 1220.1431 - val_mean_binary_crossentropy: 0.0203 - val_loss: 1201.8502
Epoch 75/200
457/457 - 81s - likelihood_loss: 476.8748 - mean_binary_crossentropy: 0.0079 - loss: 476.7339 - val_likelihood_loss: 1232.6064 - val_mean_binary_crossentropy: 0.0205 - val_loss: 1215.0824
Epoch 76/200
457/457 - 82s - likelihood_loss: 482.2928 - mean_binary_crossentropy: 0.0080 - loss: 482.1630 - val_likelihood_loss: 1217.1403 - val_mean_binary_crossentropy: 0.0203 - val_loss: 1201.5023
Epoch 77/200
457/457 - 82s - likelihood_loss: 491.7439 - mean_binary_crossentropy: 0.0082 - loss: 491.4401 - val_likelihood_loss: 1237.5875 - val_mean_binary_crossentropy: 0.0206 - val_loss: 1227.8690
Epoch 78/200
457/457 - 82s - likelihood_loss: 484.7005 - mean_binary_crossentropy: 0.0081 - loss: 484.5390 - val_likelihood_loss: 1611.6964 - val_mean_binary_crossentropy: 0.0269 - val_loss: 1606.4930
Epoch 79/200
457/457 - 82s - likelihood_loss: 480.1348 - mean_binary_crossentropy: 0.0080 - loss: 480.0433 - val_likelihood_loss: 1428.3431 - val_mean_binary_crossentropy: 0.0238 - val_loss: 1420.3885
Epoch 80/200
457/457 - 81s - likelihood_loss: 473.3867 - mean_binary_crossentropy: 0.0079 - loss: 473.2477 - val_likelihood_loss: 1281.0717 - val_mean_binary_crossentropy: 0.0214 - val_loss: 1268.8541
Epoch 81/200
457/457 - 82s - likelihood_loss: 534.3922 - mean_binary_crossentropy: 0.0089 - loss: 534.0568 - val_likelihood_loss: 1228.4181 - val_mean_binary_crossentropy: 0.0205 - val_loss: 1210.0885
Epoch 82/200
457/457 - 81s - likelihood_loss: 474.3030 - mean_binary_crossentropy: 0.0079 - loss: 474.1556 - val_likelihood_loss: 1211.2251 - val_mean_binary_crossentropy: 0.0202 - val_loss: 1192.9486
Epoch 83/200
457/457 - 81s - likelihood_loss: 459.0056 - mean_binary_crossentropy: 0.0077 - loss: 458.8798 - val_likelihood_loss: 1248.2609 - val_mean_binary_crossentropy: 0.0208 - val_loss: 1226.0442
Epoch 84/200
457/457 - 81s - likelihood_loss: 454.3794 - mean_binary_crossentropy: 0.0076 - loss: 454.2275 - val_likelihood_loss: 1227.2611 - val_mean_binary_crossentropy: 0.0205 - val_loss: 1203.9177
Epoch 85/200
457/457 - 82s - likelihood_loss: 451.4807 - mean_binary_crossentropy: 0.0075 - loss: 451.2843 - val_likelihood_loss: 1185.7430 - val_mean_binary_crossentropy: 0.0198 - val_loss: 1168.3950
Epoch 86/200
457/457 - 82s - likelihood_loss: 450.0327 - mean_binary_crossentropy: 0.0075 - loss: 449.8558 - val_likelihood_loss: 1201.1353 - val_mean_binary_crossentropy: 0.0200 - val_loss: 1185.2109
Epoch 87/200
457/457 - 81s - likelihood_loss: 443.8387 - mean_binary_crossentropy: 0.0074 - loss: 443.6451 - val_likelihood_loss: 1231.3180 - val_mean_binary_crossentropy: 0.0205 - val_loss: 1214.0869
Epoch 88/200
457/457 - 82s - likelihood_loss: 452.2436 - mean_binary_crossentropy: 0.0075 - loss: 452.0261 - val_likelihood_loss: 1244.5771 - val_mean_binary_crossentropy: 0.0207 - val_loss: 1229.7004
Epoch 89/200
457/457 - 81s - likelihood_loss: 448.7705 - mean_binary_crossentropy: 0.0075 - loss: 448.6091 - val_likelihood_loss: 1242.1710 - val_mean_binary_crossentropy: 0.0207 - val_loss: 1225.2423
Epoch 90/200
457/457 - 82s - likelihood_loss: 443.7963 - mean_binary_crossentropy: 0.0074 - loss: 443.6175 - val_likelihood_loss: 1222.1780 - val_mean_binary_crossentropy: 0.0204 - val_loss: 1207.9987
Epoch 91/200
457/457 - 82s - likelihood_loss: 446.4492 - mean_binary_crossentropy: 0.0074 - loss: 446.3243 - val_likelihood_loss: 1369.6848 - val_mean_binary_crossentropy: 0.0228 - val_loss: 1355.1958
Epoch 92/200
457/457 - 81s - likelihood_loss: 441.9701 - mean_binary_crossentropy: 0.0074 - loss: 441.8521 - val_likelihood_loss: 1346.4658 - val_mean_binary_crossentropy: 0.0224 - val_loss: 1329.2621
Epoch 93/200
457/457 - 81s - likelihood_loss: 442.8662 - mean_binary_crossentropy: 0.0074 - loss: 442.7177 - val_likelihood_loss: 1348.4067 - val_mean_binary_crossentropy: 0.0225 - val_loss: 1334.0175
Epoch 94/200
457/457 - 81s - likelihood_loss: 452.0370 - mean_binary_crossentropy: 0.0075 - loss: 451.8097 - val_likelihood_loss: 1211.7196 - val_mean_binary_crossentropy: 0.0202 - val_loss: 1194.9202
Epoch 95/200
457/457 - 81s - likelihood_loss: 450.2995 - mean_binary_crossentropy: 0.0075 - loss: 450.1398 - val_likelihood_loss: 1186.2794 - val_mean_binary_crossentropy: 0.0198 - val_loss: 1168.5601
Epoch 96/200
457/457 - 82s - likelihood_loss: 456.6309 - mean_binary_crossentropy: 0.0076 - loss: 456.3882 - val_likelihood_loss: 1294.2740 - val_mean_binary_crossentropy: 0.0216 - val_loss: 1278.2671
Epoch 97/200
457/457 - 81s - likelihood_loss: 457.3750 - mean_binary_crossentropy: 0.0076 - loss: 457.2161 - val_likelihood_loss: 1232.7518 - val_mean_binary_crossentropy: 0.0205 - val_loss: 1212.4130
Epoch 98/200
457/457 - 82s - likelihood_loss: 432.2823 - mean_binary_crossentropy: 0.0072 - loss: 432.0652 - val_likelihood_loss: 1230.5918 - val_mean_binary_crossentropy: 0.0205 - val_loss: 1213.5970
Epoch 99/200
457/457 - 81s - likelihood_loss: 426.7339 - mean_binary_crossentropy: 0.0071 - loss: 426.5291 - val_likelihood_loss: 1269.6080 - val_mean_binary_crossentropy: 0.0212 - val_loss: 1249.9224
Epoch 100/200
457/457 - 82s - likelihood_loss: 427.2348 - mean_binary_crossentropy: 0.0071 - loss: 427.0201 - val_likelihood_loss: 1229.2775 - val_mean_binary_crossentropy: 0.0205 - val_loss: 1214.3766
Epoch 101/200
457/457 - 81s - likelihood_loss: 426.6907 - mean_binary_crossentropy: 0.0071 - loss: 426.5561 - val_likelihood_loss: 1254.5299 - val_mean_binary_crossentropy: 0.0209 - val_loss: 1236.5691
Epoch 102/200
457/457 - 82s - likelihood_loss: 423.4628 - mean_binary_crossentropy: 0.0071 - loss: 423.2826 - val_likelihood_loss: 1270.2162 - val_mean_binary_crossentropy: 0.0212 - val_loss: 1252.8065
Epoch 103/200
457/457 - 81s - likelihood_loss: 432.3239 - mean_binary_crossentropy: 0.0072 - loss: 432.1781 - val_likelihood_loss: 1225.3894 - val_mean_binary_crossentropy: 0.0204 - val_loss: 1208.9750
Epoch 104/200
457/457 - 82s - likelihood_loss: 429.1595 - mean_binary_crossentropy: 0.0072 - loss: 429.0206 - val_likelihood_loss: 1242.3844 - val_mean_binary_crossentropy: 0.0207 - val_loss: 1223.8939
Epoch 105/200
457/457 - 82s - likelihood_loss: 424.9376 - mean_binary_crossentropy: 0.0071 - loss: 424.7121 - val_likelihood_loss: 1243.0620 - val_mean_binary_crossentropy: 0.0207 - val_loss: 1225.7681
Epoch 106/200
457/457 - 81s - likelihood_loss: 422.5189 - mean_binary_crossentropy: 0.0070 - loss: 422.3821 - val_likelihood_loss: 1325.9119 - val_mean_binary_crossentropy: 0.0221 - val_loss: 1303.7418
Epoch 107/200
457/457 - 82s - likelihood_loss: 421.0705 - mean_binary_crossentropy: 0.0070 - loss: 420.9054 - val_likelihood_loss: 1367.8712 - val_mean_binary_crossentropy: 0.0228 - val_loss: 1342.1678
Epoch 108/200
457/457 - 81s - likelihood_loss: 423.2932 - mean_binary_crossentropy: 0.0071 - loss: 423.1491 - val_likelihood_loss: 1372.6957 - val_mean_binary_crossentropy: 0.0229 - val_loss: 1347.3208
Epoch 109/200
457/457 - 82s - likelihood_loss: 426.6003 - mean_binary_crossentropy: 0.0071 - loss: 426.4573 - val_likelihood_loss: 1269.6443 - val_mean_binary_crossentropy: 0.0212 - val_loss: 1245.1338
Epoch 110/200
457/457 - 81s - likelihood_loss: 421.9202 - mean_binary_crossentropy: 0.0070 - loss: 421.8106 - val_likelihood_loss: 1214.0559 - val_mean_binary_crossentropy: 0.0202 - val_loss: 1194.6365
Epoch 111/200
457/457 - 82s - likelihood_loss: 415.7996 - mean_binary_crossentropy: 0.0069 - loss: 415.5760 - val_likelihood_loss: 1307.9987 - val_mean_binary_crossentropy: 0.0218 - val_loss: 1284.4539
Epoch 112/200
457/457 - 81s - likelihood_loss: 411.0088 - mean_binary_crossentropy: 0.0069 - loss: 410.8713 - val_likelihood_loss: 1426.8932 - val_mean_binary_crossentropy: 0.0238 - val_loss: 1403.5302
Epoch 113/200
457/457 - 81s - likelihood_loss: 417.6014 - mean_binary_crossentropy: 0.0070 - loss: 417.4704 - val_likelihood_loss: 1295.8431 - val_mean_binary_crossentropy: 0.0216 - val_loss: 1279.0961
Epoch 114/200
457/457 - 82s - likelihood_loss: 414.2301 - mean_binary_crossentropy: 0.0069 - loss: 413.8863 - val_likelihood_loss: 1279.2198 - val_mean_binary_crossentropy: 0.0213 - val_loss: 1263.0776
Epoch 115/200
457/457 - 81s - likelihood_loss: 417.3322 - mean_binary_crossentropy: 0.0070 - loss: 417.1564 - val_likelihood_loss: 1306.8201 - val_mean_binary_crossentropy: 0.0218 - val_loss: 1295.7461
Epoch 116/200
457/457 - 82s - likelihood_loss: 411.9482 - mean_binary_crossentropy: 0.0069 - loss: 411.7910 - val_likelihood_loss: 1233.1619 - val_mean_binary_crossentropy: 0.0206 - val_loss: 1219.6804
Epoch 117/200
457/457 - 82s - likelihood_loss: 405.3829 - mean_binary_crossentropy: 0.0068 - loss: 405.2185 - val_likelihood_loss: 1315.1180 - val_mean_binary_crossentropy: 0.0219 - val_loss: 1300.6857
Epoch 118/200
457/457 - 82s - likelihood_loss: 404.4706 - mean_binary_crossentropy: 0.0067 - loss: 404.3125 - val_likelihood_loss: 1253.9508 - val_mean_binary_crossentropy: 0.0209 - val_loss: 1234.6552
Epoch 119/200
457/457 - 81s - likelihood_loss: 407.1039 - mean_binary_crossentropy: 0.0068 - loss: 407.0148 - val_likelihood_loss: 1311.0474 - val_mean_binary_crossentropy: 0.0219 - val_loss: 1288.6531
Epoch 120/200
457/457 - 81s - likelihood_loss: 406.5598 - mean_binary_crossentropy: 0.0068 - loss: 406.4319 - val_likelihood_loss: 1308.2577 - val_mean_binary_crossentropy: 0.0218 - val_loss: 1293.7253
Epoch 121/200
457/457 - 81s - likelihood_loss: 408.4075 - mean_binary_crossentropy: 0.0068 - loss: 408.2965 - val_likelihood_loss: 1205.7944 - val_mean_binary_crossentropy: 0.0201 - val_loss: 1192.1914
Epoch 122/200
457/457 - 82s - likelihood_loss: 411.6195 - mean_binary_crossentropy: 0.0069 - loss: 411.5208 - val_likelihood_loss: 1256.1492 - val_mean_binary_crossentropy: 0.0209 - val_loss: 1241.8274
Epoch 123/200
457/457 - 82s - likelihood_loss: 413.7383 - mean_binary_crossentropy: 0.0069 - loss: 413.6206 - val_likelihood_loss: 1289.2335 - val_mean_binary_crossentropy: 0.0215 - val_loss: 1275.0751
Epoch 124/200
457/457 - 81s - likelihood_loss: 403.5210 - mean_binary_crossentropy: 0.0067 - loss: 403.3906 - val_likelihood_loss: 1224.1956 - val_mean_binary_crossentropy: 0.0204 - val_loss: 1208.0480
Epoch 125/200
457/457 - 81s - likelihood_loss: 401.0818 - mean_binary_crossentropy: 0.0067 - loss: 400.9343 - val_likelihood_loss: 1263.2991 - val_mean_binary_crossentropy: 0.0211 - val_loss: 1241.7723
Epoch 126/200
457/457 - 82s - likelihood_loss: 451.5626 - mean_binary_crossentropy: 0.0075 - loss: 450.7358 - val_likelihood_loss: 1461.1346 - val_mean_binary_crossentropy: 0.0244 - val_loss: 1454.5382
Epoch 127/200
457/457 - 81s - likelihood_loss: 512.9124 - mean_binary_crossentropy: 0.0085 - loss: 512.9114 - val_likelihood_loss: 1237.5579 - val_mean_binary_crossentropy: 0.0206 - val_loss: 1222.8350
Epoch 128/200
457/457 - 81s - likelihood_loss: 415.2801 - mean_binary_crossentropy: 0.0069 - loss: 415.1945 - val_likelihood_loss: 1239.0480 - val_mean_binary_crossentropy: 0.0207 - val_loss: 1225.8516
Epoch 129/200
457/457 - 82s - likelihood_loss: 392.3325 - mean_binary_crossentropy: 0.0065 - loss: 392.2053 - val_likelihood_loss: 1294.8335 - val_mean_binary_crossentropy: 0.0216 - val_loss: 1282.6603
Epoch 130/200
457/457 - 82s - likelihood_loss: 423.7087 - mean_binary_crossentropy: 0.0071 - loss: 423.4835 - val_likelihood_loss: 1294.3031 - val_mean_binary_crossentropy: 0.0216 - val_loss: 1283.4215
Epoch 131/200
457/457 - 82s - likelihood_loss: 393.4520 - mean_binary_crossentropy: 0.0066 - loss: 393.2492 - val_likelihood_loss: 1531.3571 - val_mean_binary_crossentropy: 0.0255 - val_loss: 1522.9424
Epoch 132/200
457/457 - 83s - likelihood_loss: 389.6473 - mean_binary_crossentropy: 0.0065 - loss: 389.4990 - val_likelihood_loss: 1382.5189 - val_mean_binary_crossentropy: 0.0230 - val_loss: 1369.8612
Epoch 133/200
457/457 - 82s - likelihood_loss: 390.6871 - mean_binary_crossentropy: 0.0065 - loss: 390.5462 - val_likelihood_loss: 1373.8297 - val_mean_binary_crossentropy: 0.0229 - val_loss: 1359.2222
Epoch 134/200
457/457 - 81s - likelihood_loss: 416.0421 - mean_binary_crossentropy: 0.0069 - loss: 415.6461 - val_likelihood_loss: 1353.2272 - val_mean_binary_crossentropy: 0.0226 - val_loss: 1343.7104
Epoch 135/200
457/457 - 81s - likelihood_loss: 427.5753 - mean_binary_crossentropy: 0.0071 - loss: 427.4822 - val_likelihood_loss: 1237.6801 - val_mean_binary_crossentropy: 0.0206 - val_loss: 1223.1461
Epoch 136/200
457/457 - 82s - likelihood_loss: 392.4819 - mean_binary_crossentropy: 0.0065 - loss: 392.3687 - val_likelihood_loss: 1267.6810 - val_mean_binary_crossentropy: 0.0211 - val_loss: 1254.5232
Epoch 137/200
457/457 - 81s - likelihood_loss: 387.3088 - mean_binary_crossentropy: 0.0065 - loss: 387.1638 - val_likelihood_loss: 1295.8215 - val_mean_binary_crossentropy: 0.0216 - val_loss: 1279.3308
Epoch 138/200
457/457 - 83s - likelihood_loss: 385.1873 - mean_binary_crossentropy: 0.0064 - loss: 384.9774 - val_likelihood_loss: 1257.1287 - val_mean_binary_crossentropy: 0.0210 - val_loss: 1239.0356
Epoch 139/200
457/457 - 81s - likelihood_loss: 381.5456 - mean_binary_crossentropy: 0.0064 - loss: 381.3831 - val_likelihood_loss: 1358.7452 - val_mean_binary_crossentropy: 0.0226 - val_loss: 1337.9727
Epoch 140/200
457/457 - 82s - likelihood_loss: 383.9267 - mean_binary_crossentropy: 0.0064 - loss: 383.7748 - val_likelihood_loss: 1331.5830 - val_mean_binary_crossentropy: 0.0222 - val_loss: 1317.7156
Epoch 141/200
457/457 - 82s - likelihood_loss: 379.8170 - mean_binary_crossentropy: 0.0063 - loss: 379.6755 - val_likelihood_loss: 1331.7869 - val_mean_binary_crossentropy: 0.0222 - val_loss: 1319.7506
Epoch 142/200
457/457 - 83s - likelihood_loss: 381.8168 - mean_binary_crossentropy: 0.0064 - loss: 381.6330 - val_likelihood_loss: 1387.2175 - val_mean_binary_crossentropy: 0.0231 - val_loss: 1376.5948
Epoch 143/200
457/457 - 82s - likelihood_loss: 385.3870 - mean_binary_crossentropy: 0.0064 - loss: 385.2351 - val_likelihood_loss: 1563.5333 - val_mean_binary_crossentropy: 0.0261 - val_loss: 1556.9156
Epoch 144/200
457/457 - 82s - likelihood_loss: 387.1924 - mean_binary_crossentropy: 0.0065 - loss: 387.0051 - val_likelihood_loss: 1584.8262 - val_mean_binary_crossentropy: 0.0264 - val_loss: 1577.1866
Epoch 145/200
457/457 - 82s - likelihood_loss: 385.6374 - mean_binary_crossentropy: 0.0064 - loss: 385.4021 - val_likelihood_loss: 1525.6705 - val_mean_binary_crossentropy: 0.0254 - val_loss: 1515.2494
Epoch 146/200
457/457 - 82s - likelihood_loss: 389.0120 - mean_binary_crossentropy: 0.0065 - loss: 388.8916 - val_likelihood_loss: 1324.5924 - val_mean_binary_crossentropy: 0.0221 - val_loss: 1307.8801
Epoch 147/200
457/457 - 82s - likelihood_loss: 388.4162 - mean_binary_crossentropy: 0.0065 - loss: 388.2934 - val_likelihood_loss: 1374.8896 - val_mean_binary_crossentropy: 0.0229 - val_loss: 1361.2761
Epoch 148/200
457/457 - 83s - likelihood_loss: 396.7714 - mean_binary_crossentropy: 0.0066 - loss: 396.4767 - val_likelihood_loss: 1431.3947 - val_mean_binary_crossentropy: 0.0239 - val_loss: 1418.7379
Epoch 149/200
457/457 - 83s - likelihood_loss: 393.5942 - mean_binary_crossentropy: 0.0066 - loss: 393.4589 - val_likelihood_loss: 1555.9010 - val_mean_binary_crossentropy: 0.0259 - val_loss: 1544.9224
Epoch 150/200
457/457 - 82s - likelihood_loss: 387.5428 - mean_binary_crossentropy: 0.0065 - loss: 387.3771 - val_likelihood_loss: 1245.0941 - val_mean_binary_crossentropy: 0.0208 - val_loss: 1228.6251
Epoch 151/200
457/457 - 82s - likelihood_loss: 381.4576 - mean_binary_crossentropy: 0.0064 - loss: 381.2995 - val_likelihood_loss: 1296.3854 - val_mean_binary_crossentropy: 0.0216 - val_loss: 1274.0209
Epoch 152/200
457/457 - 83s - likelihood_loss: 373.2700 - mean_binary_crossentropy: 0.0062 - loss: 373.1264 - val_likelihood_loss: 1358.8740 - val_mean_binary_crossentropy: 0.0226 - val_loss: 1335.1794
Epoch 153/200
457/457 - 82s - likelihood_loss: 371.9048 - mean_binary_crossentropy: 0.0062 - loss: 371.7728 - val_likelihood_loss: 1330.0748 - val_mean_binary_crossentropy: 0.0222 - val_loss: 1309.7330
Epoch 154/200
457/457 - 83s - likelihood_loss: 372.9329 - mean_binary_crossentropy: 0.0062 - loss: 372.7622 - val_likelihood_loss: 1282.2330 - val_mean_binary_crossentropy: 0.0214 - val_loss: 1264.6036
Epoch 155/200
457/457 - 81s - likelihood_loss: 378.9829 - mean_binary_crossentropy: 0.0063 - loss: 378.7189 - val_likelihood_loss: 1282.6587 - val_mean_binary_crossentropy: 0.0214 - val_loss: 1264.9700
Epoch 156/200
457/457 - 81s - likelihood_loss: 376.1641 - mean_binary_crossentropy: 0.0063 - loss: 375.9819 - val_likelihood_loss: 1364.7201 - val_mean_binary_crossentropy: 0.0227 - val_loss: 1350.0308
Epoch 157/200
457/457 - 82s - likelihood_loss: 372.6162 - mean_binary_crossentropy: 0.0062 - loss: 372.4864 - val_likelihood_loss: 1328.5677 - val_mean_binary_crossentropy: 0.0221 - val_loss: 1311.1306
Epoch 158/200
457/457 - 81s - likelihood_loss: 370.8769 - mean_binary_crossentropy: 0.0062 - loss: 370.7646 - val_likelihood_loss: 1365.2084 - val_mean_binary_crossentropy: 0.0228 - val_loss: 1346.9319
Epoch 159/200
457/457 - 82s - likelihood_loss: 372.1104 - mean_binary_crossentropy: 0.0062 - loss: 371.9980 - val_likelihood_loss: 1320.1202 - val_mean_binary_crossentropy: 0.0220 - val_loss: 1302.2635
Epoch 160/200
457/457 - 82s - likelihood_loss: 373.0898 - mean_binary_crossentropy: 0.0062 - loss: 372.9418 - val_likelihood_loss: 1360.1024 - val_mean_binary_crossentropy: 0.0227 - val_loss: 1346.1117
Epoch 161/200
457/457 - 82s - likelihood_loss: 365.8279 - mean_binary_crossentropy: 0.0061 - loss: 365.6609 - val_likelihood_loss: 1611.8357 - val_mean_binary_crossentropy: 0.0269 - val_loss: 1602.7100
Epoch 162/200
457/457 - 81s - likelihood_loss: 361.3592 - mean_binary_crossentropy: 0.0060 - loss: 361.1887 - val_likelihood_loss: 1649.7250 - val_mean_binary_crossentropy: 0.0275 - val_loss: 1639.9677
Epoch 163/200
457/457 - 82s - likelihood_loss: 365.4348 - mean_binary_crossentropy: 0.0061 - loss: 365.3041 - val_likelihood_loss: 1361.2526 - val_mean_binary_crossentropy: 0.0227 - val_loss: 1343.5347
Epoch 164/200
457/457 - 82s - likelihood_loss: 368.7792 - mean_binary_crossentropy: 0.0061 - loss: 368.6570 - val_likelihood_loss: 1382.8112 - val_mean_binary_crossentropy: 0.0230 - val_loss: 1361.8529
Epoch 165/200
457/457 - 82s - likelihood_loss: 369.3095 - mean_binary_crossentropy: 0.0062 - loss: 369.1740 - val_likelihood_loss: 1298.0358 - val_mean_binary_crossentropy: 0.0216 - val_loss: 1280.7555
Epoch 166/200
457/457 - 81s - likelihood_loss: 375.9201 - mean_binary_crossentropy: 0.0063 - loss: 375.6650 - val_likelihood_loss: 1282.6096 - val_mean_binary_crossentropy: 0.0214 - val_loss: 1262.1741
Epoch 167/200
457/457 - 82s - likelihood_loss: 364.2930 - mean_binary_crossentropy: 0.0061 - loss: 364.1362 - val_likelihood_loss: 1417.7368 - val_mean_binary_crossentropy: 0.0236 - val_loss: 1395.1033
Epoch 168/200
457/457 - 82s - likelihood_loss: 363.2816 - mean_binary_crossentropy: 0.0061 - loss: 363.1501 - val_likelihood_loss: 1355.3551 - val_mean_binary_crossentropy: 0.0226 - val_loss: 1337.0186
Epoch 169/200
457/457 - 82s - likelihood_loss: 363.0847 - mean_binary_crossentropy: 0.0061 - loss: 362.9184 - val_likelihood_loss: 1398.5249 - val_mean_binary_crossentropy: 0.0233 - val_loss: 1382.3723
Epoch 170/200
457/457 - 81s - likelihood_loss: 366.0774 - mean_binary_crossentropy: 0.0061 - loss: 365.8333 - val_likelihood_loss: 1503.9622 - val_mean_binary_crossentropy: 0.0251 - val_loss: 1493.9736
Epoch 171/200
457/457 - 81s - likelihood_loss: 370.5989 - mean_binary_crossentropy: 0.0062 - loss: 370.4455 - val_likelihood_loss: 1358.4562 - val_mean_binary_crossentropy: 0.0226 - val_loss: 1341.5779
Epoch 172/200
457/457 - 82s - likelihood_loss: 371.6310 - mean_binary_crossentropy: 0.0062 - loss: 371.4654 - val_likelihood_loss: 1390.6077 - val_mean_binary_crossentropy: 0.0232 - val_loss: 1369.3458
Epoch 173/200
457/457 - 81s - likelihood_loss: 367.0901 - mean_binary_crossentropy: 0.0061 - loss: 366.9802 - val_likelihood_loss: 1370.9012 - val_mean_binary_crossentropy: 0.0228 - val_loss: 1348.2524
Epoch 174/200
457/457 - 81s - likelihood_loss: 363.0897 - mean_binary_crossentropy: 0.0061 - loss: 362.9348 - val_likelihood_loss: 1411.0901 - val_mean_binary_crossentropy: 0.0235 - val_loss: 1385.0465
Epoch 175/200
457/457 - 81s - likelihood_loss: 364.3069 - mean_binary_crossentropy: 0.0061 - loss: 364.1654 - val_likelihood_loss: 1441.6760 - val_mean_binary_crossentropy: 0.0240 - val_loss: 1418.4711
Epoch 176/200
457/457 - 82s - likelihood_loss: 359.7958 - mean_binary_crossentropy: 0.0060 - loss: 359.6538 - val_likelihood_loss: 1413.8563 - val_mean_binary_crossentropy: 0.0236 - val_loss: 1395.7103
Epoch 177/200
457/457 - 82s - likelihood_loss: 355.9319 - mean_binary_crossentropy: 0.0059 - loss: 355.7935 - val_likelihood_loss: 1433.5054 - val_mean_binary_crossentropy: 0.0239 - val_loss: 1416.5496
Epoch 178/200
457/457 - 83s - likelihood_loss: 351.5672 - mean_binary_crossentropy: 0.0059 - loss: 351.4088 - val_likelihood_loss: 1424.0526 - val_mean_binary_crossentropy: 0.0237 - val_loss: 1405.7719
Epoch 179/200
457/457 - 82s - likelihood_loss: 351.0810 - mean_binary_crossentropy: 0.0059 - loss: 350.9279 - val_likelihood_loss: 1458.9796 - val_mean_binary_crossentropy: 0.0243 - val_loss: 1440.3822
Epoch 180/200
457/457 - 83s - likelihood_loss: 356.1429 - mean_binary_crossentropy: 0.0059 - loss: 356.0345 - val_likelihood_loss: 1408.3798 - val_mean_binary_crossentropy: 0.0235 - val_loss: 1384.6514
Epoch 181/200
457/457 - 82s - likelihood_loss: 358.7174 - mean_binary_crossentropy: 0.0060 - loss: 358.5623 - val_likelihood_loss: 1389.5165 - val_mean_binary_crossentropy: 0.0232 - val_loss: 1367.9318
Epoch 182/200
457/457 - 81s - likelihood_loss: 357.8989 - mean_binary_crossentropy: 0.0060 - loss: 357.7208 - val_likelihood_loss: 1403.5972 - val_mean_binary_crossentropy: 0.0234 - val_loss: 1382.4769
Epoch 183/200
457/457 - 82s - likelihood_loss: 357.8874 - mean_binary_crossentropy: 0.0060 - loss: 357.7176 - val_likelihood_loss: 1391.4874 - val_mean_binary_crossentropy: 0.0232 - val_loss: 1371.2422
Epoch 184/200
457/457 - 81s - likelihood_loss: 374.6704 - mean_binary_crossentropy: 0.0062 - loss: 374.5824 - val_likelihood_loss: 1424.9855 - val_mean_binary_crossentropy: 0.0237 - val_loss: 1406.0037
Epoch 185/200
457/457 - 81s - likelihood_loss: 354.8211 - mean_binary_crossentropy: 0.0059 - loss: 354.6812 - val_likelihood_loss: 1472.6090 - val_mean_binary_crossentropy: 0.0245 - val_loss: 1453.1818
Epoch 186/200
457/457 - 82s - likelihood_loss: 347.9177 - mean_binary_crossentropy: 0.0058 - loss: 347.7653 - val_likelihood_loss: 1527.4135 - val_mean_binary_crossentropy: 0.0255 - val_loss: 1507.7672
Epoch 187/200
457/457 - 82s - likelihood_loss: 347.8055 - mean_binary_crossentropy: 0.0058 - loss: 347.6339 - val_likelihood_loss: 1522.7030 - val_mean_binary_crossentropy: 0.0254 - val_loss: 1502.5393
Epoch 188/200
457/457 - 82s - likelihood_loss: 354.8457 - mean_binary_crossentropy: 0.0059 - loss: 354.6214 - val_likelihood_loss: 1343.9049 - val_mean_binary_crossentropy: 0.0224 - val_loss: 1324.7578
Epoch 189/200
457/457 - 82s - likelihood_loss: 354.5747 - mean_binary_crossentropy: 0.0059 - loss: 354.4163 - val_likelihood_loss: 1350.1621 - val_mean_binary_crossentropy: 0.0225 - val_loss: 1330.2811
Epoch 190/200
457/457 - 81s - likelihood_loss: 355.7808 - mean_binary_crossentropy: 0.0059 - loss: 355.6244 - val_likelihood_loss: 1408.5048 - val_mean_binary_crossentropy: 0.0235 - val_loss: 1380.9509
Epoch 191/200
457/457 - 82s - likelihood_loss: 357.2190 - mean_binary_crossentropy: 0.0060 - loss: 357.0490 - val_likelihood_loss: 1432.1981 - val_mean_binary_crossentropy: 0.0239 - val_loss: 1404.3475
Epoch 192/200
457/457 - 82s - likelihood_loss: 357.8952 - mean_binary_crossentropy: 0.0060 - loss: 357.7455 - val_likelihood_loss: 1525.5635 - val_mean_binary_crossentropy: 0.0254 - val_loss: 1493.2325
Epoch 193/200
457/457 - 82s - likelihood_loss: 353.5150 - mean_binary_crossentropy: 0.0059 - loss: 353.3662 - val_likelihood_loss: 1490.0842 - val_mean_binary_crossentropy: 0.0248 - val_loss: 1463.7035
Epoch 194/200
457/457 - 82s - likelihood_loss: 352.2773 - mean_binary_crossentropy: 0.0059 - loss: 352.1445 - val_likelihood_loss: 1387.2738 - val_mean_binary_crossentropy: 0.0231 - val_loss: 1365.0684
Epoch 195/200
457/457 - 82s - likelihood_loss: 354.3360 - mean_binary_crossentropy: 0.0059 - loss: 354.1824 - val_likelihood_loss: 1354.9641 - val_mean_binary_crossentropy: 0.0226 - val_loss: 1337.5238
Epoch 196/200
457/457 - 82s - likelihood_loss: 348.4398 - mean_binary_crossentropy: 0.0058 - loss: 348.2906 - val_likelihood_loss: 1454.1783 - val_mean_binary_crossentropy: 0.0242 - val_loss: 1437.5905
Epoch 197/200
457/457 - 82s - likelihood_loss: 352.3047 - mean_binary_crossentropy: 0.0059 - loss: 352.1480 - val_likelihood_loss: 1473.6731 - val_mean_binary_crossentropy: 0.0246 - val_loss: 1459.6573
Epoch 198/200
457/457 - 83s - likelihood_loss: 350.9237 - mean_binary_crossentropy: 0.0058 - loss: 350.7915 - val_likelihood_loss: 1633.1619 - val_mean_binary_crossentropy: 0.0272 - val_loss: 1618.3134
Epoch 199/200
457/457 - 83s - likelihood_loss: 356.7981 - mean_binary_crossentropy: 0.0059 - loss: 356.6574 - val_likelihood_loss: 1482.3387 - val_mean_binary_crossentropy: 0.0247 - val_loss: 1460.6912
Epoch 200/200
457/457 - 83s - likelihood_loss: 347.6956 - mean_binary_crossentropy: 0.0058 - loss: 347.5756 - val_likelihood_loss: 1511.5536 - val_mean_binary_crossentropy: 0.0252 - val_loss: 1484.5117
Total time elapsed for training = 21160.105637073517 seconds
Training finished at 2020-07-09 22:30:44.296627
Saved model to disk (.h5)
Pickled training history
