2020-07-07 22:42:20.956781: I tensorflow_io/core/kernels/cpu_check.cc:128] Your CPU supports instructions that this TensorFlow IO binary was not compiled to use: AVX2 AVX512F FMA
2020-07-07 22:42:22.649140: I tensorflow/stream_executor/platform/default/dso_loader.cc:44] Successfully opened dynamic library libcuda.so.1
2020-07-07 22:42:22.817000: I tensorflow/core/common_runtime/gpu/gpu_device.cc:1561] Found device 0 with properties: 
pciBusID: 0000:1d:00.0 name: GeForce RTX 2080 Ti computeCapability: 7.5
coreClock: 1.545GHz coreCount: 68 deviceMemorySize: 10.73GiB deviceMemoryBandwidth: 573.69GiB/s
2020-07-07 22:42:22.819102: I tensorflow/core/common_runtime/gpu/gpu_device.cc:1561] Found device 1 with properties: 
pciBusID: 0000:1e:00.0 name: GeForce RTX 2080 Ti computeCapability: 7.5
coreClock: 1.545GHz coreCount: 68 deviceMemorySize: 10.73GiB deviceMemoryBandwidth: 573.69GiB/s
2020-07-07 22:42:22.821174: I tensorflow/core/common_runtime/gpu/gpu_device.cc:1561] Found device 2 with properties: 
pciBusID: 0000:1f:00.0 name: GeForce RTX 2080 Ti computeCapability: 7.5
coreClock: 1.545GHz coreCount: 68 deviceMemorySize: 10.73GiB deviceMemoryBandwidth: 573.69GiB/s
2020-07-07 22:42:22.828802: I tensorflow/stream_executor/platform/default/dso_loader.cc:44] Successfully opened dynamic library libcudart.so.10.1
2020-07-07 22:42:22.877424: I tensorflow/stream_executor/platform/default/dso_loader.cc:44] Successfully opened dynamic library libcublas.so.10
2020-07-07 22:42:22.904205: I tensorflow/stream_executor/platform/default/dso_loader.cc:44] Successfully opened dynamic library libcufft.so.10
2020-07-07 22:42:22.927070: I tensorflow/stream_executor/platform/default/dso_loader.cc:44] Successfully opened dynamic library libcurand.so.10
2020-07-07 22:42:22.969869: I tensorflow/stream_executor/platform/default/dso_loader.cc:44] Successfully opened dynamic library libcusolver.so.10
2020-07-07 22:42:22.991444: I tensorflow/stream_executor/platform/default/dso_loader.cc:44] Successfully opened dynamic library libcusparse.so.10
2020-07-07 22:42:23.077440: I tensorflow/stream_executor/platform/default/dso_loader.cc:44] Successfully opened dynamic library libcudnn.so.7
2020-07-07 22:42:23.089782: I tensorflow/core/common_runtime/gpu/gpu_device.cc:1703] Adding visible gpu devices: 0, 1, 2
2020-07-07 22:42:58.893456: I tensorflow/core/platform/cpu_feature_guard.cc:143] Your CPU supports instructions that this TensorFlow binary was not compiled to use: AVX2 AVX512F FMA
2020-07-07 22:42:58.905393: I tensorflow/core/platform/profile_utils/cpu_utils.cc:102] CPU Frequency: 2100000000 Hz
2020-07-07 22:42:58.907162: I tensorflow/compiler/xla/service/service.cc:168] XLA service 0x55f47dcba1a0 initialized for platform Host (this does not guarantee that XLA will be used). Devices:
2020-07-07 22:42:58.907195: I tensorflow/compiler/xla/service/service.cc:176]   StreamExecutor device (0): Host, Default Version
2020-07-07 22:42:59.410973: I tensorflow/compiler/xla/service/service.cc:168] XLA service 0x55f47dd24620 initialized for platform CUDA (this does not guarantee that XLA will be used). Devices:
2020-07-07 22:42:59.411011: I tensorflow/compiler/xla/service/service.cc:176]   StreamExecutor device (0): GeForce RTX 2080 Ti, Compute Capability 7.5
2020-07-07 22:42:59.411019: I tensorflow/compiler/xla/service/service.cc:176]   StreamExecutor device (1): GeForce RTX 2080 Ti, Compute Capability 7.5
2020-07-07 22:42:59.411025: I tensorflow/compiler/xla/service/service.cc:176]   StreamExecutor device (2): GeForce RTX 2080 Ti, Compute Capability 7.5
2020-07-07 22:42:59.415533: I tensorflow/core/common_runtime/gpu/gpu_device.cc:1561] Found device 0 with properties: 
pciBusID: 0000:1d:00.0 name: GeForce RTX 2080 Ti computeCapability: 7.5
coreClock: 1.545GHz coreCount: 68 deviceMemorySize: 10.73GiB deviceMemoryBandwidth: 573.69GiB/s
2020-07-07 22:42:59.417485: I tensorflow/core/common_runtime/gpu/gpu_device.cc:1561] Found device 1 with properties: 
pciBusID: 0000:1e:00.0 name: GeForce RTX 2080 Ti computeCapability: 7.5
coreClock: 1.545GHz coreCount: 68 deviceMemorySize: 10.73GiB deviceMemoryBandwidth: 573.69GiB/s
2020-07-07 22:42:59.419425: I tensorflow/core/common_runtime/gpu/gpu_device.cc:1561] Found device 2 with properties: 
pciBusID: 0000:1f:00.0 name: GeForce RTX 2080 Ti computeCapability: 7.5
coreClock: 1.545GHz coreCount: 68 deviceMemorySize: 10.73GiB deviceMemoryBandwidth: 573.69GiB/s
2020-07-07 22:42:59.419461: I tensorflow/stream_executor/platform/default/dso_loader.cc:44] Successfully opened dynamic library libcudart.so.10.1
2020-07-07 22:42:59.419477: I tensorflow/stream_executor/platform/default/dso_loader.cc:44] Successfully opened dynamic library libcublas.so.10
2020-07-07 22:42:59.419493: I tensorflow/stream_executor/platform/default/dso_loader.cc:44] Successfully opened dynamic library libcufft.so.10
2020-07-07 22:42:59.419507: I tensorflow/stream_executor/platform/default/dso_loader.cc:44] Successfully opened dynamic library libcurand.so.10
2020-07-07 22:42:59.419519: I tensorflow/stream_executor/platform/default/dso_loader.cc:44] Successfully opened dynamic library libcusolver.so.10
2020-07-07 22:42:59.419532: I tensorflow/stream_executor/platform/default/dso_loader.cc:44] Successfully opened dynamic library libcusparse.so.10
2020-07-07 22:42:59.419546: I tensorflow/stream_executor/platform/default/dso_loader.cc:44] Successfully opened dynamic library libcudnn.so.7
2020-07-07 22:42:59.431077: I tensorflow/core/common_runtime/gpu/gpu_device.cc:1703] Adding visible gpu devices: 0, 1, 2
2020-07-07 22:42:59.431113: I tensorflow/stream_executor/platform/default/dso_loader.cc:44] Successfully opened dynamic library libcudart.so.10.1
2020-07-07 22:42:59.437692: I tensorflow/core/common_runtime/gpu/gpu_device.cc:1102] Device interconnect StreamExecutor with strength 1 edge matrix:
2020-07-07 22:42:59.437710: I tensorflow/core/common_runtime/gpu/gpu_device.cc:1108]      0 1 2 
2020-07-07 22:42:59.437720: I tensorflow/core/common_runtime/gpu/gpu_device.cc:1121] 0:   N N N 
2020-07-07 22:42:59.437726: I tensorflow/core/common_runtime/gpu/gpu_device.cc:1121] 1:   N N N 
2020-07-07 22:42:59.437732: I tensorflow/core/common_runtime/gpu/gpu_device.cc:1121] 2:   N N N 
2020-07-07 22:42:59.447214: I tensorflow/core/common_runtime/gpu/gpu_device.cc:1247] Created TensorFlow device (/job:localhost/replica:0/task:0/device:GPU:0 with 10176 MB memory) -> physical GPU (device: 0, name: GeForce RTX 2080 Ti, pci bus id: 0000:1d:00.0, compute capability: 7.5)
2020-07-07 22:42:59.449762: I tensorflow/core/common_runtime/gpu/gpu_device.cc:1247] Created TensorFlow device (/job:localhost/replica:0/task:0/device:GPU:1 with 10176 MB memory) -> physical GPU (device: 1, name: GeForce RTX 2080 Ti, pci bus id: 0000:1e:00.0, compute capability: 7.5)
2020-07-07 22:42:59.452267: I tensorflow/core/common_runtime/gpu/gpu_device.cc:1247] Created TensorFlow device (/job:localhost/replica:0/task:0/device:GPU:2 with 10176 MB memory) -> physical GPU (device: 2, name: GeForce RTX 2080 Ti, pci bus id: 0000:1f:00.0, compute capability: 7.5)
WARNING:tensorflow:From /home/hauthj/.conda/envs/gpu-env/lib/python3.8/site-packages/tensorflow_probability/python/layers/util.py:99: Layer.add_variable (from tensorflow.python.keras.engine.base_layer) is deprecated and will be removed in a future version.
Instructions for updating:
Please use `layer.add_weight` method instead.
2020-07-07 22:45:04.458435: I tensorflow/stream_executor/platform/default/dso_loader.cc:44] Successfully opened dynamic library libcudnn.so.7
2020-07-07 22:45:10.141751: I tensorflow/stream_executor/platform/default/dso_loader.cc:44] Successfully opened dynamic library libcublas.so.10
2.2.0
Listing all GPU resources:
[PhysicalDevice(name='/physical_device:GPU:0', device_type='GPU'), PhysicalDevice(name='/physical_device:GPU:1', device_type='GPU'), PhysicalDevice(name='/physical_device:GPU:2', device_type='GPU')]

0.10.0

Input size: (None, 144, 144, 4)
Output size: (None, 144, 144, 1)
[<tf.Tensor: shape=(), dtype=float32, numpy=88.54213>, <tf.Tensor: shape=(), dtype=float32, numpy=0.019647121>]
------------------------------
Fitting model with training data ...
------------------------------
Step 3, training the model started at 2020-07-07 22:43:37.304071
Epoch 1/200
457/457 - 94s - likelihood_loss: 50448.1289 - mean_binary_crossentropy: 0.8408 - loss: 50512.8594 - val_likelihood_loss: 3176.3518 - val_mean_binary_crossentropy: 0.0529 - val_loss: 3195.1497
Epoch 2/200
457/457 - 88s - likelihood_loss: 2716.9431 - mean_binary_crossentropy: 0.0453 - loss: 2728.3782 - val_likelihood_loss: 2247.8899 - val_mean_binary_crossentropy: 0.0375 - val_loss: 2248.0913
Epoch 3/200
457/457 - 88s - likelihood_loss: 2125.6362 - mean_binary_crossentropy: 0.0354 - loss: 2128.2129 - val_likelihood_loss: 1812.4769 - val_mean_binary_crossentropy: 0.0302 - val_loss: 1805.3418
Epoch 4/200
457/457 - 89s - likelihood_loss: 1800.6746 - mean_binary_crossentropy: 0.0300 - loss: 1801.0494 - val_likelihood_loss: 1770.0662 - val_mean_binary_crossentropy: 0.0295 - val_loss: 1764.3248
Epoch 5/200
457/457 - 88s - likelihood_loss: 1658.9236 - mean_binary_crossentropy: 0.0276 - loss: 1658.5157 - val_likelihood_loss: 2178.5486 - val_mean_binary_crossentropy: 0.0363 - val_loss: 2177.6660
Epoch 6/200
457/457 - 88s - likelihood_loss: 1523.3467 - mean_binary_crossentropy: 0.0254 - loss: 1523.2532 - val_likelihood_loss: 1744.2007 - val_mean_binary_crossentropy: 0.0291 - val_loss: 1741.3630
Epoch 7/200
457/457 - 88s - likelihood_loss: 1493.4919 - mean_binary_crossentropy: 0.0249 - loss: 1493.2308 - val_likelihood_loss: 1625.3699 - val_mean_binary_crossentropy: 0.0271 - val_loss: 1620.2377
Epoch 8/200
457/457 - 88s - likelihood_loss: 1376.9678 - mean_binary_crossentropy: 0.0229 - loss: 1376.7340 - val_likelihood_loss: 1733.3066 - val_mean_binary_crossentropy: 0.0289 - val_loss: 1729.5096
Epoch 9/200
457/457 - 89s - likelihood_loss: 1357.1847 - mean_binary_crossentropy: 0.0226 - loss: 1356.8942 - val_likelihood_loss: 1830.4484 - val_mean_binary_crossentropy: 0.0305 - val_loss: 1826.2629
Epoch 10/200
457/457 - 88s - likelihood_loss: 1277.1195 - mean_binary_crossentropy: 0.0213 - loss: 1276.6666 - val_likelihood_loss: 1760.8335 - val_mean_binary_crossentropy: 0.0293 - val_loss: 1756.2281
Epoch 11/200
457/457 - 88s - likelihood_loss: 1214.5499 - mean_binary_crossentropy: 0.0202 - loss: 1214.0551 - val_likelihood_loss: 1838.5697 - val_mean_binary_crossentropy: 0.0306 - val_loss: 1836.3749
Epoch 12/200
457/457 - 89s - likelihood_loss: 1209.4458 - mean_binary_crossentropy: 0.0202 - loss: 1208.9899 - val_likelihood_loss: 1380.9188 - val_mean_binary_crossentropy: 0.0230 - val_loss: 1371.6946
Epoch 13/200
457/457 - 89s - likelihood_loss: 1191.2800 - mean_binary_crossentropy: 0.0199 - loss: 1191.0585 - val_likelihood_loss: 1828.1604 - val_mean_binary_crossentropy: 0.0305 - val_loss: 1827.3348
Epoch 14/200
457/457 - 88s - likelihood_loss: 1129.4587 - mean_binary_crossentropy: 0.0188 - loss: 1129.2306 - val_likelihood_loss: 1624.0710 - val_mean_binary_crossentropy: 0.0271 - val_loss: 1617.6414
Epoch 15/200
457/457 - 89s - likelihood_loss: 1082.1912 - mean_binary_crossentropy: 0.0180 - loss: 1081.5264 - val_likelihood_loss: 3212.0564 - val_mean_binary_crossentropy: 0.0535 - val_loss: 3218.4053
Epoch 16/200
457/457 - 90s - likelihood_loss: 1095.1129 - mean_binary_crossentropy: 0.0183 - loss: 1094.8141 - val_likelihood_loss: 1486.8394 - val_mean_binary_crossentropy: 0.0248 - val_loss: 1480.7804
Epoch 17/200
457/457 - 88s - likelihood_loss: 1105.8202 - mean_binary_crossentropy: 0.0184 - loss: 1105.5504 - val_likelihood_loss: 1733.4656 - val_mean_binary_crossentropy: 0.0289 - val_loss: 1728.9656
Epoch 18/200
457/457 - 88s - likelihood_loss: 1175.1864 - mean_binary_crossentropy: 0.0196 - loss: 1174.5173 - val_likelihood_loss: 1627.1980 - val_mean_binary_crossentropy: 0.0271 - val_loss: 1624.4490
Epoch 19/200
457/457 - 89s - likelihood_loss: 1127.5726 - mean_binary_crossentropy: 0.0188 - loss: 1127.3711 - val_likelihood_loss: 1287.9685 - val_mean_binary_crossentropy: 0.0215 - val_loss: 1277.6410
Epoch 20/200
457/457 - 88s - likelihood_loss: 988.6728 - mean_binary_crossentropy: 0.0165 - loss: 988.5984 - val_likelihood_loss: 1295.5510 - val_mean_binary_crossentropy: 0.0216 - val_loss: 1287.2343
Epoch 21/200
457/457 - 89s - likelihood_loss: 954.7656 - mean_binary_crossentropy: 0.0159 - loss: 954.7459 - val_likelihood_loss: 1519.5991 - val_mean_binary_crossentropy: 0.0253 - val_loss: 1513.8049
Epoch 22/200
457/457 - 89s - likelihood_loss: 939.1086 - mean_binary_crossentropy: 0.0157 - loss: 938.8937 - val_likelihood_loss: 1540.0518 - val_mean_binary_crossentropy: 0.0257 - val_loss: 1534.1316
Epoch 23/200
457/457 - 89s - likelihood_loss: 900.5059 - mean_binary_crossentropy: 0.0150 - loss: 900.1935 - val_likelihood_loss: 1475.0931 - val_mean_binary_crossentropy: 0.0246 - val_loss: 1460.1472
Epoch 24/200
457/457 - 88s - likelihood_loss: 933.2037 - mean_binary_crossentropy: 0.0156 - loss: 932.9388 - val_likelihood_loss: 1784.7841 - val_mean_binary_crossentropy: 0.0297 - val_loss: 1783.1887
Epoch 25/200
457/457 - 88s - likelihood_loss: 934.4513 - mean_binary_crossentropy: 0.0156 - loss: 934.3407 - val_likelihood_loss: 1363.3099 - val_mean_binary_crossentropy: 0.0227 - val_loss: 1350.8187
Epoch 26/200
457/457 - 88s - likelihood_loss: 870.1411 - mean_binary_crossentropy: 0.0145 - loss: 870.0680 - val_likelihood_loss: 1284.1226 - val_mean_binary_crossentropy: 0.0214 - val_loss: 1272.4943
Epoch 27/200
457/457 - 88s - likelihood_loss: 863.1110 - mean_binary_crossentropy: 0.0144 - loss: 862.9438 - val_likelihood_loss: 1366.4097 - val_mean_binary_crossentropy: 0.0228 - val_loss: 1354.1676
Epoch 28/200
457/457 - 88s - likelihood_loss: 844.1287 - mean_binary_crossentropy: 0.0141 - loss: 843.8147 - val_likelihood_loss: 2101.6545 - val_mean_binary_crossentropy: 0.0350 - val_loss: 2100.4451
Epoch 29/200
457/457 - 88s - likelihood_loss: 855.5755 - mean_binary_crossentropy: 0.0143 - loss: 855.2871 - val_likelihood_loss: 1875.9301 - val_mean_binary_crossentropy: 0.0313 - val_loss: 1871.4214
Epoch 30/200
457/457 - 88s - likelihood_loss: 861.5652 - mean_binary_crossentropy: 0.0144 - loss: 861.1155 - val_likelihood_loss: 1275.9735 - val_mean_binary_crossentropy: 0.0213 - val_loss: 1259.7476
Epoch 31/200
457/457 - 88s - likelihood_loss: 808.5834 - mean_binary_crossentropy: 0.0135 - loss: 808.4114 - val_likelihood_loss: 1375.3943 - val_mean_binary_crossentropy: 0.0229 - val_loss: 1367.1935
Epoch 32/200
457/457 - 88s - likelihood_loss: 812.5527 - mean_binary_crossentropy: 0.0135 - loss: 812.4086 - val_likelihood_loss: 1221.7262 - val_mean_binary_crossentropy: 0.0204 - val_loss: 1208.7512
Epoch 33/200
457/457 - 88s - likelihood_loss: 798.3999 - mean_binary_crossentropy: 0.0133 - loss: 798.2971 - val_likelihood_loss: 1323.2271 - val_mean_binary_crossentropy: 0.0221 - val_loss: 1314.8031
Epoch 34/200
457/457 - 89s - likelihood_loss: 848.0212 - mean_binary_crossentropy: 0.0141 - loss: 847.9802 - val_likelihood_loss: 1216.5663 - val_mean_binary_crossentropy: 0.0203 - val_loss: 1208.6594
Epoch 35/200
457/457 - 90s - likelihood_loss: 786.7050 - mean_binary_crossentropy: 0.0131 - loss: 786.5583 - val_likelihood_loss: 1145.8806 - val_mean_binary_crossentropy: 0.0191 - val_loss: 1131.5359
Epoch 36/200
457/457 - 89s - likelihood_loss: 764.1631 - mean_binary_crossentropy: 0.0127 - loss: 764.0270 - val_likelihood_loss: 1145.9188 - val_mean_binary_crossentropy: 0.0191 - val_loss: 1134.5764
Epoch 37/200
457/457 - 88s - likelihood_loss: 784.8000 - mean_binary_crossentropy: 0.0131 - loss: 784.6433 - val_likelihood_loss: 1361.8538 - val_mean_binary_crossentropy: 0.0227 - val_loss: 1355.2208
Epoch 38/200
457/457 - 88s - likelihood_loss: 751.0345 - mean_binary_crossentropy: 0.0125 - loss: 750.8410 - val_likelihood_loss: 1225.6466 - val_mean_binary_crossentropy: 0.0204 - val_loss: 1210.5365
Epoch 39/200
457/457 - 88s - likelihood_loss: 731.2215 - mean_binary_crossentropy: 0.0122 - loss: 731.1171 - val_likelihood_loss: 1164.4836 - val_mean_binary_crossentropy: 0.0194 - val_loss: 1156.2842
Epoch 40/200
457/457 - 88s - likelihood_loss: 717.5963 - mean_binary_crossentropy: 0.0120 - loss: 717.4708 - val_likelihood_loss: 1211.8918 - val_mean_binary_crossentropy: 0.0202 - val_loss: 1202.1417
Epoch 41/200
457/457 - 89s - likelihood_loss: 727.4699 - mean_binary_crossentropy: 0.0121 - loss: 727.3035 - val_likelihood_loss: 1189.8674 - val_mean_binary_crossentropy: 0.0198 - val_loss: 1178.7627
Epoch 42/200
457/457 - 89s - likelihood_loss: 775.9677 - mean_binary_crossentropy: 0.0129 - loss: 775.9578 - val_likelihood_loss: 1181.3540 - val_mean_binary_crossentropy: 0.0197 - val_loss: 1171.1399
Epoch 43/200
457/457 - 89s - likelihood_loss: 729.6424 - mean_binary_crossentropy: 0.0122 - loss: 729.4630 - val_likelihood_loss: 1166.3837 - val_mean_binary_crossentropy: 0.0194 - val_loss: 1157.5132
Epoch 44/200
457/457 - 88s - likelihood_loss: 726.9905 - mean_binary_crossentropy: 0.0121 - loss: 726.8391 - val_likelihood_loss: 1267.2073 - val_mean_binary_crossentropy: 0.0211 - val_loss: 1251.2438
Epoch 45/200
457/457 - 88s - likelihood_loss: 701.9745 - mean_binary_crossentropy: 0.0117 - loss: 701.7890 - val_likelihood_loss: 1129.6222 - val_mean_binary_crossentropy: 0.0188 - val_loss: 1116.5591
Epoch 46/200
457/457 - 88s - likelihood_loss: 701.1050 - mean_binary_crossentropy: 0.0117 - loss: 700.8941 - val_likelihood_loss: 1179.2408 - val_mean_binary_crossentropy: 0.0197 - val_loss: 1165.8987
Epoch 47/200
457/457 - 88s - likelihood_loss: 681.0278 - mean_binary_crossentropy: 0.0114 - loss: 680.9502 - val_likelihood_loss: 1196.2076 - val_mean_binary_crossentropy: 0.0199 - val_loss: 1177.5732
Epoch 48/200
457/457 - 87s - likelihood_loss: 665.7993 - mean_binary_crossentropy: 0.0111 - loss: 665.6579 - val_likelihood_loss: 1141.1012 - val_mean_binary_crossentropy: 0.0190 - val_loss: 1123.3496
Epoch 49/200
457/457 - 87s - likelihood_loss: 664.2364 - mean_binary_crossentropy: 0.0111 - loss: 664.1046 - val_likelihood_loss: 1158.5646 - val_mean_binary_crossentropy: 0.0193 - val_loss: 1144.1460
Epoch 50/200
457/457 - 87s - likelihood_loss: 659.2953 - mean_binary_crossentropy: 0.0110 - loss: 659.0157 - val_likelihood_loss: 1206.5487 - val_mean_binary_crossentropy: 0.0201 - val_loss: 1195.4224
Epoch 51/200
457/457 - 88s - likelihood_loss: 653.8410 - mean_binary_crossentropy: 0.0109 - loss: 653.6113 - val_likelihood_loss: 1289.9292 - val_mean_binary_crossentropy: 0.0215 - val_loss: 1269.8684
Epoch 52/200
457/457 - 89s - likelihood_loss: 667.8026 - mean_binary_crossentropy: 0.0111 - loss: 667.6604 - val_likelihood_loss: 1133.9402 - val_mean_binary_crossentropy: 0.0189 - val_loss: 1124.8513
Epoch 53/200
457/457 - 88s - likelihood_loss: 661.2476 - mean_binary_crossentropy: 0.0110 - loss: 661.1132 - val_likelihood_loss: 1111.0654 - val_mean_binary_crossentropy: 0.0185 - val_loss: 1095.3442
Epoch 54/200
457/457 - 88s - likelihood_loss: 640.3550 - mean_binary_crossentropy: 0.0107 - loss: 640.2178 - val_likelihood_loss: 1167.6006 - val_mean_binary_crossentropy: 0.0195 - val_loss: 1156.6163
Epoch 55/200
457/457 - 88s - likelihood_loss: 640.0168 - mean_binary_crossentropy: 0.0107 - loss: 639.9452 - val_likelihood_loss: 1200.2740 - val_mean_binary_crossentropy: 0.0200 - val_loss: 1189.9012
Epoch 56/200
457/457 - 88s - likelihood_loss: 634.5896 - mean_binary_crossentropy: 0.0106 - loss: 634.5258 - val_likelihood_loss: 1152.3850 - val_mean_binary_crossentropy: 0.0192 - val_loss: 1141.2078
Epoch 57/200
457/457 - 87s - likelihood_loss: 629.1459 - mean_binary_crossentropy: 0.0105 - loss: 628.9095 - val_likelihood_loss: 1138.4865 - val_mean_binary_crossentropy: 0.0190 - val_loss: 1126.1918
Epoch 58/200
457/457 - 89s - likelihood_loss: 639.8535 - mean_binary_crossentropy: 0.0107 - loss: 639.3508 - val_likelihood_loss: 1634.5851 - val_mean_binary_crossentropy: 0.0272 - val_loss: 1630.5166
Epoch 59/200
457/457 - 88s - likelihood_loss: 631.0626 - mean_binary_crossentropy: 0.0105 - loss: 630.8702 - val_likelihood_loss: 1244.1866 - val_mean_binary_crossentropy: 0.0207 - val_loss: 1230.3539
Epoch 60/200
457/457 - 88s - likelihood_loss: 614.3574 - mean_binary_crossentropy: 0.0102 - loss: 614.2487 - val_likelihood_loss: 1198.4530 - val_mean_binary_crossentropy: 0.0200 - val_loss: 1187.8676
Epoch 61/200
457/457 - 89s - likelihood_loss: 609.8009 - mean_binary_crossentropy: 0.0102 - loss: 609.6772 - val_likelihood_loss: 1229.2062 - val_mean_binary_crossentropy: 0.0205 - val_loss: 1217.2321
Epoch 62/200
457/457 - 88s - likelihood_loss: 613.3265 - mean_binary_crossentropy: 0.0102 - loss: 613.2142 - val_likelihood_loss: 1178.2871 - val_mean_binary_crossentropy: 0.0196 - val_loss: 1159.7047
Epoch 63/200
457/457 - 88s - likelihood_loss: 611.9224 - mean_binary_crossentropy: 0.0102 - loss: 611.7778 - val_likelihood_loss: 1385.3842 - val_mean_binary_crossentropy: 0.0231 - val_loss: 1376.1777
Epoch 64/200
457/457 - 88s - likelihood_loss: 602.7233 - mean_binary_crossentropy: 0.0100 - loss: 602.6382 - val_likelihood_loss: 1184.3613 - val_mean_binary_crossentropy: 0.0197 - val_loss: 1170.8105
Epoch 65/200
457/457 - 88s - likelihood_loss: 594.7515 - mean_binary_crossentropy: 0.0099 - loss: 594.5927 - val_likelihood_loss: 1150.1797 - val_mean_binary_crossentropy: 0.0192 - val_loss: 1139.8586
Epoch 66/200
457/457 - 88s - likelihood_loss: 603.3499 - mean_binary_crossentropy: 0.0101 - loss: 603.2121 - val_likelihood_loss: 1282.4113 - val_mean_binary_crossentropy: 0.0214 - val_loss: 1272.1931
Epoch 67/200
457/457 - 88s - likelihood_loss: 597.0432 - mean_binary_crossentropy: 0.0100 - loss: 596.9514 - val_likelihood_loss: 1220.4788 - val_mean_binary_crossentropy: 0.0203 - val_loss: 1207.4294
Epoch 68/200
457/457 - 89s - likelihood_loss: 586.9316 - mean_binary_crossentropy: 0.0098 - loss: 586.8336 - val_likelihood_loss: 1192.7135 - val_mean_binary_crossentropy: 0.0199 - val_loss: 1182.2677
Epoch 69/200
457/457 - 88s - likelihood_loss: 579.8745 - mean_binary_crossentropy: 0.0097 - loss: 579.7521 - val_likelihood_loss: 1180.7626 - val_mean_binary_crossentropy: 0.0197 - val_loss: 1166.9661
Epoch 70/200
457/457 - 89s - likelihood_loss: 566.1486 - mean_binary_crossentropy: 0.0094 - loss: 566.0050 - val_likelihood_loss: 1239.2665 - val_mean_binary_crossentropy: 0.0207 - val_loss: 1225.3383
Epoch 71/200
457/457 - 89s - likelihood_loss: 581.3356 - mean_binary_crossentropy: 0.0097 - loss: 581.2891 - val_likelihood_loss: 1188.0153 - val_mean_binary_crossentropy: 0.0198 - val_loss: 1174.0691
Epoch 72/200
457/457 - 88s - likelihood_loss: 574.9987 - mean_binary_crossentropy: 0.0096 - loss: 574.7542 - val_likelihood_loss: 1202.0907 - val_mean_binary_crossentropy: 0.0200 - val_loss: 1191.4279
Epoch 73/200
457/457 - 89s - likelihood_loss: 576.8224 - mean_binary_crossentropy: 0.0096 - loss: 576.6193 - val_likelihood_loss: 1362.8284 - val_mean_binary_crossentropy: 0.0227 - val_loss: 1341.0209
Epoch 74/200
457/457 - 88s - likelihood_loss: 585.8195 - mean_binary_crossentropy: 0.0098 - loss: 585.5726 - val_likelihood_loss: 1143.0885 - val_mean_binary_crossentropy: 0.0191 - val_loss: 1130.0798
Epoch 75/200
457/457 - 89s - likelihood_loss: 570.0536 - mean_binary_crossentropy: 0.0095 - loss: 569.9839 - val_likelihood_loss: 1292.7229 - val_mean_binary_crossentropy: 0.0215 - val_loss: 1272.8687
Epoch 76/200
457/457 - 88s - likelihood_loss: 576.3218 - mean_binary_crossentropy: 0.0096 - loss: 576.1627 - val_likelihood_loss: 1243.8379 - val_mean_binary_crossentropy: 0.0207 - val_loss: 1224.3896
Epoch 77/200
457/457 - 88s - likelihood_loss: 576.0305 - mean_binary_crossentropy: 0.0096 - loss: 575.8528 - val_likelihood_loss: 1339.6486 - val_mean_binary_crossentropy: 0.0223 - val_loss: 1318.1290
Epoch 78/200
457/457 - 89s - likelihood_loss: 585.2056 - mean_binary_crossentropy: 0.0098 - loss: 584.9038 - val_likelihood_loss: 1351.4331 - val_mean_binary_crossentropy: 0.0225 - val_loss: 1331.4740
Epoch 79/200
457/457 - 89s - likelihood_loss: 595.0960 - mean_binary_crossentropy: 0.0099 - loss: 594.6763 - val_likelihood_loss: 1907.8149 - val_mean_binary_crossentropy: 0.0318 - val_loss: 1879.8920
Epoch 80/200
457/457 - 88s - likelihood_loss: 590.3787 - mean_binary_crossentropy: 0.0098 - loss: 590.2201 - val_likelihood_loss: 1221.9376 - val_mean_binary_crossentropy: 0.0204 - val_loss: 1202.9642
Epoch 81/200
457/457 - 88s - likelihood_loss: 569.8751 - mean_binary_crossentropy: 0.0095 - loss: 569.5844 - val_likelihood_loss: 1137.7279 - val_mean_binary_crossentropy: 0.0190 - val_loss: 1124.1929
Epoch 82/200
457/457 - 88s - likelihood_loss: 578.2363 - mean_binary_crossentropy: 0.0096 - loss: 578.0063 - val_likelihood_loss: 1165.4006 - val_mean_binary_crossentropy: 0.0194 - val_loss: 1154.1622
Epoch 83/200
457/457 - 88s - likelihood_loss: 555.0167 - mean_binary_crossentropy: 0.0093 - loss: 554.8228 - val_likelihood_loss: 1288.7583 - val_mean_binary_crossentropy: 0.0215 - val_loss: 1277.8541
Epoch 84/200
457/457 - 87s - likelihood_loss: 548.2017 - mean_binary_crossentropy: 0.0091 - loss: 547.9919 - val_likelihood_loss: 1296.5885 - val_mean_binary_crossentropy: 0.0216 - val_loss: 1280.0745
Epoch 85/200
457/457 - 87s - likelihood_loss: 552.6939 - mean_binary_crossentropy: 0.0092 - loss: 552.4910 - val_likelihood_loss: 1135.4940 - val_mean_binary_crossentropy: 0.0189 - val_loss: 1121.1169
Epoch 86/200
457/457 - 88s - likelihood_loss: 538.5430 - mean_binary_crossentropy: 0.0090 - loss: 538.1704 - val_likelihood_loss: 1413.9459 - val_mean_binary_crossentropy: 0.0236 - val_loss: 1398.1313
Epoch 87/200
457/457 - 88s - likelihood_loss: 551.3847 - mean_binary_crossentropy: 0.0092 - loss: 551.2248 - val_likelihood_loss: 1186.0181 - val_mean_binary_crossentropy: 0.0198 - val_loss: 1171.6218
Epoch 88/200
457/457 - 89s - likelihood_loss: 539.4897 - mean_binary_crossentropy: 0.0090 - loss: 539.3081 - val_likelihood_loss: 1344.9896 - val_mean_binary_crossentropy: 0.0224 - val_loss: 1335.8379
Epoch 89/200
457/457 - 88s - likelihood_loss: 534.5381 - mean_binary_crossentropy: 0.0089 - loss: 534.3347 - val_likelihood_loss: 1226.5911 - val_mean_binary_crossentropy: 0.0204 - val_loss: 1206.9321
Epoch 90/200
457/457 - 88s - likelihood_loss: 523.0703 - mean_binary_crossentropy: 0.0087 - loss: 522.9524 - val_likelihood_loss: 1152.3115 - val_mean_binary_crossentropy: 0.0192 - val_loss: 1137.7042
Epoch 91/200
457/457 - 88s - likelihood_loss: 510.1628 - mean_binary_crossentropy: 0.0085 - loss: 510.0395 - val_likelihood_loss: 1182.2158 - val_mean_binary_crossentropy: 0.0197 - val_loss: 1164.3733
Epoch 92/200
457/457 - 88s - likelihood_loss: 512.4028 - mean_binary_crossentropy: 0.0085 - loss: 512.1685 - val_likelihood_loss: 1180.3628 - val_mean_binary_crossentropy: 0.0197 - val_loss: 1157.8749
Epoch 93/200
457/457 - 88s - likelihood_loss: 518.4958 - mean_binary_crossentropy: 0.0086 - loss: 518.2676 - val_likelihood_loss: 1153.1016 - val_mean_binary_crossentropy: 0.0192 - val_loss: 1136.9879
Epoch 94/200
457/457 - 88s - likelihood_loss: 519.0909 - mean_binary_crossentropy: 0.0087 - loss: 518.9548 - val_likelihood_loss: 1208.4376 - val_mean_binary_crossentropy: 0.0201 - val_loss: 1189.2336
Epoch 95/200
457/457 - 88s - likelihood_loss: 513.7991 - mean_binary_crossentropy: 0.0086 - loss: 513.6505 - val_likelihood_loss: 1231.1188 - val_mean_binary_crossentropy: 0.0205 - val_loss: 1210.9478
Epoch 96/200
457/457 - 88s - likelihood_loss: 507.6827 - mean_binary_crossentropy: 0.0085 - loss: 507.5166 - val_likelihood_loss: 1187.7147 - val_mean_binary_crossentropy: 0.0198 - val_loss: 1167.7986
Epoch 97/200
457/457 - 88s - likelihood_loss: 502.8416 - mean_binary_crossentropy: 0.0084 - loss: 502.6254 - val_likelihood_loss: 1240.1940 - val_mean_binary_crossentropy: 0.0207 - val_loss: 1220.2992
Epoch 98/200
457/457 - 89s - likelihood_loss: 503.7673 - mean_binary_crossentropy: 0.0084 - loss: 503.4991 - val_likelihood_loss: 1445.8973 - val_mean_binary_crossentropy: 0.0241 - val_loss: 1419.2347
Epoch 99/200
457/457 - 88s - likelihood_loss: 507.9670 - mean_binary_crossentropy: 0.0085 - loss: 507.4257 - val_likelihood_loss: 1287.6080 - val_mean_binary_crossentropy: 0.0215 - val_loss: 1263.9220
Epoch 100/200
457/457 - 88s - likelihood_loss: 506.0165 - mean_binary_crossentropy: 0.0084 - loss: 505.8434 - val_likelihood_loss: 1598.0870 - val_mean_binary_crossentropy: 0.0266 - val_loss: 1565.7469
Epoch 101/200
457/457 - 88s - likelihood_loss: 496.3985 - mean_binary_crossentropy: 0.0083 - loss: 496.2280 - val_likelihood_loss: 1275.5150 - val_mean_binary_crossentropy: 0.0213 - val_loss: 1251.8182
Epoch 102/200
457/457 - 87s - likelihood_loss: 498.5972 - mean_binary_crossentropy: 0.0083 - loss: 498.3658 - val_likelihood_loss: 1382.0322 - val_mean_binary_crossentropy: 0.0230 - val_loss: 1360.4456
Epoch 103/200
457/457 - 88s - likelihood_loss: 501.2106 - mean_binary_crossentropy: 0.0084 - loss: 501.0335 - val_likelihood_loss: 1288.3195 - val_mean_binary_crossentropy: 0.0215 - val_loss: 1265.1147
Epoch 104/200
457/457 - 87s - likelihood_loss: 495.1572 - mean_binary_crossentropy: 0.0083 - loss: 494.9186 - val_likelihood_loss: 1258.5856 - val_mean_binary_crossentropy: 0.0210 - val_loss: 1237.9119
Epoch 105/200
457/457 - 88s - likelihood_loss: 488.1812 - mean_binary_crossentropy: 0.0081 - loss: 487.9712 - val_likelihood_loss: 1357.1464 - val_mean_binary_crossentropy: 0.0226 - val_loss: 1333.1537
Epoch 106/200
457/457 - 88s - likelihood_loss: 484.3351 - mean_binary_crossentropy: 0.0081 - loss: 484.1720 - val_likelihood_loss: 1193.4741 - val_mean_binary_crossentropy: 0.0199 - val_loss: 1174.2098
Epoch 107/200
457/457 - 88s - likelihood_loss: 482.3355 - mean_binary_crossentropy: 0.0080 - loss: 482.1877 - val_likelihood_loss: 1398.0308 - val_mean_binary_crossentropy: 0.0233 - val_loss: 1372.5553
Epoch 108/200
457/457 - 88s - likelihood_loss: 484.4326 - mean_binary_crossentropy: 0.0081 - loss: 484.3142 - val_likelihood_loss: 1389.5291 - val_mean_binary_crossentropy: 0.0232 - val_loss: 1362.8638
Epoch 109/200
457/457 - 88s - likelihood_loss: 476.6148 - mean_binary_crossentropy: 0.0079 - loss: 476.4495 - val_likelihood_loss: 1190.3972 - val_mean_binary_crossentropy: 0.0198 - val_loss: 1176.1213
Epoch 110/200
457/457 - 88s - likelihood_loss: 475.2770 - mean_binary_crossentropy: 0.0079 - loss: 475.0398 - val_likelihood_loss: 1566.1897 - val_mean_binary_crossentropy: 0.0261 - val_loss: 1538.2493
Epoch 111/200
457/457 - 87s - likelihood_loss: 480.4938 - mean_binary_crossentropy: 0.0080 - loss: 480.2042 - val_likelihood_loss: 1372.5626 - val_mean_binary_crossentropy: 0.0229 - val_loss: 1361.6077
Epoch 112/200
457/457 - 87s - likelihood_loss: 488.3217 - mean_binary_crossentropy: 0.0081 - loss: 488.0991 - val_likelihood_loss: 1273.1301 - val_mean_binary_crossentropy: 0.0212 - val_loss: 1255.2812
Epoch 113/200
457/457 - 88s - likelihood_loss: 479.3778 - mean_binary_crossentropy: 0.0080 - loss: 479.1944 - val_likelihood_loss: 1201.3677 - val_mean_binary_crossentropy: 0.0200 - val_loss: 1184.0073
Epoch 114/200
457/457 - 88s - likelihood_loss: 476.9567 - mean_binary_crossentropy: 0.0079 - loss: 476.7780 - val_likelihood_loss: 1232.3751 - val_mean_binary_crossentropy: 0.0205 - val_loss: 1211.5143
Epoch 115/200
457/457 - 87s - likelihood_loss: 475.6783 - mean_binary_crossentropy: 0.0079 - loss: 475.5575 - val_likelihood_loss: 1154.2462 - val_mean_binary_crossentropy: 0.0192 - val_loss: 1140.7980
Epoch 116/200
457/457 - 87s - likelihood_loss: 459.6897 - mean_binary_crossentropy: 0.0077 - loss: 459.5347 - val_likelihood_loss: 1155.4384 - val_mean_binary_crossentropy: 0.0193 - val_loss: 1137.1947
Epoch 117/200
457/457 - 88s - likelihood_loss: 454.1718 - mean_binary_crossentropy: 0.0076 - loss: 453.9615 - val_likelihood_loss: 1162.6713 - val_mean_binary_crossentropy: 0.0194 - val_loss: 1147.5477
Epoch 118/200
457/457 - 88s - likelihood_loss: 464.1303 - mean_binary_crossentropy: 0.0077 - loss: 463.8968 - val_likelihood_loss: 1378.8774 - val_mean_binary_crossentropy: 0.0230 - val_loss: 1356.8522
Epoch 119/200
457/457 - 87s - likelihood_loss: 478.7147 - mean_binary_crossentropy: 0.0080 - loss: 478.5640 - val_likelihood_loss: 1200.5912 - val_mean_binary_crossentropy: 0.0200 - val_loss: 1184.9247
Epoch 120/200
457/457 - 88s - likelihood_loss: 461.9392 - mean_binary_crossentropy: 0.0077 - loss: 461.7243 - val_likelihood_loss: 1168.5901 - val_mean_binary_crossentropy: 0.0195 - val_loss: 1151.6864
Epoch 121/200
457/457 - 88s - likelihood_loss: 461.4078 - mean_binary_crossentropy: 0.0077 - loss: 461.2848 - val_likelihood_loss: 1215.9581 - val_mean_binary_crossentropy: 0.0203 - val_loss: 1201.6223
Epoch 122/200
457/457 - 88s - likelihood_loss: 457.4964 - mean_binary_crossentropy: 0.0076 - loss: 457.2310 - val_likelihood_loss: 1203.4954 - val_mean_binary_crossentropy: 0.0201 - val_loss: 1189.8921
Epoch 123/200
457/457 - 89s - likelihood_loss: 458.2081 - mean_binary_crossentropy: 0.0076 - loss: 457.9054 - val_likelihood_loss: 1529.2059 - val_mean_binary_crossentropy: 0.0255 - val_loss: 1523.2377
Epoch 124/200
457/457 - 88s - likelihood_loss: 466.3138 - mean_binary_crossentropy: 0.0078 - loss: 466.1648 - val_likelihood_loss: 1198.4719 - val_mean_binary_crossentropy: 0.0200 - val_loss: 1185.4058
Epoch 125/200
457/457 - 88s - likelihood_loss: 465.6293 - mean_binary_crossentropy: 0.0078 - loss: 465.3042 - val_likelihood_loss: 1245.6923 - val_mean_binary_crossentropy: 0.0208 - val_loss: 1233.8953
Epoch 126/200
457/457 - 88s - likelihood_loss: 468.6295 - mean_binary_crossentropy: 0.0078 - loss: 468.4254 - val_likelihood_loss: 1172.5784 - val_mean_binary_crossentropy: 0.0195 - val_loss: 1155.1029
Epoch 127/200
457/457 - 89s - likelihood_loss: 474.5730 - mean_binary_crossentropy: 0.0079 - loss: 474.3804 - val_likelihood_loss: 1169.5231 - val_mean_binary_crossentropy: 0.0195 - val_loss: 1154.0236
Epoch 128/200
457/457 - 89s - likelihood_loss: 468.5577 - mean_binary_crossentropy: 0.0078 - loss: 468.3682 - val_likelihood_loss: 1263.1669 - val_mean_binary_crossentropy: 0.0211 - val_loss: 1242.5142
Epoch 129/200
457/457 - 88s - likelihood_loss: 462.0633 - mean_binary_crossentropy: 0.0077 - loss: 461.9383 - val_likelihood_loss: 1339.6249 - val_mean_binary_crossentropy: 0.0223 - val_loss: 1317.7922
Epoch 130/200
457/457 - 88s - likelihood_loss: 468.1960 - mean_binary_crossentropy: 0.0078 - loss: 467.9131 - val_likelihood_loss: 1364.2448 - val_mean_binary_crossentropy: 0.0227 - val_loss: 1347.5613
Epoch 131/200
457/457 - 89s - likelihood_loss: 472.1019 - mean_binary_crossentropy: 0.0079 - loss: 471.9306 - val_likelihood_loss: 1220.5802 - val_mean_binary_crossentropy: 0.0203 - val_loss: 1203.9026
Epoch 132/200
457/457 - 88s - likelihood_loss: 461.6324 - mean_binary_crossentropy: 0.0077 - loss: 461.4369 - val_likelihood_loss: 1421.9756 - val_mean_binary_crossentropy: 0.0237 - val_loss: 1399.7288
Epoch 133/200
457/457 - 88s - likelihood_loss: 459.0841 - mean_binary_crossentropy: 0.0077 - loss: 458.9229 - val_likelihood_loss: 1231.0443 - val_mean_binary_crossentropy: 0.0205 - val_loss: 1214.8505
Epoch 134/200
457/457 - 88s - likelihood_loss: 460.1488 - mean_binary_crossentropy: 0.0077 - loss: 459.9710 - val_likelihood_loss: 1238.5236 - val_mean_binary_crossentropy: 0.0206 - val_loss: 1221.9550
Epoch 135/200
457/457 - 88s - likelihood_loss: 449.1770 - mean_binary_crossentropy: 0.0075 - loss: 448.9999 - val_likelihood_loss: 1261.6309 - val_mean_binary_crossentropy: 0.0210 - val_loss: 1240.1571
Epoch 136/200
457/457 - 88s - likelihood_loss: 445.9528 - mean_binary_crossentropy: 0.0074 - loss: 445.7799 - val_likelihood_loss: 1235.3191 - val_mean_binary_crossentropy: 0.0206 - val_loss: 1220.3042
Epoch 137/200
457/457 - 88s - likelihood_loss: 440.7932 - mean_binary_crossentropy: 0.0073 - loss: 440.6216 - val_likelihood_loss: 1211.7045 - val_mean_binary_crossentropy: 0.0202 - val_loss: 1197.8569
Epoch 138/200
457/457 - 89s - likelihood_loss: 440.5553 - mean_binary_crossentropy: 0.0073 - loss: 440.4059 - val_likelihood_loss: 1173.3350 - val_mean_binary_crossentropy: 0.0196 - val_loss: 1159.4633
Epoch 139/200
457/457 - 88s - likelihood_loss: 439.8636 - mean_binary_crossentropy: 0.0073 - loss: 439.6801 - val_likelihood_loss: 1229.3762 - val_mean_binary_crossentropy: 0.0205 - val_loss: 1214.0957
Epoch 140/200
457/457 - 89s - likelihood_loss: 444.4596 - mean_binary_crossentropy: 0.0074 - loss: 444.2893 - val_likelihood_loss: 1177.9109 - val_mean_binary_crossentropy: 0.0196 - val_loss: 1162.3020
Epoch 141/200
457/457 - 89s - likelihood_loss: 439.3070 - mean_binary_crossentropy: 0.0073 - loss: 439.1340 - val_likelihood_loss: 1180.8446 - val_mean_binary_crossentropy: 0.0197 - val_loss: 1162.7440
Epoch 142/200
457/457 - 89s - likelihood_loss: 440.1367 - mean_binary_crossentropy: 0.0073 - loss: 439.9837 - val_likelihood_loss: 1202.3431 - val_mean_binary_crossentropy: 0.0200 - val_loss: 1184.0293
Epoch 143/200
457/457 - 89s - likelihood_loss: 439.3150 - mean_binary_crossentropy: 0.0073 - loss: 439.0612 - val_likelihood_loss: 1187.7244 - val_mean_binary_crossentropy: 0.0198 - val_loss: 1173.2384
Epoch 144/200
457/457 - 88s - likelihood_loss: 435.3854 - mean_binary_crossentropy: 0.0073 - loss: 435.2209 - val_likelihood_loss: 1264.8457 - val_mean_binary_crossentropy: 0.0211 - val_loss: 1244.6256
Epoch 145/200
457/457 - 89s - likelihood_loss: 434.9918 - mean_binary_crossentropy: 0.0072 - loss: 434.6935 - val_likelihood_loss: 1185.6522 - val_mean_binary_crossentropy: 0.0198 - val_loss: 1169.4454
Epoch 146/200
457/457 - 88s - likelihood_loss: 435.9673 - mean_binary_crossentropy: 0.0073 - loss: 435.7633 - val_likelihood_loss: 1596.7408 - val_mean_binary_crossentropy: 0.0266 - val_loss: 1571.4530
Epoch 147/200
457/457 - 89s - likelihood_loss: 439.3974 - mean_binary_crossentropy: 0.0073 - loss: 439.2528 - val_likelihood_loss: 1412.0847 - val_mean_binary_crossentropy: 0.0235 - val_loss: 1388.3397
Epoch 148/200
457/457 - 88s - likelihood_loss: 432.9298 - mean_binary_crossentropy: 0.0072 - loss: 432.7793 - val_likelihood_loss: 1356.5154 - val_mean_binary_crossentropy: 0.0226 - val_loss: 1334.4324
Epoch 149/200
457/457 - 88s - likelihood_loss: 427.5388 - mean_binary_crossentropy: 0.0071 - loss: 427.3669 - val_likelihood_loss: 1290.3827 - val_mean_binary_crossentropy: 0.0215 - val_loss: 1273.0560
Epoch 150/200
457/457 - 89s - likelihood_loss: 430.1976 - mean_binary_crossentropy: 0.0072 - loss: 430.0152 - val_likelihood_loss: 1298.3433 - val_mean_binary_crossentropy: 0.0216 - val_loss: 1276.4375
Epoch 151/200
457/457 - 89s - likelihood_loss: 427.2909 - mean_binary_crossentropy: 0.0071 - loss: 427.0606 - val_likelihood_loss: 1291.0092 - val_mean_binary_crossentropy: 0.0215 - val_loss: 1269.5863
Epoch 152/200
457/457 - 89s - likelihood_loss: 423.6909 - mean_binary_crossentropy: 0.0071 - loss: 423.4877 - val_likelihood_loss: 1276.2150 - val_mean_binary_crossentropy: 0.0213 - val_loss: 1260.7667
Epoch 153/200
457/457 - 88s - likelihood_loss: 422.2670 - mean_binary_crossentropy: 0.0070 - loss: 422.0630 - val_likelihood_loss: 1206.4457 - val_mean_binary_crossentropy: 0.0201 - val_loss: 1190.6653
Epoch 154/200
457/457 - 88s - likelihood_loss: 421.9106 - mean_binary_crossentropy: 0.0070 - loss: 421.7165 - val_likelihood_loss: 1262.6079 - val_mean_binary_crossentropy: 0.0210 - val_loss: 1244.8414
Epoch 155/200
457/457 - 88s - likelihood_loss: 419.0624 - mean_binary_crossentropy: 0.0070 - loss: 418.8719 - val_likelihood_loss: 1217.3221 - val_mean_binary_crossentropy: 0.0203 - val_loss: 1199.0320
Epoch 156/200
457/457 - 88s - likelihood_loss: 427.9194 - mean_binary_crossentropy: 0.0071 - loss: 427.6568 - val_likelihood_loss: 1258.9905 - val_mean_binary_crossentropy: 0.0210 - val_loss: 1237.6915
Epoch 157/200
457/457 - 88s - likelihood_loss: 426.6572 - mean_binary_crossentropy: 0.0071 - loss: 426.4373 - val_likelihood_loss: 1284.5778 - val_mean_binary_crossentropy: 0.0214 - val_loss: 1272.3856
Epoch 158/200
457/457 - 88s - likelihood_loss: 419.3541 - mean_binary_crossentropy: 0.0070 - loss: 419.1387 - val_likelihood_loss: 1203.6637 - val_mean_binary_crossentropy: 0.0201 - val_loss: 1189.3151
Epoch 159/200
457/457 - 88s - likelihood_loss: 418.6850 - mean_binary_crossentropy: 0.0070 - loss: 418.4767 - val_likelihood_loss: 1218.3440 - val_mean_binary_crossentropy: 0.0203 - val_loss: 1206.0306
Epoch 160/200
457/457 - 88s - likelihood_loss: 417.3481 - mean_binary_crossentropy: 0.0070 - loss: 417.0107 - val_likelihood_loss: 1322.5481 - val_mean_binary_crossentropy: 0.0220 - val_loss: 1311.3850
Epoch 161/200
457/457 - 88s - likelihood_loss: 421.2657 - mean_binary_crossentropy: 0.0070 - loss: 421.0802 - val_likelihood_loss: 1213.6788 - val_mean_binary_crossentropy: 0.0202 - val_loss: 1194.2216
Epoch 162/200
457/457 - 88s - likelihood_loss: 444.0554 - mean_binary_crossentropy: 0.0074 - loss: 443.9169 - val_likelihood_loss: 1205.3624 - val_mean_binary_crossentropy: 0.0201 - val_loss: 1185.6768
Epoch 163/200
457/457 - 89s - likelihood_loss: 428.1296 - mean_binary_crossentropy: 0.0071 - loss: 427.8747 - val_likelihood_loss: 1220.8359 - val_mean_binary_crossentropy: 0.0203 - val_loss: 1201.5089
Epoch 164/200
457/457 - 88s - likelihood_loss: 420.5836 - mean_binary_crossentropy: 0.0070 - loss: 420.4292 - val_likelihood_loss: 1417.6837 - val_mean_binary_crossentropy: 0.0236 - val_loss: 1395.0477
Epoch 165/200
457/457 - 89s - likelihood_loss: 413.6537 - mean_binary_crossentropy: 0.0069 - loss: 413.5338 - val_likelihood_loss: 1301.7261 - val_mean_binary_crossentropy: 0.0217 - val_loss: 1283.4742
Epoch 166/200
457/457 - 88s - likelihood_loss: 408.6147 - mean_binary_crossentropy: 0.0068 - loss: 408.4704 - val_likelihood_loss: 1276.5089 - val_mean_binary_crossentropy: 0.0213 - val_loss: 1254.4962
Epoch 167/200
457/457 - 88s - likelihood_loss: 408.6617 - mean_binary_crossentropy: 0.0068 - loss: 408.5297 - val_likelihood_loss: 1207.7443 - val_mean_binary_crossentropy: 0.0201 - val_loss: 1192.4963
Epoch 168/200
457/457 - 89s - likelihood_loss: 405.9877 - mean_binary_crossentropy: 0.0068 - loss: 405.8439 - val_likelihood_loss: 1216.9614 - val_mean_binary_crossentropy: 0.0203 - val_loss: 1200.0936
Epoch 169/200
457/457 - 88s - likelihood_loss: 409.3280 - mean_binary_crossentropy: 0.0068 - loss: 409.1935 - val_likelihood_loss: 1246.7467 - val_mean_binary_crossentropy: 0.0208 - val_loss: 1227.4954
Epoch 170/200
457/457 - 88s - likelihood_loss: 420.9079 - mean_binary_crossentropy: 0.0070 - loss: 420.8047 - val_likelihood_loss: 1256.1663 - val_mean_binary_crossentropy: 0.0209 - val_loss: 1238.8595
Epoch 171/200
457/457 - 88s - likelihood_loss: 428.1819 - mean_binary_crossentropy: 0.0071 - loss: 428.0317 - val_likelihood_loss: 1256.2036 - val_mean_binary_crossentropy: 0.0209 - val_loss: 1238.5713
Epoch 172/200
457/457 - 88s - likelihood_loss: 419.0994 - mean_binary_crossentropy: 0.0070 - loss: 418.9486 - val_likelihood_loss: 1217.7101 - val_mean_binary_crossentropy: 0.0203 - val_loss: 1203.4258
Epoch 173/200
457/457 - 88s - likelihood_loss: 421.8387 - mean_binary_crossentropy: 0.0070 - loss: 421.6770 - val_likelihood_loss: 1257.8344 - val_mean_binary_crossentropy: 0.0210 - val_loss: 1235.4421
Epoch 174/200
457/457 - 88s - likelihood_loss: 415.8982 - mean_binary_crossentropy: 0.0069 - loss: 415.7720 - val_likelihood_loss: 1324.6895 - val_mean_binary_crossentropy: 0.0221 - val_loss: 1298.0225
Epoch 175/200
457/457 - 89s - likelihood_loss: 409.0790 - mean_binary_crossentropy: 0.0068 - loss: 408.9032 - val_likelihood_loss: 1311.2938 - val_mean_binary_crossentropy: 0.0219 - val_loss: 1286.7075
Epoch 176/200
457/457 - 88s - likelihood_loss: 404.0225 - mean_binary_crossentropy: 0.0067 - loss: 403.8619 - val_likelihood_loss: 1407.0219 - val_mean_binary_crossentropy: 0.0235 - val_loss: 1379.7190
Epoch 177/200
457/457 - 89s - likelihood_loss: 404.6326 - mean_binary_crossentropy: 0.0067 - loss: 404.4782 - val_likelihood_loss: 1305.5186 - val_mean_binary_crossentropy: 0.0218 - val_loss: 1280.2300
Epoch 178/200
457/457 - 89s - likelihood_loss: 403.9542 - mean_binary_crossentropy: 0.0067 - loss: 403.7525 - val_likelihood_loss: 1285.8878 - val_mean_binary_crossentropy: 0.0214 - val_loss: 1264.8534
Epoch 179/200
457/457 - 88s - likelihood_loss: 400.0793 - mean_binary_crossentropy: 0.0067 - loss: 399.8348 - val_likelihood_loss: 1208.8346 - val_mean_binary_crossentropy: 0.0201 - val_loss: 1190.3169
Epoch 180/200
457/457 - 89s - likelihood_loss: 392.2287 - mean_binary_crossentropy: 0.0065 - loss: 392.0642 - val_likelihood_loss: 1299.0237 - val_mean_binary_crossentropy: 0.0217 - val_loss: 1273.9852
Epoch 181/200
457/457 - 89s - likelihood_loss: 395.8980 - mean_binary_crossentropy: 0.0066 - loss: 395.6199 - val_likelihood_loss: 1291.7981 - val_mean_binary_crossentropy: 0.0215 - val_loss: 1268.0955
Epoch 182/200
457/457 - 88s - likelihood_loss: 396.5384 - mean_binary_crossentropy: 0.0066 - loss: 396.3459 - val_likelihood_loss: 1586.5659 - val_mean_binary_crossentropy: 0.0264 - val_loss: 1559.8885
Epoch 183/200
457/457 - 88s - likelihood_loss: 397.1252 - mean_binary_crossentropy: 0.0066 - loss: 396.9720 - val_likelihood_loss: 1457.1458 - val_mean_binary_crossentropy: 0.0243 - val_loss: 1430.5576
Epoch 184/200
457/457 - 88s - likelihood_loss: 399.6679 - mean_binary_crossentropy: 0.0067 - loss: 399.5257 - val_likelihood_loss: 1303.7695 - val_mean_binary_crossentropy: 0.0217 - val_loss: 1282.6613
Epoch 185/200
457/457 - 88s - likelihood_loss: 389.4310 - mean_binary_crossentropy: 0.0065 - loss: 389.2844 - val_likelihood_loss: 1401.2922 - val_mean_binary_crossentropy: 0.0234 - val_loss: 1373.7629
Epoch 186/200
457/457 - 89s - likelihood_loss: 393.3302 - mean_binary_crossentropy: 0.0066 - loss: 393.1359 - val_likelihood_loss: 1283.4846 - val_mean_binary_crossentropy: 0.0214 - val_loss: 1262.0726
Epoch 187/200
457/457 - 88s - likelihood_loss: 394.4756 - mean_binary_crossentropy: 0.0066 - loss: 394.3288 - val_likelihood_loss: 1303.3315 - val_mean_binary_crossentropy: 0.0217 - val_loss: 1281.9387
Epoch 188/200
457/457 - 88s - likelihood_loss: 391.1397 - mean_binary_crossentropy: 0.0065 - loss: 390.9736 - val_likelihood_loss: 1336.5612 - val_mean_binary_crossentropy: 0.0223 - val_loss: 1311.5096
Epoch 189/200
457/457 - 88s - likelihood_loss: 393.7733 - mean_binary_crossentropy: 0.0066 - loss: 393.5637 - val_likelihood_loss: 1264.4775 - val_mean_binary_crossentropy: 0.0211 - val_loss: 1245.2518
Epoch 190/200
457/457 - 88s - likelihood_loss: 405.6635 - mean_binary_crossentropy: 0.0068 - loss: 405.4472 - val_likelihood_loss: 1258.7203 - val_mean_binary_crossentropy: 0.0210 - val_loss: 1239.4045
Epoch 191/200
457/457 - 88s - likelihood_loss: 395.4682 - mean_binary_crossentropy: 0.0066 - loss: 395.2270 - val_likelihood_loss: 1258.3206 - val_mean_binary_crossentropy: 0.0210 - val_loss: 1239.2896
Epoch 192/200
457/457 - 89s - likelihood_loss: 385.6035 - mean_binary_crossentropy: 0.0064 - loss: 385.4144 - val_likelihood_loss: 1258.8546 - val_mean_binary_crossentropy: 0.0210 - val_loss: 1244.6769
Epoch 193/200
457/457 - 88s - likelihood_loss: 385.9109 - mean_binary_crossentropy: 0.0064 - loss: 385.7412 - val_likelihood_loss: 1228.0431 - val_mean_binary_crossentropy: 0.0205 - val_loss: 1209.3805
Epoch 194/200
457/457 - 88s - likelihood_loss: 418.5611 - mean_binary_crossentropy: 0.0070 - loss: 418.4288 - val_likelihood_loss: 1234.1375 - val_mean_binary_crossentropy: 0.0206 - val_loss: 1214.5488
Epoch 195/200
457/457 - 88s - likelihood_loss: 393.3575 - mean_binary_crossentropy: 0.0066 - loss: 393.1382 - val_likelihood_loss: 1290.2435 - val_mean_binary_crossentropy: 0.0215 - val_loss: 1269.4374
Epoch 196/200
457/457 - 88s - likelihood_loss: 387.9995 - mean_binary_crossentropy: 0.0065 - loss: 387.8380 - val_likelihood_loss: 1361.4729 - val_mean_binary_crossentropy: 0.0227 - val_loss: 1337.4236
Epoch 197/200
457/457 - 88s - likelihood_loss: 382.4221 - mean_binary_crossentropy: 0.0064 - loss: 382.2524 - val_likelihood_loss: 1334.0322 - val_mean_binary_crossentropy: 0.0222 - val_loss: 1311.0782
Epoch 198/200
457/457 - 88s - likelihood_loss: 384.7509 - mean_binary_crossentropy: 0.0064 - loss: 384.6023 - val_likelihood_loss: 1340.3065 - val_mean_binary_crossentropy: 0.0223 - val_loss: 1318.0599
Epoch 199/200
457/457 - 88s - likelihood_loss: 382.3253 - mean_binary_crossentropy: 0.0064 - loss: 382.1773 - val_likelihood_loss: 1297.8646 - val_mean_binary_crossentropy: 0.0216 - val_loss: 1272.9198
Epoch 200/200
457/457 - 89s - likelihood_loss: 381.0871 - mean_binary_crossentropy: 0.0064 - loss: 380.8843 - val_likelihood_loss: 1388.9713 - val_mean_binary_crossentropy: 0.0231 - val_loss: 1361.9877
Total time elapsed for training = 22463.158882141113 seconds
Training finished at 2020-07-08 04:58:00.463002
Saved model to disk (.h5)
Pickled training history
