LAYER_NAME: encoder_1a
2020-07-23 12:53:57.766021: I tensorflow_io/core/kernels/cpu_check.cc:128] Your CPU supports instructions that this TensorFlow IO binary was not compiled to use: AVX2 AVX512F FMA
2020-07-23 12:54:00.169771: I tensorflow/stream_executor/platform/default/dso_loader.cc:44] Successfully opened dynamic library libcuda.so.1
2020-07-23 12:54:00.270239: I tensorflow/core/common_runtime/gpu/gpu_device.cc:1561] Found device 0 with properties: 
pciBusID: 0000:1d:00.0 name: GeForce RTX 2080 Ti computeCapability: 7.5
coreClock: 1.545GHz coreCount: 68 deviceMemorySize: 10.73GiB deviceMemoryBandwidth: 573.69GiB/s
2020-07-23 12:54:00.272315: I tensorflow/core/common_runtime/gpu/gpu_device.cc:1561] Found device 1 with properties: 
pciBusID: 0000:1e:00.0 name: GeForce RTX 2080 Ti computeCapability: 7.5
coreClock: 1.545GHz coreCount: 68 deviceMemorySize: 10.73GiB deviceMemoryBandwidth: 573.69GiB/s
2020-07-23 12:54:00.278909: I tensorflow/stream_executor/platform/default/dso_loader.cc:44] Successfully opened dynamic library libcudart.so.10.1
2020-07-23 12:54:00.398096: I tensorflow/stream_executor/platform/default/dso_loader.cc:44] Successfully opened dynamic library libcublas.so.10
2020-07-23 12:54:00.436252: I tensorflow/stream_executor/platform/default/dso_loader.cc:44] Successfully opened dynamic library libcufft.so.10
2020-07-23 12:54:00.486153: I tensorflow/stream_executor/platform/default/dso_loader.cc:44] Successfully opened dynamic library libcurand.so.10
2020-07-23 12:54:00.575583: I tensorflow/stream_executor/platform/default/dso_loader.cc:44] Successfully opened dynamic library libcusolver.so.10
2020-07-23 12:54:00.663587: I tensorflow/stream_executor/platform/default/dso_loader.cc:44] Successfully opened dynamic library libcusparse.so.10
2020-07-23 12:54:00.971539: I tensorflow/stream_executor/platform/default/dso_loader.cc:44] Successfully opened dynamic library libcudnn.so.7
2020-07-23 12:54:00.979816: I tensorflow/core/common_runtime/gpu/gpu_device.cc:1703] Adding visible gpu devices: 0, 1
2020-07-23 12:54:02.492731: I tensorflow/core/platform/cpu_feature_guard.cc:143] Your CPU supports instructions that this TensorFlow binary was not compiled to use: AVX2 AVX512F FMA
2020-07-23 12:54:02.502799: I tensorflow/core/platform/profile_utils/cpu_utils.cc:102] CPU Frequency: 2100000000 Hz
2020-07-23 12:54:02.503553: I tensorflow/compiler/xla/service/service.cc:168] XLA service 0x558e25bbf970 initialized for platform Host (this does not guarantee that XLA will be used). Devices:
2020-07-23 12:54:02.503578: I tensorflow/compiler/xla/service/service.cc:176]   StreamExecutor device (0): Host, Default Version
2020-07-23 12:54:02.766985: I tensorflow/compiler/xla/service/service.cc:168] XLA service 0x558e25c29960 initialized for platform CUDA (this does not guarantee that XLA will be used). Devices:
2020-07-23 12:54:02.767019: I tensorflow/compiler/xla/service/service.cc:176]   StreamExecutor device (0): GeForce RTX 2080 Ti, Compute Capability 7.5
2020-07-23 12:54:02.767026: I tensorflow/compiler/xla/service/service.cc:176]   StreamExecutor device (1): GeForce RTX 2080 Ti, Compute Capability 7.5
2020-07-23 12:54:02.772403: I tensorflow/core/common_runtime/gpu/gpu_device.cc:1561] Found device 0 with properties: 
pciBusID: 0000:1d:00.0 name: GeForce RTX 2080 Ti computeCapability: 7.5
coreClock: 1.545GHz coreCount: 68 deviceMemorySize: 10.73GiB deviceMemoryBandwidth: 573.69GiB/s
2020-07-23 12:54:02.774374: I tensorflow/core/common_runtime/gpu/gpu_device.cc:1561] Found device 1 with properties: 
pciBusID: 0000:1e:00.0 name: GeForce RTX 2080 Ti computeCapability: 7.5
coreClock: 1.545GHz coreCount: 68 deviceMemorySize: 10.73GiB deviceMemoryBandwidth: 573.69GiB/s
2020-07-23 12:54:02.774410: I tensorflow/stream_executor/platform/default/dso_loader.cc:44] Successfully opened dynamic library libcudart.so.10.1
2020-07-23 12:54:02.774424: I tensorflow/stream_executor/platform/default/dso_loader.cc:44] Successfully opened dynamic library libcublas.so.10
2020-07-23 12:54:02.774436: I tensorflow/stream_executor/platform/default/dso_loader.cc:44] Successfully opened dynamic library libcufft.so.10
2020-07-23 12:54:02.774453: I tensorflow/stream_executor/platform/default/dso_loader.cc:44] Successfully opened dynamic library libcurand.so.10
2020-07-23 12:54:02.774464: I tensorflow/stream_executor/platform/default/dso_loader.cc:44] Successfully opened dynamic library libcusolver.so.10
2020-07-23 12:54:02.774475: I tensorflow/stream_executor/platform/default/dso_loader.cc:44] Successfully opened dynamic library libcusparse.so.10
2020-07-23 12:54:02.774487: I tensorflow/stream_executor/platform/default/dso_loader.cc:44] Successfully opened dynamic library libcudnn.so.7
2020-07-23 12:54:02.782031: I tensorflow/core/common_runtime/gpu/gpu_device.cc:1703] Adding visible gpu devices: 0, 1
2020-07-23 12:54:02.782072: I tensorflow/stream_executor/platform/default/dso_loader.cc:44] Successfully opened dynamic library libcudart.so.10.1
2020-07-23 12:54:02.786554: I tensorflow/core/common_runtime/gpu/gpu_device.cc:1102] Device interconnect StreamExecutor with strength 1 edge matrix:
2020-07-23 12:54:02.786570: I tensorflow/core/common_runtime/gpu/gpu_device.cc:1108]      0 1 
2020-07-23 12:54:02.786579: I tensorflow/core/common_runtime/gpu/gpu_device.cc:1121] 0:   N N 
2020-07-23 12:54:02.786585: I tensorflow/core/common_runtime/gpu/gpu_device.cc:1121] 1:   N N 
2020-07-23 12:54:02.793677: I tensorflow/core/common_runtime/gpu/gpu_device.cc:1247] Created TensorFlow device (/job:localhost/replica:0/task:0/device:GPU:0 with 10176 MB memory) -> physical GPU (device: 0, name: GeForce RTX 2080 Ti, pci bus id: 0000:1d:00.0, compute capability: 7.5)
2020-07-23 12:54:02.796226: I tensorflow/core/common_runtime/gpu/gpu_device.cc:1247] Created TensorFlow device (/job:localhost/replica:0/task:0/device:GPU:1 with 10176 MB memory) -> physical GPU (device: 1, name: GeForce RTX 2080 Ti, pci bus id: 0000:1e:00.0, compute capability: 7.5)
WARNING:tensorflow:From /home/hauthj/.conda/envs/gpu-env/lib/python3.8/site-packages/tensorflow_probability/python/layers/util.py:99: Layer.add_variable (from tensorflow.python.keras.engine.base_layer) is deprecated and will be removed in a future version.
Instructions for updating:
Please use `layer.add_weight` method instead.
2020-07-23 12:57:03.810194: I tensorflow/stream_executor/platform/default/dso_loader.cc:44] Successfully opened dynamic library libcudnn.so.7
2020-07-23 12:57:12.765750: I tensorflow/stream_executor/platform/default/dso_loader.cc:44] Successfully opened dynamic library libcublas.so.10
2020-07-23 12:57:17.834219: W tensorflow/core/common_runtime/bfc_allocator.cc:245] Allocator (GPU_1_bfc) ran out of memory trying to allocate 2.86GiB with freed_by_count=0. The caller indicates that this is not a failure, but may mean that there could be performance gains if more memory were available.
2020-07-23 12:57:17.834272: W tensorflow/core/common_runtime/bfc_allocator.cc:245] Allocator (GPU_1_bfc) ran out of memory trying to allocate 2.86GiB with freed_by_count=0. The caller indicates that this is not a failure, but may mean that there could be performance gains if more memory were available.
2020-07-23 12:57:18.025937: W tensorflow/core/common_runtime/bfc_allocator.cc:245] Allocator (GPU_1_bfc) ran out of memory trying to allocate 2.86GiB with freed_by_count=0. The caller indicates that this is not a failure, but may mean that there could be performance gains if more memory were available.
2020-07-23 12:57:18.025968: W tensorflow/core/common_runtime/bfc_allocator.cc:245] Allocator (GPU_1_bfc) ran out of memory trying to allocate 2.86GiB with freed_by_count=0. The caller indicates that this is not a failure, but may mean that there could be performance gains if more memory were available.
2020-07-23 12:57:18.259210: W tensorflow/core/common_runtime/bfc_allocator.cc:245] Allocator (GPU_0_bfc) ran out of memory trying to allocate 2.86GiB with freed_by_count=0. The caller indicates that this is not a failure, but may mean that there could be performance gains if more memory were available.
2020-07-23 12:57:18.259931: W tensorflow/core/common_runtime/bfc_allocator.cc:245] Allocator (GPU_0_bfc) ran out of memory trying to allocate 2.86GiB with freed_by_count=0. The caller indicates that this is not a failure, but may mean that there could be performance gains if more memory were available.
2020-07-23 12:57:18.455921: W tensorflow/core/common_runtime/bfc_allocator.cc:245] Allocator (GPU_0_bfc) ran out of memory trying to allocate 2.86GiB with freed_by_count=0. The caller indicates that this is not a failure, but may mean that there could be performance gains if more memory were available.
2020-07-23 12:57:18.455949: W tensorflow/core/common_runtime/bfc_allocator.cc:245] Allocator (GPU_0_bfc) ran out of memory trying to allocate 2.86GiB with freed_by_count=0. The caller indicates that this is not a failure, but may mean that there could be performance gains if more memory were available.
2.2.0
Listing all GPU resources:
[PhysicalDevice(name='/physical_device:GPU:0', device_type='GPU'), PhysicalDevice(name='/physical_device:GPU:1', device_type='GPU')]

0.10.0
------------------------------
Constructing model...
------------------------------

Input size: (None, 144, 144, 4)
Output size: (None, 144, 144, 1)
Model summary:
Model: "model_encoder_1a"
__________________________________________________________________________________________________
Layer (type)                    Output Shape         Param #     Connected to                     
==================================================================================================
input_layer (InputLayer)        [(None, 144, 144, 4) 0                                            
__________________________________________________________________________________________________
encoder_1_a (Conv2DFlipout)     (None, 144, 144, 32) 2368        input_layer[0][0]                
__________________________________________________________________________________________________
encoder_1_b (Conv2D)            (None, 144, 144, 32) 9248        encoder_1_a[0][0]                
__________________________________________________________________________________________________
downsample_1 (MaxPooling2D)     (None, 72, 72, 32)   0           encoder_1_b[0][0]                
__________________________________________________________________________________________________
encoder_2_a (Conv2D)            (None, 72, 72, 64)   18496       downsample_1[0][0]               
__________________________________________________________________________________________________
encoder_2_b (Conv2D)            (None, 72, 72, 64)   36928       encoder_2_a[0][0]                
__________________________________________________________________________________________________
downsample_2 (MaxPooling2D)     (None, 36, 36, 64)   0           encoder_2_b[0][0]                
__________________________________________________________________________________________________
encoder_3_a (Conv2D)            (None, 36, 36, 128)  73856       downsample_2[0][0]               
__________________________________________________________________________________________________
encoder_3_b (Conv2D)            (None, 36, 36, 128)  147584      encoder_3_a[0][0]                
__________________________________________________________________________________________________
downsample_3 (MaxPooling2D)     (None, 18, 18, 128)  0           encoder_3_b[0][0]                
__________________________________________________________________________________________________
encoder_4_a (Conv2D)            (None, 18, 18, 256)  295168      downsample_3[0][0]               
__________________________________________________________________________________________________
encoder_4_b (Conv2D)            (None, 18, 18, 256)  590080      encoder_4_a[0][0]                
__________________________________________________________________________________________________
downsample_4 (MaxPooling2D)     (None, 9, 9, 256)    0           encoder_4_b[0][0]                
__________________________________________________________________________________________________
encoder_5_a (Conv2D)            (None, 9, 9, 512)    1180160     downsample_4[0][0]               
__________________________________________________________________________________________________
encoder_5_b (Conv2D)            (None, 9, 9, 512)    2359808     encoder_5_a[0][0]                
__________________________________________________________________________________________________
upsample_4 (UpSampling2D)       (None, 18, 18, 512)  0           encoder_5_b[0][0]                
__________________________________________________________________________________________________
concat_4 (Concatenate)          (None, 18, 18, 768)  0           upsample_4[0][0]                 
                                                                 encoder_4_b[0][0]                
__________________________________________________________________________________________________
decoder_4_a (Conv2D)            (None, 18, 18, 256)  1769728     concat_4[0][0]                   
__________________________________________________________________________________________________
decoder_4_b (Conv2D)            (None, 18, 18, 256)  590080      decoder_4_a[0][0]                
__________________________________________________________________________________________________
upsample_3 (UpSampling2D)       (None, 36, 36, 256)  0           decoder_4_b[0][0]                
__________________________________________________________________________________________________
concat_3 (Concatenate)          (None, 36, 36, 384)  0           upsample_3[0][0]                 
                                                                 encoder_3_b[0][0]                
__________________________________________________________________________________________________
decoder_3_a (Conv2D)            (None, 36, 36, 128)  442496      concat_3[0][0]                   
__________________________________________________________________________________________________
decoder_3_b (Conv2D)            (None, 36, 36, 128)  147584      decoder_3_a[0][0]                
__________________________________________________________________________________________________
upsample_2 (UpSampling2D)       (None, 72, 72, 128)  0           decoder_3_b[0][0]                
__________________________________________________________________________________________________
concat_2 (Concatenate)          (None, 72, 72, 192)  0           upsample_2[0][0]                 
                                                                 encoder_2_b[0][0]                
__________________________________________________________________________________________________
decoder_2_a (Conv2D)            (None, 72, 72, 64)   110656      concat_2[0][0]                   
__________________________________________________________________________________________________
decoder_2_b (Conv2D)            (None, 72, 72, 64)   36928       decoder_2_a[0][0]                
__________________________________________________________________________________________________
upsample_1 (UpSampling2D)       (None, 144, 144, 64) 0           decoder_2_b[0][0]                
__________________________________________________________________________________________________
concat_1 (Concatenate)          (None, 144, 144, 96) 0           upsample_1[0][0]                 
                                                                 encoder_1_b[0][0]                
__________________________________________________________________________________________________
decoder_1_a (Conv2D)            (None, 144, 144, 32) 27680       concat_1[0][0]                   
__________________________________________________________________________________________________
decoder_1_b (Conv2D)            (None, 144, 144, 32) 9248        decoder_1_a[0][0]                
__________________________________________________________________________________________________
output_layer (Conv2D)           (None, 144, 144, 1)  33          decoder_1_b[0][0]                
==================================================================================================
Total params: 7,848,129
Trainable params: 7,848,129
Non-trainable params: 0
__________________________________________________________________________________________________
None
Model losses:
[<tf.Tensor: shape=(), dtype=float32, numpy=10030.966>, <tf.Tensor: shape=(), dtype=float32, numpy=278.22766>]
------------------------------
Loading training and testing data...
------------------------------
------------------------------
Fitting model with training data ...
------------------------------
Training the model started at 2020-07-23 12:55:40.912384
Epoch 1/400
229/229 - 109s - likelihood_loss: 3856.4890 - loss: 14157.3535 - mean_binary_crossentropy: 0.0643 - val_likelihood_loss: 3186.5823 - val_loss: 13460.3936 - val_mean_binary_crossentropy: 0.0531
Epoch 2/400
229/229 - 104s - likelihood_loss: 1716.2285 - loss: 11985.2725 - mean_binary_crossentropy: 0.0286 - val_likelihood_loss: 3632.3667 - val_loss: 13883.5654 - val_mean_binary_crossentropy: 0.0605
Epoch 3/400
229/229 - 104s - likelihood_loss: 1434.8313 - loss: 11677.5020 - mean_binary_crossentropy: 0.0239 - val_likelihood_loss: 2739.8892 - val_loss: 12966.5254 - val_mean_binary_crossentropy: 0.0457
Epoch 4/400
229/229 - 104s - likelihood_loss: 1289.4894 - loss: 11506.2158 - mean_binary_crossentropy: 0.0215 - val_likelihood_loss: 2087.3462 - val_loss: 12288.4102 - val_mean_binary_crossentropy: 0.0348
Epoch 5/400
229/229 - 104s - likelihood_loss: 1188.5669 - loss: 11379.0557 - mean_binary_crossentropy: 0.0198 - val_likelihood_loss: 1791.1542 - val_loss: 11966.1689 - val_mean_binary_crossentropy: 0.0299
Epoch 6/400
229/229 - 104s - likelihood_loss: 1105.0082 - loss: 11269.3389 - mean_binary_crossentropy: 0.0184 - val_likelihood_loss: 1469.3517 - val_loss: 11618.1182 - val_mean_binary_crossentropy: 0.0245
Epoch 7/400
229/229 - 104s - likelihood_loss: 1043.7097 - loss: 11181.7246 - mean_binary_crossentropy: 0.0174 - val_likelihood_loss: 1581.5294 - val_loss: 11704.0615 - val_mean_binary_crossentropy: 0.0264
Epoch 8/400
229/229 - 104s - likelihood_loss: 983.1656 - loss: 11094.7568 - mean_binary_crossentropy: 0.0164 - val_likelihood_loss: 1446.6866 - val_loss: 11542.5459 - val_mean_binary_crossentropy: 0.0241
Epoch 9/400
229/229 - 104s - likelihood_loss: 950.4700 - loss: 11035.6904 - mean_binary_crossentropy: 0.0158 - val_likelihood_loss: 1113.1541 - val_loss: 11182.3691 - val_mean_binary_crossentropy: 0.0186
Epoch 10/400
229/229 - 104s - likelihood_loss: 931.2253 - loss: 10989.7139 - mean_binary_crossentropy: 0.0155 - val_likelihood_loss: 1672.5385 - val_loss: 11716.6895 - val_mean_binary_crossentropy: 0.0279
Epoch 11/400
229/229 - 104s - likelihood_loss: 882.7194 - loss: 10914.5791 - mean_binary_crossentropy: 0.0147 - val_likelihood_loss: 1085.2050 - val_loss: 11101.0898 - val_mean_binary_crossentropy: 0.0181
Epoch 12/400
229/229 - 104s - likelihood_loss: 828.0346 - loss: 10833.3291 - mean_binary_crossentropy: 0.0138 - val_likelihood_loss: 1813.6582 - val_loss: 11804.1309 - val_mean_binary_crossentropy: 0.0302
Epoch 13/400
229/229 - 104s - likelihood_loss: 824.2182 - loss: 10802.7852 - mean_binary_crossentropy: 0.0137 - val_likelihood_loss: 1122.7411 - val_loss: 11085.4492 - val_mean_binary_crossentropy: 0.0187
Epoch 14/400
229/229 - 104s - likelihood_loss: 786.9655 - loss: 10737.7480 - mean_binary_crossentropy: 0.0131 - val_likelihood_loss: 2980.9802 - val_loss: 12919.5674 - val_mean_binary_crossentropy: 0.0497
Epoch 15/400
229/229 - 104s - likelihood_loss: 848.0096 - loss: 10773.3184 - mean_binary_crossentropy: 0.0141 - val_likelihood_loss: 1158.7333 - val_loss: 11066.5820 - val_mean_binary_crossentropy: 0.0193
Epoch 16/400
229/229 - 104s - likelihood_loss: 737.5953 - loss: 10636.3828 - mean_binary_crossentropy: 0.0123 - val_likelihood_loss: 1391.6139 - val_loss: 11273.8457 - val_mean_binary_crossentropy: 0.0232
Epoch 17/400
229/229 - 104s - likelihood_loss: 730.0049 - loss: 10602.0146 - mean_binary_crossentropy: 0.0122 - val_likelihood_loss: 1148.6730 - val_loss: 11003.7080 - val_mean_binary_crossentropy: 0.0191
Epoch 18/400
229/229 - 103s - likelihood_loss: 693.2089 - loss: 10538.4082 - mean_binary_crossentropy: 0.0116 - val_likelihood_loss: 1416.5454 - val_loss: 11245.3506 - val_mean_binary_crossentropy: 0.0236
Epoch 19/400
229/229 - 104s - likelihood_loss: 680.5970 - loss: 10499.0713 - mean_binary_crossentropy: 0.0113 - val_likelihood_loss: 1269.9852 - val_loss: 11071.8516 - val_mean_binary_crossentropy: 0.0212
Epoch 20/400
229/229 - 104s - likelihood_loss: 666.3953 - loss: 10458.1562 - mean_binary_crossentropy: 0.0111 - val_likelihood_loss: 1195.7904 - val_loss: 10970.3516 - val_mean_binary_crossentropy: 0.0199
Epoch 21/400
229/229 - 104s - likelihood_loss: 671.6281 - loss: 10436.1680 - mean_binary_crossentropy: 0.0112 - val_likelihood_loss: 1228.1522 - val_loss: 10977.5312 - val_mean_binary_crossentropy: 0.0205
Epoch 22/400
229/229 - 104s - likelihood_loss: 651.7089 - loss: 10389.4033 - mean_binary_crossentropy: 0.0109 - val_likelihood_loss: 1954.7052 - val_loss: 11678.4697 - val_mean_binary_crossentropy: 0.0326
Epoch 23/400
229/229 - 104s - likelihood_loss: 673.8580 - loss: 10384.0615 - mean_binary_crossentropy: 0.0112 - val_likelihood_loss: 1431.8776 - val_loss: 11126.0967 - val_mean_binary_crossentropy: 0.0239
Epoch 24/400
229/229 - 104s - likelihood_loss: 645.0809 - loss: 10329.2402 - mean_binary_crossentropy: 0.0108 - val_likelihood_loss: 1820.3190 - val_loss: 11491.0596 - val_mean_binary_crossentropy: 0.0303
Epoch 25/400
229/229 - 104s - likelihood_loss: 607.1156 - loss: 10264.2539 - mean_binary_crossentropy: 0.0101 - val_likelihood_loss: 1377.4995 - val_loss: 11016.2412 - val_mean_binary_crossentropy: 0.0230
Epoch 26/400
229/229 - 104s - likelihood_loss: 590.7820 - loss: 10221.2041 - mean_binary_crossentropy: 0.0098 - val_likelihood_loss: 1440.2528 - val_loss: 11056.6025 - val_mean_binary_crossentropy: 0.0240
Epoch 27/400
229/229 - 104s - likelihood_loss: 589.5225 - loss: 10193.5723 - mean_binary_crossentropy: 0.0098 - val_likelihood_loss: 1146.2070 - val_loss: 10732.0312 - val_mean_binary_crossentropy: 0.0191
Epoch 28/400
229/229 - 104s - likelihood_loss: 588.8166 - loss: 10166.2451 - mean_binary_crossentropy: 0.0098 - val_likelihood_loss: 1147.4666 - val_loss: 10707.8232 - val_mean_binary_crossentropy: 0.0191
Epoch 29/400
229/229 - 104s - likelihood_loss: 562.4661 - loss: 10113.1670 - mean_binary_crossentropy: 0.0094 - val_likelihood_loss: 1109.6796 - val_loss: 10643.9473 - val_mean_binary_crossentropy: 0.0185
Epoch 30/400
229/229 - 104s - likelihood_loss: 546.5068 - loss: 10070.3320 - mean_binary_crossentropy: 0.0091 - val_likelihood_loss: 1270.7665 - val_loss: 10775.1855 - val_mean_binary_crossentropy: 0.0212
Epoch 31/400
229/229 - 104s - likelihood_loss: 559.7755 - loss: 10056.4707 - mean_binary_crossentropy: 0.0093 - val_likelihood_loss: 1697.0725 - val_loss: 11179.0117 - val_mean_binary_crossentropy: 0.0283
Epoch 32/400
229/229 - 104s - likelihood_loss: 549.1501 - loss: 10019.2930 - mean_binary_crossentropy: 0.0092 - val_likelihood_loss: 1477.3759 - val_loss: 10924.1689 - val_mean_binary_crossentropy: 0.0246
Epoch 33/400
229/229 - 104s - likelihood_loss: 545.0941 - loss: 9988.4268 - mean_binary_crossentropy: 0.0091 - val_likelihood_loss: 1434.6515 - val_loss: 10862.2354 - val_mean_binary_crossentropy: 0.0239
Epoch 34/400
229/229 - 104s - likelihood_loss: 531.7820 - loss: 9948.1357 - mean_binary_crossentropy: 0.0089 - val_likelihood_loss: 1251.3964 - val_loss: 10649.3252 - val_mean_binary_crossentropy: 0.0209
Epoch 35/400
229/229 - 104s - likelihood_loss: 515.1995 - loss: 9904.7227 - mean_binary_crossentropy: 0.0086 - val_likelihood_loss: 1620.4534 - val_loss: 10995.3672 - val_mean_binary_crossentropy: 0.0270
Epoch 36/400
229/229 - 104s - likelihood_loss: 503.9130 - loss: 9866.9951 - mean_binary_crossentropy: 0.0084 - val_likelihood_loss: 1107.7358 - val_loss: 10454.2314 - val_mean_binary_crossentropy: 0.0185
Epoch 37/400
229/229 - 104s - likelihood_loss: 516.5794 - loss: 9852.8672 - mean_binary_crossentropy: 0.0086 - val_likelihood_loss: 1233.2529 - val_loss: 10552.0654 - val_mean_binary_crossentropy: 0.0206
Epoch 38/400
229/229 - 104s - likelihood_loss: 506.3959 - loss: 9815.6826 - mean_binary_crossentropy: 0.0084 - val_likelihood_loss: 1253.0164 - val_loss: 10546.8418 - val_mean_binary_crossentropy: 0.0209
Epoch 39/400
229/229 - 104s - likelihood_loss: 498.0420 - loss: 9780.5186 - mean_binary_crossentropy: 0.0083 - val_likelihood_loss: 1292.7468 - val_loss: 10556.3047 - val_mean_binary_crossentropy: 0.0215
Epoch 40/400
229/229 - 104s - likelihood_loss: 496.3660 - loss: 9751.5840 - mean_binary_crossentropy: 0.0083 - val_likelihood_loss: 1506.3405 - val_loss: 10745.3867 - val_mean_binary_crossentropy: 0.0251
Epoch 41/400
229/229 - 104s - likelihood_loss: 485.5746 - loss: 9713.9941 - mean_binary_crossentropy: 0.0081 - val_likelihood_loss: 1206.0886 - val_loss: 10415.8936 - val_mean_binary_crossentropy: 0.0201
Epoch 42/400
229/229 - 104s - likelihood_loss: 487.8777 - loss: 9689.3223 - mean_binary_crossentropy: 0.0081 - val_likelihood_loss: 1863.2454 - val_loss: 11050.8379 - val_mean_binary_crossentropy: 0.0311
Epoch 43/400
229/229 - 104s - likelihood_loss: 480.6172 - loss: 9655.3896 - mean_binary_crossentropy: 0.0080 - val_likelihood_loss: 1089.2306 - val_loss: 10246.5195 - val_mean_binary_crossentropy: 0.0182
Epoch 44/400
229/229 - 104s - likelihood_loss: 485.3451 - loss: 9633.6377 - mean_binary_crossentropy: 0.0081 - val_likelihood_loss: 1328.6224 - val_loss: 10461.9062 - val_mean_binary_crossentropy: 0.0221
Epoch 45/400
229/229 - 104s - likelihood_loss: 479.4177 - loss: 9600.9893 - mean_binary_crossentropy: 0.0080 - val_likelihood_loss: 1166.9805 - val_loss: 10272.1172 - val_mean_binary_crossentropy: 0.0194
Epoch 46/400
229/229 - 104s - likelihood_loss: 479.8443 - loss: 9574.6123 - mean_binary_crossentropy: 0.0080 - val_likelihood_loss: 1235.6779 - val_loss: 10314.3184 - val_mean_binary_crossentropy: 0.0206
Epoch 47/400
229/229 - 104s - likelihood_loss: 471.0323 - loss: 9539.1982 - mean_binary_crossentropy: 0.0079 - val_likelihood_loss: 1332.7714 - val_loss: 10384.7344 - val_mean_binary_crossentropy: 0.0222
Epoch 48/400
229/229 - 104s - likelihood_loss: 458.0779 - loss: 9499.2637 - mean_binary_crossentropy: 0.0076 - val_likelihood_loss: 1331.9961 - val_loss: 10357.5010 - val_mean_binary_crossentropy: 0.0222
Epoch 49/400
229/229 - 104s - likelihood_loss: 459.0059 - loss: 9473.3916 - mean_binary_crossentropy: 0.0077 - val_likelihood_loss: 1252.6288 - val_loss: 10249.7686 - val_mean_binary_crossentropy: 0.0209
Epoch 50/400
229/229 - 104s - likelihood_loss: 501.1745 - loss: 9488.4541 - mean_binary_crossentropy: 0.0084 - val_likelihood_loss: 1498.9004 - val_loss: 10472.0820 - val_mean_binary_crossentropy: 0.0250
Epoch 51/400
229/229 - 104s - likelihood_loss: 458.8722 - loss: 9419.8496 - mean_binary_crossentropy: 0.0076 - val_likelihood_loss: 1315.6543 - val_loss: 10259.5576 - val_mean_binary_crossentropy: 0.0219
Epoch 52/400
229/229 - 104s - likelihood_loss: 451.0981 - loss: 9385.0732 - mean_binary_crossentropy: 0.0075 - val_likelihood_loss: 1258.1697 - val_loss: 10175.8613 - val_mean_binary_crossentropy: 0.0210
Epoch 53/400
229/229 - 104s - likelihood_loss: 446.4743 - loss: 9353.3535 - mean_binary_crossentropy: 0.0074 - val_likelihood_loss: 1382.6595 - val_loss: 10269.9932 - val_mean_binary_crossentropy: 0.0230
Epoch 54/400
229/229 - 104s - likelihood_loss: 455.2483 - loss: 9335.1553 - mean_binary_crossentropy: 0.0076 - val_likelihood_loss: 1330.4760 - val_loss: 10195.4863 - val_mean_binary_crossentropy: 0.0222
Epoch 55/400
229/229 - 104s - likelihood_loss: 448.3846 - loss: 9302.0830 - mean_binary_crossentropy: 0.0075 - val_likelihood_loss: 1225.3494 - val_loss: 10061.6309 - val_mean_binary_crossentropy: 0.0204
Epoch 56/400
229/229 - 104s - likelihood_loss: 436.1786 - loss: 9263.2881 - mean_binary_crossentropy: 0.0073 - val_likelihood_loss: 1238.1827 - val_loss: 10047.9023 - val_mean_binary_crossentropy: 0.0206
Epoch 57/400
229/229 - 104s - likelihood_loss: 428.4113 - loss: 9228.8252 - mean_binary_crossentropy: 0.0071 - val_likelihood_loss: 1205.6322 - val_loss: 9988.3076 - val_mean_binary_crossentropy: 0.0201
Epoch 58/400
229/229 - 104s - likelihood_loss: 430.1670 - loss: 9203.8398 - mean_binary_crossentropy: 0.0072 - val_likelihood_loss: 1241.8052 - val_loss: 9996.7910 - val_mean_binary_crossentropy: 0.0207
Epoch 59/400
229/229 - 105s - likelihood_loss: 431.5766 - loss: 9178.5762 - mean_binary_crossentropy: 0.0072 - val_likelihood_loss: 1224.4987 - val_loss: 9951.4775 - val_mean_binary_crossentropy: 0.0204
Epoch 60/400
229/229 - 105s - likelihood_loss: 428.9221 - loss: 9149.0713 - mean_binary_crossentropy: 0.0071 - val_likelihood_loss: 1295.1727 - val_loss: 9997.9102 - val_mean_binary_crossentropy: 0.0216
Epoch 61/400
229/229 - 106s - likelihood_loss: 429.2789 - loss: 9122.5693 - mean_binary_crossentropy: 0.0072 - val_likelihood_loss: 1231.3086 - val_loss: 9906.6221 - val_mean_binary_crossentropy: 0.0205
Epoch 62/400
229/229 - 106s - likelihood_loss: 429.5040 - loss: 9095.9629 - mean_binary_crossentropy: 0.0072 - val_likelihood_loss: 1257.1962 - val_loss: 9906.5645 - val_mean_binary_crossentropy: 0.0210
Epoch 63/400
229/229 - 106s - likelihood_loss: 424.2343 - loss: 9064.0283 - mean_binary_crossentropy: 0.0071 - val_likelihood_loss: 1140.9753 - val_loss: 9763.8330 - val_mean_binary_crossentropy: 0.0190
Epoch 64/400
229/229 - 106s - likelihood_loss: 422.9488 - loss: 9036.0293 - mean_binary_crossentropy: 0.0070 - val_likelihood_loss: 1243.1978 - val_loss: 9839.5312 - val_mean_binary_crossentropy: 0.0207
Epoch 65/400
229/229 - 105s - likelihood_loss: 420.2948 - loss: 9006.6250 - mean_binary_crossentropy: 0.0070 - val_likelihood_loss: 1204.3577 - val_loss: 9772.5010 - val_mean_binary_crossentropy: 0.0201
Epoch 66/400
229/229 - 106s - likelihood_loss: 425.8542 - loss: 8985.5508 - mean_binary_crossentropy: 0.0071 - val_likelihood_loss: 1268.8003 - val_loss: 9809.1055 - val_mean_binary_crossentropy: 0.0211
Epoch 67/400
229/229 - 106s - likelihood_loss: 417.0079 - loss: 8949.9766 - mean_binary_crossentropy: 0.0070 - val_likelihood_loss: 1263.1853 - val_loss: 9777.7500 - val_mean_binary_crossentropy: 0.0211
Epoch 68/400
229/229 - 106s - likelihood_loss: 412.7191 - loss: 8918.8037 - mean_binary_crossentropy: 0.0069 - val_likelihood_loss: 1261.7634 - val_loss: 9750.4688 - val_mean_binary_crossentropy: 0.0210
Epoch 69/400
229/229 - 106s - likelihood_loss: 424.4325 - loss: 8903.3389 - mean_binary_crossentropy: 0.0071 - val_likelihood_loss: 1310.5293 - val_loss: 9772.5352 - val_mean_binary_crossentropy: 0.0218
Epoch 70/400
229/229 - 106s - likelihood_loss: 434.1792 - loss: 8886.1758 - mean_binary_crossentropy: 0.0072 - val_likelihood_loss: 1215.5796 - val_loss: 9651.6797 - val_mean_binary_crossentropy: 0.0203
Epoch 71/400
229/229 - 106s - likelihood_loss: 429.8597 - loss: 8855.6289 - mean_binary_crossentropy: 0.0072 - val_likelihood_loss: 1270.1112 - val_loss: 9678.4199 - val_mean_binary_crossentropy: 0.0212
Epoch 72/400
229/229 - 106s - likelihood_loss: 415.9044 - loss: 8815.2783 - mean_binary_crossentropy: 0.0069 - val_likelihood_loss: 1383.3059 - val_loss: 9765.1855 - val_mean_binary_crossentropy: 0.0231
Epoch 73/400
229/229 - 106s - likelihood_loss: 407.5983 - loss: 8780.1885 - mean_binary_crossentropy: 0.0068 - val_likelihood_loss: 1218.8359 - val_loss: 9571.1953 - val_mean_binary_crossentropy: 0.0203
Epoch 74/400
229/229 - 106s - likelihood_loss: 414.0832 - loss: 8759.8926 - mean_binary_crossentropy: 0.0069 - val_likelihood_loss: 1322.9835 - val_loss: 9651.2666 - val_mean_binary_crossentropy: 0.0220
Epoch 75/400
229/229 - 106s - likelihood_loss: 411.2334 - loss: 8730.6631 - mean_binary_crossentropy: 0.0069 - val_likelihood_loss: 1214.5085 - val_loss: 9515.7285 - val_mean_binary_crossentropy: 0.0202
Epoch 76/400
229/229 - 106s - likelihood_loss: 409.6989 - loss: 8702.4434 - mean_binary_crossentropy: 0.0068 - val_likelihood_loss: 1285.2407 - val_loss: 9559.1777 - val_mean_binary_crossentropy: 0.0214
Epoch 77/400
229/229 - 106s - likelihood_loss: 404.1135 - loss: 8669.8545 - mean_binary_crossentropy: 0.0067 - val_likelihood_loss: 1424.8212 - val_loss: 9674.0557 - val_mean_binary_crossentropy: 0.0237
Epoch 78/400
229/229 - 106s - likelihood_loss: 404.7358 - loss: 8644.0146 - mean_binary_crossentropy: 0.0067 - val_likelihood_loss: 1270.2355 - val_loss: 9491.3125 - val_mean_binary_crossentropy: 0.0212
Epoch 79/400
229/229 - 106s - likelihood_loss: 405.0561 - loss: 8617.3555 - mean_binary_crossentropy: 0.0068 - val_likelihood_loss: 1351.6354 - val_loss: 9547.2646 - val_mean_binary_crossentropy: 0.0225
Epoch 80/400
229/229 - 106s - likelihood_loss: 406.3052 - loss: 8592.3105 - mean_binary_crossentropy: 0.0068 - val_likelihood_loss: 1239.8539 - val_loss: 9408.4805 - val_mean_binary_crossentropy: 0.0207
Epoch 81/400
229/229 - 106s - likelihood_loss: 420.5392 - loss: 8579.8682 - mean_binary_crossentropy: 0.0070 - val_likelihood_loss: 1345.6798 - val_loss: 9485.2256 - val_mean_binary_crossentropy: 0.0224
Epoch 82/400
229/229 - 106s - likelihood_loss: 409.9456 - loss: 8542.8174 - mean_binary_crossentropy: 0.0068 - val_likelihood_loss: 1258.0220 - val_loss: 9372.3096 - val_mean_binary_crossentropy: 0.0210
Epoch 83/400
229/229 - 106s - likelihood_loss: 408.2200 - loss: 8514.4453 - mean_binary_crossentropy: 0.0068 - val_likelihood_loss: 1203.7421 - val_loss: 9292.0127 - val_mean_binary_crossentropy: 0.0201
Epoch 84/400
229/229 - 106s - likelihood_loss: 403.0988 - loss: 8482.6836 - mean_binary_crossentropy: 0.0067 - val_likelihood_loss: 1189.1545 - val_loss: 9251.3008 - val_mean_binary_crossentropy: 0.0198
Epoch 85/400
229/229 - 106s - likelihood_loss: 407.8721 - loss: 8460.7266 - mean_binary_crossentropy: 0.0068 - val_likelihood_loss: 1199.0012 - val_loss: 9233.7021 - val_mean_binary_crossentropy: 0.0200
Epoch 86/400
229/229 - 106s - likelihood_loss: 417.7404 - loss: 8444.0371 - mean_binary_crossentropy: 0.0070 - val_likelihood_loss: 1144.1202 - val_loss: 9152.3438 - val_mean_binary_crossentropy: 0.0191
Epoch 87/400
229/229 - 106s - likelihood_loss: 417.0032 - loss: 8416.3193 - mean_binary_crossentropy: 0.0070 - val_likelihood_loss: 1216.6288 - val_loss: 9199.7383 - val_mean_binary_crossentropy: 0.0203
Epoch 88/400
229/229 - 106s - likelihood_loss: 412.4586 - loss: 8385.5322 - mean_binary_crossentropy: 0.0069 - val_likelihood_loss: 1306.3698 - val_loss: 9260.8760 - val_mean_binary_crossentropy: 0.0218
Epoch 89/400
229/229 - 106s - likelihood_loss: 410.5538 - loss: 8357.1250 - mean_binary_crossentropy: 0.0068 - val_likelihood_loss: 1314.5403 - val_loss: 9242.9385 - val_mean_binary_crossentropy: 0.0219
Epoch 90/400
229/229 - 106s - likelihood_loss: 474.3062 - loss: 8394.7617 - mean_binary_crossentropy: 0.0079 - val_likelihood_loss: 1225.5923 - val_loss: 9129.6973 - val_mean_binary_crossentropy: 0.0204
Epoch 91/400
229/229 - 106s - likelihood_loss: 415.8766 - loss: 8309.8428 - mean_binary_crossentropy: 0.0069 - val_likelihood_loss: 1226.0088 - val_loss: 9104.0586 - val_mean_binary_crossentropy: 0.0204
Epoch 92/400
229/229 - 106s - likelihood_loss: 397.1068 - loss: 8264.6436 - mean_binary_crossentropy: 0.0066 - val_likelihood_loss: 1345.0638 - val_loss: 9195.6533 - val_mean_binary_crossentropy: 0.0224
Epoch 93/400
229/229 - 105s - likelihood_loss: 385.7981 - loss: 8226.7178 - mean_binary_crossentropy: 0.0064 - val_likelihood_loss: 1428.7357 - val_loss: 9252.5566 - val_mean_binary_crossentropy: 0.0238
Epoch 94/400
229/229 - 106s - likelihood_loss: 384.2983 - loss: 8198.7168 - mean_binary_crossentropy: 0.0064 - val_likelihood_loss: 1602.4718 - val_loss: 9400.3281 - val_mean_binary_crossentropy: 0.0267
Epoch 95/400
229/229 - 106s - likelihood_loss: 388.0832 - loss: 8175.8838 - mean_binary_crossentropy: 0.0065 - val_likelihood_loss: 1289.9845 - val_loss: 9061.5195 - val_mean_binary_crossentropy: 0.0215
Epoch 96/400
229/229 - 106s - likelihood_loss: 385.9870 - loss: 8147.4800 - mean_binary_crossentropy: 0.0064 - val_likelihood_loss: 1367.6906 - val_loss: 9111.9482 - val_mean_binary_crossentropy: 0.0228
Epoch 97/400
229/229 - 106s - likelihood_loss: 378.8706 - loss: 8113.9204 - mean_binary_crossentropy: 0.0063 - val_likelihood_loss: 1387.7356 - val_loss: 9105.3896 - val_mean_binary_crossentropy: 0.0231
Epoch 98/400
229/229 - 106s - likelihood_loss: 378.7926 - loss: 8087.3584 - mean_binary_crossentropy: 0.0063 - val_likelihood_loss: 1242.5789 - val_loss: 8934.2793 - val_mean_binary_crossentropy: 0.0207
Epoch 99/400
229/229 - 105s - likelihood_loss: 377.1905 - loss: 8058.9443 - mean_binary_crossentropy: 0.0063 - val_likelihood_loss: 1344.8945 - val_loss: 9009.2539 - val_mean_binary_crossentropy: 0.0224
Epoch 100/400
229/229 - 106s - likelihood_loss: 380.5736 - loss: 8035.8789 - mean_binary_crossentropy: 0.0063 - val_likelihood_loss: 1250.5178 - val_loss: 8886.9658 - val_mean_binary_crossentropy: 0.0208
Epoch 101/400
229/229 - 106s - likelihood_loss: 387.0902 - loss: 8016.2056 - mean_binary_crossentropy: 0.0065 - val_likelihood_loss: 1331.8159 - val_loss: 8943.7314 - val_mean_binary_crossentropy: 0.0222
Epoch 102/400
229/229 - 105s - likelihood_loss: 390.7219 - loss: 7993.3232 - mean_binary_crossentropy: 0.0065 - val_likelihood_loss: 1514.3860 - val_loss: 9099.7305 - val_mean_binary_crossentropy: 0.0252
Epoch 103/400
229/229 - 106s - likelihood_loss: 393.9149 - loss: 7970.1465 - mean_binary_crossentropy: 0.0066 - val_likelihood_loss: 1605.1334 - val_loss: 9163.9795 - val_mean_binary_crossentropy: 0.0268
Epoch 104/400
229/229 - 105s - likelihood_loss: 393.3692 - loss: 7943.1855 - mean_binary_crossentropy: 0.0066 - val_likelihood_loss: 1579.5471 - val_loss: 9112.1074 - val_mean_binary_crossentropy: 0.0263
Epoch 105/400
229/229 - 105s - likelihood_loss: 386.6539 - loss: 7909.9912 - mean_binary_crossentropy: 0.0064 - val_likelihood_loss: 1458.0886 - val_loss: 8964.2002 - val_mean_binary_crossentropy: 0.0243
Epoch 106/400
229/229 - 106s - likelihood_loss: 383.5981 - loss: 7880.3545 - mean_binary_crossentropy: 0.0064 - val_likelihood_loss: 1274.7704 - val_loss: 8753.6260 - val_mean_binary_crossentropy: 0.0212
Epoch 107/400
229/229 - 106s - likelihood_loss: 379.3150 - loss: 7849.6182 - mean_binary_crossentropy: 0.0063 - val_likelihood_loss: 1223.7634 - val_loss: 8675.4355 - val_mean_binary_crossentropy: 0.0204
Epoch 108/400
229/229 - 106s - likelihood_loss: 383.6693 - loss: 7827.5190 - mean_binary_crossentropy: 0.0064 - val_likelihood_loss: 1185.5507 - val_loss: 8612.1064 - val_mean_binary_crossentropy: 0.0198
Epoch 109/400
229/229 - 105s - likelihood_loss: 375.2689 - loss: 7792.5298 - mean_binary_crossentropy: 0.0063 - val_likelihood_loss: 1261.2581 - val_loss: 8660.6523 - val_mean_binary_crossentropy: 0.0210
Epoch 110/400
229/229 - 105s - likelihood_loss: 377.0692 - loss: 7767.7720 - mean_binary_crossentropy: 0.0063 - val_likelihood_loss: 1679.4824 - val_loss: 9053.5732 - val_mean_binary_crossentropy: 0.0280
Epoch 111/400
229/229 - 105s - likelihood_loss: 374.9731 - loss: 7739.1963 - mean_binary_crossentropy: 0.0062 - val_likelihood_loss: 1432.0594 - val_loss: 8778.1328 - val_mean_binary_crossentropy: 0.0239
Epoch 112/400
229/229 - 106s - likelihood_loss: 375.6790 - loss: 7713.9224 - mean_binary_crossentropy: 0.0063 - val_likelihood_loss: 1839.5156 - val_loss: 9160.4551 - val_mean_binary_crossentropy: 0.0307
Epoch 113/400
229/229 - 105s - likelihood_loss: 374.0863 - loss: 7686.0723 - mean_binary_crossentropy: 0.0062 - val_likelihood_loss: 1659.5339 - val_loss: 8953.8506 - val_mean_binary_crossentropy: 0.0277
Epoch 114/400
229/229 - 105s - likelihood_loss: 371.7581 - loss: 7657.2700 - mean_binary_crossentropy: 0.0062 - val_likelihood_loss: 1642.6556 - val_loss: 8911.4395 - val_mean_binary_crossentropy: 0.0274
Epoch 115/400
229/229 - 106s - likelihood_loss: 370.4682 - loss: 7629.4517 - mean_binary_crossentropy: 0.0062 - val_likelihood_loss: 1692.1622 - val_loss: 8933.3242 - val_mean_binary_crossentropy: 0.0282
Epoch 116/400
229/229 - 105s - likelihood_loss: 370.7202 - loss: 7603.3105 - mean_binary_crossentropy: 0.0062 - val_likelihood_loss: 1399.6747 - val_loss: 8613.6104 - val_mean_binary_crossentropy: 0.0233
Epoch 117/400
229/229 - 105s - likelihood_loss: 373.2171 - loss: 7579.4766 - mean_binary_crossentropy: 0.0062 - val_likelihood_loss: 1709.1956 - val_loss: 8897.3320 - val_mean_binary_crossentropy: 0.0285
Epoch 118/400
229/229 - 105s - likelihood_loss: 374.1624 - loss: 7554.0308 - mean_binary_crossentropy: 0.0062 - val_likelihood_loss: 1500.7208 - val_loss: 8662.8721 - val_mean_binary_crossentropy: 0.0250
Epoch 119/400
229/229 - 105s - likelihood_loss: 379.2385 - loss: 7532.8779 - mean_binary_crossentropy: 0.0063 - val_likelihood_loss: 1878.6199 - val_loss: 9015.5557 - val_mean_binary_crossentropy: 0.0313
Epoch 120/400
229/229 - 105s - likelihood_loss: 382.7171 - loss: 7509.9980 - mean_binary_crossentropy: 0.0064 - val_likelihood_loss: 1776.7864 - val_loss: 8887.0859 - val_mean_binary_crossentropy: 0.0296
Epoch 121/400
229/229 - 106s - likelihood_loss: 380.8380 - loss: 7481.8652 - mean_binary_crossentropy: 0.0063 - val_likelihood_loss: 1875.3966 - val_loss: 8959.5576 - val_mean_binary_crossentropy: 0.0313
Epoch 122/400
229/229 - 105s - likelihood_loss: 380.2639 - loss: 7454.9106 - mean_binary_crossentropy: 0.0063 - val_likelihood_loss: 1693.2722 - val_loss: 8751.0967 - val_mean_binary_crossentropy: 0.0282
Epoch 123/400
229/229 - 105s - likelihood_loss: 374.6391 - loss: 7422.9717 - mean_binary_crossentropy: 0.0062 - val_likelihood_loss: 1756.7335 - val_loss: 8788.3848 - val_mean_binary_crossentropy: 0.0293
Epoch 124/400
229/229 - 105s - likelihood_loss: 374.8770 - loss: 7396.8091 - mean_binary_crossentropy: 0.0062 - val_likelihood_loss: 1800.0165 - val_loss: 8804.5801 - val_mean_binary_crossentropy: 0.0300
Epoch 125/400
229/229 - 105s - likelihood_loss: 363.7196 - loss: 7359.4307 - mean_binary_crossentropy: 0.0061 - val_likelihood_loss: 1405.0784 - val_loss: 8383.0371 - val_mean_binary_crossentropy: 0.0234
Epoch 126/400
229/229 - 105s - likelihood_loss: 355.3661 - loss: 7324.7124 - mean_binary_crossentropy: 0.0059 - val_likelihood_loss: 1377.7246 - val_loss: 8328.1631 - val_mean_binary_crossentropy: 0.0230
Epoch 127/400
229/229 - 105s - likelihood_loss: 353.4199 - loss: 7295.9629 - mean_binary_crossentropy: 0.0059 - val_likelihood_loss: 1435.9568 - val_loss: 8361.2822 - val_mean_binary_crossentropy: 0.0239
Epoch 128/400
229/229 - 105s - likelihood_loss: 352.7924 - loss: 7268.8823 - mean_binary_crossentropy: 0.0059 - val_likelihood_loss: 1474.0120 - val_loss: 8370.1543 - val_mean_binary_crossentropy: 0.0246
Epoch 129/400
229/229 - 105s - likelihood_loss: 364.9157 - loss: 7254.5835 - mean_binary_crossentropy: 0.0061 - val_likelihood_loss: 1410.2325 - val_loss: 8281.9600 - val_mean_binary_crossentropy: 0.0235
Epoch 130/400
229/229 - 105s - likelihood_loss: 362.3521 - loss: 7226.3169 - mean_binary_crossentropy: 0.0060 - val_likelihood_loss: 1608.0233 - val_loss: 8451.4189 - val_mean_binary_crossentropy: 0.0268
Epoch 131/400
229/229 - 105s - likelihood_loss: 372.9776 - loss: 7210.5977 - mean_binary_crossentropy: 0.0062 - val_likelihood_loss: 1379.5981 - val_loss: 8198.6602 - val_mean_binary_crossentropy: 0.0230
Epoch 132/400
229/229 - 105s - likelihood_loss: 374.0132 - loss: 7185.5244 - mean_binary_crossentropy: 0.0062 - val_likelihood_loss: 1478.5413 - val_loss: 8270.9258 - val_mean_binary_crossentropy: 0.0246
Epoch 133/400
229/229 - 105s - likelihood_loss: 369.3392 - loss: 7154.5518 - mean_binary_crossentropy: 0.0062 - val_likelihood_loss: 1345.2831 - val_loss: 8113.7725 - val_mean_binary_crossentropy: 0.0224
Epoch 134/400
229/229 - 105s - likelihood_loss: 364.6809 - loss: 7123.6528 - mean_binary_crossentropy: 0.0061 - val_likelihood_loss: 1492.6465 - val_loss: 8235.4561 - val_mean_binary_crossentropy: 0.0249
Epoch 135/400
229/229 - 105s - likelihood_loss: 363.0825 - loss: 7095.8442 - mean_binary_crossentropy: 0.0061 - val_likelihood_loss: 1463.6730 - val_loss: 8180.5410 - val_mean_binary_crossentropy: 0.0244
Epoch 136/400
229/229 - 105s - likelihood_loss: 374.7076 - loss: 7081.3135 - mean_binary_crossentropy: 0.0062 - val_likelihood_loss: 1446.2040 - val_loss: 8135.4736 - val_mean_binary_crossentropy: 0.0241
Epoch 137/400
229/229 - 105s - likelihood_loss: 367.2439 - loss: 7047.7241 - mean_binary_crossentropy: 0.0061 - val_likelihood_loss: 1547.5295 - val_loss: 8210.4678 - val_mean_binary_crossentropy: 0.0258
Epoch 138/400
229/229 - 105s - likelihood_loss: 356.1700 - loss: 7010.4238 - mean_binary_crossentropy: 0.0059 - val_likelihood_loss: 1520.5286 - val_loss: 8156.5747 - val_mean_binary_crossentropy: 0.0253
Epoch 139/400
229/229 - 105s - likelihood_loss: 354.7119 - loss: 6982.7153 - mean_binary_crossentropy: 0.0059 - val_likelihood_loss: 1490.3149 - val_loss: 8099.3960 - val_mean_binary_crossentropy: 0.0248
Epoch 140/400
229/229 - 105s - likelihood_loss: 354.3499 - loss: 6956.1357 - mean_binary_crossentropy: 0.0059 - val_likelihood_loss: 1536.1981 - val_loss: 8117.7305 - val_mean_binary_crossentropy: 0.0256
Epoch 141/400
229/229 - 105s - likelihood_loss: 361.7440 - loss: 6937.4575 - mean_binary_crossentropy: 0.0060 - val_likelihood_loss: 1597.3107 - val_loss: 8152.6553 - val_mean_binary_crossentropy: 0.0266
Epoch 142/400
229/229 - 106s - likelihood_loss: 366.1118 - loss: 6915.6704 - mean_binary_crossentropy: 0.0061 - val_likelihood_loss: 1554.0319 - val_loss: 8085.4468 - val_mean_binary_crossentropy: 0.0259
Epoch 143/400
229/229 - 106s - likelihood_loss: 372.0550 - loss: 6895.3364 - mean_binary_crossentropy: 0.0062 - val_likelihood_loss: 1488.3384 - val_loss: 7994.0156 - val_mean_binary_crossentropy: 0.0248
Epoch 144/400
229/229 - 105s - likelihood_loss: 364.5571 - loss: 6861.7651 - mean_binary_crossentropy: 0.0061 - val_likelihood_loss: 1672.1941 - val_loss: 8149.7598 - val_mean_binary_crossentropy: 0.0279
Epoch 145/400
229/229 - 105s - likelihood_loss: 365.8657 - loss: 6836.8931 - mean_binary_crossentropy: 0.0061 - val_likelihood_loss: 1708.8911 - val_loss: 8159.8975 - val_mean_binary_crossentropy: 0.0285
Epoch 146/400
229/229 - 105s - likelihood_loss: 370.8560 - loss: 6815.9727 - mean_binary_crossentropy: 0.0062 - val_likelihood_loss: 1700.0248 - val_loss: 8124.3921 - val_mean_binary_crossentropy: 0.0283
Epoch 147/400
229/229 - 106s - likelihood_loss: 373.7344 - loss: 6792.7422 - mean_binary_crossentropy: 0.0062 - val_likelihood_loss: 1505.3287 - val_loss: 7904.1152 - val_mean_binary_crossentropy: 0.0251
Epoch 148/400
229/229 - 106s - likelihood_loss: 380.2861 - loss: 6773.4043 - mean_binary_crossentropy: 0.0063 - val_likelihood_loss: 1522.0520 - val_loss: 7894.7524 - val_mean_binary_crossentropy: 0.0254
Epoch 149/400
229/229 - 106s - likelihood_loss: 371.1270 - loss: 6738.0981 - mean_binary_crossentropy: 0.0062 - val_likelihood_loss: 1622.4221 - val_loss: 7968.0171 - val_mean_binary_crossentropy: 0.0270
Epoch 150/400
229/229 - 105s - likelihood_loss: 362.4821 - loss: 6703.5142 - mean_binary_crossentropy: 0.0060 - val_likelihood_loss: 1744.2416 - val_loss: 8061.9736 - val_mean_binary_crossentropy: 0.0291
Epoch 151/400
229/229 - 106s - likelihood_loss: 362.5218 - loss: 6677.4785 - mean_binary_crossentropy: 0.0060 - val_likelihood_loss: 1568.7031 - val_loss: 7862.5376 - val_mean_binary_crossentropy: 0.0261
Epoch 152/400
229/229 - 106s - likelihood_loss: 360.8241 - loss: 6649.6704 - mean_binary_crossentropy: 0.0060 - val_likelihood_loss: 1559.9877 - val_loss: 7827.4976 - val_mean_binary_crossentropy: 0.0260
Epoch 153/400
229/229 - 106s - likelihood_loss: 360.2340 - loss: 6623.2139 - mean_binary_crossentropy: 0.0060 - val_likelihood_loss: 1534.9779 - val_loss: 7779.2271 - val_mean_binary_crossentropy: 0.0256
Epoch 154/400
229/229 - 106s - likelihood_loss: 354.6415 - loss: 6591.6333 - mean_binary_crossentropy: 0.0059 - val_likelihood_loss: 1522.1091 - val_loss: 7741.3286 - val_mean_binary_crossentropy: 0.0254
Epoch 155/400
229/229 - 106s - likelihood_loss: 352.5725 - loss: 6563.3115 - mean_binary_crossentropy: 0.0059 - val_likelihood_loss: 1431.9901 - val_loss: 7626.1040 - val_mean_binary_crossentropy: 0.0239
Epoch 156/400
229/229 - 105s - likelihood_loss: 348.1386 - loss: 6532.9058 - mean_binary_crossentropy: 0.0058 - val_likelihood_loss: 1465.2346 - val_loss: 7632.6206 - val_mean_binary_crossentropy: 0.0244
Epoch 157/400
229/229 - 105s - likelihood_loss: 350.3269 - loss: 6509.1450 - mean_binary_crossentropy: 0.0058 - val_likelihood_loss: 1478.5255 - val_loss: 7621.0459 - val_mean_binary_crossentropy: 0.0246
Epoch 158/400
229/229 - 105s - likelihood_loss: 345.7139 - loss: 6478.5942 - mean_binary_crossentropy: 0.0058 - val_likelihood_loss: 1585.5814 - val_loss: 7701.3672 - val_mean_binary_crossentropy: 0.0264
Epoch 159/400
229/229 - 105s - likelihood_loss: 341.9190 - loss: 6448.7905 - mean_binary_crossentropy: 0.0057 - val_likelihood_loss: 1619.0060 - val_loss: 7707.2603 - val_mean_binary_crossentropy: 0.0270
Epoch 160/400
229/229 - 105s - likelihood_loss: 340.7094 - loss: 6421.4834 - mean_binary_crossentropy: 0.0057 - val_likelihood_loss: 1643.8633 - val_loss: 7705.3296 - val_mean_binary_crossentropy: 0.0274
Epoch 161/400
229/229 - 105s - likelihood_loss: 348.8392 - loss: 6403.6289 - mean_binary_crossentropy: 0.0058 - val_likelihood_loss: 1659.2767 - val_loss: 7694.2441 - val_mean_binary_crossentropy: 0.0277
Epoch 162/400
229/229 - 105s - likelihood_loss: 356.6543 - loss: 6385.4448 - mean_binary_crossentropy: 0.0059 - val_likelihood_loss: 1649.6836 - val_loss: 7658.0425 - val_mean_binary_crossentropy: 0.0275
Epoch 163/400
229/229 - 105s - likelihood_loss: 350.0745 - loss: 6352.9204 - mean_binary_crossentropy: 0.0058 - val_likelihood_loss: 1616.2446 - val_loss: 7597.8911 - val_mean_binary_crossentropy: 0.0269
Epoch 164/400
229/229 - 105s - likelihood_loss: 358.7969 - loss: 6335.6958 - mean_binary_crossentropy: 0.0060 - val_likelihood_loss: 1494.9380 - val_loss: 7452.6870 - val_mean_binary_crossentropy: 0.0249
Epoch 165/400
229/229 - 105s - likelihood_loss: 370.4439 - loss: 6321.3721 - mean_binary_crossentropy: 0.0062 - val_likelihood_loss: 1442.9143 - val_loss: 7376.6196 - val_mean_binary_crossentropy: 0.0240
Epoch 166/400
229/229 - 105s - likelihood_loss: 360.3129 - loss: 6285.3481 - mean_binary_crossentropy: 0.0060 - val_likelihood_loss: 1639.9005 - val_loss: 7547.5967 - val_mean_binary_crossentropy: 0.0273
Epoch 167/400
229/229 - 105s - likelihood_loss: 348.0601 - loss: 6247.2144 - mean_binary_crossentropy: 0.0058 - val_likelihood_loss: 1756.8153 - val_loss: 7637.8999 - val_mean_binary_crossentropy: 0.0293
Epoch 168/400
229/229 - 105s - likelihood_loss: 344.9558 - loss: 6218.1460 - mean_binary_crossentropy: 0.0057 - val_likelihood_loss: 1761.6414 - val_loss: 7616.2559 - val_mean_binary_crossentropy: 0.0294
Epoch 169/400
229/229 - 105s - likelihood_loss: 343.4543 - loss: 6190.7642 - mean_binary_crossentropy: 0.0057 - val_likelihood_loss: 1695.9694 - val_loss: 7525.9312 - val_mean_binary_crossentropy: 0.0283
Epoch 170/400
229/229 - 105s - likelihood_loss: 340.7940 - loss: 6162.2529 - mean_binary_crossentropy: 0.0057 - val_likelihood_loss: 1582.0710 - val_loss: 7384.7378 - val_mean_binary_crossentropy: 0.0264
Epoch 171/400
229/229 - 105s - likelihood_loss: 340.6593 - loss: 6136.2017 - mean_binary_crossentropy: 0.0057 - val_likelihood_loss: 1648.5048 - val_loss: 7425.1172 - val_mean_binary_crossentropy: 0.0275
Epoch 172/400
229/229 - 105s - likelihood_loss: 342.4233 - loss: 6112.3286 - mean_binary_crossentropy: 0.0057 - val_likelihood_loss: 1736.6597 - val_loss: 7486.2739 - val_mean_binary_crossentropy: 0.0289
Epoch 173/400
229/229 - 104s - likelihood_loss: 347.9158 - loss: 6092.0098 - mean_binary_crossentropy: 0.0058 - val_likelihood_loss: 1735.7500 - val_loss: 7459.6201 - val_mean_binary_crossentropy: 0.0289
Epoch 174/400
229/229 - 105s - likelihood_loss: 353.9004 - loss: 6072.1782 - mean_binary_crossentropy: 0.0059 - val_likelihood_loss: 1858.1667 - val_loss: 7554.7798 - val_mean_binary_crossentropy: 0.0310
Epoch 175/400
229/229 - 104s - likelihood_loss: 355.2147 - loss: 6047.8511 - mean_binary_crossentropy: 0.0059 - val_likelihood_loss: 1794.2488 - val_loss: 7464.3853 - val_mean_binary_crossentropy: 0.0299
Epoch 176/400
229/229 - 105s - likelihood_loss: 351.2885 - loss: 6018.1611 - mean_binary_crossentropy: 0.0059 - val_likelihood_loss: 1590.1526 - val_loss: 7238.5093 - val_mean_binary_crossentropy: 0.0265
Epoch 177/400
229/229 - 104s - likelihood_loss: 348.4088 - loss: 5989.6519 - mean_binary_crossentropy: 0.0058 - val_likelihood_loss: 1660.5195 - val_loss: 7282.1025 - val_mean_binary_crossentropy: 0.0277
Epoch 178/400
229/229 - 105s - likelihood_loss: 361.1766 - loss: 5976.7192 - mean_binary_crossentropy: 0.0060 - val_likelihood_loss: 1633.6727 - val_loss: 7231.6631 - val_mean_binary_crossentropy: 0.0272
Epoch 179/400
229/229 - 104s - likelihood_loss: 345.8850 - loss: 5935.7056 - mean_binary_crossentropy: 0.0058 - val_likelihood_loss: 1680.4706 - val_loss: 7252.1484 - val_mean_binary_crossentropy: 0.0280
Epoch 180/400
229/229 - 105s - likelihood_loss: 349.5866 - loss: 5913.5742 - mean_binary_crossentropy: 0.0058 - val_likelihood_loss: 1558.2046 - val_loss: 7106.7812 - val_mean_binary_crossentropy: 0.0260
Epoch 181/400
229/229 - 104s - likelihood_loss: 345.9533 - loss: 5884.3384 - mean_binary_crossentropy: 0.0058 - val_likelihood_loss: 1755.5156 - val_loss: 7277.5283 - val_mean_binary_crossentropy: 0.0293
Epoch 182/400
229/229 - 104s - likelihood_loss: 344.3590 - loss: 5857.0752 - mean_binary_crossentropy: 0.0057 - val_likelihood_loss: 1704.1113 - val_loss: 7201.0688 - val_mean_binary_crossentropy: 0.0284
Epoch 183/400
229/229 - 104s - likelihood_loss: 343.9475 - loss: 5830.8208 - mean_binary_crossentropy: 0.0057 - val_likelihood_loss: 1797.5468 - val_loss: 7267.2754 - val_mean_binary_crossentropy: 0.0300
Epoch 184/400
229/229 - 104s - likelihood_loss: 340.5669 - loss: 5801.7188 - mean_binary_crossentropy: 0.0057 - val_likelihood_loss: 1705.2872 - val_loss: 7148.6357 - val_mean_binary_crossentropy: 0.0284
Epoch 185/400
229/229 - 104s - likelihood_loss: 337.4557 - loss: 5773.1318 - mean_binary_crossentropy: 0.0056 - val_likelihood_loss: 1890.5691 - val_loss: 7306.8960 - val_mean_binary_crossentropy: 0.0315
Epoch 186/400
229/229 - 104s - likelihood_loss: 355.0215 - loss: 5765.3428 - mean_binary_crossentropy: 0.0059 - val_likelihood_loss: 1976.6342 - val_loss: 7366.8418 - val_mean_binary_crossentropy: 0.0329
Epoch 187/400
229/229 - 104s - likelihood_loss: 342.8972 - loss: 5728.2178 - mean_binary_crossentropy: 0.0057 - val_likelihood_loss: 1822.6259 - val_loss: 7188.7524 - val_mean_binary_crossentropy: 0.0304
Epoch 188/400
229/229 - 104s - likelihood_loss: 336.8094 - loss: 5696.8384 - mean_binary_crossentropy: 0.0056 - val_likelihood_loss: 1558.8561 - val_loss: 6901.8237 - val_mean_binary_crossentropy: 0.0260
Epoch 189/400
229/229 - 104s - likelihood_loss: 332.2736 - loss: 5667.0391 - mean_binary_crossentropy: 0.0055 - val_likelihood_loss: 1659.3475 - val_loss: 6976.2319 - val_mean_binary_crossentropy: 0.0277
Epoch 190/400
229/229 - 104s - likelihood_loss: 328.7816 - loss: 5638.2002 - mean_binary_crossentropy: 0.0055 - val_likelihood_loss: 1830.3552 - val_loss: 7120.5239 - val_mean_binary_crossentropy: 0.0305
Epoch 191/400
229/229 - 104s - likelihood_loss: 326.5273 - loss: 5610.5234 - mean_binary_crossentropy: 0.0054 - val_likelihood_loss: 1844.3507 - val_loss: 7110.9189 - val_mean_binary_crossentropy: 0.0307
Epoch 192/400
229/229 - 104s - likelihood_loss: 324.5649 - loss: 5583.0864 - mean_binary_crossentropy: 0.0054 - val_likelihood_loss: 2016.8372 - val_loss: 7257.3027 - val_mean_binary_crossentropy: 0.0336
Epoch 193/400
229/229 - 104s - likelihood_loss: 325.4430 - loss: 5558.4858 - mean_binary_crossentropy: 0.0054 - val_likelihood_loss: 2055.7986 - val_loss: 7270.8613 - val_mean_binary_crossentropy: 0.0343
Epoch 194/400
229/229 - 104s - likelihood_loss: 331.7783 - loss: 5539.3770 - mean_binary_crossentropy: 0.0055 - val_likelihood_loss: 2036.9745 - val_loss: 7227.4131 - val_mean_binary_crossentropy: 0.0339
Epoch 195/400
229/229 - 104s - likelihood_loss: 327.8434 - loss: 5509.9717 - mean_binary_crossentropy: 0.0055 - val_likelihood_loss: 2328.4443 - val_loss: 7493.2524 - val_mean_binary_crossentropy: 0.0388
Epoch 196/400
229/229 - 104s - likelihood_loss: 328.6637 - loss: 5485.3989 - mean_binary_crossentropy: 0.0055 - val_likelihood_loss: 2334.7559 - val_loss: 7473.7886 - val_mean_binary_crossentropy: 0.0389
Epoch 197/400
229/229 - 104s - likelihood_loss: 336.2873 - loss: 5467.6431 - mean_binary_crossentropy: 0.0056 - val_likelihood_loss: 2286.0903 - val_loss: 7396.3955 - val_mean_binary_crossentropy: 0.0381
Epoch 198/400
229/229 - 104s - likelihood_loss: 329.5689 - loss: 5435.6104 - mean_binary_crossentropy: 0.0055 - val_likelihood_loss: 2043.6178 - val_loss: 7131.0273 - val_mean_binary_crossentropy: 0.0341
Epoch 199/400
229/229 - 104s - likelihood_loss: 324.3005 - loss: 5405.0332 - mean_binary_crossentropy: 0.0054 - val_likelihood_loss: 1958.1476 - val_loss: 7019.4165 - val_mean_binary_crossentropy: 0.0326
Epoch 200/400
229/229 - 104s - likelihood_loss: 330.8010 - loss: 5386.1167 - mean_binary_crossentropy: 0.0055 - val_likelihood_loss: 1846.8542 - val_loss: 6884.1592 - val_mean_binary_crossentropy: 0.0308
Epoch 201/400
229/229 - 104s - likelihood_loss: 333.1726 - loss: 5363.1812 - mean_binary_crossentropy: 0.0056 - val_likelihood_loss: 2064.2053 - val_loss: 7076.1841 - val_mean_binary_crossentropy: 0.0344
Epoch 202/400
229/229 - 104s - likelihood_loss: 334.2315 - loss: 5338.8882 - mean_binary_crossentropy: 0.0056 - val_likelihood_loss: 2134.3987 - val_loss: 7120.9072 - val_mean_binary_crossentropy: 0.0356
Epoch 203/400
229/229 - 104s - likelihood_loss: 332.1846 - loss: 5311.1802 - mean_binary_crossentropy: 0.0055 - val_likelihood_loss: 2563.6106 - val_loss: 7524.7827 - val_mean_binary_crossentropy: 0.0427
Epoch 204/400
229/229 - 104s - likelihood_loss: 328.0736 - loss: 5281.9424 - mean_binary_crossentropy: 0.0055 - val_likelihood_loss: 3203.5193 - val_loss: 8135.7466 - val_mean_binary_crossentropy: 0.0534
Epoch 205/400
229/229 - 104s - likelihood_loss: 335.6384 - loss: 5264.5757 - mean_binary_crossentropy: 0.0056 - val_likelihood_loss: 2332.8308 - val_loss: 7242.7544 - val_mean_binary_crossentropy: 0.0389
Epoch 206/400
229/229 - 104s - likelihood_loss: 344.6581 - loss: 5248.5439 - mean_binary_crossentropy: 0.0057 - val_likelihood_loss: 2047.7136 - val_loss: 6932.9111 - val_mean_binary_crossentropy: 0.0341
Epoch 207/400
229/229 - 105s - likelihood_loss: 325.8790 - loss: 5204.6797 - mean_binary_crossentropy: 0.0054 - val_likelihood_loss: 1927.9071 - val_loss: 6787.7417 - val_mean_binary_crossentropy: 0.0321
Epoch 208/400
229/229 - 104s - likelihood_loss: 316.0150 - loss: 5169.6782 - mean_binary_crossentropy: 0.0053 - val_likelihood_loss: 2067.1531 - val_loss: 6901.7021 - val_mean_binary_crossentropy: 0.0345
Epoch 209/400
229/229 - 104s - likelihood_loss: 312.2831 - loss: 5140.7881 - mean_binary_crossentropy: 0.0052 - val_likelihood_loss: 2114.8643 - val_loss: 6925.0068 - val_mean_binary_crossentropy: 0.0352
Epoch 210/400
229/229 - 104s - likelihood_loss: 311.2110 - loss: 5114.5845 - mean_binary_crossentropy: 0.0052 - val_likelihood_loss: 1962.5159 - val_loss: 6746.7202 - val_mean_binary_crossentropy: 0.0327
Epoch 211/400
229/229 - 104s - likelihood_loss: 353.6660 - loss: 5130.4355 - mean_binary_crossentropy: 0.0059 - val_likelihood_loss: 2024.5267 - val_loss: 6781.3921 - val_mean_binary_crossentropy: 0.0337
Epoch 212/400
229/229 - 104s - likelihood_loss: 458.3266 - loss: 5212.0845 - mean_binary_crossentropy: 0.0076 - val_likelihood_loss: 1634.0938 - val_loss: 6371.6221 - val_mean_binary_crossentropy: 0.0272
Epoch 213/400
229/229 - 104s - likelihood_loss: 360.0403 - loss: 5089.5601 - mean_binary_crossentropy: 0.0060 - val_likelihood_loss: 1662.4393 - val_loss: 6376.1909 - val_mean_binary_crossentropy: 0.0277
Epoch 214/400
229/229 - 104s - likelihood_loss: 336.2892 - loss: 5041.5659 - mean_binary_crossentropy: 0.0056 - val_likelihood_loss: 1675.7954 - val_loss: 6364.5259 - val_mean_binary_crossentropy: 0.0279
Epoch 215/400
229/229 - 104s - likelihood_loss: 329.5571 - loss: 5010.5508 - mean_binary_crossentropy: 0.0055 - val_likelihood_loss: 1940.0905 - val_loss: 6604.7051 - val_mean_binary_crossentropy: 0.0323
Epoch 216/400
229/229 - 104s - likelihood_loss: 322.2952 - loss: 4978.8115 - mean_binary_crossentropy: 0.0054 - val_likelihood_loss: 2055.6772 - val_loss: 6694.5132 - val_mean_binary_crossentropy: 0.0343
Epoch 217/400
229/229 - 104s - likelihood_loss: 318.1554 - loss: 4950.1338 - mean_binary_crossentropy: 0.0053 - val_likelihood_loss: 1970.3956 - val_loss: 6584.7319 - val_mean_binary_crossentropy: 0.0328
Epoch 218/400
229/229 - 104s - likelihood_loss: 327.8055 - loss: 4935.3706 - mean_binary_crossentropy: 0.0055 - val_likelihood_loss: 2017.3236 - val_loss: 6606.5229 - val_mean_binary_crossentropy: 0.0336
Epoch 219/400
229/229 - 104s - likelihood_loss: 314.9689 - loss: 4898.2681 - mean_binary_crossentropy: 0.0052 - val_likelihood_loss: 2230.2739 - val_loss: 6793.9365 - val_mean_binary_crossentropy: 0.0372
Epoch 220/400
229/229 - 104s - likelihood_loss: 310.4315 - loss: 4869.3345 - mean_binary_crossentropy: 0.0052 - val_likelihood_loss: 2053.2729 - val_loss: 6593.4258 - val_mean_binary_crossentropy: 0.0342
Epoch 221/400
229/229 - 104s - likelihood_loss: 311.9736 - loss: 4846.3931 - mean_binary_crossentropy: 0.0052 - val_likelihood_loss: 1832.6042 - val_loss: 6349.5928 - val_mean_binary_crossentropy: 0.0305
Epoch 222/400
229/229 - 104s - likelihood_loss: 322.2010 - loss: 4832.0659 - mean_binary_crossentropy: 0.0054 - val_likelihood_loss: 1735.3362 - val_loss: 6228.4072 - val_mean_binary_crossentropy: 0.0289
Epoch 223/400
229/229 - 104s - likelihood_loss: 322.2966 - loss: 4807.7969 - mean_binary_crossentropy: 0.0054 - val_likelihood_loss: 1888.9802 - val_loss: 6357.3794 - val_mean_binary_crossentropy: 0.0315
Epoch 224/400
229/229 - 104s - likelihood_loss: 325.6259 - loss: 4786.6382 - mean_binary_crossentropy: 0.0054 - val_likelihood_loss: 1850.2786 - val_loss: 6294.3271 - val_mean_binary_crossentropy: 0.0308
Epoch 225/400
229/229 - 104s - likelihood_loss: 329.6669 - loss: 4766.1719 - mean_binary_crossentropy: 0.0055 - val_likelihood_loss: 1909.4724 - val_loss: 6328.1401 - val_mean_binary_crossentropy: 0.0318
Epoch 226/400
229/229 - 104s - likelihood_loss: 327.0152 - loss: 4739.2036 - mean_binary_crossentropy: 0.0055 - val_likelihood_loss: 2406.0691 - val_loss: 6800.0059 - val_mean_binary_crossentropy: 0.0401
Epoch 227/400
229/229 - 104s - likelihood_loss: 327.0784 - loss: 4715.0039 - mean_binary_crossentropy: 0.0055 - val_likelihood_loss: 2841.2263 - val_loss: 7209.4023 - val_mean_binary_crossentropy: 0.0474
Epoch 228/400
229/229 - 104s - likelihood_loss: 331.8806 - loss: 4695.5039 - mean_binary_crossentropy: 0.0055 - val_likelihood_loss: 2625.9292 - val_loss: 6968.6665 - val_mean_binary_crossentropy: 0.0438
Epoch 229/400
229/229 - 104s - likelihood_loss: 330.7488 - loss: 4670.1631 - mean_binary_crossentropy: 0.0055 - val_likelihood_loss: 2491.8123 - val_loss: 6809.9385 - val_mean_binary_crossentropy: 0.0415
Epoch 230/400
229/229 - 104s - likelihood_loss: 321.9438 - loss: 4637.0981 - mean_binary_crossentropy: 0.0054 - val_likelihood_loss: 2424.8538 - val_loss: 6719.3911 - val_mean_binary_crossentropy: 0.0404
Epoch 231/400
229/229 - 104s - likelihood_loss: 320.9865 - loss: 4611.9785 - mean_binary_crossentropy: 0.0053 - val_likelihood_loss: 2186.2920 - val_loss: 6456.0972 - val_mean_binary_crossentropy: 0.0364
Epoch 232/400
229/229 - 104s - likelihood_loss: 322.6374 - loss: 4589.4272 - mean_binary_crossentropy: 0.0054 - val_likelihood_loss: 2099.8630 - val_loss: 6346.7451 - val_mean_binary_crossentropy: 0.0350
Epoch 233/400
229/229 - 105s - likelihood_loss: 315.4626 - loss: 4558.0840 - mean_binary_crossentropy: 0.0053 - val_likelihood_loss: 1952.2487 - val_loss: 6175.2393 - val_mean_binary_crossentropy: 0.0325
Epoch 234/400
229/229 - 105s - likelihood_loss: 312.7300 - loss: 4531.1675 - mean_binary_crossentropy: 0.0052 - val_likelihood_loss: 1999.4883 - val_loss: 6200.1558 - val_mean_binary_crossentropy: 0.0333
Epoch 235/400
229/229 - 105s - likelihood_loss: 309.7171 - loss: 4504.0439 - mean_binary_crossentropy: 0.0052 - val_likelihood_loss: 1845.2697 - val_loss: 6022.5493 - val_mean_binary_crossentropy: 0.0308
Epoch 236/400
229/229 - 105s - likelihood_loss: 308.9315 - loss: 4479.2100 - mean_binary_crossentropy: 0.0051 - val_likelihood_loss: 1995.8086 - val_loss: 6148.1475 - val_mean_binary_crossentropy: 0.0333
Epoch 237/400
229/229 - 105s - likelihood_loss: 310.8104 - loss: 4457.2163 - mean_binary_crossentropy: 0.0052 - val_likelihood_loss: 2015.3651 - val_loss: 6143.0278 - val_mean_binary_crossentropy: 0.0336
Epoch 238/400
229/229 - 104s - likelihood_loss: 313.8079 - loss: 4436.3076 - mean_binary_crossentropy: 0.0052 - val_likelihood_loss: 2049.5376 - val_loss: 6153.5181 - val_mean_binary_crossentropy: 0.0342
Epoch 239/400
229/229 - 104s - likelihood_loss: 314.7256 - loss: 4413.4033 - mean_binary_crossentropy: 0.0052 - val_likelihood_loss: 2545.7361 - val_loss: 6625.0146 - val_mean_binary_crossentropy: 0.0424
Epoch 240/400
229/229 - 104s - likelihood_loss: 315.1922 - loss: 4390.0103 - mean_binary_crossentropy: 0.0053 - val_likelihood_loss: 2541.2427 - val_loss: 6596.1558 - val_mean_binary_crossentropy: 0.0424
Epoch 241/400
229/229 - 104s - likelihood_loss: 318.4664 - loss: 4369.5288 - mean_binary_crossentropy: 0.0053 - val_likelihood_loss: 2731.9526 - val_loss: 6763.3623 - val_mean_binary_crossentropy: 0.0455
Epoch 242/400
229/229 - 104s - likelihood_loss: 321.8114 - loss: 4349.1147 - mean_binary_crossentropy: 0.0054 - val_likelihood_loss: 2427.8735 - val_loss: 6435.7124 - val_mean_binary_crossentropy: 0.0405
Epoch 243/400
229/229 - 104s - likelihood_loss: 320.3588 - loss: 4323.9941 - mean_binary_crossentropy: 0.0053 - val_likelihood_loss: 3146.0056 - val_loss: 7127.1011 - val_mean_binary_crossentropy: 0.0524
Epoch 244/400
229/229 - 104s - likelihood_loss: 323.8307 - loss: 4303.8926 - mean_binary_crossentropy: 0.0054 - val_likelihood_loss: 2683.8994 - val_loss: 6643.9443 - val_mean_binary_crossentropy: 0.0447
Epoch 245/400
229/229 - 105s - likelihood_loss: 323.4487 - loss: 4280.0781 - mean_binary_crossentropy: 0.0054 - val_likelihood_loss: 2757.0833 - val_loss: 6692.2500 - val_mean_binary_crossentropy: 0.0460
Epoch 246/400
229/229 - 105s - likelihood_loss: 318.1567 - loss: 4251.3276 - mean_binary_crossentropy: 0.0053 - val_likelihood_loss: 2996.4336 - val_loss: 6910.0273 - val_mean_binary_crossentropy: 0.0499
Epoch 247/400
229/229 - 104s - likelihood_loss: 315.9103 - loss: 4225.6396 - mean_binary_crossentropy: 0.0053 - val_likelihood_loss: 2710.0872 - val_loss: 6600.9077 - val_mean_binary_crossentropy: 0.0452
Epoch 248/400
229/229 - 104s - likelihood_loss: 313.0915 - loss: 4199.4526 - mean_binary_crossentropy: 0.0052 - val_likelihood_loss: 2409.3157 - val_loss: 6275.5796 - val_mean_binary_crossentropy: 0.0402
Epoch 249/400
229/229 - 104s - likelihood_loss: 309.0518 - loss: 4172.1328 - mean_binary_crossentropy: 0.0052 - val_likelihood_loss: 2240.7029 - val_loss: 6084.6704 - val_mean_binary_crossentropy: 0.0373
Epoch 250/400
229/229 - 105s - likelihood_loss: 306.9084 - loss: 4146.7749 - mean_binary_crossentropy: 0.0051 - val_likelihood_loss: 2028.8273 - val_loss: 5849.9321 - val_mean_binary_crossentropy: 0.0338
Epoch 251/400
229/229 - 104s - likelihood_loss: 306.5341 - loss: 4123.1938 - mean_binary_crossentropy: 0.0051 - val_likelihood_loss: 2072.3010 - val_loss: 5868.1846 - val_mean_binary_crossentropy: 0.0345
Epoch 252/400
229/229 - 105s - likelihood_loss: 316.3988 - loss: 4109.9360 - mean_binary_crossentropy: 0.0053 - val_likelihood_loss: 1999.9083 - val_loss: 5773.9976 - val_mean_binary_crossentropy: 0.0333
Epoch 253/400
229/229 - 105s - likelihood_loss: 324.4482 - loss: 4094.9663 - mean_binary_crossentropy: 0.0054 - val_likelihood_loss: 2079.5271 - val_loss: 5831.2471 - val_mean_binary_crossentropy: 0.0347
Epoch 254/400
229/229 - 105s - likelihood_loss: 322.9304 - loss: 4070.3557 - mean_binary_crossentropy: 0.0054 - val_likelihood_loss: 2081.3472 - val_loss: 5810.7354 - val_mean_binary_crossentropy: 0.0347
Epoch 255/400
229/229 - 105s - likelihood_loss: 323.0432 - loss: 4047.5469 - mean_binary_crossentropy: 0.0054 - val_likelihood_loss: 2222.3655 - val_loss: 5927.7754 - val_mean_binary_crossentropy: 0.0370
Epoch 256/400
229/229 - 105s - likelihood_loss: 313.4456 - loss: 4015.1003 - mean_binary_crossentropy: 0.0052 - val_likelihood_loss: 2366.1567 - val_loss: 6049.9395 - val_mean_binary_crossentropy: 0.0394
Epoch 257/400
229/229 - 105s - likelihood_loss: 311.4523 - loss: 3990.2031 - mean_binary_crossentropy: 0.0052 - val_likelihood_loss: 2265.5928 - val_loss: 5926.8311 - val_mean_binary_crossentropy: 0.0378
Epoch 258/400
229/229 - 106s - likelihood_loss: 308.2814 - loss: 3964.1565 - mean_binary_crossentropy: 0.0051 - val_likelihood_loss: 2097.2986 - val_loss: 5735.0479 - val_mean_binary_crossentropy: 0.0350
Epoch 259/400
229/229 - 106s - likelihood_loss: 308.5586 - loss: 3941.7192 - mean_binary_crossentropy: 0.0051 - val_likelihood_loss: 1907.9333 - val_loss: 5524.2705 - val_mean_binary_crossentropy: 0.0318
Epoch 260/400
229/229 - 105s - likelihood_loss: 305.5873 - loss: 3916.1177 - mean_binary_crossentropy: 0.0051 - val_likelihood_loss: 2043.8438 - val_loss: 5636.8496 - val_mean_binary_crossentropy: 0.0341
Epoch 261/400
229/229 - 105s - likelihood_loss: 305.7969 - loss: 3893.6360 - mean_binary_crossentropy: 0.0051 - val_likelihood_loss: 2053.6255 - val_loss: 5624.3491 - val_mean_binary_crossentropy: 0.0342
Epoch 262/400
229/229 - 105s - likelihood_loss: 304.2402 - loss: 3869.6064 - mean_binary_crossentropy: 0.0051 - val_likelihood_loss: 1993.5221 - val_loss: 5541.2544 - val_mean_binary_crossentropy: 0.0332
Epoch 263/400
229/229 - 105s - likelihood_loss: 309.2237 - loss: 3852.0762 - mean_binary_crossentropy: 0.0052 - val_likelihood_loss: 2107.5947 - val_loss: 5631.1240 - val_mean_binary_crossentropy: 0.0351
Epoch 264/400
229/229 - 105s - likelihood_loss: 306.9996 - loss: 3827.4602 - mean_binary_crossentropy: 0.0051 - val_likelihood_loss: 2200.2744 - val_loss: 5701.2949 - val_mean_binary_crossentropy: 0.0367
Epoch 265/400
229/229 - 105s - likelihood_loss: 307.5429 - loss: 3805.6479 - mean_binary_crossentropy: 0.0051 - val_likelihood_loss: 2480.6162 - val_loss: 5958.9155 - val_mean_binary_crossentropy: 0.0413
Epoch 266/400
229/229 - 105s - likelihood_loss: 311.5050 - loss: 3787.3127 - mean_binary_crossentropy: 0.0052 - val_likelihood_loss: 2611.7544 - val_loss: 6067.3672 - val_mean_binary_crossentropy: 0.0435
Epoch 267/400
229/229 - 105s - likelihood_loss: 319.9101 - loss: 3773.3953 - mean_binary_crossentropy: 0.0053 - val_likelihood_loss: 2369.9509 - val_loss: 5804.5376 - val_mean_binary_crossentropy: 0.0395
Epoch 268/400
229/229 - 105s - likelihood_loss: 321.1241 - loss: 3752.5166 - mean_binary_crossentropy: 0.0054 - val_likelihood_loss: 2905.8845 - val_loss: 6317.7368 - val_mean_binary_crossentropy: 0.0484
Epoch 269/400
229/229 - 105s - likelihood_loss: 321.6288 - loss: 3730.9956 - mean_binary_crossentropy: 0.0054 - val_likelihood_loss: 2460.4958 - val_loss: 5850.9976 - val_mean_binary_crossentropy: 0.0410
Epoch 270/400
229/229 - 105s - likelihood_loss: 326.7620 - loss: 3714.2932 - mean_binary_crossentropy: 0.0054 - val_likelihood_loss: 2158.1763 - val_loss: 5526.6221 - val_mean_binary_crossentropy: 0.0360
Epoch 271/400
229/229 - 105s - likelihood_loss: 316.3756 - loss: 3682.0815 - mean_binary_crossentropy: 0.0053 - val_likelihood_loss: 2329.8604 - val_loss: 5675.9321 - val_mean_binary_crossentropy: 0.0388
Epoch 272/400
229/229 - 106s - likelihood_loss: 311.1329 - loss: 3655.0234 - mean_binary_crossentropy: 0.0052 - val_likelihood_loss: 2214.8623 - val_loss: 5540.5942 - val_mean_binary_crossentropy: 0.0369
Epoch 273/400
229/229 - 106s - likelihood_loss: 310.1255 - loss: 3632.2600 - mean_binary_crossentropy: 0.0052 - val_likelihood_loss: 2179.7026 - val_loss: 5483.5342 - val_mean_binary_crossentropy: 0.0363
Epoch 274/400
229/229 - 105s - likelihood_loss: 307.6472 - loss: 3608.1013 - mean_binary_crossentropy: 0.0051 - val_likelihood_loss: 1936.8646 - val_loss: 5221.0327 - val_mean_binary_crossentropy: 0.0323
Epoch 275/400
229/229 - 105s - likelihood_loss: 305.9832 - loss: 3584.8845 - mean_binary_crossentropy: 0.0051 - val_likelihood_loss: 1985.5920 - val_loss: 5247.5107 - val_mean_binary_crossentropy: 0.0331
Epoch 276/400
229/229 - 105s - likelihood_loss: 310.1503 - loss: 3567.5027 - mean_binary_crossentropy: 0.0052 - val_likelihood_loss: 1982.9575 - val_loss: 5223.4697 - val_mean_binary_crossentropy: 0.0330
Epoch 277/400
229/229 - 106s - likelihood_loss: 314.4494 - loss: 3550.3552 - mean_binary_crossentropy: 0.0052 - val_likelihood_loss: 2003.7695 - val_loss: 5221.3877 - val_mean_binary_crossentropy: 0.0334
Epoch 278/400
229/229 - 106s - likelihood_loss: 313.3176 - loss: 3527.6592 - mean_binary_crossentropy: 0.0052 - val_likelihood_loss: 2151.1858 - val_loss: 5348.8442 - val_mean_binary_crossentropy: 0.0359
Epoch 279/400
229/229 - 106s - likelihood_loss: 314.6772 - loss: 3507.8408 - mean_binary_crossentropy: 0.0052 - val_likelihood_loss: 2949.9749 - val_loss: 6124.2305 - val_mean_binary_crossentropy: 0.0492
Epoch 280/400
229/229 - 105s - likelihood_loss: 316.5845 - loss: 3488.6213 - mean_binary_crossentropy: 0.0053 - val_likelihood_loss: 2896.4165 - val_loss: 6050.9106 - val_mean_binary_crossentropy: 0.0483
Epoch 281/400
229/229 - 105s - likelihood_loss: 315.3211 - loss: 3466.2356 - mean_binary_crossentropy: 0.0053 - val_likelihood_loss: 2920.3677 - val_loss: 6052.9385 - val_mean_binary_crossentropy: 0.0487
Epoch 282/400
229/229 - 106s - likelihood_loss: 312.9921 - loss: 3443.0222 - mean_binary_crossentropy: 0.0052 - val_likelihood_loss: 2597.1724 - val_loss: 5707.9429 - val_mean_binary_crossentropy: 0.0433
Epoch 283/400
229/229 - 105s - likelihood_loss: 316.6717 - loss: 3425.7061 - mean_binary_crossentropy: 0.0053 - val_likelihood_loss: 2374.2817 - val_loss: 5465.1094 - val_mean_binary_crossentropy: 0.0396
Epoch 284/400
229/229 - 105s - likelihood_loss: 313.3743 - loss: 3401.7686 - mean_binary_crossentropy: 0.0052 - val_likelihood_loss: 2400.0400 - val_loss: 5469.8706 - val_mean_binary_crossentropy: 0.0400
Epoch 285/400
229/229 - 106s - likelihood_loss: 308.8060 - loss: 3376.6204 - mean_binary_crossentropy: 0.0051 - val_likelihood_loss: 2370.4312 - val_loss: 5419.4482 - val_mean_binary_crossentropy: 0.0395
Epoch 286/400
229/229 - 106s - likelihood_loss: 303.7659 - loss: 3350.9629 - mean_binary_crossentropy: 0.0051 - val_likelihood_loss: 2365.3005 - val_loss: 5394.3540 - val_mean_binary_crossentropy: 0.0394
Epoch 287/400
229/229 - 105s - likelihood_loss: 302.0924 - loss: 3328.7505 - mean_binary_crossentropy: 0.0050 - val_likelihood_loss: 2282.1069 - val_loss: 5291.2520 - val_mean_binary_crossentropy: 0.0380
Epoch 288/400
229/229 - 105s - likelihood_loss: 303.7836 - loss: 3309.8884 - mean_binary_crossentropy: 0.0051 - val_likelihood_loss: 2073.9873 - val_loss: 5060.8828 - val_mean_binary_crossentropy: 0.0346
Epoch 289/400
229/229 - 105s - likelihood_loss: 308.4250 - loss: 3294.2134 - mean_binary_crossentropy: 0.0051 - val_likelihood_loss: 2035.6614 - val_loss: 5003.8984 - val_mean_binary_crossentropy: 0.0339
Epoch 290/400
229/229 - 105s - likelihood_loss: 305.6365 - loss: 3271.0957 - mean_binary_crossentropy: 0.0051 - val_likelihood_loss: 2171.9565 - val_loss: 5119.1279 - val_mean_binary_crossentropy: 0.0362
Epoch 291/400
229/229 - 106s - likelihood_loss: 303.8020 - loss: 3249.0508 - mean_binary_crossentropy: 0.0051 - val_likelihood_loss: 2243.6394 - val_loss: 5170.9551 - val_mean_binary_crossentropy: 0.0374
Epoch 292/400
229/229 - 106s - likelihood_loss: 306.6221 - loss: 3231.6790 - mean_binary_crossentropy: 0.0051 - val_likelihood_loss: 2200.0122 - val_loss: 5107.2041 - val_mean_binary_crossentropy: 0.0367
Epoch 293/400
229/229 - 106s - likelihood_loss: 313.3635 - loss: 3218.3423 - mean_binary_crossentropy: 0.0052 - val_likelihood_loss: 2153.5366 - val_loss: 5042.0312 - val_mean_binary_crossentropy: 0.0359
Epoch 294/400
229/229 - 106s - likelihood_loss: 310.2806 - loss: 3195.3433 - mean_binary_crossentropy: 0.0052 - val_likelihood_loss: 2391.3865 - val_loss: 5258.8052 - val_mean_binary_crossentropy: 0.0399
Epoch 295/400
229/229 - 105s - likelihood_loss: 301.7105 - loss: 3166.8545 - mean_binary_crossentropy: 0.0050 - val_likelihood_loss: 2440.0305 - val_loss: 5289.6709 - val_mean_binary_crossentropy: 0.0407
Epoch 296/400
229/229 - 106s - likelihood_loss: 298.7492 - loss: 3144.0903 - mean_binary_crossentropy: 0.0050 - val_likelihood_loss: 2444.7874 - val_loss: 5274.1138 - val_mean_binary_crossentropy: 0.0407
Epoch 297/400
229/229 - 106s - likelihood_loss: 306.1866 - loss: 3131.7876 - mean_binary_crossentropy: 0.0051 - val_likelihood_loss: 2576.7734 - val_loss: 5385.4761 - val_mean_binary_crossentropy: 0.0429
Epoch 298/400
229/229 - 106s - likelihood_loss: 302.6560 - loss: 3108.5747 - mean_binary_crossentropy: 0.0050 - val_likelihood_loss: 2589.1968 - val_loss: 5377.2729 - val_mean_binary_crossentropy: 0.0432
Epoch 299/400
229/229 - 106s - likelihood_loss: 306.5263 - loss: 3092.8276 - mean_binary_crossentropy: 0.0051 - val_likelihood_loss: 2440.7563 - val_loss: 5211.4009 - val_mean_binary_crossentropy: 0.0407
Epoch 300/400
229/229 - 105s - likelihood_loss: 306.9556 - loss: 3073.7803 - mean_binary_crossentropy: 0.0051 - val_likelihood_loss: 2527.3647 - val_loss: 5278.0391 - val_mean_binary_crossentropy: 0.0421
Epoch 301/400
229/229 - 105s - likelihood_loss: 303.9030 - loss: 3051.3865 - mean_binary_crossentropy: 0.0051 - val_likelihood_loss: 2457.4639 - val_loss: 5186.5811 - val_mean_binary_crossentropy: 0.0410
Epoch 302/400
229/229 - 106s - likelihood_loss: 308.1768 - loss: 3036.3958 - mean_binary_crossentropy: 0.0051 - val_likelihood_loss: 2481.8264 - val_loss: 5192.7812 - val_mean_binary_crossentropy: 0.0414
Epoch 303/400
229/229 - 106s - likelihood_loss: 309.9648 - loss: 3018.9651 - mean_binary_crossentropy: 0.0052 - val_likelihood_loss: 2009.8296 - val_loss: 4702.8955 - val_mean_binary_crossentropy: 0.0335
Epoch 304/400
229/229 - 106s - likelihood_loss: 308.1888 - loss: 2998.0542 - mean_binary_crossentropy: 0.0051 - val_likelihood_loss: 2433.4607 - val_loss: 5104.4624 - val_mean_binary_crossentropy: 0.0406
Epoch 305/400
229/229 - 105s - likelihood_loss: 304.4277 - loss: 2975.3967 - mean_binary_crossentropy: 0.0051 - val_likelihood_loss: 2856.1592 - val_loss: 5509.0508 - val_mean_binary_crossentropy: 0.0476
Epoch 306/400
229/229 - 106s - likelihood_loss: 300.4980 - loss: 2952.6216 - mean_binary_crossentropy: 0.0050 - val_likelihood_loss: 2826.8787 - val_loss: 5461.4956 - val_mean_binary_crossentropy: 0.0471
Epoch 307/400
229/229 - 105s - likelihood_loss: 299.2578 - loss: 2932.5830 - mean_binary_crossentropy: 0.0050 - val_likelihood_loss: 2428.0801 - val_loss: 5044.0112 - val_mean_binary_crossentropy: 0.0405
Epoch 308/400
229/229 - 105s - likelihood_loss: 299.1058 - loss: 2913.7361 - mean_binary_crossentropy: 0.0050 - val_likelihood_loss: 2293.5815 - val_loss: 4891.2021 - val_mean_binary_crossentropy: 0.0382
Epoch 309/400
229/229 - 105s - likelihood_loss: 298.9672 - loss: 2894.9644 - mean_binary_crossentropy: 0.0050 - val_likelihood_loss: 2174.0903 - val_loss: 4753.4077 - val_mean_binary_crossentropy: 0.0362
Epoch 310/400
229/229 - 106s - likelihood_loss: 304.2801 - loss: 2881.8499 - mean_binary_crossentropy: 0.0051 - val_likelihood_loss: 2113.1084 - val_loss: 4673.6274 - val_mean_binary_crossentropy: 0.0352
Epoch 311/400
229/229 - 106s - likelihood_loss: 321.4836 - loss: 2880.6809 - mean_binary_crossentropy: 0.0054 - val_likelihood_loss: 1963.9884 - val_loss: 4508.2163 - val_mean_binary_crossentropy: 0.0327
Epoch 312/400
229/229 - 105s - likelihood_loss: 323.2045 - loss: 2864.3005 - mean_binary_crossentropy: 0.0054 - val_likelihood_loss: 2119.2439 - val_loss: 4645.5928 - val_mean_binary_crossentropy: 0.0353
Epoch 313/400
229/229 - 106s - likelihood_loss: 314.3793 - loss: 2837.3027 - mean_binary_crossentropy: 0.0052 - val_likelihood_loss: 1906.0438 - val_loss: 4415.5210 - val_mean_binary_crossentropy: 0.0318
Epoch 314/400
229/229 - 105s - likelihood_loss: 331.4220 - loss: 2836.0854 - mean_binary_crossentropy: 0.0055 - val_likelihood_loss: 2076.3218 - val_loss: 4567.2275 - val_mean_binary_crossentropy: 0.0346
Epoch 315/400
229/229 - 105s - likelihood_loss: 338.4573 - loss: 2825.6755 - mean_binary_crossentropy: 0.0056 - val_likelihood_loss: 2198.5132 - val_loss: 4669.7324 - val_mean_binary_crossentropy: 0.0366
Epoch 316/400
229/229 - 105s - likelihood_loss: 316.8111 - loss: 2786.3455 - mean_binary_crossentropy: 0.0053 - val_likelihood_loss: 2114.4297 - val_loss: 4568.1782 - val_mean_binary_crossentropy: 0.0352
Epoch 317/400
229/229 - 106s - likelihood_loss: 307.8035 - loss: 2759.7910 - mean_binary_crossentropy: 0.0051 - val_likelihood_loss: 2219.4558 - val_loss: 4655.7148 - val_mean_binary_crossentropy: 0.0370
Epoch 318/400
229/229 - 106s - likelihood_loss: 302.8330 - loss: 2737.3108 - mean_binary_crossentropy: 0.0050 - val_likelihood_loss: 2326.3206 - val_loss: 4745.0635 - val_mean_binary_crossentropy: 0.0388
Epoch 319/400
229/229 - 106s - likelihood_loss: 302.1397 - loss: 2719.2539 - mean_binary_crossentropy: 0.0050 - val_likelihood_loss: 2271.7500 - val_loss: 4672.6655 - val_mean_binary_crossentropy: 0.0379
Epoch 320/400
229/229 - 105s - likelihood_loss: 299.0411 - loss: 2698.8286 - mean_binary_crossentropy: 0.0050 - val_likelihood_loss: 2244.4153 - val_loss: 4628.9438 - val_mean_binary_crossentropy: 0.0374
Epoch 321/400
229/229 - 105s - likelihood_loss: 296.2445 - loss: 2678.7327 - mean_binary_crossentropy: 0.0049 - val_likelihood_loss: 2223.3662 - val_loss: 4590.5327 - val_mean_binary_crossentropy: 0.0371
Epoch 322/400
229/229 - 105s - likelihood_loss: 298.8299 - loss: 2664.0930 - mean_binary_crossentropy: 0.0050 - val_likelihood_loss: 2121.1479 - val_loss: 4471.7095 - val_mean_binary_crossentropy: 0.0354
Epoch 323/400
229/229 - 106s - likelihood_loss: 300.6304 - loss: 2648.8228 - mean_binary_crossentropy: 0.0050 - val_likelihood_loss: 2076.4585 - val_loss: 4409.3145 - val_mean_binary_crossentropy: 0.0346
Epoch 324/400
229/229 - 105s - likelihood_loss: 297.0296 - loss: 2628.1384 - mean_binary_crossentropy: 0.0050 - val_likelihood_loss: 2126.1335 - val_loss: 4442.5850 - val_mean_binary_crossentropy: 0.0354
Epoch 325/400
229/229 - 105s - likelihood_loss: 296.2322 - loss: 2610.3672 - mean_binary_crossentropy: 0.0049 - val_likelihood_loss: 2229.5552 - val_loss: 4530.0723 - val_mean_binary_crossentropy: 0.0372
Epoch 326/400
229/229 - 105s - likelihood_loss: 299.4592 - loss: 2596.7773 - mean_binary_crossentropy: 0.0050 - val_likelihood_loss: 2334.7847 - val_loss: 4617.1016 - val_mean_binary_crossentropy: 0.0389
Epoch 327/400
229/229 - 105s - likelihood_loss: 298.8122 - loss: 2579.3047 - mean_binary_crossentropy: 0.0050 - val_likelihood_loss: 2633.3374 - val_loss: 4897.6948 - val_mean_binary_crossentropy: 0.0439
Epoch 328/400
229/229 - 105s - likelihood_loss: 306.4410 - loss: 2570.3010 - mean_binary_crossentropy: 0.0051 - val_likelihood_loss: 2463.4167 - val_loss: 4710.4355 - val_mean_binary_crossentropy: 0.0411
Epoch 329/400
229/229 - 105s - likelihood_loss: 311.1439 - loss: 2558.4082 - mean_binary_crossentropy: 0.0052 - val_likelihood_loss: 2417.0408 - val_loss: 4648.7139 - val_mean_binary_crossentropy: 0.0403
Epoch 330/400
229/229 - 105s - likelihood_loss: 304.0862 - loss: 2534.8872 - mean_binary_crossentropy: 0.0051 - val_likelihood_loss: 2676.7739 - val_loss: 4891.1284 - val_mean_binary_crossentropy: 0.0446
Epoch 331/400
229/229 - 106s - likelihood_loss: 304.8077 - loss: 2519.2649 - mean_binary_crossentropy: 0.0051 - val_likelihood_loss: 2536.2622 - val_loss: 4736.1772 - val_mean_binary_crossentropy: 0.0423
Epoch 332/400
229/229 - 105s - likelihood_loss: 310.7213 - loss: 2508.9023 - mean_binary_crossentropy: 0.0052 - val_likelihood_loss: 2518.4673 - val_loss: 4699.5195 - val_mean_binary_crossentropy: 0.0420
Epoch 333/400
229/229 - 105s - likelihood_loss: 309.3975 - loss: 2491.3809 - mean_binary_crossentropy: 0.0052 - val_likelihood_loss: 2563.5061 - val_loss: 4730.1577 - val_mean_binary_crossentropy: 0.0427
Epoch 334/400
229/229 - 105s - likelihood_loss: 307.5351 - loss: 2473.4688 - mean_binary_crossentropy: 0.0051 - val_likelihood_loss: 2854.0466 - val_loss: 5002.2983 - val_mean_binary_crossentropy: 0.0476
Epoch 335/400
229/229 - 105s - likelihood_loss: 307.8933 - loss: 2457.9236 - mean_binary_crossentropy: 0.0051 - val_likelihood_loss: 2569.0571 - val_loss: 4703.4092 - val_mean_binary_crossentropy: 0.0428
Epoch 336/400
229/229 - 105s - likelihood_loss: 308.4545 - loss: 2442.6697 - mean_binary_crossentropy: 0.0051 - val_likelihood_loss: 3011.9155 - val_loss: 5129.2646 - val_mean_binary_crossentropy: 0.0502
Epoch 337/400
229/229 - 105s - likelihood_loss: 303.7906 - loss: 2422.2715 - mean_binary_crossentropy: 0.0051 - val_likelihood_loss: 3041.2080 - val_loss: 5144.4824 - val_mean_binary_crossentropy: 0.0507
Epoch 338/400
229/229 - 106s - likelihood_loss: 307.5890 - loss: 2410.5659 - mean_binary_crossentropy: 0.0051 - val_likelihood_loss: 2925.7607 - val_loss: 5012.6787 - val_mean_binary_crossentropy: 0.0488
Epoch 339/400
229/229 - 105s - likelihood_loss: 300.7391 - loss: 2388.1931 - mean_binary_crossentropy: 0.0050 - val_likelihood_loss: 2721.1880 - val_loss: 4793.0361 - val_mean_binary_crossentropy: 0.0454
Epoch 340/400
229/229 - 105s - likelihood_loss: 296.6869 - loss: 2368.7129 - mean_binary_crossentropy: 0.0049 - val_likelihood_loss: 2752.2097 - val_loss: 4808.2930 - val_mean_binary_crossentropy: 0.0459
Epoch 341/400
229/229 - 105s - likelihood_loss: 292.2533 - loss: 2349.0308 - mean_binary_crossentropy: 0.0049 - val_likelihood_loss: 2599.8215 - val_loss: 4641.6802 - val_mean_binary_crossentropy: 0.0433
Epoch 342/400
229/229 - 106s - likelihood_loss: 290.3536 - loss: 2331.9194 - mean_binary_crossentropy: 0.0048 - val_likelihood_loss: 2556.3164 - val_loss: 4583.1768 - val_mean_binary_crossentropy: 0.0426
Epoch 343/400
229/229 - 106s - likelihood_loss: 290.6012 - loss: 2317.0625 - mean_binary_crossentropy: 0.0048 - val_likelihood_loss: 2344.5532 - val_loss: 4355.0415 - val_mean_binary_crossentropy: 0.0391
Epoch 344/400
229/229 - 106s - likelihood_loss: 289.0850 - loss: 2300.5476 - mean_binary_crossentropy: 0.0048 - val_likelihood_loss: 2302.3877 - val_loss: 4298.1182 - val_mean_binary_crossentropy: 0.0384
Epoch 345/400
229/229 - 106s - likelihood_loss: 291.6752 - loss: 2288.2708 - mean_binary_crossentropy: 0.0049 - val_likelihood_loss: 2305.6187 - val_loss: 4285.9561 - val_mean_binary_crossentropy: 0.0384
Epoch 346/400
229/229 - 106s - likelihood_loss: 290.7802 - loss: 2272.7415 - mean_binary_crossentropy: 0.0048 - val_likelihood_loss: 2190.6875 - val_loss: 4156.8960 - val_mean_binary_crossentropy: 0.0365
Epoch 347/400
229/229 - 106s - likelihood_loss: 287.7598 - loss: 2255.0898 - mean_binary_crossentropy: 0.0048 - val_likelihood_loss: 2356.5894 - val_loss: 4308.1777 - val_mean_binary_crossentropy: 0.0393
Epoch 348/400
229/229 - 107s - likelihood_loss: 292.5465 - loss: 2245.3401 - mean_binary_crossentropy: 0.0049 - val_likelihood_loss: 2247.2261 - val_loss: 4184.6450 - val_mean_binary_crossentropy: 0.0375
Epoch 349/400
229/229 - 106s - likelihood_loss: 293.8532 - loss: 2232.3152 - mean_binary_crossentropy: 0.0049 - val_likelihood_loss: 2743.7021 - val_loss: 4666.5894 - val_mean_binary_crossentropy: 0.0457
Epoch 350/400
229/229 - 106s - likelihood_loss: 294.7884 - loss: 2218.9194 - mean_binary_crossentropy: 0.0049 - val_likelihood_loss: 2913.5815 - val_loss: 4819.4805 - val_mean_binary_crossentropy: 0.0486
Epoch 351/400
229/229 - 106s - likelihood_loss: 298.8412 - loss: 2208.6895 - mean_binary_crossentropy: 0.0050 - val_likelihood_loss: 3094.2290 - val_loss: 4986.2896 - val_mean_binary_crossentropy: 0.0516
Epoch 352/400
229/229 - 105s - likelihood_loss: 298.4547 - loss: 2194.2302 - mean_binary_crossentropy: 0.0050 - val_likelihood_loss: 3046.7529 - val_loss: 4922.6660 - val_mean_binary_crossentropy: 0.0508
Epoch 353/400
229/229 - 106s - likelihood_loss: 303.6449 - loss: 2185.3445 - mean_binary_crossentropy: 0.0051 - val_likelihood_loss: 2546.0027 - val_loss: 4410.6699 - val_mean_binary_crossentropy: 0.0424
Epoch 354/400
229/229 - 106s - likelihood_loss: 296.0636 - loss: 2163.8054 - mean_binary_crossentropy: 0.0049 - val_likelihood_loss: 2340.1287 - val_loss: 4192.7393 - val_mean_binary_crossentropy: 0.0390
Epoch 355/400
229/229 - 106s - likelihood_loss: 296.9240 - loss: 2150.7468 - mean_binary_crossentropy: 0.0049 - val_likelihood_loss: 2228.6978 - val_loss: 4068.0603 - val_mean_binary_crossentropy: 0.0371
Epoch 356/400
229/229 - 106s - likelihood_loss: 297.0299 - loss: 2137.0000 - mean_binary_crossentropy: 0.0050 - val_likelihood_loss: 2189.6680 - val_loss: 4015.7207 - val_mean_binary_crossentropy: 0.0365
Epoch 357/400
229/229 - 105s - likelihood_loss: 299.6417 - loss: 2125.6814 - mean_binary_crossentropy: 0.0050 - val_likelihood_loss: 2260.2517 - val_loss: 4071.8179 - val_mean_binary_crossentropy: 0.0377
Epoch 358/400
229/229 - 105s - likelihood_loss: 346.1967 - loss: 2158.4382 - mean_binary_crossentropy: 0.0058 - val_likelihood_loss: 2401.7258 - val_loss: 4197.2158 - val_mean_binary_crossentropy: 0.0400
Epoch 359/400
229/229 - 106s - likelihood_loss: 328.0793 - loss: 2127.1580 - mean_binary_crossentropy: 0.0055 - val_likelihood_loss: 2039.4661 - val_loss: 3825.7959 - val_mean_binary_crossentropy: 0.0340
Epoch 360/400
229/229 - 106s - likelihood_loss: 308.2256 - loss: 2094.0322 - mean_binary_crossentropy: 0.0051 - val_likelihood_loss: 2250.4590 - val_loss: 4023.4692 - val_mean_binary_crossentropy: 0.0375
Epoch 361/400
229/229 - 106s - likelihood_loss: 297.4211 - loss: 2069.9058 - mean_binary_crossentropy: 0.0050 - val_likelihood_loss: 2611.3811 - val_loss: 4369.9443 - val_mean_binary_crossentropy: 0.0435
Epoch 362/400
229/229 - 106s - likelihood_loss: 297.0184 - loss: 2056.2253 - mean_binary_crossentropy: 0.0050 - val_likelihood_loss: 2783.4282 - val_loss: 4527.6689 - val_mean_binary_crossentropy: 0.0464
Epoch 363/400
229/229 - 105s - likelihood_loss: 291.7971 - loss: 2037.7581 - mean_binary_crossentropy: 0.0049 - val_likelihood_loss: 3077.3303 - val_loss: 4807.4214 - val_mean_binary_crossentropy: 0.0513
Epoch 364/400
229/229 - 105s - likelihood_loss: 287.6170 - loss: 2020.5736 - mean_binary_crossentropy: 0.0048 - val_likelihood_loss: 3122.3438 - val_loss: 4840.0044 - val_mean_binary_crossentropy: 0.0520
Epoch 365/400
229/229 - 106s - likelihood_loss: 286.6787 - loss: 2006.6853 - mean_binary_crossentropy: 0.0048 - val_likelihood_loss: 3026.1863 - val_loss: 4731.8193 - val_mean_binary_crossentropy: 0.0504
Epoch 366/400
229/229 - 106s - likelihood_loss: 293.5941 - loss: 2000.6892 - mean_binary_crossentropy: 0.0049 - val_likelihood_loss: 2772.9341 - val_loss: 4466.0723 - val_mean_binary_crossentropy: 0.0462
Epoch 367/400
229/229 - 106s - likelihood_loss: 293.7181 - loss: 1988.0269 - mean_binary_crossentropy: 0.0049 - val_likelihood_loss: 2844.1436 - val_loss: 4523.0986 - val_mean_binary_crossentropy: 0.0474
Epoch 368/400
229/229 - 106s - likelihood_loss: 289.5750 - loss: 1971.1459 - mean_binary_crossentropy: 0.0048 - val_likelihood_loss: 2783.9062 - val_loss: 4450.9111 - val_mean_binary_crossentropy: 0.0464
Epoch 369/400
229/229 - 106s - likelihood_loss: 286.4402 - loss: 1955.4034 - mean_binary_crossentropy: 0.0048 - val_likelihood_loss: 2639.4729 - val_loss: 4292.5112 - val_mean_binary_crossentropy: 0.0440
Epoch 370/400
229/229 - 105s - likelihood_loss: 288.6725 - loss: 1945.0591 - mean_binary_crossentropy: 0.0048 - val_likelihood_loss: 2542.0347 - val_loss: 4183.1025 - val_mean_binary_crossentropy: 0.0424
Epoch 371/400
229/229 - 105s - likelihood_loss: 298.7795 - loss: 1942.6721 - mean_binary_crossentropy: 0.0050 - val_likelihood_loss: 2349.6692 - val_loss: 3979.0061 - val_mean_binary_crossentropy: 0.0392
Epoch 372/400
229/229 - 105s - likelihood_loss: 294.7365 - loss: 1926.2067 - mean_binary_crossentropy: 0.0049 - val_likelihood_loss: 2485.4995 - val_loss: 4101.2939 - val_mean_binary_crossentropy: 0.0414
Epoch 373/400
229/229 - 105s - likelihood_loss: 294.7869 - loss: 1913.9325 - mean_binary_crossentropy: 0.0049 - val_likelihood_loss: 2480.3313 - val_loss: 4085.2805 - val_mean_binary_crossentropy: 0.0413
Epoch 374/400
229/229 - 105s - likelihood_loss: 297.6426 - loss: 1904.5099 - mean_binary_crossentropy: 0.0050 - val_likelihood_loss: 2444.5322 - val_loss: 4037.9646 - val_mean_binary_crossentropy: 0.0407
Epoch 375/400
229/229 - 105s - likelihood_loss: 303.7910 - loss: 1898.6040 - mean_binary_crossentropy: 0.0051 - val_likelihood_loss: 2595.0183 - val_loss: 4175.8955 - val_mean_binary_crossentropy: 0.0433
Epoch 376/400
229/229 - 105s - likelihood_loss: 297.0726 - loss: 1879.9163 - mean_binary_crossentropy: 0.0050 - val_likelihood_loss: 2512.8513 - val_loss: 4082.0054 - val_mean_binary_crossentropy: 0.0419
Epoch 377/400
229/229 - 105s - likelihood_loss: 300.5809 - loss: 1871.5071 - mean_binary_crossentropy: 0.0050 - val_likelihood_loss: 2406.5483 - val_loss: 3964.7627 - val_mean_binary_crossentropy: 0.0401
Epoch 378/400
229/229 - 105s - likelihood_loss: 295.7971 - loss: 1854.9154 - mean_binary_crossentropy: 0.0049 - val_likelihood_loss: 2369.5369 - val_loss: 3917.0500 - val_mean_binary_crossentropy: 0.0395
Epoch 379/400
229/229 - 105s - likelihood_loss: 300.0739 - loss: 1847.5022 - mean_binary_crossentropy: 0.0050 - val_likelihood_loss: 2579.6123 - val_loss: 4113.9536 - val_mean_binary_crossentropy: 0.0430
Epoch 380/400
229/229 - 105s - likelihood_loss: 299.8009 - loss: 1835.5776 - mean_binary_crossentropy: 0.0050 - val_likelihood_loss: 2712.6743 - val_loss: 4233.4741 - val_mean_binary_crossentropy: 0.0452
Epoch 381/400
229/229 - 105s - likelihood_loss: 294.7624 - loss: 1818.9313 - mean_binary_crossentropy: 0.0049 - val_likelihood_loss: 2697.0530 - val_loss: 4206.5034 - val_mean_binary_crossentropy: 0.0450
Epoch 382/400
229/229 - 105s - likelihood_loss: 298.7933 - loss: 1811.4316 - mean_binary_crossentropy: 0.0050 - val_likelihood_loss: 2562.9424 - val_loss: 4061.3359 - val_mean_binary_crossentropy: 0.0427
Epoch 383/400
229/229 - 105s - likelihood_loss: 292.0701 - loss: 1793.2977 - mean_binary_crossentropy: 0.0049 - val_likelihood_loss: 3255.2932 - val_loss: 4741.9956 - val_mean_binary_crossentropy: 0.0543
Epoch 384/400
229/229 - 105s - likelihood_loss: 282.4586 - loss: 1772.2677 - mean_binary_crossentropy: 0.0047 - val_likelihood_loss: 3359.7810 - val_loss: 4834.6885 - val_mean_binary_crossentropy: 0.0560
Epoch 385/400
229/229 - 105s - likelihood_loss: 279.7500 - loss: 1758.2603 - mean_binary_crossentropy: 0.0047 - val_likelihood_loss: 3104.9688 - val_loss: 4567.6846 - val_mean_binary_crossentropy: 0.0517
Epoch 386/400
229/229 - 105s - likelihood_loss: 287.4694 - loss: 1754.7654 - mean_binary_crossentropy: 0.0048 - val_likelihood_loss: 3030.3748 - val_loss: 4480.2764 - val_mean_binary_crossentropy: 0.0505
Epoch 387/400
229/229 - 105s - likelihood_loss: 280.9818 - loss: 1737.1990 - mean_binary_crossentropy: 0.0047 - val_likelihood_loss: 2774.4136 - val_loss: 4213.7100 - val_mean_binary_crossentropy: 0.0462
Epoch 388/400
229/229 - 105s - likelihood_loss: 278.6123 - loss: 1723.7450 - mean_binary_crossentropy: 0.0046 - val_likelihood_loss: 2721.6089 - val_loss: 4150.1128 - val_mean_binary_crossentropy: 0.0454
Epoch 389/400
229/229 - 105s - likelihood_loss: 277.7112 - loss: 1711.9189 - mean_binary_crossentropy: 0.0046 - val_likelihood_loss: 2488.7905 - val_loss: 3910.0940 - val_mean_binary_crossentropy: 0.0415
Epoch 390/400
229/229 - 105s - likelihood_loss: 276.5847 - loss: 1700.1157 - mean_binary_crossentropy: 0.0046 - val_likelihood_loss: 2401.7498 - val_loss: 3812.4094 - val_mean_binary_crossentropy: 0.0400
Epoch 391/400
229/229 - 105s - likelihood_loss: 277.1325 - loss: 1689.9448 - mean_binary_crossentropy: 0.0046 - val_likelihood_loss: 2414.3398 - val_loss: 3814.9163 - val_mean_binary_crossentropy: 0.0402
Epoch 392/400
229/229 - 105s - likelihood_loss: 277.7898 - loss: 1679.9705 - mean_binary_crossentropy: 0.0046 - val_likelihood_loss: 2432.2122 - val_loss: 3822.4192 - val_mean_binary_crossentropy: 0.0405
Epoch 393/400
229/229 - 105s - likelihood_loss: 277.6682 - loss: 1669.1532 - mean_binary_crossentropy: 0.0046 - val_likelihood_loss: 2582.2861 - val_loss: 3961.5103 - val_mean_binary_crossentropy: 0.0430
Epoch 394/400
229/229 - 105s - likelihood_loss: 281.4116 - loss: 1662.3328 - mean_binary_crossentropy: 0.0047 - val_likelihood_loss: 2891.9358 - val_loss: 4259.0884 - val_mean_binary_crossentropy: 0.0482
Epoch 395/400
229/229 - 105s - likelihood_loss: 284.0698 - loss: 1654.4056 - mean_binary_crossentropy: 0.0047 - val_likelihood_loss: 3354.2576 - val_loss: 4706.6963 - val_mean_binary_crossentropy: 0.0559
Epoch 396/400
229/229 - 105s - likelihood_loss: 287.6094 - loss: 1647.4207 - mean_binary_crossentropy: 0.0048 - val_likelihood_loss: 3533.1130 - val_loss: 4874.7139 - val_mean_binary_crossentropy: 0.0589
Epoch 397/400
229/229 - 105s - likelihood_loss: 291.6770 - loss: 1641.0468 - mean_binary_crossentropy: 0.0049 - val_likelihood_loss: 4030.3918 - val_loss: 5360.9312 - val_mean_binary_crossentropy: 0.0672
Epoch 398/400
229/229 - 105s - likelihood_loss: 298.9968 - loss: 1638.1626 - mean_binary_crossentropy: 0.0050 - val_likelihood_loss: 3806.6892 - val_loss: 5126.8223 - val_mean_binary_crossentropy: 0.0634
Epoch 399/400
229/229 - 105s - likelihood_loss: 302.8906 - loss: 1631.8466 - mean_binary_crossentropy: 0.0050 - val_likelihood_loss: 3247.2158 - val_loss: 4560.8872 - val_mean_binary_crossentropy: 0.0541
Epoch 400/400
229/229 - 105s - likelihood_loss: 301.0238 - loss: 1619.8251 - mean_binary_crossentropy: 0.0050 - val_likelihood_loss: 2868.9639 - val_loss: 4171.9751 - val_mean_binary_crossentropy: 0.0478
Total time elapsed for training = 51714.84314203262 seconds
Training finished at 2020-07-24 03:17:35.755569
Saved model to disk (.h5)
Pickled training history
