2020-07-01 22:09:00.135485: I tensorflow_io/core/kernels/cpu_check.cc:128] Your CPU supports instructions that this TensorFlow IO binary was not compiled to use: AVX2 AVX512F FMA
2020-07-01 22:09:02.107795: I tensorflow/stream_executor/platform/default/dso_loader.cc:44] Successfully opened dynamic library libcuda.so.1
2020-07-01 22:09:02.462584: I tensorflow/core/common_runtime/gpu/gpu_device.cc:1561] Found device 0 with properties: 
pciBusID: 0000:1d:00.0 name: GeForce RTX 2080 Ti computeCapability: 7.5
coreClock: 1.545GHz coreCount: 68 deviceMemorySize: 10.73GiB deviceMemoryBandwidth: 573.69GiB/s
2020-07-01 22:09:02.464686: I tensorflow/core/common_runtime/gpu/gpu_device.cc:1561] Found device 1 with properties: 
pciBusID: 0000:1e:00.0 name: GeForce RTX 2080 Ti computeCapability: 7.5
coreClock: 1.545GHz coreCount: 68 deviceMemorySize: 10.73GiB deviceMemoryBandwidth: 573.69GiB/s
2020-07-01 22:09:02.466758: I tensorflow/core/common_runtime/gpu/gpu_device.cc:1561] Found device 2 with properties: 
pciBusID: 0000:1f:00.0 name: GeForce RTX 2080 Ti computeCapability: 7.5
coreClock: 1.545GHz coreCount: 68 deviceMemorySize: 10.73GiB deviceMemoryBandwidth: 573.69GiB/s
2020-07-01 22:09:02.468803: I tensorflow/core/common_runtime/gpu/gpu_device.cc:1561] Found device 3 with properties: 
pciBusID: 0000:20:00.0 name: GeForce RTX 2080 Ti computeCapability: 7.5
coreClock: 1.545GHz coreCount: 68 deviceMemorySize: 10.73GiB deviceMemoryBandwidth: 573.69GiB/s
2020-07-01 22:09:02.470771: I tensorflow/core/common_runtime/gpu/gpu_device.cc:1561] Found device 4 with properties: 
pciBusID: 0000:21:00.0 name: GeForce RTX 2080 Ti computeCapability: 7.5
coreClock: 1.545GHz coreCount: 68 deviceMemorySize: 10.73GiB deviceMemoryBandwidth: 573.69GiB/s
2020-07-01 22:09:02.472515: I tensorflow/core/common_runtime/gpu/gpu_device.cc:1561] Found device 5 with properties: 
pciBusID: 0000:22:00.0 name: GeForce RTX 2080 Ti computeCapability: 7.5
coreClock: 1.545GHz coreCount: 68 deviceMemorySize: 10.73GiB deviceMemoryBandwidth: 573.69GiB/s
2020-07-01 22:09:02.483975: I tensorflow/stream_executor/platform/default/dso_loader.cc:44] Successfully opened dynamic library libcudart.so.10.1
2020-07-01 22:09:02.570071: I tensorflow/stream_executor/platform/default/dso_loader.cc:44] Successfully opened dynamic library libcublas.so.10
2020-07-01 22:09:02.603658: I tensorflow/stream_executor/platform/default/dso_loader.cc:44] Successfully opened dynamic library libcufft.so.10
2020-07-01 22:09:02.650961: I tensorflow/stream_executor/platform/default/dso_loader.cc:44] Successfully opened dynamic library libcurand.so.10
2020-07-01 22:09:02.722674: I tensorflow/stream_executor/platform/default/dso_loader.cc:44] Successfully opened dynamic library libcusolver.so.10
2020-07-01 22:09:02.759214: I tensorflow/stream_executor/platform/default/dso_loader.cc:44] Successfully opened dynamic library libcusparse.so.10
2020-07-01 22:09:02.952709: I tensorflow/stream_executor/platform/default/dso_loader.cc:44] Successfully opened dynamic library libcudnn.so.7
2020-07-01 22:09:02.975640: I tensorflow/core/common_runtime/gpu/gpu_device.cc:1703] Adding visible gpu devices: 0, 1, 2, 3, 4, 5
2020-07-01 22:10:02.177449: I tensorflow/core/platform/cpu_feature_guard.cc:143] Your CPU supports instructions that this TensorFlow binary was not compiled to use: AVX2 AVX512F FMA
2020-07-01 22:10:02.189416: I tensorflow/core/platform/profile_utils/cpu_utils.cc:102] CPU Frequency: 2100000000 Hz
2020-07-01 22:10:02.191090: I tensorflow/compiler/xla/service/service.cc:168] XLA service 0x55c3c98db4a0 initialized for platform Host (this does not guarantee that XLA will be used). Devices:
2020-07-01 22:10:02.191122: I tensorflow/compiler/xla/service/service.cc:176]   StreamExecutor device (0): Host, Default Version
2020-07-01 22:10:02.968231: I tensorflow/compiler/xla/service/service.cc:168] XLA service 0x55c3c8bfb000 initialized for platform CUDA (this does not guarantee that XLA will be used). Devices:
2020-07-01 22:10:02.968268: I tensorflow/compiler/xla/service/service.cc:176]   StreamExecutor device (0): GeForce RTX 2080 Ti, Compute Capability 7.5
2020-07-01 22:10:02.968281: I tensorflow/compiler/xla/service/service.cc:176]   StreamExecutor device (1): GeForce RTX 2080 Ti, Compute Capability 7.5
2020-07-01 22:10:02.968288: I tensorflow/compiler/xla/service/service.cc:176]   StreamExecutor device (2): GeForce RTX 2080 Ti, Compute Capability 7.5
2020-07-01 22:10:02.968294: I tensorflow/compiler/xla/service/service.cc:176]   StreamExecutor device (3): GeForce RTX 2080 Ti, Compute Capability 7.5
2020-07-01 22:10:02.968300: I tensorflow/compiler/xla/service/service.cc:176]   StreamExecutor device (4): GeForce RTX 2080 Ti, Compute Capability 7.5
2020-07-01 22:10:02.968305: I tensorflow/compiler/xla/service/service.cc:176]   StreamExecutor device (5): GeForce RTX 2080 Ti, Compute Capability 7.5
2020-07-01 22:10:02.975283: I tensorflow/core/common_runtime/gpu/gpu_device.cc:1561] Found device 0 with properties: 
pciBusID: 0000:1d:00.0 name: GeForce RTX 2080 Ti computeCapability: 7.5
coreClock: 1.545GHz coreCount: 68 deviceMemorySize: 10.73GiB deviceMemoryBandwidth: 573.69GiB/s
2020-07-01 22:10:02.977194: I tensorflow/core/common_runtime/gpu/gpu_device.cc:1561] Found device 1 with properties: 
pciBusID: 0000:1e:00.0 name: GeForce RTX 2080 Ti computeCapability: 7.5
coreClock: 1.545GHz coreCount: 68 deviceMemorySize: 10.73GiB deviceMemoryBandwidth: 573.69GiB/s
2020-07-01 22:10:02.979084: I tensorflow/core/common_runtime/gpu/gpu_device.cc:1561] Found device 2 with properties: 
pciBusID: 0000:1f:00.0 name: GeForce RTX 2080 Ti computeCapability: 7.5
coreClock: 1.545GHz coreCount: 68 deviceMemorySize: 10.73GiB deviceMemoryBandwidth: 573.69GiB/s
2020-07-01 22:10:02.980969: I tensorflow/core/common_runtime/gpu/gpu_device.cc:1561] Found device 3 with properties: 
pciBusID: 0000:20:00.0 name: GeForce RTX 2080 Ti computeCapability: 7.5
coreClock: 1.545GHz coreCount: 68 deviceMemorySize: 10.73GiB deviceMemoryBandwidth: 573.69GiB/s
2020-07-01 22:10:02.982747: I tensorflow/core/common_runtime/gpu/gpu_device.cc:1561] Found device 4 with properties: 
pciBusID: 0000:21:00.0 name: GeForce RTX 2080 Ti computeCapability: 7.5
coreClock: 1.545GHz coreCount: 68 deviceMemorySize: 10.73GiB deviceMemoryBandwidth: 573.69GiB/s
2020-07-01 22:10:02.984534: I tensorflow/core/common_runtime/gpu/gpu_device.cc:1561] Found device 5 with properties: 
pciBusID: 0000:22:00.0 name: GeForce RTX 2080 Ti computeCapability: 7.5
coreClock: 1.545GHz coreCount: 68 deviceMemorySize: 10.73GiB deviceMemoryBandwidth: 573.69GiB/s
2020-07-01 22:10:02.984571: I tensorflow/stream_executor/platform/default/dso_loader.cc:44] Successfully opened dynamic library libcudart.so.10.1
2020-07-01 22:10:02.984587: I tensorflow/stream_executor/platform/default/dso_loader.cc:44] Successfully opened dynamic library libcublas.so.10
2020-07-01 22:10:02.984604: I tensorflow/stream_executor/platform/default/dso_loader.cc:44] Successfully opened dynamic library libcufft.so.10
2020-07-01 22:10:02.984617: I tensorflow/stream_executor/platform/default/dso_loader.cc:44] Successfully opened dynamic library libcurand.so.10
2020-07-01 22:10:02.984630: I tensorflow/stream_executor/platform/default/dso_loader.cc:44] Successfully opened dynamic library libcusolver.so.10
2020-07-01 22:10:02.984642: I tensorflow/stream_executor/platform/default/dso_loader.cc:44] Successfully opened dynamic library libcusparse.so.10
2020-07-01 22:10:02.984656: I tensorflow/stream_executor/platform/default/dso_loader.cc:44] Successfully opened dynamic library libcudnn.so.7
2020-07-01 22:10:03.006554: I tensorflow/core/common_runtime/gpu/gpu_device.cc:1703] Adding visible gpu devices: 0, 1, 2, 3, 4, 5
2020-07-01 22:10:03.006593: I tensorflow/stream_executor/platform/default/dso_loader.cc:44] Successfully opened dynamic library libcudart.so.10.1
2020-07-01 22:10:03.019396: I tensorflow/core/common_runtime/gpu/gpu_device.cc:1102] Device interconnect StreamExecutor with strength 1 edge matrix:
2020-07-01 22:10:03.019415: I tensorflow/core/common_runtime/gpu/gpu_device.cc:1108]      0 1 2 3 4 5 
2020-07-01 22:10:03.019425: I tensorflow/core/common_runtime/gpu/gpu_device.cc:1121] 0:   N N N N N N 
2020-07-01 22:10:03.019434: I tensorflow/core/common_runtime/gpu/gpu_device.cc:1121] 1:   N N N N N N 
2020-07-01 22:10:03.019440: I tensorflow/core/common_runtime/gpu/gpu_device.cc:1121] 2:   N N N N N N 
2020-07-01 22:10:03.019446: I tensorflow/core/common_runtime/gpu/gpu_device.cc:1121] 3:   N N N N N N 
2020-07-01 22:10:03.019452: I tensorflow/core/common_runtime/gpu/gpu_device.cc:1121] 4:   N N N N N N 
2020-07-01 22:10:03.019458: I tensorflow/core/common_runtime/gpu/gpu_device.cc:1121] 5:   N N N N N N 
2020-07-01 22:10:03.035983: I tensorflow/core/common_runtime/gpu/gpu_device.cc:1247] Created TensorFlow device (/job:localhost/replica:0/task:0/device:GPU:0 with 10174 MB memory) -> physical GPU (device: 0, name: GeForce RTX 2080 Ti, pci bus id: 0000:1d:00.0, compute capability: 7.5)
2020-07-01 22:10:03.038122: I tensorflow/core/common_runtime/gpu/gpu_device.cc:1247] Created TensorFlow device (/job:localhost/replica:0/task:0/device:GPU:1 with 10174 MB memory) -> physical GPU (device: 1, name: GeForce RTX 2080 Ti, pci bus id: 0000:1e:00.0, compute capability: 7.5)
2020-07-01 22:10:03.040391: I tensorflow/core/common_runtime/gpu/gpu_device.cc:1247] Created TensorFlow device (/job:localhost/replica:0/task:0/device:GPU:2 with 10174 MB memory) -> physical GPU (device: 2, name: GeForce RTX 2080 Ti, pci bus id: 0000:1f:00.0, compute capability: 7.5)
2020-07-01 22:10:03.042510: I tensorflow/core/common_runtime/gpu/gpu_device.cc:1247] Created TensorFlow device (/job:localhost/replica:0/task:0/device:GPU:3 with 10174 MB memory) -> physical GPU (device: 3, name: GeForce RTX 2080 Ti, pci bus id: 0000:20:00.0, compute capability: 7.5)
2020-07-01 22:10:03.044531: I tensorflow/core/common_runtime/gpu/gpu_device.cc:1247] Created TensorFlow device (/job:localhost/replica:0/task:0/device:GPU:4 with 10174 MB memory) -> physical GPU (device: 4, name: GeForce RTX 2080 Ti, pci bus id: 0000:21:00.0, compute capability: 7.5)
2020-07-01 22:10:03.046542: I tensorflow/core/common_runtime/gpu/gpu_device.cc:1247] Created TensorFlow device (/job:localhost/replica:0/task:0/device:GPU:5 with 10174 MB memory) -> physical GPU (device: 5, name: GeForce RTX 2080 Ti, pci bus id: 0000:22:00.0, compute capability: 7.5)
WARNING:tensorflow:From /home/hauthj/.conda/envs/gpu-env/lib/python3.8/site-packages/tensorflow_probability/python/layers/util.py:99: Layer.add_variable (from tensorflow.python.keras.engine.base_layer) is deprecated and will be removed in a future version.
Instructions for updating:
Please use `layer.add_weight` method instead.
2020-07-01 22:12:42.553213: I tensorflow/stream_executor/platform/default/dso_loader.cc:44] Successfully opened dynamic library libcudnn.so.7
2020-07-01 22:12:49.288150: I tensorflow/stream_executor/platform/default/dso_loader.cc:44] Successfully opened dynamic library libcublas.so.10
2.2.0
Listing all GPU resources:
[PhysicalDevice(name='/physical_device:GPU:0', device_type='GPU'), PhysicalDevice(name='/physical_device:GPU:1', device_type='GPU'), PhysicalDevice(name='/physical_device:GPU:2', device_type='GPU'), PhysicalDevice(name='/physical_device:GPU:3', device_type='GPU'), PhysicalDevice(name='/physical_device:GPU:4', device_type='GPU'), PhysicalDevice(name='/physical_device:GPU:5', device_type='GPU')]

0.10.0

Input size: (None, 144, 144, 4)
Output size: (None, 144, 144, 1)
KL Divergence at Initialization: 0.045
[<tf.Tensor: shape=(), dtype=float32, numpy=0.044188015>, <tf.Tensor: shape=(), dtype=float32, numpy=0.00091983925>]
------------------------------
Fitting model with training data ...
------------------------------
Step 3, training the model started at 2020-07-01 22:11:01.738125
Epoch 1/200
457/457 - 71s - likelihood_loss: 55099.6523 - mean_binary_crossentropy: 0.9183 - loss: 55173.8008 - val_likelihood_loss: 22342.2012 - val_mean_binary_crossentropy: 0.3724 - val_loss: 22398.1055
Epoch 2/200
457/457 - 64s - likelihood_loss: 16306.9512 - mean_binary_crossentropy: 0.2718 - loss: 16332.2441 - val_likelihood_loss: 10119.9609 - val_mean_binary_crossentropy: 0.1687 - val_loss: 10163.6572
Epoch 3/200
457/457 - 62s - likelihood_loss: 10128.7627 - mean_binary_crossentropy: 0.1688 - loss: 10137.2246 - val_likelihood_loss: 7781.3613 - val_mean_binary_crossentropy: 0.1297 - val_loss: 7808.7070
Epoch 4/200
457/457 - 62s - likelihood_loss: 7364.5273 - mean_binary_crossentropy: 0.1227 - loss: 7369.8589 - val_likelihood_loss: 6497.8242 - val_mean_binary_crossentropy: 0.1083 - val_loss: 6526.2651
Epoch 5/200
457/457 - 63s - likelihood_loss: 6247.2803 - mean_binary_crossentropy: 0.1041 - loss: 6249.9624 - val_likelihood_loss: 5711.6353 - val_mean_binary_crossentropy: 0.0952 - val_loss: 5728.3857
Epoch 6/200
457/457 - 63s - likelihood_loss: 5436.6743 - mean_binary_crossentropy: 0.0906 - loss: 5439.8716 - val_likelihood_loss: 5000.3516 - val_mean_binary_crossentropy: 0.0833 - val_loss: 5014.6548
Epoch 7/200
457/457 - 63s - likelihood_loss: 4721.9307 - mean_binary_crossentropy: 0.0787 - loss: 4723.9507 - val_likelihood_loss: 4421.4775 - val_mean_binary_crossentropy: 0.0737 - val_loss: 4428.2134
Epoch 8/200
457/457 - 63s - likelihood_loss: 4281.3965 - mean_binary_crossentropy: 0.0714 - loss: 4285.2778 - val_likelihood_loss: 4014.2925 - val_mean_binary_crossentropy: 0.0669 - val_loss: 4027.4211
Epoch 9/200
457/457 - 63s - likelihood_loss: 3891.2683 - mean_binary_crossentropy: 0.0649 - loss: 3893.8914 - val_likelihood_loss: 3661.2444 - val_mean_binary_crossentropy: 0.0610 - val_loss: 3668.6121
Epoch 10/200
457/457 - 63s - likelihood_loss: 3549.5317 - mean_binary_crossentropy: 0.0592 - loss: 3551.6089 - val_likelihood_loss: 3224.1799 - val_mean_binary_crossentropy: 0.0537 - val_loss: 3222.0283
Epoch 11/200
457/457 - 63s - likelihood_loss: 3234.5518 - mean_binary_crossentropy: 0.0539 - loss: 3238.7383 - val_likelihood_loss: 3073.6296 - val_mean_binary_crossentropy: 0.0512 - val_loss: 3069.1765
Epoch 12/200
457/457 - 63s - likelihood_loss: 3098.6350 - mean_binary_crossentropy: 0.0516 - loss: 3101.7119 - val_likelihood_loss: 2972.0215 - val_mean_binary_crossentropy: 0.0495 - val_loss: 2970.8779
Epoch 13/200
457/457 - 62s - likelihood_loss: 2855.7070 - mean_binary_crossentropy: 0.0476 - loss: 2857.8423 - val_likelihood_loss: 2772.9058 - val_mean_binary_crossentropy: 0.0462 - val_loss: 2766.0149
Epoch 14/200
457/457 - 63s - likelihood_loss: 2769.0752 - mean_binary_crossentropy: 0.0462 - loss: 2773.0654 - val_likelihood_loss: 2630.4558 - val_mean_binary_crossentropy: 0.0438 - val_loss: 2626.8586
Epoch 15/200
457/457 - 62s - likelihood_loss: 2507.0415 - mean_binary_crossentropy: 0.0418 - loss: 2509.5447 - val_likelihood_loss: 2587.2620 - val_mean_binary_crossentropy: 0.0431 - val_loss: 2583.9258
Epoch 16/200
457/457 - 63s - likelihood_loss: 2359.9368 - mean_binary_crossentropy: 0.0393 - loss: 2361.3489 - val_likelihood_loss: 2413.2876 - val_mean_binary_crossentropy: 0.0402 - val_loss: 2405.0161
Epoch 17/200
457/457 - 63s - likelihood_loss: 2246.7295 - mean_binary_crossentropy: 0.0374 - loss: 2248.1396 - val_likelihood_loss: 2324.8931 - val_mean_binary_crossentropy: 0.0387 - val_loss: 2325.5603
Epoch 18/200
457/457 - 63s - likelihood_loss: 2162.3308 - mean_binary_crossentropy: 0.0360 - loss: 2164.3064 - val_likelihood_loss: 2269.6487 - val_mean_binary_crossentropy: 0.0378 - val_loss: 2263.2217
Epoch 19/200
457/457 - 63s - likelihood_loss: 2016.8348 - mean_binary_crossentropy: 0.0336 - loss: 2020.2280 - val_likelihood_loss: 2313.2266 - val_mean_binary_crossentropy: 0.0386 - val_loss: 2311.9021
Epoch 20/200
457/457 - 62s - likelihood_loss: 1921.0146 - mean_binary_crossentropy: 0.0320 - loss: 1922.6681 - val_likelihood_loss: 2147.1689 - val_mean_binary_crossentropy: 0.0358 - val_loss: 2141.9431
Epoch 21/200
457/457 - 63s - likelihood_loss: 1769.8667 - mean_binary_crossentropy: 0.0295 - loss: 1770.8661 - val_likelihood_loss: 2149.7058 - val_mean_binary_crossentropy: 0.0358 - val_loss: 2148.9961
Epoch 22/200
457/457 - 62s - likelihood_loss: 1682.5884 - mean_binary_crossentropy: 0.0280 - loss: 1685.2180 - val_likelihood_loss: 2135.8320 - val_mean_binary_crossentropy: 0.0356 - val_loss: 2126.9072
Epoch 23/200
457/457 - 63s - likelihood_loss: 1664.4512 - mean_binary_crossentropy: 0.0277 - loss: 1666.4336 - val_likelihood_loss: 2105.1418 - val_mean_binary_crossentropy: 0.0351 - val_loss: 2090.0850
Epoch 24/200
457/457 - 63s - likelihood_loss: 1583.4305 - mean_binary_crossentropy: 0.0264 - loss: 1584.8274 - val_likelihood_loss: 1994.8412 - val_mean_binary_crossentropy: 0.0332 - val_loss: 1978.8442
Epoch 25/200
457/457 - 64s - likelihood_loss: 1505.9897 - mean_binary_crossentropy: 0.0251 - loss: 1508.0306 - val_likelihood_loss: 2047.0585 - val_mean_binary_crossentropy: 0.0341 - val_loss: 2034.9766
Epoch 26/200
457/457 - 64s - likelihood_loss: 1406.6129 - mean_binary_crossentropy: 0.0234 - loss: 1408.8492 - val_likelihood_loss: 2135.0630 - val_mean_binary_crossentropy: 0.0356 - val_loss: 2123.8950
Epoch 27/200
457/457 - 63s - likelihood_loss: 1352.8413 - mean_binary_crossentropy: 0.0225 - loss: 1354.3641 - val_likelihood_loss: 2005.9165 - val_mean_binary_crossentropy: 0.0334 - val_loss: 1995.7756
Epoch 28/200
457/457 - 63s - likelihood_loss: 1295.1389 - mean_binary_crossentropy: 0.0216 - loss: 1296.9031 - val_likelihood_loss: 2050.3613 - val_mean_binary_crossentropy: 0.0342 - val_loss: 2044.6299
Epoch 29/200
457/457 - 63s - likelihood_loss: 1250.4639 - mean_binary_crossentropy: 0.0208 - loss: 1251.3645 - val_likelihood_loss: 2045.7294 - val_mean_binary_crossentropy: 0.0341 - val_loss: 2032.2556
Epoch 30/200
457/457 - 63s - likelihood_loss: 1203.5852 - mean_binary_crossentropy: 0.0201 - loss: 1204.9520 - val_likelihood_loss: 2208.0400 - val_mean_binary_crossentropy: 0.0368 - val_loss: 2192.0024
Epoch 31/200
457/457 - 64s - likelihood_loss: 1144.3190 - mean_binary_crossentropy: 0.0191 - loss: 1145.6057 - val_likelihood_loss: 2228.5171 - val_mean_binary_crossentropy: 0.0371 - val_loss: 2212.4321
Epoch 32/200
457/457 - 63s - likelihood_loss: 1119.1669 - mean_binary_crossentropy: 0.0187 - loss: 1120.3982 - val_likelihood_loss: 1872.8137 - val_mean_binary_crossentropy: 0.0312 - val_loss: 1864.5040
Epoch 33/200
457/457 - 63s - likelihood_loss: 1108.4126 - mean_binary_crossentropy: 0.0185 - loss: 1109.3674 - val_likelihood_loss: 2139.7205 - val_mean_binary_crossentropy: 0.0357 - val_loss: 2125.7288
Epoch 34/200
457/457 - 65s - likelihood_loss: 1047.1252 - mean_binary_crossentropy: 0.0175 - loss: 1048.1583 - val_likelihood_loss: 1938.9941 - val_mean_binary_crossentropy: 0.0323 - val_loss: 1915.1516
Epoch 35/200
457/457 - 63s - likelihood_loss: 1020.1575 - mean_binary_crossentropy: 0.0170 - loss: 1021.2429 - val_likelihood_loss: 1992.4485 - val_mean_binary_crossentropy: 0.0332 - val_loss: 1981.8054
Epoch 36/200
457/457 - 64s - likelihood_loss: 982.4998 - mean_binary_crossentropy: 0.0164 - loss: 983.4275 - val_likelihood_loss: 2260.0183 - val_mean_binary_crossentropy: 0.0377 - val_loss: 2254.4915
Epoch 37/200
457/457 - 64s - likelihood_loss: 962.8522 - mean_binary_crossentropy: 0.0160 - loss: 964.3123 - val_likelihood_loss: 2021.3866 - val_mean_binary_crossentropy: 0.0337 - val_loss: 2010.7378
Epoch 38/200
457/457 - 64s - likelihood_loss: 934.1307 - mean_binary_crossentropy: 0.0156 - loss: 935.2748 - val_likelihood_loss: 1869.9266 - val_mean_binary_crossentropy: 0.0312 - val_loss: 1857.5155
Epoch 39/200
457/457 - 64s - likelihood_loss: 894.0131 - mean_binary_crossentropy: 0.0149 - loss: 894.7811 - val_likelihood_loss: 2043.3481 - val_mean_binary_crossentropy: 0.0341 - val_loss: 2029.7556
Epoch 40/200
457/457 - 64s - likelihood_loss: 904.9678 - mean_binary_crossentropy: 0.0151 - loss: 906.2066 - val_likelihood_loss: 2009.6182 - val_mean_binary_crossentropy: 0.0335 - val_loss: 1995.6989
Epoch 41/200
457/457 - 64s - likelihood_loss: 883.9639 - mean_binary_crossentropy: 0.0147 - loss: 884.6042 - val_likelihood_loss: 1954.6597 - val_mean_binary_crossentropy: 0.0326 - val_loss: 1949.1327
Epoch 42/200
457/457 - 63s - likelihood_loss: 857.9991 - mean_binary_crossentropy: 0.0143 - loss: 858.8001 - val_likelihood_loss: 1769.0154 - val_mean_binary_crossentropy: 0.0295 - val_loss: 1762.0066
Epoch 43/200
457/457 - 64s - likelihood_loss: 828.9919 - mean_binary_crossentropy: 0.0138 - loss: 829.8118 - val_likelihood_loss: 1931.2059 - val_mean_binary_crossentropy: 0.0322 - val_loss: 1921.5485
Epoch 44/200
457/457 - 63s - likelihood_loss: 803.0240 - mean_binary_crossentropy: 0.0134 - loss: 803.7540 - val_likelihood_loss: 2185.0464 - val_mean_binary_crossentropy: 0.0364 - val_loss: 2172.2834
Epoch 45/200
457/457 - 63s - likelihood_loss: 795.3962 - mean_binary_crossentropy: 0.0133 - loss: 796.3152 - val_likelihood_loss: 1827.5978 - val_mean_binary_crossentropy: 0.0305 - val_loss: 1823.3622
Epoch 46/200
457/457 - 63s - likelihood_loss: 776.9725 - mean_binary_crossentropy: 0.0129 - loss: 777.4622 - val_likelihood_loss: 1956.4603 - val_mean_binary_crossentropy: 0.0326 - val_loss: 1941.9673
Epoch 47/200
457/457 - 64s - likelihood_loss: 779.5163 - mean_binary_crossentropy: 0.0130 - loss: 779.8185 - val_likelihood_loss: 1916.1238 - val_mean_binary_crossentropy: 0.0319 - val_loss: 1912.0389
Epoch 48/200
457/457 - 64s - likelihood_loss: 751.7717 - mean_binary_crossentropy: 0.0125 - loss: 752.3677 - val_likelihood_loss: 1837.0807 - val_mean_binary_crossentropy: 0.0306 - val_loss: 1832.0714
Epoch 49/200
457/457 - 64s - likelihood_loss: 724.7396 - mean_binary_crossentropy: 0.0121 - loss: 725.3141 - val_likelihood_loss: 1742.7977 - val_mean_binary_crossentropy: 0.0290 - val_loss: 1731.5190
Epoch 50/200
457/457 - 64s - likelihood_loss: 720.2166 - mean_binary_crossentropy: 0.0120 - loss: 720.6704 - val_likelihood_loss: 1976.7812 - val_mean_binary_crossentropy: 0.0329 - val_loss: 1973.5415
Epoch 51/200
457/457 - 63s - likelihood_loss: 721.5710 - mean_binary_crossentropy: 0.0120 - loss: 722.0707 - val_likelihood_loss: 1913.4021 - val_mean_binary_crossentropy: 0.0319 - val_loss: 1909.3145
Epoch 52/200
457/457 - 64s - likelihood_loss: 715.4034 - mean_binary_crossentropy: 0.0119 - loss: 716.1532 - val_likelihood_loss: 1883.5928 - val_mean_binary_crossentropy: 0.0314 - val_loss: 1879.9613
Epoch 53/200
457/457 - 64s - likelihood_loss: 701.0942 - mean_binary_crossentropy: 0.0117 - loss: 701.6357 - val_likelihood_loss: 1962.7684 - val_mean_binary_crossentropy: 0.0327 - val_loss: 1959.7781
Epoch 54/200
457/457 - 65s - likelihood_loss: 690.9952 - mean_binary_crossentropy: 0.0115 - loss: 691.5684 - val_likelihood_loss: 2081.8428 - val_mean_binary_crossentropy: 0.0347 - val_loss: 2076.2998
Epoch 55/200
457/457 - 63s - likelihood_loss: 685.7394 - mean_binary_crossentropy: 0.0114 - loss: 686.0723 - val_likelihood_loss: 2021.4938 - val_mean_binary_crossentropy: 0.0337 - val_loss: 2014.6379
Epoch 56/200
457/457 - 64s - likelihood_loss: 670.9409 - mean_binary_crossentropy: 0.0112 - loss: 671.6732 - val_likelihood_loss: 2063.1074 - val_mean_binary_crossentropy: 0.0344 - val_loss: 2054.8337
Epoch 57/200
457/457 - 63s - likelihood_loss: 652.5901 - mean_binary_crossentropy: 0.0109 - loss: 653.4565 - val_likelihood_loss: 2274.4788 - val_mean_binary_crossentropy: 0.0379 - val_loss: 2275.3877
Epoch 58/200
457/457 - 63s - likelihood_loss: 644.6255 - mean_binary_crossentropy: 0.0107 - loss: 645.0112 - val_likelihood_loss: 2175.8730 - val_mean_binary_crossentropy: 0.0363 - val_loss: 2157.8306
Epoch 59/200
457/457 - 63s - likelihood_loss: 651.2443 - mean_binary_crossentropy: 0.0109 - loss: 651.6420 - val_likelihood_loss: 2216.4900 - val_mean_binary_crossentropy: 0.0369 - val_loss: 2212.9761
Epoch 60/200
457/457 - 63s - likelihood_loss: 633.4240 - mean_binary_crossentropy: 0.0106 - loss: 634.0400 - val_likelihood_loss: 2492.9155 - val_mean_binary_crossentropy: 0.0415 - val_loss: 2481.5227
Epoch 61/200
457/457 - 63s - likelihood_loss: 630.4089 - mean_binary_crossentropy: 0.0105 - loss: 631.0410 - val_likelihood_loss: 3085.8938 - val_mean_binary_crossentropy: 0.0514 - val_loss: 3055.5112
Epoch 62/200
457/457 - 63s - likelihood_loss: 625.0087 - mean_binary_crossentropy: 0.0104 - loss: 625.5085 - val_likelihood_loss: 2505.4932 - val_mean_binary_crossentropy: 0.0418 - val_loss: 2490.0742
Epoch 63/200
457/457 - 63s - likelihood_loss: 614.8610 - mean_binary_crossentropy: 0.0102 - loss: 615.3157 - val_likelihood_loss: 3562.2668 - val_mean_binary_crossentropy: 0.0594 - val_loss: 3538.6680
Epoch 64/200
457/457 - 63s - likelihood_loss: 610.6185 - mean_binary_crossentropy: 0.0102 - loss: 610.9979 - val_likelihood_loss: 2521.4355 - val_mean_binary_crossentropy: 0.0420 - val_loss: 2514.7434
Epoch 65/200
457/457 - 64s - likelihood_loss: 605.8127 - mean_binary_crossentropy: 0.0101 - loss: 605.8863 - val_likelihood_loss: 2932.9348 - val_mean_binary_crossentropy: 0.0489 - val_loss: 2908.5459
Epoch 66/200
457/457 - 64s - likelihood_loss: 603.0959 - mean_binary_crossentropy: 0.0101 - loss: 603.6228 - val_likelihood_loss: 1963.0681 - val_mean_binary_crossentropy: 0.0327 - val_loss: 1957.3782
Epoch 67/200
457/457 - 63s - likelihood_loss: 603.6663 - mean_binary_crossentropy: 0.0101 - loss: 603.8390 - val_likelihood_loss: 2221.7717 - val_mean_binary_crossentropy: 0.0370 - val_loss: 2211.4592
Epoch 68/200
457/457 - 63s - likelihood_loss: 593.6647 - mean_binary_crossentropy: 0.0099 - loss: 593.7245 - val_likelihood_loss: 2092.1724 - val_mean_binary_crossentropy: 0.0349 - val_loss: 2085.0520
Epoch 69/200
457/457 - 64s - likelihood_loss: 589.3877 - mean_binary_crossentropy: 0.0098 - loss: 589.8117 - val_likelihood_loss: 2070.9934 - val_mean_binary_crossentropy: 0.0345 - val_loss: 2063.2134
Epoch 70/200
457/457 - 64s - likelihood_loss: 585.6792 - mean_binary_crossentropy: 0.0098 - loss: 586.3322 - val_likelihood_loss: 2018.2738 - val_mean_binary_crossentropy: 0.0336 - val_loss: 2010.5269
Epoch 71/200
457/457 - 64s - likelihood_loss: 586.2803 - mean_binary_crossentropy: 0.0098 - loss: 586.6805 - val_likelihood_loss: 2034.7909 - val_mean_binary_crossentropy: 0.0339 - val_loss: 2022.0544
Epoch 72/200
457/457 - 65s - likelihood_loss: 569.9759 - mean_binary_crossentropy: 0.0095 - loss: 570.5516 - val_likelihood_loss: 2053.6755 - val_mean_binary_crossentropy: 0.0342 - val_loss: 2043.5238
Epoch 73/200
457/457 - 64s - likelihood_loss: 550.2179 - mean_binary_crossentropy: 0.0092 - loss: 550.5759 - val_likelihood_loss: 2069.0757 - val_mean_binary_crossentropy: 0.0345 - val_loss: 2055.9275
Epoch 74/200
457/457 - 64s - likelihood_loss: 538.5768 - mean_binary_crossentropy: 0.0090 - loss: 538.5449 - val_likelihood_loss: 2034.8223 - val_mean_binary_crossentropy: 0.0339 - val_loss: 2028.1703
Epoch 75/200
457/457 - 63s - likelihood_loss: 538.9641 - mean_binary_crossentropy: 0.0090 - loss: 539.3563 - val_likelihood_loss: 2480.9067 - val_mean_binary_crossentropy: 0.0413 - val_loss: 2467.1672
Epoch 76/200
457/457 - 63s - likelihood_loss: 533.4568 - mean_binary_crossentropy: 0.0089 - loss: 533.6805 - val_likelihood_loss: 2416.7729 - val_mean_binary_crossentropy: 0.0403 - val_loss: 2399.7498
Epoch 77/200
457/457 - 63s - likelihood_loss: 536.2725 - mean_binary_crossentropy: 0.0089 - loss: 536.6469 - val_likelihood_loss: 2486.8511 - val_mean_binary_crossentropy: 0.0414 - val_loss: 2473.5066
Epoch 78/200
457/457 - 64s - likelihood_loss: 528.1871 - mean_binary_crossentropy: 0.0088 - loss: 528.2736 - val_likelihood_loss: 1979.2960 - val_mean_binary_crossentropy: 0.0330 - val_loss: 1970.2164
Epoch 79/200
457/457 - 65s - likelihood_loss: 531.5407 - mean_binary_crossentropy: 0.0089 - loss: 531.6597 - val_likelihood_loss: 2158.7268 - val_mean_binary_crossentropy: 0.0360 - val_loss: 2156.3577
Epoch 80/200
457/457 - 64s - likelihood_loss: 522.2872 - mean_binary_crossentropy: 0.0087 - loss: 522.4310 - val_likelihood_loss: 2227.7114 - val_mean_binary_crossentropy: 0.0371 - val_loss: 2211.9785
Epoch 81/200
457/457 - 65s - likelihood_loss: 519.7466 - mean_binary_crossentropy: 0.0087 - loss: 519.7808 - val_likelihood_loss: 2144.2205 - val_mean_binary_crossentropy: 0.0357 - val_loss: 2127.0488
Epoch 82/200
457/457 - 64s - likelihood_loss: 515.1256 - mean_binary_crossentropy: 0.0086 - loss: 515.2994 - val_likelihood_loss: 2443.0378 - val_mean_binary_crossentropy: 0.0407 - val_loss: 2428.3601
Epoch 83/200
457/457 - 64s - likelihood_loss: 511.3418 - mean_binary_crossentropy: 0.0085 - loss: 511.6429 - val_likelihood_loss: 2689.0742 - val_mean_binary_crossentropy: 0.0448 - val_loss: 2666.8684
Epoch 84/200
457/457 - 64s - likelihood_loss: 511.8779 - mean_binary_crossentropy: 0.0085 - loss: 512.1983 - val_likelihood_loss: 2172.9097 - val_mean_binary_crossentropy: 0.0362 - val_loss: 2161.3862
Epoch 85/200
457/457 - 64s - likelihood_loss: 524.0383 - mean_binary_crossentropy: 0.0087 - loss: 524.3859 - val_likelihood_loss: 2309.9221 - val_mean_binary_crossentropy: 0.0385 - val_loss: 2311.1802
Epoch 86/200
457/457 - 63s - likelihood_loss: 522.7861 - mean_binary_crossentropy: 0.0087 - loss: 523.1237 - val_likelihood_loss: 2532.9963 - val_mean_binary_crossentropy: 0.0422 - val_loss: 2521.2891
Epoch 87/200
457/457 - 63s - likelihood_loss: 508.1706 - mean_binary_crossentropy: 0.0085 - loss: 508.4977 - val_likelihood_loss: 2079.3523 - val_mean_binary_crossentropy: 0.0347 - val_loss: 2064.1648
Epoch 88/200
457/457 - 63s - likelihood_loss: 507.1644 - mean_binary_crossentropy: 0.0085 - loss: 507.4435 - val_likelihood_loss: 2344.0930 - val_mean_binary_crossentropy: 0.0391 - val_loss: 2331.4546
Epoch 89/200
457/457 - 63s - likelihood_loss: 507.1523 - mean_binary_crossentropy: 0.0085 - loss: 507.3260 - val_likelihood_loss: 2175.5576 - val_mean_binary_crossentropy: 0.0363 - val_loss: 2165.7986
Epoch 90/200
457/457 - 64s - likelihood_loss: 498.1917 - mean_binary_crossentropy: 0.0083 - loss: 498.2987 - val_likelihood_loss: 2251.5430 - val_mean_binary_crossentropy: 0.0375 - val_loss: 2245.6470
Epoch 91/200
457/457 - 63s - likelihood_loss: 488.4523 - mean_binary_crossentropy: 0.0081 - loss: 488.7938 - val_likelihood_loss: 2058.1353 - val_mean_binary_crossentropy: 0.0343 - val_loss: 2052.3843
Epoch 92/200
457/457 - 65s - likelihood_loss: 484.0009 - mean_binary_crossentropy: 0.0081 - loss: 484.2801 - val_likelihood_loss: 2153.1582 - val_mean_binary_crossentropy: 0.0359 - val_loss: 2138.2119
Epoch 93/200
457/457 - 63s - likelihood_loss: 479.7474 - mean_binary_crossentropy: 0.0080 - loss: 480.0939 - val_likelihood_loss: 2137.4238 - val_mean_binary_crossentropy: 0.0356 - val_loss: 2122.6294
Epoch 94/200
457/457 - 64s - likelihood_loss: 483.5386 - mean_binary_crossentropy: 0.0081 - loss: 483.6979 - val_likelihood_loss: 2068.3330 - val_mean_binary_crossentropy: 0.0345 - val_loss: 2052.9302
Epoch 95/200
457/457 - 64s - likelihood_loss: 471.8271 - mean_binary_crossentropy: 0.0079 - loss: 471.9898 - val_likelihood_loss: 2202.4829 - val_mean_binary_crossentropy: 0.0367 - val_loss: 2187.5002
Epoch 96/200
457/457 - 64s - likelihood_loss: 534.8892 - mean_binary_crossentropy: 0.0089 - loss: 534.2713 - val_likelihood_loss: 1973.1018 - val_mean_binary_crossentropy: 0.0329 - val_loss: 1962.0509
Epoch 97/200
457/457 - 63s - likelihood_loss: 507.5685 - mean_binary_crossentropy: 0.0085 - loss: 506.7385 - val_likelihood_loss: 1987.5625 - val_mean_binary_crossentropy: 0.0331 - val_loss: 1973.0642
Epoch 98/200
457/457 - 64s - likelihood_loss: 466.0196 - mean_binary_crossentropy: 0.0078 - loss: 466.1531 - val_likelihood_loss: 2157.8318 - val_mean_binary_crossentropy: 0.0360 - val_loss: 2142.2017
Epoch 99/200
457/457 - 64s - likelihood_loss: 448.4392 - mean_binary_crossentropy: 0.0075 - loss: 448.6142 - val_likelihood_loss: 2174.0603 - val_mean_binary_crossentropy: 0.0362 - val_loss: 2158.2615
Epoch 100/200
457/457 - 63s - likelihood_loss: 442.3450 - mean_binary_crossentropy: 0.0074 - loss: 442.5128 - val_likelihood_loss: 2552.7424 - val_mean_binary_crossentropy: 0.0425 - val_loss: 2515.5369
Epoch 101/200
457/457 - 64s - likelihood_loss: 445.3748 - mean_binary_crossentropy: 0.0074 - loss: 445.4896 - val_likelihood_loss: 2232.3474 - val_mean_binary_crossentropy: 0.0372 - val_loss: 2213.4954
Epoch 102/200
457/457 - 64s - likelihood_loss: 445.6649 - mean_binary_crossentropy: 0.0074 - loss: 445.7881 - val_likelihood_loss: 2077.8022 - val_mean_binary_crossentropy: 0.0346 - val_loss: 2058.1968
Epoch 103/200
457/457 - 63s - likelihood_loss: 442.6951 - mean_binary_crossentropy: 0.0074 - loss: 442.8201 - val_likelihood_loss: 2101.2197 - val_mean_binary_crossentropy: 0.0350 - val_loss: 2080.1252
Epoch 104/200
457/457 - 64s - likelihood_loss: 440.2986 - mean_binary_crossentropy: 0.0073 - loss: 440.3991 - val_likelihood_loss: 2174.5898 - val_mean_binary_crossentropy: 0.0362 - val_loss: 2159.3977
Epoch 105/200
457/457 - 63s - likelihood_loss: 444.9865 - mean_binary_crossentropy: 0.0074 - loss: 445.0243 - val_likelihood_loss: 2776.3730 - val_mean_binary_crossentropy: 0.0463 - val_loss: 2748.9475
Epoch 106/200
457/457 - 64s - likelihood_loss: 441.9153 - mean_binary_crossentropy: 0.0074 - loss: 442.0411 - val_likelihood_loss: 2743.7368 - val_mean_binary_crossentropy: 0.0457 - val_loss: 2723.5591
Epoch 107/200
457/457 - 64s - likelihood_loss: 438.6471 - mean_binary_crossentropy: 0.0073 - loss: 438.7713 - val_likelihood_loss: 2501.3577 - val_mean_binary_crossentropy: 0.0417 - val_loss: 2474.9631
Epoch 108/200
457/457 - 63s - likelihood_loss: 441.4792 - mean_binary_crossentropy: 0.0074 - loss: 441.6102 - val_likelihood_loss: 2379.7839 - val_mean_binary_crossentropy: 0.0397 - val_loss: 2365.5615
Epoch 109/200
457/457 - 63s - likelihood_loss: 440.9625 - mean_binary_crossentropy: 0.0073 - loss: 440.9824 - val_likelihood_loss: 2385.8311 - val_mean_binary_crossentropy: 0.0398 - val_loss: 2378.2239
Epoch 110/200
457/457 - 64s - likelihood_loss: 438.0003 - mean_binary_crossentropy: 0.0073 - loss: 438.2169 - val_likelihood_loss: 2103.3420 - val_mean_binary_crossentropy: 0.0351 - val_loss: 2093.0442
Epoch 111/200
457/457 - 64s - likelihood_loss: 436.8403 - mean_binary_crossentropy: 0.0073 - loss: 437.1296 - val_likelihood_loss: 1967.9812 - val_mean_binary_crossentropy: 0.0328 - val_loss: 1957.1398
Epoch 112/200
457/457 - 64s - likelihood_loss: 437.0885 - mean_binary_crossentropy: 0.0073 - loss: 437.3799 - val_likelihood_loss: 1947.0260 - val_mean_binary_crossentropy: 0.0325 - val_loss: 1933.4716
Epoch 113/200
457/457 - 64s - likelihood_loss: 427.6620 - mean_binary_crossentropy: 0.0071 - loss: 427.8116 - val_likelihood_loss: 2039.0601 - val_mean_binary_crossentropy: 0.0340 - val_loss: 2019.0812
Epoch 114/200
457/457 - 63s - likelihood_loss: 417.9809 - mean_binary_crossentropy: 0.0070 - loss: 418.1212 - val_likelihood_loss: 2155.9844 - val_mean_binary_crossentropy: 0.0359 - val_loss: 2137.1970
Epoch 115/200
457/457 - 63s - likelihood_loss: 410.9936 - mean_binary_crossentropy: 0.0068 - loss: 411.0981 - val_likelihood_loss: 2586.7947 - val_mean_binary_crossentropy: 0.0431 - val_loss: 2564.6663
Epoch 116/200
457/457 - 63s - likelihood_loss: 406.2643 - mean_binary_crossentropy: 0.0068 - loss: 406.3765 - val_likelihood_loss: 2645.4612 - val_mean_binary_crossentropy: 0.0441 - val_loss: 2620.6897
Epoch 117/200
457/457 - 63s - likelihood_loss: 407.4689 - mean_binary_crossentropy: 0.0068 - loss: 407.7447 - val_likelihood_loss: 2723.0999 - val_mean_binary_crossentropy: 0.0454 - val_loss: 2694.8254
Epoch 118/200
457/457 - 64s - likelihood_loss: 414.4133 - mean_binary_crossentropy: 0.0069 - loss: 414.6247 - val_likelihood_loss: 2350.9236 - val_mean_binary_crossentropy: 0.0392 - val_loss: 2328.4536
Epoch 119/200
457/457 - 64s - likelihood_loss: 431.7525 - mean_binary_crossentropy: 0.0072 - loss: 432.0411 - val_likelihood_loss: 2181.1455 - val_mean_binary_crossentropy: 0.0364 - val_loss: 2170.2832
Epoch 120/200
457/457 - 63s - likelihood_loss: 426.2439 - mean_binary_crossentropy: 0.0071 - loss: 426.3716 - val_likelihood_loss: 2151.4277 - val_mean_binary_crossentropy: 0.0359 - val_loss: 2136.1963
Epoch 121/200
457/457 - 62s - likelihood_loss: 418.6891 - mean_binary_crossentropy: 0.0070 - loss: 418.8381 - val_likelihood_loss: 2061.6902 - val_mean_binary_crossentropy: 0.0344 - val_loss: 2045.8954
Epoch 122/200
457/457 - 64s - likelihood_loss: 429.9366 - mean_binary_crossentropy: 0.0072 - loss: 430.2491 - val_likelihood_loss: 1995.3870 - val_mean_binary_crossentropy: 0.0333 - val_loss: 1979.4991
Epoch 123/200
457/457 - 64s - likelihood_loss: 452.9514 - mean_binary_crossentropy: 0.0075 - loss: 453.5348 - val_likelihood_loss: 2390.8733 - val_mean_binary_crossentropy: 0.0398 - val_loss: 2368.8933
Epoch 124/200
457/457 - 64s - likelihood_loss: 419.7346 - mean_binary_crossentropy: 0.0070 - loss: 420.0001 - val_likelihood_loss: 2820.1528 - val_mean_binary_crossentropy: 0.0470 - val_loss: 2788.7046
Epoch 125/200
457/457 - 65s - likelihood_loss: 399.9450 - mean_binary_crossentropy: 0.0067 - loss: 400.0732 - val_likelihood_loss: 2880.0874 - val_mean_binary_crossentropy: 0.0480 - val_loss: 2853.9294
Epoch 126/200
457/457 - 63s - likelihood_loss: 391.2798 - mean_binary_crossentropy: 0.0065 - loss: 391.4024 - val_likelihood_loss: 2825.9949 - val_mean_binary_crossentropy: 0.0471 - val_loss: 2802.5164
Epoch 127/200
457/457 - 64s - likelihood_loss: 393.2388 - mean_binary_crossentropy: 0.0066 - loss: 393.3821 - val_likelihood_loss: 2541.1609 - val_mean_binary_crossentropy: 0.0424 - val_loss: 2517.7402
Epoch 128/200
457/457 - 63s - likelihood_loss: 391.5488 - mean_binary_crossentropy: 0.0065 - loss: 391.6187 - val_likelihood_loss: 2386.7412 - val_mean_binary_crossentropy: 0.0398 - val_loss: 2367.1729
Epoch 129/200
457/457 - 63s - likelihood_loss: 397.1574 - mean_binary_crossentropy: 0.0066 - loss: 397.3002 - val_likelihood_loss: 2260.2422 - val_mean_binary_crossentropy: 0.0377 - val_loss: 2246.9282
Epoch 130/200
457/457 - 63s - likelihood_loss: 400.0697 - mean_binary_crossentropy: 0.0067 - loss: 400.1804 - val_likelihood_loss: 2210.1733 - val_mean_binary_crossentropy: 0.0368 - val_loss: 2196.2310
Epoch 131/200
457/457 - 63s - likelihood_loss: 400.1209 - mean_binary_crossentropy: 0.0067 - loss: 400.2763 - val_likelihood_loss: 2131.3557 - val_mean_binary_crossentropy: 0.0355 - val_loss: 2119.8108
Epoch 132/200
457/457 - 63s - likelihood_loss: 397.3518 - mean_binary_crossentropy: 0.0066 - loss: 397.4099 - val_likelihood_loss: 2066.6377 - val_mean_binary_crossentropy: 0.0344 - val_loss: 2053.4702
Epoch 133/200
457/457 - 63s - likelihood_loss: 393.4591 - mean_binary_crossentropy: 0.0066 - loss: 393.7059 - val_likelihood_loss: 2194.5198 - val_mean_binary_crossentropy: 0.0366 - val_loss: 2177.0554
Epoch 134/200
457/457 - 64s - likelihood_loss: 392.7079 - mean_binary_crossentropy: 0.0065 - loss: 392.9839 - val_likelihood_loss: 2539.4724 - val_mean_binary_crossentropy: 0.0423 - val_loss: 2511.7368
Epoch 135/200
457/457 - 64s - likelihood_loss: 395.1141 - mean_binary_crossentropy: 0.0066 - loss: 395.2589 - val_likelihood_loss: 2565.3943 - val_mean_binary_crossentropy: 0.0428 - val_loss: 2539.0974
Epoch 136/200
457/457 - 64s - likelihood_loss: 394.1007 - mean_binary_crossentropy: 0.0066 - loss: 394.3002 - val_likelihood_loss: 2694.7744 - val_mean_binary_crossentropy: 0.0449 - val_loss: 2668.3193
Epoch 137/200
457/457 - 64s - likelihood_loss: 389.3173 - mean_binary_crossentropy: 0.0065 - loss: 389.4353 - val_likelihood_loss: 2472.4644 - val_mean_binary_crossentropy: 0.0412 - val_loss: 2461.3047
Epoch 138/200
457/457 - 63s - likelihood_loss: 384.2146 - mean_binary_crossentropy: 0.0064 - loss: 384.2388 - val_likelihood_loss: 2158.7849 - val_mean_binary_crossentropy: 0.0360 - val_loss: 2140.0081
Epoch 139/200
457/457 - 64s - likelihood_loss: 375.2828 - mean_binary_crossentropy: 0.0063 - loss: 375.4312 - val_likelihood_loss: 2076.9558 - val_mean_binary_crossentropy: 0.0346 - val_loss: 2066.4224
Epoch 140/200
457/457 - 65s - likelihood_loss: 371.5834 - mean_binary_crossentropy: 0.0062 - loss: 371.8135 - val_likelihood_loss: 2483.9028 - val_mean_binary_crossentropy: 0.0414 - val_loss: 2461.5391
Epoch 141/200
457/457 - 63s - likelihood_loss: 370.6625 - mean_binary_crossentropy: 0.0062 - loss: 370.8422 - val_likelihood_loss: 2512.1794 - val_mean_binary_crossentropy: 0.0419 - val_loss: 2487.1489
Epoch 142/200
457/457 - 64s - likelihood_loss: 368.0571 - mean_binary_crossentropy: 0.0061 - loss: 368.2024 - val_likelihood_loss: 2685.9246 - val_mean_binary_crossentropy: 0.0448 - val_loss: 2658.5112
Epoch 143/200
457/457 - 63s - likelihood_loss: 368.7628 - mean_binary_crossentropy: 0.0061 - loss: 368.8660 - val_likelihood_loss: 2635.4822 - val_mean_binary_crossentropy: 0.0439 - val_loss: 2615.5029
Epoch 144/200
457/457 - 64s - likelihood_loss: 367.3088 - mean_binary_crossentropy: 0.0061 - loss: 367.3207 - val_likelihood_loss: 2619.1296 - val_mean_binary_crossentropy: 0.0437 - val_loss: 2592.5359
Epoch 145/200
457/457 - 63s - likelihood_loss: 366.9647 - mean_binary_crossentropy: 0.0061 - loss: 367.0954 - val_likelihood_loss: 3453.9412 - val_mean_binary_crossentropy: 0.0576 - val_loss: 3411.9324
Epoch 146/200
457/457 - 63s - likelihood_loss: 369.7833 - mean_binary_crossentropy: 0.0062 - loss: 369.8608 - val_likelihood_loss: 3200.0588 - val_mean_binary_crossentropy: 0.0533 - val_loss: 3162.2351
Epoch 147/200
457/457 - 63s - likelihood_loss: 371.2820 - mean_binary_crossentropy: 0.0062 - loss: 371.3364 - val_likelihood_loss: 3118.4124 - val_mean_binary_crossentropy: 0.0520 - val_loss: 3095.0537
Epoch 148/200
457/457 - 63s - likelihood_loss: 364.5995 - mean_binary_crossentropy: 0.0061 - loss: 364.5558 - val_likelihood_loss: 3359.3801 - val_mean_binary_crossentropy: 0.0560 - val_loss: 3334.0757
Epoch 149/200
457/457 - 63s - likelihood_loss: 361.5158 - mean_binary_crossentropy: 0.0060 - loss: 361.4714 - val_likelihood_loss: 3048.2415 - val_mean_binary_crossentropy: 0.0508 - val_loss: 3019.8694
Epoch 150/200
457/457 - 64s - likelihood_loss: 359.6164 - mean_binary_crossentropy: 0.0060 - loss: 359.6482 - val_likelihood_loss: 3546.5474 - val_mean_binary_crossentropy: 0.0591 - val_loss: 3522.2410
Epoch 151/200
457/457 - 64s - likelihood_loss: 368.9372 - mean_binary_crossentropy: 0.0061 - loss: 369.2664 - val_likelihood_loss: 2720.1614 - val_mean_binary_crossentropy: 0.0453 - val_loss: 2699.1921
Epoch 152/200
457/457 - 63s - likelihood_loss: 355.7571 - mean_binary_crossentropy: 0.0059 - loss: 355.9304 - val_likelihood_loss: 2705.6956 - val_mean_binary_crossentropy: 0.0451 - val_loss: 2683.1533
Epoch 153/200
457/457 - 63s - likelihood_loss: 359.5334 - mean_binary_crossentropy: 0.0060 - loss: 359.6608 - val_likelihood_loss: 2517.3630 - val_mean_binary_crossentropy: 0.0420 - val_loss: 2497.2563
Epoch 154/200
457/457 - 63s - likelihood_loss: 352.3945 - mean_binary_crossentropy: 0.0059 - loss: 352.4564 - val_likelihood_loss: 2225.0679 - val_mean_binary_crossentropy: 0.0371 - val_loss: 2210.6069
Epoch 155/200
457/457 - 65s - likelihood_loss: 351.9839 - mean_binary_crossentropy: 0.0059 - loss: 352.0252 - val_likelihood_loss: 2404.7878 - val_mean_binary_crossentropy: 0.0401 - val_loss: 2390.1482
Epoch 156/200
457/457 - 64s - likelihood_loss: 367.4043 - mean_binary_crossentropy: 0.0061 - loss: 367.5231 - val_likelihood_loss: 2355.8662 - val_mean_binary_crossentropy: 0.0393 - val_loss: 2340.8523
Epoch 157/200
457/457 - 64s - likelihood_loss: 355.0143 - mean_binary_crossentropy: 0.0059 - loss: 355.0975 - val_likelihood_loss: 2208.6294 - val_mean_binary_crossentropy: 0.0368 - val_loss: 2193.4890
Epoch 158/200
457/457 - 64s - likelihood_loss: 349.4638 - mean_binary_crossentropy: 0.0058 - loss: 349.4944 - val_likelihood_loss: 2276.7307 - val_mean_binary_crossentropy: 0.0379 - val_loss: 2256.6555
Epoch 159/200
457/457 - 64s - likelihood_loss: 344.9567 - mean_binary_crossentropy: 0.0057 - loss: 345.0502 - val_likelihood_loss: 2648.0994 - val_mean_binary_crossentropy: 0.0441 - val_loss: 2626.1624
Epoch 160/200
457/457 - 62s - likelihood_loss: 345.5913 - mean_binary_crossentropy: 0.0058 - loss: 345.7046 - val_likelihood_loss: 2844.1050 - val_mean_binary_crossentropy: 0.0474 - val_loss: 2820.0215
Epoch 161/200
457/457 - 64s - likelihood_loss: 346.1661 - mean_binary_crossentropy: 0.0058 - loss: 346.3218 - val_likelihood_loss: 3007.2869 - val_mean_binary_crossentropy: 0.0501 - val_loss: 2986.0884
Epoch 162/200
457/457 - 63s - likelihood_loss: 349.3443 - mean_binary_crossentropy: 0.0058 - loss: 349.3936 - val_likelihood_loss: 2783.6667 - val_mean_binary_crossentropy: 0.0464 - val_loss: 2770.6660
Epoch 163/200
457/457 - 63s - likelihood_loss: 349.3752 - mean_binary_crossentropy: 0.0058 - loss: 349.5423 - val_likelihood_loss: 3363.8301 - val_mean_binary_crossentropy: 0.0561 - val_loss: 3351.2561
Epoch 164/200
457/457 - 64s - likelihood_loss: 347.6779 - mean_binary_crossentropy: 0.0058 - loss: 347.8217 - val_likelihood_loss: 3642.4006 - val_mean_binary_crossentropy: 0.0607 - val_loss: 3609.3958
Epoch 165/200
457/457 - 64s - likelihood_loss: 348.4001 - mean_binary_crossentropy: 0.0058 - loss: 348.6549 - val_likelihood_loss: 3453.8425 - val_mean_binary_crossentropy: 0.0576 - val_loss: 3424.6130
Epoch 166/200
457/457 - 62s - likelihood_loss: 348.7368 - mean_binary_crossentropy: 0.0058 - loss: 348.7775 - val_likelihood_loss: 2761.7148 - val_mean_binary_crossentropy: 0.0460 - val_loss: 2742.7620
Epoch 167/200
457/457 - 65s - likelihood_loss: 351.9006 - mean_binary_crossentropy: 0.0059 - loss: 352.0288 - val_likelihood_loss: 2550.5544 - val_mean_binary_crossentropy: 0.0425 - val_loss: 2537.1316
Epoch 168/200
457/457 - 63s - likelihood_loss: 349.9726 - mean_binary_crossentropy: 0.0058 - loss: 350.0439 - val_likelihood_loss: 2351.7183 - val_mean_binary_crossentropy: 0.0392 - val_loss: 2339.7856
Epoch 169/200
457/457 - 64s - likelihood_loss: 346.8821 - mean_binary_crossentropy: 0.0058 - loss: 346.9443 - val_likelihood_loss: 2386.1562 - val_mean_binary_crossentropy: 0.0398 - val_loss: 2370.6016
Epoch 170/200
457/457 - 64s - likelihood_loss: 344.5282 - mean_binary_crossentropy: 0.0057 - loss: 344.6289 - val_likelihood_loss: 2575.2881 - val_mean_binary_crossentropy: 0.0429 - val_loss: 2555.7957
Epoch 171/200
457/457 - 64s - likelihood_loss: 342.1967 - mean_binary_crossentropy: 0.0057 - loss: 342.3085 - val_likelihood_loss: 2968.8787 - val_mean_binary_crossentropy: 0.0495 - val_loss: 2943.4436
Epoch 172/200
457/457 - 64s - likelihood_loss: 340.5942 - mean_binary_crossentropy: 0.0057 - loss: 340.7000 - val_likelihood_loss: 3716.5083 - val_mean_binary_crossentropy: 0.0619 - val_loss: 3674.3542
Epoch 173/200
457/457 - 64s - likelihood_loss: 334.2091 - mean_binary_crossentropy: 0.0056 - loss: 334.3248 - val_likelihood_loss: 4099.6187 - val_mean_binary_crossentropy: 0.0683 - val_loss: 4063.7373
Epoch 174/200
457/457 - 64s - likelihood_loss: 332.1850 - mean_binary_crossentropy: 0.0055 - loss: 332.2286 - val_likelihood_loss: 4287.9814 - val_mean_binary_crossentropy: 0.0715 - val_loss: 4257.3965
Epoch 175/200
457/457 - 64s - likelihood_loss: 333.4711 - mean_binary_crossentropy: 0.0056 - loss: 333.5976 - val_likelihood_loss: 3830.9705 - val_mean_binary_crossentropy: 0.0638 - val_loss: 3808.6377
Epoch 176/200
457/457 - 63s - likelihood_loss: 333.4213 - mean_binary_crossentropy: 0.0056 - loss: 333.5707 - val_likelihood_loss: 3199.5564 - val_mean_binary_crossentropy: 0.0533 - val_loss: 3171.0776
Epoch 177/200
457/457 - 64s - likelihood_loss: 337.5435 - mean_binary_crossentropy: 0.0056 - loss: 337.6471 - val_likelihood_loss: 2671.6660 - val_mean_binary_crossentropy: 0.0445 - val_loss: 2656.7219
Epoch 178/200
457/457 - 64s - likelihood_loss: 331.9160 - mean_binary_crossentropy: 0.0055 - loss: 331.8156 - val_likelihood_loss: 2520.3508 - val_mean_binary_crossentropy: 0.0420 - val_loss: 2498.6753
Epoch 179/200
457/457 - 64s - likelihood_loss: 325.8113 - mean_binary_crossentropy: 0.0054 - loss: 325.9624 - val_likelihood_loss: 2500.5149 - val_mean_binary_crossentropy: 0.0417 - val_loss: 2491.2695
Epoch 180/200
457/457 - 63s - likelihood_loss: 322.2340 - mean_binary_crossentropy: 0.0054 - loss: 322.3354 - val_likelihood_loss: 2582.5796 - val_mean_binary_crossentropy: 0.0430 - val_loss: 2569.1287
Epoch 181/200
457/457 - 63s - likelihood_loss: 323.2332 - mean_binary_crossentropy: 0.0054 - loss: 323.3716 - val_likelihood_loss: 2633.9299 - val_mean_binary_crossentropy: 0.0439 - val_loss: 2613.6743
Epoch 182/200
457/457 - 63s - likelihood_loss: 325.0335 - mean_binary_crossentropy: 0.0054 - loss: 325.1572 - val_likelihood_loss: 2736.4875 - val_mean_binary_crossentropy: 0.0456 - val_loss: 2718.1133
Epoch 183/200
457/457 - 63s - likelihood_loss: 327.4228 - mean_binary_crossentropy: 0.0055 - loss: 327.4781 - val_likelihood_loss: 2663.9771 - val_mean_binary_crossentropy: 0.0444 - val_loss: 2648.1824
Epoch 184/200
457/457 - 63s - likelihood_loss: 326.5532 - mean_binary_crossentropy: 0.0054 - loss: 326.7054 - val_likelihood_loss: 2918.2864 - val_mean_binary_crossentropy: 0.0486 - val_loss: 2890.7334
Epoch 185/200
457/457 - 63s - likelihood_loss: 326.2573 - mean_binary_crossentropy: 0.0054 - loss: 326.2463 - val_likelihood_loss: 3047.9126 - val_mean_binary_crossentropy: 0.0508 - val_loss: 3028.9136
Epoch 186/200
457/457 - 63s - likelihood_loss: 323.3162 - mean_binary_crossentropy: 0.0054 - loss: 323.4323 - val_likelihood_loss: 2941.8745 - val_mean_binary_crossentropy: 0.0490 - val_loss: 2917.1509
Epoch 187/200
457/457 - 63s - likelihood_loss: 324.3873 - mean_binary_crossentropy: 0.0054 - loss: 324.4590 - val_likelihood_loss: 2739.5952 - val_mean_binary_crossentropy: 0.0457 - val_loss: 2723.1672
Epoch 188/200
457/457 - 64s - likelihood_loss: 320.9440 - mean_binary_crossentropy: 0.0053 - loss: 321.0416 - val_likelihood_loss: 2714.3120 - val_mean_binary_crossentropy: 0.0452 - val_loss: 2689.1118
Epoch 189/200
457/457 - 65s - likelihood_loss: 315.7198 - mean_binary_crossentropy: 0.0053 - loss: 315.8476 - val_likelihood_loss: 2888.2305 - val_mean_binary_crossentropy: 0.0481 - val_loss: 2863.5920
Epoch 190/200
457/457 - 64s - likelihood_loss: 315.5388 - mean_binary_crossentropy: 0.0053 - loss: 315.7021 - val_likelihood_loss: 3139.0469 - val_mean_binary_crossentropy: 0.0523 - val_loss: 3111.9028
Epoch 191/200
457/457 - 64s - likelihood_loss: 317.6170 - mean_binary_crossentropy: 0.0053 - loss: 317.7413 - val_likelihood_loss: 3106.0315 - val_mean_binary_crossentropy: 0.0518 - val_loss: 3080.3804
Epoch 192/200
457/457 - 64s - likelihood_loss: 310.9856 - mean_binary_crossentropy: 0.0052 - loss: 311.1273 - val_likelihood_loss: 3107.5020 - val_mean_binary_crossentropy: 0.0518 - val_loss: 3083.7185
Epoch 193/200
457/457 - 63s - likelihood_loss: 310.7136 - mean_binary_crossentropy: 0.0052 - loss: 310.8458 - val_likelihood_loss: 3098.1121 - val_mean_binary_crossentropy: 0.0516 - val_loss: 3075.5247
Epoch 194/200
457/457 - 64s - likelihood_loss: 311.1755 - mean_binary_crossentropy: 0.0052 - loss: 311.1852 - val_likelihood_loss: 2841.2371 - val_mean_binary_crossentropy: 0.0474 - val_loss: 2824.9946
Epoch 195/200
457/457 - 64s - likelihood_loss: 318.7509 - mean_binary_crossentropy: 0.0053 - loss: 318.6490 - val_likelihood_loss: 2649.5916 - val_mean_binary_crossentropy: 0.0442 - val_loss: 2636.1963
Epoch 196/200
457/457 - 64s - likelihood_loss: 313.7376 - mean_binary_crossentropy: 0.0052 - loss: 313.7617 - val_likelihood_loss: 2600.2114 - val_mean_binary_crossentropy: 0.0433 - val_loss: 2584.7415
Epoch 197/200
457/457 - 64s - likelihood_loss: 309.7141 - mean_binary_crossentropy: 0.0052 - loss: 309.7957 - val_likelihood_loss: 2622.6365 - val_mean_binary_crossentropy: 0.0437 - val_loss: 2605.1814
Epoch 198/200
457/457 - 64s - likelihood_loss: 309.5254 - mean_binary_crossentropy: 0.0052 - loss: 309.6231 - val_likelihood_loss: 2672.0713 - val_mean_binary_crossentropy: 0.0445 - val_loss: 2651.5806
Epoch 199/200
457/457 - 64s - likelihood_loss: 310.8342 - mean_binary_crossentropy: 0.0052 - loss: 310.8727 - val_likelihood_loss: 2452.4106 - val_mean_binary_crossentropy: 0.0409 - val_loss: 2436.5430
Epoch 200/200
457/457 - 63s - likelihood_loss: 312.1082 - mean_binary_crossentropy: 0.0052 - loss: 312.2725 - val_likelihood_loss: 2846.0786 - val_mean_binary_crossentropy: 0.0474 - val_loss: 2815.0596
Total time elapsed for training = 17562.779458522797 seconds
Training finished at 2020-07-02 03:03:44.517630
Saved model to disk (.h5)
Saved model to disk (.tf)
Pickled training history
