2020-07-07 22:42:17.576074: I tensorflow_io/core/kernels/cpu_check.cc:128] Your CPU supports instructions that this TensorFlow IO binary was not compiled to use: AVX2 AVX512F FMA
2020-07-07 22:42:19.642796: I tensorflow/stream_executor/platform/default/dso_loader.cc:44] Successfully opened dynamic library libcuda.so.1
2020-07-07 22:42:19.812750: I tensorflow/core/common_runtime/gpu/gpu_device.cc:1561] Found device 0 with properties: 
pciBusID: 0000:1d:00.0 name: GeForce RTX 2080 Ti computeCapability: 7.5
coreClock: 1.545GHz coreCount: 68 deviceMemorySize: 10.73GiB deviceMemoryBandwidth: 573.69GiB/s
2020-07-07 22:42:19.814834: I tensorflow/core/common_runtime/gpu/gpu_device.cc:1561] Found device 1 with properties: 
pciBusID: 0000:1e:00.0 name: GeForce RTX 2080 Ti computeCapability: 7.5
coreClock: 1.545GHz coreCount: 68 deviceMemorySize: 10.73GiB deviceMemoryBandwidth: 573.69GiB/s
2020-07-07 22:42:19.816902: I tensorflow/core/common_runtime/gpu/gpu_device.cc:1561] Found device 2 with properties: 
pciBusID: 0000:1f:00.0 name: GeForce RTX 2080 Ti computeCapability: 7.5
coreClock: 1.545GHz coreCount: 68 deviceMemorySize: 10.73GiB deviceMemoryBandwidth: 573.69GiB/s
2020-07-07 22:42:19.828014: I tensorflow/stream_executor/platform/default/dso_loader.cc:44] Successfully opened dynamic library libcudart.so.10.1
2020-07-07 22:42:19.875868: I tensorflow/stream_executor/platform/default/dso_loader.cc:44] Successfully opened dynamic library libcublas.so.10
2020-07-07 22:42:19.905523: I tensorflow/stream_executor/platform/default/dso_loader.cc:44] Successfully opened dynamic library libcufft.so.10
2020-07-07 22:42:19.938811: I tensorflow/stream_executor/platform/default/dso_loader.cc:44] Successfully opened dynamic library libcurand.so.10
2020-07-07 22:42:19.991689: I tensorflow/stream_executor/platform/default/dso_loader.cc:44] Successfully opened dynamic library libcusolver.so.10
2020-07-07 22:42:20.018487: I tensorflow/stream_executor/platform/default/dso_loader.cc:44] Successfully opened dynamic library libcusparse.so.10
2020-07-07 22:42:20.117522: I tensorflow/stream_executor/platform/default/dso_loader.cc:44] Successfully opened dynamic library libcudnn.so.7
2020-07-07 22:42:20.129874: I tensorflow/core/common_runtime/gpu/gpu_device.cc:1703] Adding visible gpu devices: 0, 1, 2
2020-07-07 22:42:58.893271: I tensorflow/core/platform/cpu_feature_guard.cc:143] Your CPU supports instructions that this TensorFlow binary was not compiled to use: AVX2 AVX512F FMA
2020-07-07 22:42:58.905300: I tensorflow/core/platform/profile_utils/cpu_utils.cc:102] CPU Frequency: 2100000000 Hz
2020-07-07 22:42:58.907009: I tensorflow/compiler/xla/service/service.cc:168] XLA service 0x55faea241270 initialized for platform Host (this does not guarantee that XLA will be used). Devices:
2020-07-07 22:42:58.907045: I tensorflow/compiler/xla/service/service.cc:176]   StreamExecutor device (0): Host, Default Version
2020-07-07 22:42:59.323419: I tensorflow/compiler/xla/service/service.cc:168] XLA service 0x55faea2ab700 initialized for platform CUDA (this does not guarantee that XLA will be used). Devices:
2020-07-07 22:42:59.323455: I tensorflow/compiler/xla/service/service.cc:176]   StreamExecutor device (0): GeForce RTX 2080 Ti, Compute Capability 7.5
2020-07-07 22:42:59.323463: I tensorflow/compiler/xla/service/service.cc:176]   StreamExecutor device (1): GeForce RTX 2080 Ti, Compute Capability 7.5
2020-07-07 22:42:59.323469: I tensorflow/compiler/xla/service/service.cc:176]   StreamExecutor device (2): GeForce RTX 2080 Ti, Compute Capability 7.5
2020-07-07 22:42:59.327716: I tensorflow/core/common_runtime/gpu/gpu_device.cc:1561] Found device 0 with properties: 
pciBusID: 0000:1d:00.0 name: GeForce RTX 2080 Ti computeCapability: 7.5
coreClock: 1.545GHz coreCount: 68 deviceMemorySize: 10.73GiB deviceMemoryBandwidth: 573.69GiB/s
2020-07-07 22:42:59.329592: I tensorflow/core/common_runtime/gpu/gpu_device.cc:1561] Found device 1 with properties: 
pciBusID: 0000:1e:00.0 name: GeForce RTX 2080 Ti computeCapability: 7.5
coreClock: 1.545GHz coreCount: 68 deviceMemorySize: 10.73GiB deviceMemoryBandwidth: 573.69GiB/s
2020-07-07 22:42:59.331531: I tensorflow/core/common_runtime/gpu/gpu_device.cc:1561] Found device 2 with properties: 
pciBusID: 0000:1f:00.0 name: GeForce RTX 2080 Ti computeCapability: 7.5
coreClock: 1.545GHz coreCount: 68 deviceMemorySize: 10.73GiB deviceMemoryBandwidth: 573.69GiB/s
2020-07-07 22:42:59.331569: I tensorflow/stream_executor/platform/default/dso_loader.cc:44] Successfully opened dynamic library libcudart.so.10.1
2020-07-07 22:42:59.331585: I tensorflow/stream_executor/platform/default/dso_loader.cc:44] Successfully opened dynamic library libcublas.so.10
2020-07-07 22:42:59.331602: I tensorflow/stream_executor/platform/default/dso_loader.cc:44] Successfully opened dynamic library libcufft.so.10
2020-07-07 22:42:59.331616: I tensorflow/stream_executor/platform/default/dso_loader.cc:44] Successfully opened dynamic library libcurand.so.10
2020-07-07 22:42:59.331628: I tensorflow/stream_executor/platform/default/dso_loader.cc:44] Successfully opened dynamic library libcusolver.so.10
2020-07-07 22:42:59.331641: I tensorflow/stream_executor/platform/default/dso_loader.cc:44] Successfully opened dynamic library libcusparse.so.10
2020-07-07 22:42:59.331655: I tensorflow/stream_executor/platform/default/dso_loader.cc:44] Successfully opened dynamic library libcudnn.so.7
2020-07-07 22:42:59.343082: I tensorflow/core/common_runtime/gpu/gpu_device.cc:1703] Adding visible gpu devices: 0, 1, 2
2020-07-07 22:42:59.343119: I tensorflow/stream_executor/platform/default/dso_loader.cc:44] Successfully opened dynamic library libcudart.so.10.1
2020-07-07 22:42:59.349793: I tensorflow/core/common_runtime/gpu/gpu_device.cc:1102] Device interconnect StreamExecutor with strength 1 edge matrix:
2020-07-07 22:42:59.349810: I tensorflow/core/common_runtime/gpu/gpu_device.cc:1108]      0 1 2 
2020-07-07 22:42:59.349820: I tensorflow/core/common_runtime/gpu/gpu_device.cc:1121] 0:   N N N 
2020-07-07 22:42:59.349827: I tensorflow/core/common_runtime/gpu/gpu_device.cc:1121] 1:   N N N 
2020-07-07 22:42:59.349832: I tensorflow/core/common_runtime/gpu/gpu_device.cc:1121] 2:   N N N 
2020-07-07 22:42:59.359376: I tensorflow/core/common_runtime/gpu/gpu_device.cc:1247] Created TensorFlow device (/job:localhost/replica:0/task:0/device:GPU:0 with 10176 MB memory) -> physical GPU (device: 0, name: GeForce RTX 2080 Ti, pci bus id: 0000:1d:00.0, compute capability: 7.5)
2020-07-07 22:42:59.361909: I tensorflow/core/common_runtime/gpu/gpu_device.cc:1247] Created TensorFlow device (/job:localhost/replica:0/task:0/device:GPU:1 with 10176 MB memory) -> physical GPU (device: 1, name: GeForce RTX 2080 Ti, pci bus id: 0000:1e:00.0, compute capability: 7.5)
2020-07-07 22:42:59.364440: I tensorflow/core/common_runtime/gpu/gpu_device.cc:1247] Created TensorFlow device (/job:localhost/replica:0/task:0/device:GPU:2 with 10176 MB memory) -> physical GPU (device: 2, name: GeForce RTX 2080 Ti, pci bus id: 0000:1f:00.0, compute capability: 7.5)
WARNING:tensorflow:From /home/hauthj/.conda/envs/gpu-env/lib/python3.8/site-packages/tensorflow_probability/python/layers/util.py:99: Layer.add_variable (from tensorflow.python.keras.engine.base_layer) is deprecated and will be removed in a future version.
Instructions for updating:
Please use `layer.add_weight` method instead.
2020-07-07 22:45:04.156500: I tensorflow/stream_executor/platform/default/dso_loader.cc:44] Successfully opened dynamic library libcudnn.so.7
2020-07-07 22:45:10.104828: I tensorflow/stream_executor/platform/default/dso_loader.cc:44] Successfully opened dynamic library libcublas.so.10
2.2.0
Listing all GPU resources:
[PhysicalDevice(name='/physical_device:GPU:0', device_type='GPU'), PhysicalDevice(name='/physical_device:GPU:1', device_type='GPU'), PhysicalDevice(name='/physical_device:GPU:2', device_type='GPU')]

0.10.0

Input size: (None, 144, 144, 4)
Output size: (None, 144, 144, 1)
[<tf.Tensor: shape=(), dtype=float32, numpy=44.251003>, <tf.Tensor: shape=(), dtype=float32, numpy=0.018176446>]
------------------------------
Fitting model with training data ...
------------------------------
Step 3, training the model started at 2020-07-07 22:43:37.328893
Epoch 1/200
457/457 - 89s - mean_binary_crossentropy: 0.2731 - loss: 16398.3066 - likelihood_loss: 16383.0068 - val_mean_binary_crossentropy: 0.0480 - val_loss: 2886.3804 - val_likelihood_loss: 2880.5913
Epoch 2/200
457/457 - 83s - mean_binary_crossentropy: 0.0411 - loss: 2470.9026 - likelihood_loss: 2466.0576 - val_mean_binary_crossentropy: 0.0397 - val_loss: 2377.6255 - val_likelihood_loss: 2379.8518
Epoch 3/200
457/457 - 84s - mean_binary_crossentropy: 0.0328 - loss: 1967.1746 - likelihood_loss: 1966.5170 - val_mean_binary_crossentropy: 0.0348 - val_loss: 2080.4385 - val_likelihood_loss: 2085.1145
Epoch 4/200
457/457 - 84s - mean_binary_crossentropy: 0.0285 - loss: 1710.6135 - likelihood_loss: 1711.0239 - val_mean_binary_crossentropy: 0.0360 - val_loss: 2156.5193 - val_likelihood_loss: 2159.2393
Epoch 5/200
457/457 - 84s - mean_binary_crossentropy: 0.0274 - loss: 1642.5251 - likelihood_loss: 1643.1105 - val_mean_binary_crossentropy: 0.0336 - val_loss: 2012.8049 - val_likelihood_loss: 2014.4691
Epoch 6/200
457/457 - 84s - mean_binary_crossentropy: 0.0249 - loss: 1496.2799 - likelihood_loss: 1496.9391 - val_mean_binary_crossentropy: 0.0322 - val_loss: 1929.9536 - val_likelihood_loss: 1931.8138
Epoch 7/200
457/457 - 84s - mean_binary_crossentropy: 0.0234 - loss: 1404.4963 - likelihood_loss: 1405.1116 - val_mean_binary_crossentropy: 0.0289 - val_loss: 1732.6512 - val_likelihood_loss: 1734.7538
Epoch 8/200
457/457 - 84s - mean_binary_crossentropy: 0.0221 - loss: 1326.0477 - likelihood_loss: 1326.3538 - val_mean_binary_crossentropy: 0.0303 - val_loss: 1816.4393 - val_likelihood_loss: 1819.1827
Epoch 9/200
457/457 - 83s - mean_binary_crossentropy: 0.0208 - loss: 1247.8182 - likelihood_loss: 1248.2313 - val_mean_binary_crossentropy: 0.0289 - val_loss: 1729.4883 - val_likelihood_loss: 1732.6315
Epoch 10/200
457/457 - 84s - mean_binary_crossentropy: 0.0206 - loss: 1232.9355 - likelihood_loss: 1233.4294 - val_mean_binary_crossentropy: 0.0327 - val_loss: 1958.5043 - val_likelihood_loss: 1961.2706
Epoch 11/200
457/457 - 83s - mean_binary_crossentropy: 0.0195 - loss: 1172.4077 - likelihood_loss: 1172.8734 - val_mean_binary_crossentropy: 0.0253 - val_loss: 1512.9332 - val_likelihood_loss: 1515.9138
Epoch 12/200
457/457 - 83s - mean_binary_crossentropy: 0.0193 - loss: 1156.4233 - likelihood_loss: 1156.5795 - val_mean_binary_crossentropy: 0.0270 - val_loss: 1619.9775 - val_likelihood_loss: 1622.1714
Epoch 13/200
457/457 - 83s - mean_binary_crossentropy: 0.0185 - loss: 1109.7242 - likelihood_loss: 1110.4899 - val_mean_binary_crossentropy: 0.0465 - val_loss: 2789.8723 - val_likelihood_loss: 2792.9080
Epoch 14/200
457/457 - 83s - mean_binary_crossentropy: 0.0184 - loss: 1102.7051 - likelihood_loss: 1103.1407 - val_mean_binary_crossentropy: 0.0295 - val_loss: 1764.9899 - val_likelihood_loss: 1768.9972
Epoch 15/200
457/457 - 84s - mean_binary_crossentropy: 0.0258 - loss: 1545.6448 - likelihood_loss: 1545.0284 - val_mean_binary_crossentropy: 0.0248 - val_loss: 1484.4861 - val_likelihood_loss: 1488.9193
Epoch 16/200
457/457 - 84s - mean_binary_crossentropy: 0.0186 - loss: 1115.3950 - likelihood_loss: 1115.5920 - val_mean_binary_crossentropy: 0.0243 - val_loss: 1454.5983 - val_likelihood_loss: 1458.8236
Epoch 17/200
457/457 - 84s - mean_binary_crossentropy: 0.0172 - loss: 1033.5546 - likelihood_loss: 1033.9221 - val_mean_binary_crossentropy: 0.0309 - val_loss: 1852.9685 - val_likelihood_loss: 1854.2352
Epoch 18/200
457/457 - 84s - mean_binary_crossentropy: 0.0169 - loss: 1013.4648 - likelihood_loss: 1013.5248 - val_mean_binary_crossentropy: 0.0224 - val_loss: 1342.0435 - val_likelihood_loss: 1346.5900
Epoch 19/200
457/457 - 84s - mean_binary_crossentropy: 0.0166 - loss: 995.3135 - likelihood_loss: 995.5722 - val_mean_binary_crossentropy: 0.0278 - val_loss: 1666.9866 - val_likelihood_loss: 1670.0638
Epoch 20/200
457/457 - 84s - mean_binary_crossentropy: 0.0160 - loss: 958.5344 - likelihood_loss: 958.6556 - val_mean_binary_crossentropy: 0.0220 - val_loss: 1316.4988 - val_likelihood_loss: 1321.3311
Epoch 21/200
457/457 - 84s - mean_binary_crossentropy: 0.0156 - loss: 934.8417 - likelihood_loss: 934.9208 - val_mean_binary_crossentropy: 0.0207 - val_loss: 1230.8115 - val_likelihood_loss: 1241.0154
Epoch 22/200
457/457 - 84s - mean_binary_crossentropy: 0.0155 - loss: 927.7125 - likelihood_loss: 927.8288 - val_mean_binary_crossentropy: 0.0263 - val_loss: 1572.2418 - val_likelihood_loss: 1576.3700
Epoch 23/200
457/457 - 84s - mean_binary_crossentropy: 0.0155 - loss: 927.3919 - likelihood_loss: 927.4946 - val_mean_binary_crossentropy: 0.0212 - val_loss: 1268.0646 - val_likelihood_loss: 1273.4172
Epoch 24/200
457/457 - 83s - mean_binary_crossentropy: 0.0151 - loss: 906.6336 - likelihood_loss: 906.7047 - val_mean_binary_crossentropy: 0.0246 - val_loss: 1468.5636 - val_likelihood_loss: 1473.4371
Epoch 25/200
457/457 - 84s - mean_binary_crossentropy: 0.0144 - loss: 866.0109 - likelihood_loss: 865.9890 - val_mean_binary_crossentropy: 0.0200 - val_loss: 1194.9259 - val_likelihood_loss: 1201.2069
Epoch 26/200
457/457 - 84s - mean_binary_crossentropy: 0.0141 - loss: 847.1730 - likelihood_loss: 847.2806 - val_mean_binary_crossentropy: 0.0192 - val_loss: 1143.6454 - val_likelihood_loss: 1149.4850
Epoch 27/200
457/457 - 84s - mean_binary_crossentropy: 0.0142 - loss: 849.4340 - likelihood_loss: 849.5242 - val_mean_binary_crossentropy: 0.0197 - val_loss: 1168.2848 - val_likelihood_loss: 1180.4791
Epoch 28/200
457/457 - 83s - mean_binary_crossentropy: 0.0139 - loss: 831.5074 - likelihood_loss: 831.5999 - val_mean_binary_crossentropy: 0.0239 - val_loss: 1429.9415 - val_likelihood_loss: 1434.6353
Epoch 29/200
457/457 - 84s - mean_binary_crossentropy: 0.0134 - loss: 803.4874 - likelihood_loss: 803.6773 - val_mean_binary_crossentropy: 0.0229 - val_loss: 1368.8315 - val_likelihood_loss: 1373.3971
Epoch 30/200
457/457 - 84s - mean_binary_crossentropy: 0.0133 - loss: 798.3463 - likelihood_loss: 798.4032 - val_mean_binary_crossentropy: 0.0225 - val_loss: 1344.4094 - val_likelihood_loss: 1350.7246
Epoch 31/200
457/457 - 83s - mean_binary_crossentropy: 0.0134 - loss: 805.4568 - likelihood_loss: 805.6392 - val_mean_binary_crossentropy: 0.0212 - val_loss: 1265.8508 - val_likelihood_loss: 1272.3535
Epoch 32/200
457/457 - 84s - mean_binary_crossentropy: 0.0133 - loss: 795.0728 - likelihood_loss: 795.2151 - val_mean_binary_crossentropy: 0.0224 - val_loss: 1341.7048 - val_likelihood_loss: 1346.1240
Epoch 33/200
457/457 - 83s - mean_binary_crossentropy: 0.0131 - loss: 787.4521 - likelihood_loss: 787.5312 - val_mean_binary_crossentropy: 0.0193 - val_loss: 1153.0439 - val_likelihood_loss: 1160.6382
Epoch 34/200
457/457 - 84s - mean_binary_crossentropy: 0.0126 - loss: 756.3450 - likelihood_loss: 756.4736 - val_mean_binary_crossentropy: 0.0220 - val_loss: 1311.5709 - val_likelihood_loss: 1317.1292
Epoch 35/200
457/457 - 84s - mean_binary_crossentropy: 0.0126 - loss: 758.0833 - likelihood_loss: 758.1763 - val_mean_binary_crossentropy: 0.0209 - val_loss: 1247.5028 - val_likelihood_loss: 1254.5834
Epoch 36/200
457/457 - 83s - mean_binary_crossentropy: 0.0127 - loss: 762.1660 - likelihood_loss: 762.2574 - val_mean_binary_crossentropy: 0.0199 - val_loss: 1189.0370 - val_likelihood_loss: 1194.8759
Epoch 37/200
457/457 - 84s - mean_binary_crossentropy: 0.0125 - loss: 751.9430 - likelihood_loss: 752.1024 - val_mean_binary_crossentropy: 0.0194 - val_loss: 1149.0994 - val_likelihood_loss: 1164.5131
Epoch 38/200
457/457 - 84s - mean_binary_crossentropy: 0.0125 - loss: 751.0964 - likelihood_loss: 751.0978 - val_mean_binary_crossentropy: 0.0197 - val_loss: 1170.8646 - val_likelihood_loss: 1184.0103
Epoch 39/200
457/457 - 83s - mean_binary_crossentropy: 0.0121 - loss: 726.3533 - likelihood_loss: 726.5055 - val_mean_binary_crossentropy: 0.0189 - val_loss: 1126.7434 - val_likelihood_loss: 1132.4983
Epoch 40/200
457/457 - 83s - mean_binary_crossentropy: 0.0119 - loss: 713.2382 - likelihood_loss: 713.4713 - val_mean_binary_crossentropy: 0.0210 - val_loss: 1250.2478 - val_likelihood_loss: 1257.4025
Epoch 41/200
457/457 - 83s - mean_binary_crossentropy: 0.0119 - loss: 711.6221 - likelihood_loss: 711.7956 - val_mean_binary_crossentropy: 0.0195 - val_loss: 1157.5613 - val_likelihood_loss: 1168.4260
Epoch 42/200
457/457 - 83s - mean_binary_crossentropy: 0.0121 - loss: 724.1219 - likelihood_loss: 724.3360 - val_mean_binary_crossentropy: 0.0203 - val_loss: 1207.0715 - val_likelihood_loss: 1217.5325
Epoch 43/200
457/457 - 83s - mean_binary_crossentropy: 0.0116 - loss: 697.9037 - likelihood_loss: 698.0511 - val_mean_binary_crossentropy: 0.0200 - val_loss: 1187.5762 - val_likelihood_loss: 1198.6007
Epoch 44/200
457/457 - 83s - mean_binary_crossentropy: 0.0117 - loss: 701.2720 - likelihood_loss: 701.3400 - val_mean_binary_crossentropy: 0.0197 - val_loss: 1166.5209 - val_likelihood_loss: 1181.3696
Epoch 45/200
457/457 - 84s - mean_binary_crossentropy: 0.0113 - loss: 675.1809 - likelihood_loss: 675.2771 - val_mean_binary_crossentropy: 0.0198 - val_loss: 1172.9700 - val_likelihood_loss: 1188.3320
Epoch 46/200
457/457 - 84s - mean_binary_crossentropy: 0.0115 - loss: 691.6613 - likelihood_loss: 692.1981 - val_mean_binary_crossentropy: 0.0268 - val_loss: 1603.9139 - val_likelihood_loss: 1610.9813
Epoch 47/200
457/457 - 83s - mean_binary_crossentropy: 0.0113 - loss: 675.8681 - likelihood_loss: 676.1135 - val_mean_binary_crossentropy: 0.0194 - val_loss: 1153.9620 - val_likelihood_loss: 1166.9731
Epoch 48/200
457/457 - 83s - mean_binary_crossentropy: 0.0112 - loss: 671.1795 - likelihood_loss: 671.2919 - val_mean_binary_crossentropy: 0.0203 - val_loss: 1202.0878 - val_likelihood_loss: 1217.9561
Epoch 49/200
457/457 - 83s - mean_binary_crossentropy: 0.0111 - loss: 663.8404 - likelihood_loss: 663.9911 - val_mean_binary_crossentropy: 0.0195 - val_loss: 1151.7891 - val_likelihood_loss: 1168.0845
Epoch 50/200
457/457 - 83s - mean_binary_crossentropy: 0.0109 - loss: 656.7433 - likelihood_loss: 656.9783 - val_mean_binary_crossentropy: 0.0212 - val_loss: 1262.4745 - val_likelihood_loss: 1272.2222
Epoch 51/200
457/457 - 83s - mean_binary_crossentropy: 0.0113 - loss: 677.8010 - likelihood_loss: 678.2593 - val_mean_binary_crossentropy: 0.0239 - val_loss: 1417.0597 - val_likelihood_loss: 1432.5271
Epoch 52/200
457/457 - 83s - mean_binary_crossentropy: 0.0113 - loss: 677.2148 - likelihood_loss: 677.7309 - val_mean_binary_crossentropy: 0.0214 - val_loss: 1274.7457 - val_likelihood_loss: 1282.7474
Epoch 53/200
457/457 - 83s - mean_binary_crossentropy: 0.0111 - loss: 666.5551 - likelihood_loss: 666.6805 - val_mean_binary_crossentropy: 0.0201 - val_loss: 1194.9243 - val_likelihood_loss: 1206.5059
Epoch 54/200
457/457 - 84s - mean_binary_crossentropy: 0.0106 - loss: 635.9614 - likelihood_loss: 636.1060 - val_mean_binary_crossentropy: 0.0179 - val_loss: 1065.4357 - val_likelihood_loss: 1076.0087
Epoch 55/200
457/457 - 84s - mean_binary_crossentropy: 0.0108 - loss: 647.6205 - likelihood_loss: 647.8097 - val_mean_binary_crossentropy: 0.0184 - val_loss: 1089.8260 - val_likelihood_loss: 1101.1783
Epoch 56/200
457/457 - 85s - mean_binary_crossentropy: 0.0105 - loss: 631.2703 - likelihood_loss: 631.4155 - val_mean_binary_crossentropy: 0.0215 - val_loss: 1280.5680 - val_likelihood_loss: 1289.3602
Epoch 57/200
457/457 - 84s - mean_binary_crossentropy: 0.0103 - loss: 619.1078 - likelihood_loss: 619.1935 - val_mean_binary_crossentropy: 0.0192 - val_loss: 1140.0494 - val_likelihood_loss: 1151.3218
Epoch 58/200
457/457 - 83s - mean_binary_crossentropy: 0.0103 - loss: 618.8226 - likelihood_loss: 619.1293 - val_mean_binary_crossentropy: 0.0184 - val_loss: 1096.3550 - val_likelihood_loss: 1106.2448
Epoch 59/200
457/457 - 83s - mean_binary_crossentropy: 0.0104 - loss: 621.6280 - likelihood_loss: 621.7657 - val_mean_binary_crossentropy: 0.0216 - val_loss: 1286.7482 - val_likelihood_loss: 1297.3479
Epoch 60/200
457/457 - 83s - mean_binary_crossentropy: 0.0104 - loss: 626.5453 - likelihood_loss: 626.6740 - val_mean_binary_crossentropy: 0.0222 - val_loss: 1325.0217 - val_likelihood_loss: 1332.2008
Epoch 61/200
457/457 - 83s - mean_binary_crossentropy: 0.0101 - loss: 603.3548 - likelihood_loss: 603.5781 - val_mean_binary_crossentropy: 0.0199 - val_loss: 1181.6520 - val_likelihood_loss: 1192.9958
Epoch 62/200
457/457 - 83s - mean_binary_crossentropy: 0.0101 - loss: 605.3446 - likelihood_loss: 605.4980 - val_mean_binary_crossentropy: 0.0222 - val_loss: 1326.3862 - val_likelihood_loss: 1334.1866
Epoch 63/200
457/457 - 83s - mean_binary_crossentropy: 0.0100 - loss: 600.8584 - likelihood_loss: 601.0430 - val_mean_binary_crossentropy: 0.0223 - val_loss: 1329.3629 - val_likelihood_loss: 1337.5470
Epoch 64/200
457/457 - 83s - mean_binary_crossentropy: 0.0101 - loss: 606.0710 - likelihood_loss: 606.2355 - val_mean_binary_crossentropy: 0.0207 - val_loss: 1233.1971 - val_likelihood_loss: 1241.4696
Epoch 65/200
457/457 - 83s - mean_binary_crossentropy: 0.0102 - loss: 613.4117 - likelihood_loss: 613.5151 - val_mean_binary_crossentropy: 0.0210 - val_loss: 1252.1533 - val_likelihood_loss: 1262.4171
Epoch 66/200
457/457 - 84s - mean_binary_crossentropy: 0.0100 - loss: 602.4462 - likelihood_loss: 602.5548 - val_mean_binary_crossentropy: 0.0202 - val_loss: 1200.5234 - val_likelihood_loss: 1210.5391
Epoch 67/200
457/457 - 83s - mean_binary_crossentropy: 0.0102 - loss: 610.3344 - likelihood_loss: 610.4529 - val_mean_binary_crossentropy: 0.0259 - val_loss: 1548.6918 - val_likelihood_loss: 1555.7935
Epoch 68/200
457/457 - 84s - mean_binary_crossentropy: 0.0100 - loss: 596.9378 - likelihood_loss: 597.0942 - val_mean_binary_crossentropy: 0.0222 - val_loss: 1324.8079 - val_likelihood_loss: 1330.4971
Epoch 69/200
457/457 - 84s - mean_binary_crossentropy: 0.0099 - loss: 595.3257 - likelihood_loss: 595.6519 - val_mean_binary_crossentropy: 0.0204 - val_loss: 1213.7893 - val_likelihood_loss: 1226.2874
Epoch 70/200
457/457 - 83s - mean_binary_crossentropy: 0.0099 - loss: 596.0958 - likelihood_loss: 596.5869 - val_mean_binary_crossentropy: 0.0293 - val_loss: 1752.5206 - val_likelihood_loss: 1758.6537
Epoch 71/200
457/457 - 83s - mean_binary_crossentropy: 0.0097 - loss: 581.1806 - likelihood_loss: 581.4024 - val_mean_binary_crossentropy: 0.0212 - val_loss: 1263.0726 - val_likelihood_loss: 1271.9427
Epoch 72/200
457/457 - 83s - mean_binary_crossentropy: 0.0098 - loss: 589.0736 - likelihood_loss: 589.3548 - val_mean_binary_crossentropy: 0.0221 - val_loss: 1319.7262 - val_likelihood_loss: 1328.5311
Epoch 73/200
457/457 - 83s - mean_binary_crossentropy: 0.0099 - loss: 596.2754 - likelihood_loss: 596.3860 - val_mean_binary_crossentropy: 0.0192 - val_loss: 1140.3689 - val_likelihood_loss: 1153.8141
Epoch 74/200
457/457 - 84s - mean_binary_crossentropy: 0.0097 - loss: 579.2792 - likelihood_loss: 579.4305 - val_mean_binary_crossentropy: 0.0200 - val_loss: 1184.6295 - val_likelihood_loss: 1199.1007
Epoch 75/200
457/457 - 83s - mean_binary_crossentropy: 0.0096 - loss: 575.2221 - likelihood_loss: 575.3765 - val_mean_binary_crossentropy: 0.0193 - val_loss: 1142.6509 - val_likelihood_loss: 1155.7067
Epoch 76/200
457/457 - 84s - mean_binary_crossentropy: 0.0098 - loss: 585.7171 - likelihood_loss: 585.8679 - val_mean_binary_crossentropy: 0.0213 - val_loss: 1261.8793 - val_likelihood_loss: 1278.9705
Epoch 77/200
457/457 - 83s - mean_binary_crossentropy: 0.0097 - loss: 583.0388 - likelihood_loss: 583.5282 - val_mean_binary_crossentropy: 0.0204 - val_loss: 1211.4415 - val_likelihood_loss: 1223.1937
Epoch 78/200
457/457 - 84s - mean_binary_crossentropy: 0.0099 - loss: 596.6580 - likelihood_loss: 596.8218 - val_mean_binary_crossentropy: 0.0217 - val_loss: 1282.6965 - val_likelihood_loss: 1299.7373
Epoch 79/200
457/457 - 83s - mean_binary_crossentropy: 0.0097 - loss: 580.9736 - likelihood_loss: 581.1649 - val_mean_binary_crossentropy: 0.0197 - val_loss: 1166.3685 - val_likelihood_loss: 1181.5573
Epoch 80/200
457/457 - 84s - mean_binary_crossentropy: 0.0095 - loss: 568.8151 - likelihood_loss: 569.0536 - val_mean_binary_crossentropy: 0.0243 - val_loss: 1439.5300 - val_likelihood_loss: 1460.9144
Epoch 81/200
457/457 - 83s - mean_binary_crossentropy: 0.0096 - loss: 576.0673 - likelihood_loss: 576.3551 - val_mean_binary_crossentropy: 0.0216 - val_loss: 1285.6492 - val_likelihood_loss: 1298.0084
Epoch 82/200
457/457 - 84s - mean_binary_crossentropy: 0.0095 - loss: 571.4696 - likelihood_loss: 571.5695 - val_mean_binary_crossentropy: 0.0230 - val_loss: 1362.2761 - val_likelihood_loss: 1382.5109
Epoch 83/200
457/457 - 83s - mean_binary_crossentropy: 0.0095 - loss: 572.4210 - likelihood_loss: 572.6078 - val_mean_binary_crossentropy: 0.0212 - val_loss: 1256.6802 - val_likelihood_loss: 1274.6953
Epoch 84/200
457/457 - 83s - mean_binary_crossentropy: 0.0097 - loss: 579.8834 - likelihood_loss: 580.2438 - val_mean_binary_crossentropy: 0.0210 - val_loss: 1250.4482 - val_likelihood_loss: 1261.4498
Epoch 85/200
457/457 - 83s - mean_binary_crossentropy: 0.0093 - loss: 557.4858 - likelihood_loss: 557.7616 - val_mean_binary_crossentropy: 0.0222 - val_loss: 1315.1301 - val_likelihood_loss: 1331.5062
Epoch 86/200
457/457 - 84s - mean_binary_crossentropy: 0.0093 - loss: 555.4105 - likelihood_loss: 555.6045 - val_mean_binary_crossentropy: 0.0201 - val_loss: 1193.7457 - val_likelihood_loss: 1208.3580
Epoch 87/200
457/457 - 84s - mean_binary_crossentropy: 0.0093 - loss: 555.7042 - likelihood_loss: 555.8434 - val_mean_binary_crossentropy: 0.0220 - val_loss: 1308.6807 - val_likelihood_loss: 1320.1736
Epoch 88/200
457/457 - 82s - mean_binary_crossentropy: 0.0093 - loss: 555.1180 - likelihood_loss: 555.2016 - val_mean_binary_crossentropy: 0.0259 - val_loss: 1546.4097 - val_likelihood_loss: 1555.5499
Epoch 89/200
457/457 - 83s - mean_binary_crossentropy: 0.0093 - loss: 558.6998 - likelihood_loss: 558.7733 - val_mean_binary_crossentropy: 0.0249 - val_loss: 1484.5653 - val_likelihood_loss: 1491.7994
Epoch 90/200
457/457 - 83s - mean_binary_crossentropy: 0.0092 - loss: 551.0802 - likelihood_loss: 551.2687 - val_mean_binary_crossentropy: 0.0243 - val_loss: 1446.9523 - val_likelihood_loss: 1455.5477
Epoch 91/200
457/457 - 83s - mean_binary_crossentropy: 0.0090 - loss: 538.4824 - likelihood_loss: 538.6603 - val_mean_binary_crossentropy: 0.0207 - val_loss: 1228.1141 - val_likelihood_loss: 1239.0120
Epoch 92/200
457/457 - 83s - mean_binary_crossentropy: 0.0090 - loss: 540.7261 - likelihood_loss: 541.3139 - val_mean_binary_crossentropy: 0.0247 - val_loss: 1474.7002 - val_likelihood_loss: 1480.1838
Epoch 93/200
457/457 - 83s - mean_binary_crossentropy: 0.0091 - loss: 543.5959 - likelihood_loss: 543.7307 - val_mean_binary_crossentropy: 0.0196 - val_loss: 1165.2151 - val_likelihood_loss: 1178.8577
Epoch 94/200
457/457 - 83s - mean_binary_crossentropy: 0.0090 - loss: 540.6327 - likelihood_loss: 540.7564 - val_mean_binary_crossentropy: 0.0206 - val_loss: 1216.6229 - val_likelihood_loss: 1233.0076
Epoch 95/200
457/457 - 83s - mean_binary_crossentropy: 0.0088 - loss: 529.8315 - likelihood_loss: 530.0178 - val_mean_binary_crossentropy: 0.0203 - val_loss: 1206.6921 - val_likelihood_loss: 1220.3434
Epoch 96/200
457/457 - 83s - mean_binary_crossentropy: 0.0089 - loss: 535.7642 - likelihood_loss: 535.8917 - val_mean_binary_crossentropy: 0.0214 - val_loss: 1262.6265 - val_likelihood_loss: 1282.0594
Epoch 97/200
457/457 - 83s - mean_binary_crossentropy: 0.0091 - loss: 548.0596 - likelihood_loss: 548.1575 - val_mean_binary_crossentropy: 0.0221 - val_loss: 1308.3707 - val_likelihood_loss: 1327.5062
Epoch 98/200
457/457 - 83s - mean_binary_crossentropy: 0.0090 - loss: 537.7479 - likelihood_loss: 537.9076 - val_mean_binary_crossentropy: 0.0204 - val_loss: 1207.5525 - val_likelihood_loss: 1226.8003
Epoch 99/200
457/457 - 83s - mean_binary_crossentropy: 0.0088 - loss: 528.4715 - likelihood_loss: 528.5889 - val_mean_binary_crossentropy: 0.0207 - val_loss: 1225.4297 - val_likelihood_loss: 1241.6315
Epoch 100/200
457/457 - 83s - mean_binary_crossentropy: 0.0086 - loss: 514.9619 - likelihood_loss: 515.0773 - val_mean_binary_crossentropy: 0.0209 - val_loss: 1237.8270 - val_likelihood_loss: 1255.2190
Epoch 101/200
457/457 - 84s - mean_binary_crossentropy: 0.0086 - loss: 515.5810 - likelihood_loss: 515.7513 - val_mean_binary_crossentropy: 0.0201 - val_loss: 1191.7595 - val_likelihood_loss: 1205.6417
Epoch 102/200
457/457 - 83s - mean_binary_crossentropy: 0.0088 - loss: 529.8037 - likelihood_loss: 529.9187 - val_mean_binary_crossentropy: 0.0206 - val_loss: 1218.9893 - val_likelihood_loss: 1233.0577
Epoch 103/200
457/457 - 83s - mean_binary_crossentropy: 0.0087 - loss: 522.7110 - likelihood_loss: 522.9706 - val_mean_binary_crossentropy: 0.0213 - val_loss: 1259.5537 - val_likelihood_loss: 1279.6344
Epoch 104/200
457/457 - 84s - mean_binary_crossentropy: 0.0085 - loss: 511.6192 - likelihood_loss: 511.7812 - val_mean_binary_crossentropy: 0.0204 - val_loss: 1202.6042 - val_likelihood_loss: 1221.4578
Epoch 105/200
457/457 - 83s - mean_binary_crossentropy: 0.0083 - loss: 494.9036 - likelihood_loss: 495.0570 - val_mean_binary_crossentropy: 0.0202 - val_loss: 1196.5332 - val_likelihood_loss: 1210.8285
Epoch 106/200
457/457 - 84s - mean_binary_crossentropy: 0.0082 - loss: 491.9369 - likelihood_loss: 492.1020 - val_mean_binary_crossentropy: 0.0196 - val_loss: 1162.9493 - val_likelihood_loss: 1176.0371
Epoch 107/200
457/457 - 82s - mean_binary_crossentropy: 0.0083 - loss: 496.0444 - likelihood_loss: 496.1938 - val_mean_binary_crossentropy: 0.0194 - val_loss: 1150.9874 - val_likelihood_loss: 1163.2887
Epoch 108/200
457/457 - 82s - mean_binary_crossentropy: 0.0083 - loss: 499.2873 - likelihood_loss: 499.4766 - val_mean_binary_crossentropy: 0.0203 - val_loss: 1208.2770 - val_likelihood_loss: 1220.6425
Epoch 109/200
457/457 - 83s - mean_binary_crossentropy: 0.0084 - loss: 506.4926 - likelihood_loss: 506.7337 - val_mean_binary_crossentropy: 0.0213 - val_loss: 1260.1056 - val_likelihood_loss: 1276.0823
Epoch 110/200
457/457 - 82s - mean_binary_crossentropy: 0.0083 - loss: 494.8511 - likelihood_loss: 495.5138 - val_mean_binary_crossentropy: 0.0201 - val_loss: 1194.2507 - val_likelihood_loss: 1203.8628
Epoch 111/200
457/457 - 82s - mean_binary_crossentropy: 0.0082 - loss: 491.9812 - likelihood_loss: 492.2346 - val_mean_binary_crossentropy: 0.0220 - val_loss: 1299.7786 - val_likelihood_loss: 1318.2432
Epoch 112/200
457/457 - 83s - mean_binary_crossentropy: 0.0082 - loss: 489.1666 - likelihood_loss: 489.4076 - val_mean_binary_crossentropy: 0.0205 - val_loss: 1212.9597 - val_likelihood_loss: 1228.8623
Epoch 113/200
457/457 - 83s - mean_binary_crossentropy: 0.0083 - loss: 495.8526 - likelihood_loss: 495.9945 - val_mean_binary_crossentropy: 0.0215 - val_loss: 1272.5447 - val_likelihood_loss: 1289.4674
Epoch 114/200
457/457 - 83s - mean_binary_crossentropy: 0.0083 - loss: 496.5426 - likelihood_loss: 496.7802 - val_mean_binary_crossentropy: 0.0206 - val_loss: 1221.1210 - val_likelihood_loss: 1234.8518
Epoch 115/200
457/457 - 83s - mean_binary_crossentropy: 0.0082 - loss: 492.0996 - likelihood_loss: 492.2695 - val_mean_binary_crossentropy: 0.0205 - val_loss: 1214.8345 - val_likelihood_loss: 1227.6584
Epoch 116/200
457/457 - 82s - mean_binary_crossentropy: 0.0081 - loss: 487.4142 - likelihood_loss: 487.6544 - val_mean_binary_crossentropy: 0.0204 - val_loss: 1208.1224 - val_likelihood_loss: 1223.8892
Epoch 117/200
457/457 - 83s - mean_binary_crossentropy: 0.0080 - loss: 482.4650 - likelihood_loss: 482.6211 - val_mean_binary_crossentropy: 0.0226 - val_loss: 1336.5732 - val_likelihood_loss: 1355.9907
Epoch 118/200
457/457 - 83s - mean_binary_crossentropy: 0.0080 - loss: 478.3450 - likelihood_loss: 478.4854 - val_mean_binary_crossentropy: 0.0226 - val_loss: 1334.1193 - val_likelihood_loss: 1354.4650
Epoch 119/200
457/457 - 83s - mean_binary_crossentropy: 0.0081 - loss: 488.4962 - likelihood_loss: 488.6457 - val_mean_binary_crossentropy: 0.0208 - val_loss: 1228.7869 - val_likelihood_loss: 1245.1107
Epoch 120/200
457/457 - 83s - mean_binary_crossentropy: 0.0079 - loss: 476.7067 - likelihood_loss: 476.8869 - val_mean_binary_crossentropy: 0.0202 - val_loss: 1199.1338 - val_likelihood_loss: 1213.1638
Epoch 121/200
457/457 - 84s - mean_binary_crossentropy: 0.0080 - loss: 477.5201 - likelihood_loss: 477.6481 - val_mean_binary_crossentropy: 0.0201 - val_loss: 1197.4434 - val_likelihood_loss: 1208.3561
Epoch 122/200
457/457 - 83s - mean_binary_crossentropy: 0.0080 - loss: 479.0320 - likelihood_loss: 479.2435 - val_mean_binary_crossentropy: 0.0200 - val_loss: 1193.0724 - val_likelihood_loss: 1202.4674
Epoch 123/200
457/457 - 84s - mean_binary_crossentropy: 0.0079 - loss: 474.7228 - likelihood_loss: 474.8419 - val_mean_binary_crossentropy: 0.0206 - val_loss: 1228.4622 - val_likelihood_loss: 1238.2419
Epoch 124/200
457/457 - 82s - mean_binary_crossentropy: 0.0078 - loss: 469.1169 - likelihood_loss: 469.2657 - val_mean_binary_crossentropy: 0.0200 - val_loss: 1189.2458 - val_likelihood_loss: 1202.0607
Epoch 125/200
457/457 - 83s - mean_binary_crossentropy: 0.0078 - loss: 466.0788 - likelihood_loss: 466.4333 - val_mean_binary_crossentropy: 0.0219 - val_loss: 1302.9119 - val_likelihood_loss: 1312.0394
Epoch 126/200
457/457 - 83s - mean_binary_crossentropy: 0.0078 - loss: 466.0874 - likelihood_loss: 466.2537 - val_mean_binary_crossentropy: 0.0191 - val_loss: 1135.2998 - val_likelihood_loss: 1147.4824
Epoch 127/200
457/457 - 83s - mean_binary_crossentropy: 0.0079 - loss: 472.2971 - likelihood_loss: 472.4673 - val_mean_binary_crossentropy: 0.0192 - val_loss: 1137.2515 - val_likelihood_loss: 1149.9188
Epoch 128/200
457/457 - 83s - mean_binary_crossentropy: 0.0078 - loss: 465.2806 - likelihood_loss: 465.4411 - val_mean_binary_crossentropy: 0.0215 - val_loss: 1273.1421 - val_likelihood_loss: 1290.6554
Epoch 129/200
457/457 - 83s - mean_binary_crossentropy: 0.0078 - loss: 469.5231 - likelihood_loss: 469.8342 - val_mean_binary_crossentropy: 0.0211 - val_loss: 1254.2533 - val_likelihood_loss: 1265.3357
Epoch 130/200
457/457 - 84s - mean_binary_crossentropy: 0.0078 - loss: 470.0646 - likelihood_loss: 470.1754 - val_mean_binary_crossentropy: 0.0205 - val_loss: 1214.9969 - val_likelihood_loss: 1229.3265
Epoch 131/200
457/457 - 82s - mean_binary_crossentropy: 0.0076 - loss: 457.2892 - likelihood_loss: 457.4632 - val_mean_binary_crossentropy: 0.0210 - val_loss: 1238.0640 - val_likelihood_loss: 1257.7166
Epoch 132/200
457/457 - 83s - mean_binary_crossentropy: 0.0075 - loss: 448.4144 - likelihood_loss: 448.5821 - val_mean_binary_crossentropy: 0.0212 - val_loss: 1256.2233 - val_likelihood_loss: 1273.8743
Epoch 133/200
457/457 - 83s - mean_binary_crossentropy: 0.0075 - loss: 451.6546 - likelihood_loss: 451.9637 - val_mean_binary_crossentropy: 0.0223 - val_loss: 1320.0044 - val_likelihood_loss: 1339.6576
Epoch 134/200
457/457 - 83s - mean_binary_crossentropy: 0.0077 - loss: 459.3361 - likelihood_loss: 459.6384 - val_mean_binary_crossentropy: 0.0194 - val_loss: 1153.4929 - val_likelihood_loss: 1166.2408
Epoch 135/200
457/457 - 83s - mean_binary_crossentropy: 0.0076 - loss: 454.9756 - likelihood_loss: 455.1281 - val_mean_binary_crossentropy: 0.0205 - val_loss: 1214.9532 - val_likelihood_loss: 1232.6644
Epoch 136/200
457/457 - 83s - mean_binary_crossentropy: 0.0075 - loss: 450.8582 - likelihood_loss: 451.0022 - val_mean_binary_crossentropy: 0.0206 - val_loss: 1219.9269 - val_likelihood_loss: 1236.7834
Epoch 137/200
457/457 - 83s - mean_binary_crossentropy: 0.0075 - loss: 447.5985 - likelihood_loss: 447.7747 - val_mean_binary_crossentropy: 0.0207 - val_loss: 1229.0161 - val_likelihood_loss: 1244.2860
Epoch 138/200
457/457 - 83s - mean_binary_crossentropy: 0.0073 - loss: 435.8886 - likelihood_loss: 436.0407 - val_mean_binary_crossentropy: 0.0191 - val_loss: 1134.3395 - val_likelihood_loss: 1147.8325
Epoch 139/200
457/457 - 82s - mean_binary_crossentropy: 0.0074 - loss: 444.6594 - likelihood_loss: 444.8618 - val_mean_binary_crossentropy: 0.0207 - val_loss: 1226.2755 - val_likelihood_loss: 1239.1252
Epoch 140/200
457/457 - 83s - mean_binary_crossentropy: 0.0075 - loss: 447.4433 - likelihood_loss: 447.6045 - val_mean_binary_crossentropy: 0.0197 - val_loss: 1167.4504 - val_likelihood_loss: 1180.8624
Epoch 141/200
457/457 - 84s - mean_binary_crossentropy: 0.0075 - loss: 448.1551 - likelihood_loss: 448.3022 - val_mean_binary_crossentropy: 0.0199 - val_loss: 1177.1121 - val_likelihood_loss: 1191.3251
Epoch 142/200
457/457 - 84s - mean_binary_crossentropy: 0.0076 - loss: 453.2709 - likelihood_loss: 453.5620 - val_mean_binary_crossentropy: 0.0198 - val_loss: 1171.8628 - val_likelihood_loss: 1187.7388
Epoch 143/200
457/457 - 83s - mean_binary_crossentropy: 0.0075 - loss: 450.5339 - likelihood_loss: 450.7581 - val_mean_binary_crossentropy: 0.0211 - val_loss: 1253.2556 - val_likelihood_loss: 1268.8931
Epoch 144/200
457/457 - 84s - mean_binary_crossentropy: 0.0074 - loss: 444.2027 - likelihood_loss: 444.4117 - val_mean_binary_crossentropy: 0.0204 - val_loss: 1204.7708 - val_likelihood_loss: 1222.2944
Epoch 145/200
457/457 - 84s - mean_binary_crossentropy: 0.0072 - loss: 434.6473 - likelihood_loss: 434.8047 - val_mean_binary_crossentropy: 0.0227 - val_loss: 1345.0450 - val_likelihood_loss: 1362.9487
Epoch 146/200
457/457 - 83s - mean_binary_crossentropy: 0.0072 - loss: 433.5958 - likelihood_loss: 433.7786 - val_mean_binary_crossentropy: 0.0244 - val_loss: 1444.3232 - val_likelihood_loss: 1465.8839
Epoch 147/200
457/457 - 84s - mean_binary_crossentropy: 0.0073 - loss: 437.2577 - likelihood_loss: 437.4626 - val_mean_binary_crossentropy: 0.0238 - val_loss: 1407.1780 - val_likelihood_loss: 1427.3201
Epoch 148/200
457/457 - 84s - mean_binary_crossentropy: 0.0073 - loss: 435.4493 - likelihood_loss: 435.6096 - val_mean_binary_crossentropy: 0.0203 - val_loss: 1202.3602 - val_likelihood_loss: 1215.9960
Epoch 149/200
457/457 - 84s - mean_binary_crossentropy: 0.0073 - loss: 437.5735 - likelihood_loss: 437.7240 - val_mean_binary_crossentropy: 0.0190 - val_loss: 1127.7198 - val_likelihood_loss: 1140.0116
Epoch 150/200
457/457 - 83s - mean_binary_crossentropy: 0.0072 - loss: 433.0490 - likelihood_loss: 433.2204 - val_mean_binary_crossentropy: 0.0209 - val_loss: 1237.8662 - val_likelihood_loss: 1254.7229
Epoch 151/200
457/457 - 84s - mean_binary_crossentropy: 0.0072 - loss: 429.9864 - likelihood_loss: 430.1917 - val_mean_binary_crossentropy: 0.0197 - val_loss: 1169.3334 - val_likelihood_loss: 1182.6548
Epoch 152/200
457/457 - 84s - mean_binary_crossentropy: 0.0071 - loss: 424.1474 - likelihood_loss: 424.3512 - val_mean_binary_crossentropy: 0.0214 - val_loss: 1263.1371 - val_likelihood_loss: 1281.3431
Epoch 153/200
457/457 - 84s - mean_binary_crossentropy: 0.0070 - loss: 422.4749 - likelihood_loss: 422.6169 - val_mean_binary_crossentropy: 0.0217 - val_loss: 1290.0508 - val_likelihood_loss: 1304.6768
Epoch 154/200
457/457 - 84s - mean_binary_crossentropy: 0.0070 - loss: 420.5415 - likelihood_loss: 420.7230 - val_mean_binary_crossentropy: 0.0192 - val_loss: 1141.8182 - val_likelihood_loss: 1153.0730
Epoch 155/200
457/457 - 83s - mean_binary_crossentropy: 0.0071 - loss: 425.0357 - likelihood_loss: 425.2379 - val_mean_binary_crossentropy: 0.0243 - val_loss: 1440.0262 - val_likelihood_loss: 1460.2799
Epoch 156/200
457/457 - 83s - mean_binary_crossentropy: 0.0072 - loss: 432.9253 - likelihood_loss: 433.1732 - val_mean_binary_crossentropy: 0.0201 - val_loss: 1192.3412 - val_likelihood_loss: 1203.1459
Epoch 157/200
457/457 - 84s - mean_binary_crossentropy: 0.0071 - loss: 427.6696 - likelihood_loss: 427.8170 - val_mean_binary_crossentropy: 0.0205 - val_loss: 1212.0492 - val_likelihood_loss: 1227.2563
Epoch 158/200
457/457 - 83s - mean_binary_crossentropy: 0.0072 - loss: 429.6238 - likelihood_loss: 429.8108 - val_mean_binary_crossentropy: 0.0204 - val_loss: 1206.9912 - val_likelihood_loss: 1221.5355
Epoch 159/200
457/457 - 84s - mean_binary_crossentropy: 0.0070 - loss: 420.6041 - likelihood_loss: 420.7919 - val_mean_binary_crossentropy: 0.0194 - val_loss: 1154.9331 - val_likelihood_loss: 1166.0374
Epoch 160/200
457/457 - 84s - mean_binary_crossentropy: 0.0069 - loss: 416.5279 - likelihood_loss: 416.6991 - val_mean_binary_crossentropy: 0.0219 - val_loss: 1293.3048 - val_likelihood_loss: 1312.5537
Epoch 161/200
457/457 - 84s - mean_binary_crossentropy: 0.0072 - loss: 433.3592 - likelihood_loss: 433.5935 - val_mean_binary_crossentropy: 0.0213 - val_loss: 1262.6523 - val_likelihood_loss: 1275.8169
Epoch 162/200
457/457 - 84s - mean_binary_crossentropy: 0.0072 - loss: 429.9237 - likelihood_loss: 430.1287 - val_mean_binary_crossentropy: 0.0217 - val_loss: 1282.0391 - val_likelihood_loss: 1300.2252
Epoch 163/200
457/457 - 84s - mean_binary_crossentropy: 0.0070 - loss: 420.0118 - likelihood_loss: 420.2109 - val_mean_binary_crossentropy: 0.0212 - val_loss: 1260.2804 - val_likelihood_loss: 1272.8717
Epoch 164/200
457/457 - 84s - mean_binary_crossentropy: 0.0068 - loss: 409.9191 - likelihood_loss: 410.0610 - val_mean_binary_crossentropy: 0.0213 - val_loss: 1265.7789 - val_likelihood_loss: 1278.7382
Epoch 165/200
457/457 - 83s - mean_binary_crossentropy: 0.0068 - loss: 407.9419 - likelihood_loss: 408.1059 - val_mean_binary_crossentropy: 0.0206 - val_loss: 1221.5652 - val_likelihood_loss: 1233.8143
Epoch 166/200
457/457 - 83s - mean_binary_crossentropy: 0.0068 - loss: 410.0616 - likelihood_loss: 410.2402 - val_mean_binary_crossentropy: 0.0207 - val_loss: 1227.6377 - val_likelihood_loss: 1242.5260
Epoch 167/200
457/457 - 83s - mean_binary_crossentropy: 0.0068 - loss: 410.2231 - likelihood_loss: 410.3896 - val_mean_binary_crossentropy: 0.0215 - val_loss: 1279.5767 - val_likelihood_loss: 1291.3397
Epoch 168/200
457/457 - 84s - mean_binary_crossentropy: 0.0068 - loss: 407.0018 - likelihood_loss: 407.2037 - val_mean_binary_crossentropy: 0.0207 - val_loss: 1226.0063 - val_likelihood_loss: 1241.1860
Epoch 169/200
457/457 - 84s - mean_binary_crossentropy: 0.0068 - loss: 407.8884 - likelihood_loss: 408.0479 - val_mean_binary_crossentropy: 0.0217 - val_loss: 1290.2509 - val_likelihood_loss: 1302.9255
Epoch 170/200
457/457 - 83s - mean_binary_crossentropy: 0.0068 - loss: 410.5289 - likelihood_loss: 410.7621 - val_mean_binary_crossentropy: 0.0211 - val_loss: 1251.2496 - val_likelihood_loss: 1264.0349
Epoch 171/200
457/457 - 82s - mean_binary_crossentropy: 0.0072 - loss: 428.9314 - likelihood_loss: 429.5136 - val_mean_binary_crossentropy: 0.0247 - val_loss: 1478.1207 - val_likelihood_loss: 1483.9976
Epoch 172/200
457/457 - 83s - mean_binary_crossentropy: 0.0072 - loss: 429.7627 - likelihood_loss: 429.9082 - val_mean_binary_crossentropy: 0.0204 - val_loss: 1211.3792 - val_likelihood_loss: 1221.3641
Epoch 173/200
457/457 - 83s - mean_binary_crossentropy: 0.0068 - loss: 409.8122 - likelihood_loss: 410.0424 - val_mean_binary_crossentropy: 0.0216 - val_loss: 1283.1549 - val_likelihood_loss: 1294.5659
Epoch 174/200
457/457 - 82s - mean_binary_crossentropy: 0.0067 - loss: 398.8280 - likelihood_loss: 399.0233 - val_mean_binary_crossentropy: 0.0221 - val_loss: 1315.5797 - val_likelihood_loss: 1324.8223
Epoch 175/200
457/457 - 83s - mean_binary_crossentropy: 0.0067 - loss: 401.1474 - likelihood_loss: 401.4375 - val_mean_binary_crossentropy: 0.0218 - val_loss: 1295.8245 - val_likelihood_loss: 1306.2379
Epoch 176/200
457/457 - 83s - mean_binary_crossentropy: 0.0068 - loss: 407.2355 - likelihood_loss: 407.5032 - val_mean_binary_crossentropy: 0.0210 - val_loss: 1241.8113 - val_likelihood_loss: 1257.9756
Epoch 177/200
457/457 - 83s - mean_binary_crossentropy: 0.0068 - loss: 409.1829 - likelihood_loss: 409.3870 - val_mean_binary_crossentropy: 0.0214 - val_loss: 1269.8152 - val_likelihood_loss: 1284.3103
Epoch 178/200
457/457 - 83s - mean_binary_crossentropy: 0.0069 - loss: 414.2076 - likelihood_loss: 414.3588 - val_mean_binary_crossentropy: 0.0211 - val_loss: 1246.6372 - val_likelihood_loss: 1263.5143
Epoch 179/200
457/457 - 83s - mean_binary_crossentropy: 0.0067 - loss: 403.0584 - likelihood_loss: 403.2284 - val_mean_binary_crossentropy: 0.0213 - val_loss: 1261.9211 - val_likelihood_loss: 1277.8262
Epoch 180/200
457/457 - 82s - mean_binary_crossentropy: 0.0068 - loss: 407.0109 - likelihood_loss: 407.1931 - val_mean_binary_crossentropy: 0.0212 - val_loss: 1260.1998 - val_likelihood_loss: 1272.8297
Epoch 181/200
457/457 - 83s - mean_binary_crossentropy: 0.0066 - loss: 395.1938 - likelihood_loss: 395.3956 - val_mean_binary_crossentropy: 0.0207 - val_loss: 1231.8749 - val_likelihood_loss: 1244.9401
Epoch 182/200
457/457 - 82s - mean_binary_crossentropy: 0.0066 - loss: 395.6604 - likelihood_loss: 395.8257 - val_mean_binary_crossentropy: 0.0211 - val_loss: 1249.4363 - val_likelihood_loss: 1265.1876
Epoch 183/200
457/457 - 83s - mean_binary_crossentropy: 0.0067 - loss: 399.5673 - likelihood_loss: 399.7080 - val_mean_binary_crossentropy: 0.0218 - val_loss: 1289.9668 - val_likelihood_loss: 1307.1975
Epoch 184/200
457/457 - 84s - mean_binary_crossentropy: 0.0068 - loss: 409.5486 - likelihood_loss: 409.6720 - val_mean_binary_crossentropy: 0.0204 - val_loss: 1212.1027 - val_likelihood_loss: 1226.6968
Epoch 185/200
457/457 - 83s - mean_binary_crossentropy: 0.0067 - loss: 404.6747 - likelihood_loss: 404.8188 - val_mean_binary_crossentropy: 0.0210 - val_loss: 1242.1752 - val_likelihood_loss: 1257.5126
Epoch 186/200
457/457 - 82s - mean_binary_crossentropy: 0.0067 - loss: 403.3232 - likelihood_loss: 403.4474 - val_mean_binary_crossentropy: 0.0207 - val_loss: 1225.4447 - val_likelihood_loss: 1240.0885
Epoch 187/200
457/457 - 83s - mean_binary_crossentropy: 0.0067 - loss: 402.1403 - likelihood_loss: 402.2818 - val_mean_binary_crossentropy: 0.0212 - val_loss: 1259.3898 - val_likelihood_loss: 1274.2443
Epoch 188/200
457/457 - 83s - mean_binary_crossentropy: 0.0066 - loss: 398.7095 - likelihood_loss: 398.8503 - val_mean_binary_crossentropy: 0.0217 - val_loss: 1289.3439 - val_likelihood_loss: 1304.2196
Epoch 189/200
457/457 - 83s - mean_binary_crossentropy: 0.0068 - loss: 405.4720 - likelihood_loss: 405.5947 - val_mean_binary_crossentropy: 0.0227 - val_loss: 1346.1826 - val_likelihood_loss: 1364.0734
Epoch 190/200
457/457 - 85s - mean_binary_crossentropy: 0.0069 - loss: 412.6073 - likelihood_loss: 412.7918 - val_mean_binary_crossentropy: 0.0209 - val_loss: 1242.0447 - val_likelihood_loss: 1255.4646
Epoch 191/200
457/457 - 83s - mean_binary_crossentropy: 0.0069 - loss: 413.6715 - likelihood_loss: 413.8843 - val_mean_binary_crossentropy: 0.0206 - val_loss: 1225.1067 - val_likelihood_loss: 1238.2552
Epoch 192/200
457/457 - 83s - mean_binary_crossentropy: 0.0067 - loss: 401.7318 - likelihood_loss: 401.8989 - val_mean_binary_crossentropy: 0.0229 - val_loss: 1354.9459 - val_likelihood_loss: 1371.6516
Epoch 193/200
457/457 - 83s - mean_binary_crossentropy: 0.0065 - loss: 389.7028 - likelihood_loss: 389.8487 - val_mean_binary_crossentropy: 0.0216 - val_loss: 1282.3684 - val_likelihood_loss: 1296.9857
Epoch 194/200
457/457 - 83s - mean_binary_crossentropy: 0.0065 - loss: 387.9731 - likelihood_loss: 388.1456 - val_mean_binary_crossentropy: 0.0228 - val_loss: 1353.4292 - val_likelihood_loss: 1369.3646
Epoch 195/200
457/457 - 83s - mean_binary_crossentropy: 0.0065 - loss: 389.1991 - likelihood_loss: 389.3469 - val_mean_binary_crossentropy: 0.0237 - val_loss: 1398.1786 - val_likelihood_loss: 1420.8156
Epoch 196/200
457/457 - 84s - mean_binary_crossentropy: 0.0065 - loss: 390.0547 - likelihood_loss: 390.2036 - val_mean_binary_crossentropy: 0.0217 - val_loss: 1286.9117 - val_likelihood_loss: 1300.9464
Epoch 197/200
457/457 - 84s - mean_binary_crossentropy: 0.0065 - loss: 391.1348 - likelihood_loss: 391.4088 - val_mean_binary_crossentropy: 0.0219 - val_loss: 1296.0441 - val_likelihood_loss: 1312.9906
Epoch 198/200
457/457 - 83s - mean_binary_crossentropy: 0.0065 - loss: 387.1118 - likelihood_loss: 387.2933 - val_mean_binary_crossentropy: 0.0231 - val_loss: 1377.0260 - val_likelihood_loss: 1386.4104
Epoch 199/200
457/457 - 84s - mean_binary_crossentropy: 0.0065 - loss: 386.9980 - likelihood_loss: 387.1611 - val_mean_binary_crossentropy: 0.0213 - val_loss: 1267.7422 - val_likelihood_loss: 1280.2007
Epoch 200/200
457/457 - 84s - mean_binary_crossentropy: 0.0065 - loss: 389.5501 - likelihood_loss: 389.7160 - val_mean_binary_crossentropy: 0.0210 - val_loss: 1244.7960 - val_likelihood_loss: 1260.7372
Total time elapsed for training = 21435.068417549133 seconds
Training finished at 2020-07-08 04:40:52.397351
Saved model to disk (.h5)
Pickled training history
