LAYER_NAME: decoder_4a
2020-07-09 14:48:26.231640: I tensorflow_io/core/kernels/cpu_check.cc:128] Your CPU supports instructions that this TensorFlow IO binary was not compiled to use: AVX2 AVX512F FMA
2020-07-09 14:48:28.315756: I tensorflow/stream_executor/platform/default/dso_loader.cc:44] Successfully opened dynamic library libcuda.so.1
2020-07-09 14:48:28.442264: I tensorflow/core/common_runtime/gpu/gpu_device.cc:1561] Found device 0 with properties: 
pciBusID: 0000:1d:00.0 name: GeForce RTX 2080 Ti computeCapability: 7.5
coreClock: 1.545GHz coreCount: 68 deviceMemorySize: 10.73GiB deviceMemoryBandwidth: 573.69GiB/s
2020-07-09 14:48:28.444358: I tensorflow/core/common_runtime/gpu/gpu_device.cc:1561] Found device 1 with properties: 
pciBusID: 0000:1e:00.0 name: GeForce RTX 2080 Ti computeCapability: 7.5
coreClock: 1.545GHz coreCount: 68 deviceMemorySize: 10.73GiB deviceMemoryBandwidth: 573.69GiB/s
2020-07-09 14:48:28.446418: I tensorflow/core/common_runtime/gpu/gpu_device.cc:1561] Found device 2 with properties: 
pciBusID: 0000:1f:00.0 name: GeForce RTX 2080 Ti computeCapability: 7.5
coreClock: 1.545GHz coreCount: 68 deviceMemorySize: 10.73GiB deviceMemoryBandwidth: 573.69GiB/s
2020-07-09 14:48:28.458975: I tensorflow/stream_executor/platform/default/dso_loader.cc:44] Successfully opened dynamic library libcudart.so.10.1
2020-07-09 14:48:28.505479: I tensorflow/stream_executor/platform/default/dso_loader.cc:44] Successfully opened dynamic library libcublas.so.10
2020-07-09 14:48:28.538679: I tensorflow/stream_executor/platform/default/dso_loader.cc:44] Successfully opened dynamic library libcufft.so.10
2020-07-09 14:48:28.564764: I tensorflow/stream_executor/platform/default/dso_loader.cc:44] Successfully opened dynamic library libcurand.so.10
2020-07-09 14:48:28.612551: I tensorflow/stream_executor/platform/default/dso_loader.cc:44] Successfully opened dynamic library libcusolver.so.10
2020-07-09 14:48:28.638912: I tensorflow/stream_executor/platform/default/dso_loader.cc:44] Successfully opened dynamic library libcusparse.so.10
2020-07-09 14:48:28.743347: I tensorflow/stream_executor/platform/default/dso_loader.cc:44] Successfully opened dynamic library libcudnn.so.7
2020-07-09 14:48:28.755709: I tensorflow/core/common_runtime/gpu/gpu_device.cc:1703] Adding visible gpu devices: 0, 1, 2
2020-07-09 14:48:30.443242: I tensorflow/core/platform/cpu_feature_guard.cc:143] Your CPU supports instructions that this TensorFlow binary was not compiled to use: AVX2 AVX512F FMA
2020-07-09 14:48:30.455597: I tensorflow/core/platform/profile_utils/cpu_utils.cc:102] CPU Frequency: 2100000000 Hz
2020-07-09 14:48:30.457411: I tensorflow/compiler/xla/service/service.cc:168] XLA service 0x55c3add44920 initialized for platform Host (this does not guarantee that XLA will be used). Devices:
2020-07-09 14:48:30.457443: I tensorflow/compiler/xla/service/service.cc:176]   StreamExecutor device (0): Host, Default Version
2020-07-09 14:48:30.838596: I tensorflow/compiler/xla/service/service.cc:168] XLA service 0x55c3addaeda0 initialized for platform CUDA (this does not guarantee that XLA will be used). Devices:
2020-07-09 14:48:30.838635: I tensorflow/compiler/xla/service/service.cc:176]   StreamExecutor device (0): GeForce RTX 2080 Ti, Compute Capability 7.5
2020-07-09 14:48:30.838642: I tensorflow/compiler/xla/service/service.cc:176]   StreamExecutor device (1): GeForce RTX 2080 Ti, Compute Capability 7.5
2020-07-09 14:48:30.838648: I tensorflow/compiler/xla/service/service.cc:176]   StreamExecutor device (2): GeForce RTX 2080 Ti, Compute Capability 7.5
2020-07-09 14:48:30.843056: I tensorflow/core/common_runtime/gpu/gpu_device.cc:1561] Found device 0 with properties: 
pciBusID: 0000:1d:00.0 name: GeForce RTX 2080 Ti computeCapability: 7.5
coreClock: 1.545GHz coreCount: 68 deviceMemorySize: 10.73GiB deviceMemoryBandwidth: 573.69GiB/s
2020-07-09 14:48:30.845016: I tensorflow/core/common_runtime/gpu/gpu_device.cc:1561] Found device 1 with properties: 
pciBusID: 0000:1e:00.0 name: GeForce RTX 2080 Ti computeCapability: 7.5
coreClock: 1.545GHz coreCount: 68 deviceMemorySize: 10.73GiB deviceMemoryBandwidth: 573.69GiB/s
2020-07-09 14:48:30.846963: I tensorflow/core/common_runtime/gpu/gpu_device.cc:1561] Found device 2 with properties: 
pciBusID: 0000:1f:00.0 name: GeForce RTX 2080 Ti computeCapability: 7.5
coreClock: 1.545GHz coreCount: 68 deviceMemorySize: 10.73GiB deviceMemoryBandwidth: 573.69GiB/s
2020-07-09 14:48:30.847004: I tensorflow/stream_executor/platform/default/dso_loader.cc:44] Successfully opened dynamic library libcudart.so.10.1
2020-07-09 14:48:30.847017: I tensorflow/stream_executor/platform/default/dso_loader.cc:44] Successfully opened dynamic library libcublas.so.10
2020-07-09 14:48:30.847029: I tensorflow/stream_executor/platform/default/dso_loader.cc:44] Successfully opened dynamic library libcufft.so.10
2020-07-09 14:48:30.847040: I tensorflow/stream_executor/platform/default/dso_loader.cc:44] Successfully opened dynamic library libcurand.so.10
2020-07-09 14:48:30.847052: I tensorflow/stream_executor/platform/default/dso_loader.cc:44] Successfully opened dynamic library libcusolver.so.10
2020-07-09 14:48:30.847063: I tensorflow/stream_executor/platform/default/dso_loader.cc:44] Successfully opened dynamic library libcusparse.so.10
2020-07-09 14:48:30.847075: I tensorflow/stream_executor/platform/default/dso_loader.cc:44] Successfully opened dynamic library libcudnn.so.7
2020-07-09 14:48:30.858463: I tensorflow/core/common_runtime/gpu/gpu_device.cc:1703] Adding visible gpu devices: 0, 1, 2
2020-07-09 14:48:30.858502: I tensorflow/stream_executor/platform/default/dso_loader.cc:44] Successfully opened dynamic library libcudart.so.10.1
2020-07-09 14:48:30.865125: I tensorflow/core/common_runtime/gpu/gpu_device.cc:1102] Device interconnect StreamExecutor with strength 1 edge matrix:
2020-07-09 14:48:30.865144: I tensorflow/core/common_runtime/gpu/gpu_device.cc:1108]      0 1 2 
2020-07-09 14:48:30.865154: I tensorflow/core/common_runtime/gpu/gpu_device.cc:1121] 0:   N N N 
2020-07-09 14:48:30.865160: I tensorflow/core/common_runtime/gpu/gpu_device.cc:1121] 1:   N N N 
2020-07-09 14:48:30.865166: I tensorflow/core/common_runtime/gpu/gpu_device.cc:1121] 2:   N N N 
2020-07-09 14:48:30.874731: I tensorflow/core/common_runtime/gpu/gpu_device.cc:1247] Created TensorFlow device (/job:localhost/replica:0/task:0/device:GPU:0 with 10176 MB memory) -> physical GPU (device: 0, name: GeForce RTX 2080 Ti, pci bus id: 0000:1d:00.0, compute capability: 7.5)
2020-07-09 14:48:30.877188: I tensorflow/core/common_runtime/gpu/gpu_device.cc:1247] Created TensorFlow device (/job:localhost/replica:0/task:0/device:GPU:1 with 10176 MB memory) -> physical GPU (device: 1, name: GeForce RTX 2080 Ti, pci bus id: 0000:1e:00.0, compute capability: 7.5)
2020-07-09 14:48:30.879707: I tensorflow/core/common_runtime/gpu/gpu_device.cc:1247] Created TensorFlow device (/job:localhost/replica:0/task:0/device:GPU:2 with 10176 MB memory) -> physical GPU (device: 2, name: GeForce RTX 2080 Ti, pci bus id: 0000:1f:00.0, compute capability: 7.5)
WARNING:tensorflow:From /home/hauthj/.conda/envs/gpu-env/lib/python3.8/site-packages/tensorflow_probability/python/layers/util.py:99: Layer.add_variable (from tensorflow.python.keras.engine.base_layer) is deprecated and will be removed in a future version.
Instructions for updating:
Please use `layer.add_weight` method instead.
2020-07-09 14:51:19.457063: I tensorflow/stream_executor/platform/default/dso_loader.cc:44] Successfully opened dynamic library libcudnn.so.7
2020-07-09 14:51:26.684615: I tensorflow/stream_executor/platform/default/dso_loader.cc:44] Successfully opened dynamic library libcublas.so.10
2.2.0
Listing all GPU resources:
[PhysicalDevice(name='/physical_device:GPU:0', device_type='GPU'), PhysicalDevice(name='/physical_device:GPU:1', device_type='GPU'), PhysicalDevice(name='/physical_device:GPU:2', device_type='GPU')]

0.10.0
------------------------------
Constructing model...
------------------------------

Input size: (None, 144, 144, 4)
Output size: (None, 144, 144, 1)
Model summary:
Model: "model_decoder_4a"
__________________________________________________________________________________________________
Layer (type)                    Output Shape         Param #     Connected to                     
==================================================================================================
input_layer (InputLayer)        [(None, 144, 144, 4) 0                                            
__________________________________________________________________________________________________
encoder_1_a (Conv2D)            (None, 144, 144, 32) 1184        input_layer[0][0]                
__________________________________________________________________________________________________
encoder_1_b (Conv2D)            (None, 144, 144, 32) 9248        encoder_1_a[0][0]                
__________________________________________________________________________________________________
downsample_1 (MaxPooling2D)     (None, 72, 72, 32)   0           encoder_1_b[0][0]                
__________________________________________________________________________________________________
encoder_2_a (Conv2D)            (None, 72, 72, 64)   18496       downsample_1[0][0]               
__________________________________________________________________________________________________
encoder_2_b (Conv2D)            (None, 72, 72, 64)   36928       encoder_2_a[0][0]                
__________________________________________________________________________________________________
downsample_2 (MaxPooling2D)     (None, 36, 36, 64)   0           encoder_2_b[0][0]                
__________________________________________________________________________________________________
encoder_3_a (Conv2D)            (None, 36, 36, 128)  73856       downsample_2[0][0]               
__________________________________________________________________________________________________
encoder_3_b (Conv2D)            (None, 36, 36, 128)  147584      encoder_3_a[0][0]                
__________________________________________________________________________________________________
downsample_3 (MaxPooling2D)     (None, 18, 18, 128)  0           encoder_3_b[0][0]                
__________________________________________________________________________________________________
encoder_4_a (Conv2D)            (None, 18, 18, 256)  295168      downsample_3[0][0]               
__________________________________________________________________________________________________
encoder_4_b (Conv2D)            (None, 18, 18, 256)  590080      encoder_4_a[0][0]                
__________________________________________________________________________________________________
downsample_4 (MaxPooling2D)     (None, 9, 9, 256)    0           encoder_4_b[0][0]                
__________________________________________________________________________________________________
encoder_5_a (Conv2D)            (None, 9, 9, 512)    1180160     downsample_4[0][0]               
__________________________________________________________________________________________________
encoder_5_b (Conv2D)            (None, 9, 9, 512)    2359808     encoder_5_a[0][0]                
__________________________________________________________________________________________________
upsample_4 (UpSampling2D)       (None, 18, 18, 512)  0           encoder_5_b[0][0]                
__________________________________________________________________________________________________
concat_4 (Concatenate)          (None, 18, 18, 768)  0           upsample_4[0][0]                 
                                                                 encoder_4_b[0][0]                
__________________________________________________________________________________________________
decoder_4_a (Conv2DFlipout)     (None, 18, 18, 256)  7078912     concat_4[0][0]                   
__________________________________________________________________________________________________
decoder_4_b (Conv2D)            (None, 18, 18, 256)  590080      decoder_4_a[0][0]                
__________________________________________________________________________________________________
upsample_3 (UpSampling2D)       (None, 36, 36, 256)  0           decoder_4_b[0][0]                
__________________________________________________________________________________________________
concat_3 (Concatenate)          (None, 36, 36, 384)  0           upsample_3[0][0]                 
                                                                 encoder_3_b[0][0]                
__________________________________________________________________________________________________
decoder_3_a (Conv2D)            (None, 36, 36, 128)  442496      concat_3[0][0]                   
__________________________________________________________________________________________________
decoder_3_b (Conv2D)            (None, 36, 36, 128)  147584      decoder_3_a[0][0]                
__________________________________________________________________________________________________
upsample_2 (UpSampling2D)       (None, 72, 72, 128)  0           decoder_3_b[0][0]                
__________________________________________________________________________________________________
concat_2 (Concatenate)          (None, 72, 72, 192)  0           upsample_2[0][0]                 
                                                                 encoder_2_b[0][0]                
__________________________________________________________________________________________________
decoder_2_a (Conv2D)            (None, 72, 72, 64)   110656      concat_2[0][0]                   
__________________________________________________________________________________________________
decoder_2_b (Conv2D)            (None, 72, 72, 64)   36928       decoder_2_a[0][0]                
__________________________________________________________________________________________________
upsample_1 (UpSampling2D)       (None, 144, 144, 64) 0           decoder_2_b[0][0]                
__________________________________________________________________________________________________
concat_1 (Concatenate)          (None, 144, 144, 96) 0           upsample_1[0][0]                 
                                                                 encoder_1_b[0][0]                
__________________________________________________________________________________________________
decoder_1_a (Conv2D)            (None, 144, 144, 32) 27680       concat_1[0][0]                   
__________________________________________________________________________________________________
decoder_1_b (Conv2D)            (None, 144, 144, 32) 9248        decoder_1_a[0][0]                
__________________________________________________________________________________________________
output_layer (Conv2D)           (None, 144, 144, 1)  33          decoder_1_b[0][0]                
==================================================================================================
Total params: 13,156,129
Trainable params: 13,156,129
Non-trainable params: 0
__________________________________________________________________________________________________
None
Model losses:
[<tf.Tensor: shape=(), dtype=float32, numpy=66.32074>, <tf.Tensor: shape=(), dtype=float32, numpy=0.010168495>]
------------------------------
Loading training and testing data...
------------------------------
------------------------------
Fitting model with training data ...
------------------------------
Training the model started at 2020-07-09 14:49:48.585715
Epoch 1/200
457/457 - 92s - likelihood_loss: 123514.5703 - loss: 123627.0312 - mean_binary_crossentropy: 2.0586 - val_likelihood_loss: 2883.3105 - val_loss: 2894.3926 - val_mean_binary_crossentropy: 0.0481
Epoch 2/200
457/457 - 87s - likelihood_loss: 2723.8508 - loss: 2732.5603 - mean_binary_crossentropy: 0.0454 - val_likelihood_loss: 2321.9006 - val_loss: 2320.5959 - val_mean_binary_crossentropy: 0.0387
Epoch 3/200
457/457 - 88s - likelihood_loss: 2302.4858 - loss: 2304.2483 - mean_binary_crossentropy: 0.0384 - val_likelihood_loss: 2073.3689 - val_loss: 2070.5203 - val_mean_binary_crossentropy: 0.0346
Epoch 4/200
457/457 - 87s - likelihood_loss: 2089.4395 - loss: 2089.6858 - mean_binary_crossentropy: 0.0348 - val_likelihood_loss: 2004.5288 - val_loss: 2001.8314 - val_mean_binary_crossentropy: 0.0334
Epoch 5/200
457/457 - 88s - likelihood_loss: 1863.2285 - loss: 1863.2214 - mean_binary_crossentropy: 0.0311 - val_likelihood_loss: 1947.0018 - val_loss: 1945.1395 - val_mean_binary_crossentropy: 0.0325
Epoch 6/200
457/457 - 87s - likelihood_loss: 1762.0607 - loss: 1761.9738 - mean_binary_crossentropy: 0.0294 - val_likelihood_loss: 1892.3563 - val_loss: 1889.6775 - val_mean_binary_crossentropy: 0.0315
Epoch 7/200
457/457 - 87s - likelihood_loss: 1613.4523 - loss: 1613.0635 - mean_binary_crossentropy: 0.0269 - val_likelihood_loss: 2026.5649 - val_loss: 2023.9330 - val_mean_binary_crossentropy: 0.0338
Epoch 8/200
457/457 - 88s - likelihood_loss: 1579.3855 - loss: 1579.2681 - mean_binary_crossentropy: 0.0263 - val_likelihood_loss: 1708.2218 - val_loss: 1705.2142 - val_mean_binary_crossentropy: 0.0285
Epoch 9/200
457/457 - 87s - likelihood_loss: 1610.2892 - loss: 1609.5002 - mean_binary_crossentropy: 0.0268 - val_likelihood_loss: 2138.9604 - val_loss: 2138.2107 - val_mean_binary_crossentropy: 0.0356
Epoch 10/200
457/457 - 88s - likelihood_loss: 1504.2947 - loss: 1503.8906 - mean_binary_crossentropy: 0.0251 - val_likelihood_loss: 2112.4817 - val_loss: 2112.2266 - val_mean_binary_crossentropy: 0.0352
Epoch 11/200
457/457 - 87s - likelihood_loss: 1436.5303 - loss: 1436.4143 - mean_binary_crossentropy: 0.0239 - val_likelihood_loss: 1837.9412 - val_loss: 1833.5593 - val_mean_binary_crossentropy: 0.0306
Epoch 12/200
457/457 - 88s - likelihood_loss: 1330.5402 - loss: 1330.2206 - mean_binary_crossentropy: 0.0222 - val_likelihood_loss: 1611.9038 - val_loss: 1608.2612 - val_mean_binary_crossentropy: 0.0269
Epoch 13/200
457/457 - 87s - likelihood_loss: 1300.6637 - loss: 1300.2614 - mean_binary_crossentropy: 0.0217 - val_likelihood_loss: 1585.6876 - val_loss: 1582.0880 - val_mean_binary_crossentropy: 0.0264
Epoch 14/200
457/457 - 87s - likelihood_loss: 1231.2203 - loss: 1230.9269 - mean_binary_crossentropy: 0.0205 - val_likelihood_loss: 1353.0363 - val_loss: 1347.3591 - val_mean_binary_crossentropy: 0.0226
Epoch 15/200
457/457 - 88s - likelihood_loss: 1205.9966 - loss: 1205.6934 - mean_binary_crossentropy: 0.0201 - val_likelihood_loss: 1544.2999 - val_loss: 1541.3016 - val_mean_binary_crossentropy: 0.0257
Epoch 16/200
457/457 - 88s - likelihood_loss: 1169.6818 - loss: 1169.4634 - mean_binary_crossentropy: 0.0195 - val_likelihood_loss: 1337.8234 - val_loss: 1330.2793 - val_mean_binary_crossentropy: 0.0223
Epoch 17/200
457/457 - 89s - likelihood_loss: 1137.8470 - loss: 1137.5896 - mean_binary_crossentropy: 0.0190 - val_likelihood_loss: 1614.7125 - val_loss: 1610.9688 - val_mean_binary_crossentropy: 0.0269
Epoch 18/200
457/457 - 87s - likelihood_loss: 1074.8619 - loss: 1074.7350 - mean_binary_crossentropy: 0.0179 - val_likelihood_loss: 1460.0573 - val_loss: 1454.3575 - val_mean_binary_crossentropy: 0.0243
Epoch 19/200
457/457 - 89s - likelihood_loss: 1082.1399 - loss: 1081.9030 - mean_binary_crossentropy: 0.0180 - val_likelihood_loss: 1365.7357 - val_loss: 1358.8867 - val_mean_binary_crossentropy: 0.0228
Epoch 20/200
457/457 - 87s - likelihood_loss: 1040.6580 - loss: 1040.5566 - mean_binary_crossentropy: 0.0173 - val_likelihood_loss: 1331.7976 - val_loss: 1325.7225 - val_mean_binary_crossentropy: 0.0222
Epoch 21/200
457/457 - 87s - likelihood_loss: 1033.9822 - loss: 1033.7993 - mean_binary_crossentropy: 0.0172 - val_likelihood_loss: 1355.8220 - val_loss: 1349.1508 - val_mean_binary_crossentropy: 0.0226
Epoch 22/200
457/457 - 87s - likelihood_loss: 999.1601 - loss: 998.9411 - mean_binary_crossentropy: 0.0167 - val_likelihood_loss: 1467.0544 - val_loss: 1461.3569 - val_mean_binary_crossentropy: 0.0245
Epoch 23/200
457/457 - 87s - likelihood_loss: 984.7967 - loss: 984.6809 - mean_binary_crossentropy: 0.0164 - val_likelihood_loss: 1323.2327 - val_loss: 1316.0714 - val_mean_binary_crossentropy: 0.0221
Epoch 24/200
457/457 - 87s - likelihood_loss: 958.5606 - loss: 958.4083 - mean_binary_crossentropy: 0.0160 - val_likelihood_loss: 1606.2260 - val_loss: 1602.2705 - val_mean_binary_crossentropy: 0.0268
Epoch 25/200
457/457 - 87s - likelihood_loss: 953.6128 - loss: 953.4628 - mean_binary_crossentropy: 0.0159 - val_likelihood_loss: 1301.6709 - val_loss: 1294.3629 - val_mean_binary_crossentropy: 0.0217
Epoch 26/200
457/457 - 87s - likelihood_loss: 926.2368 - loss: 926.0963 - mean_binary_crossentropy: 0.0154 - val_likelihood_loss: 1333.4779 - val_loss: 1326.6407 - val_mean_binary_crossentropy: 0.0222
Epoch 27/200
457/457 - 89s - likelihood_loss: 912.8054 - loss: 912.8497 - mean_binary_crossentropy: 0.0152 - val_likelihood_loss: 1365.0382 - val_loss: 1359.6975 - val_mean_binary_crossentropy: 0.0228
Epoch 28/200
457/457 - 88s - likelihood_loss: 894.4646 - loss: 894.3824 - mean_binary_crossentropy: 0.0149 - val_likelihood_loss: 1318.0812 - val_loss: 1311.5619 - val_mean_binary_crossentropy: 0.0220
Epoch 29/200
457/457 - 87s - likelihood_loss: 861.0723 - loss: 860.9772 - mean_binary_crossentropy: 0.0144 - val_likelihood_loss: 1492.1310 - val_loss: 1487.1970 - val_mean_binary_crossentropy: 0.0249
Epoch 30/200
457/457 - 88s - likelihood_loss: 855.4751 - loss: 855.3807 - mean_binary_crossentropy: 0.0143 - val_likelihood_loss: 1358.4501 - val_loss: 1354.2604 - val_mean_binary_crossentropy: 0.0226
Epoch 31/200
457/457 - 88s - likelihood_loss: 844.8322 - loss: 844.8386 - mean_binary_crossentropy: 0.0141 - val_likelihood_loss: 1322.5963 - val_loss: 1315.5195 - val_mean_binary_crossentropy: 0.0220
Epoch 32/200
457/457 - 87s - likelihood_loss: 840.6127 - loss: 840.4585 - mean_binary_crossentropy: 0.0140 - val_likelihood_loss: 1431.1270 - val_loss: 1426.6284 - val_mean_binary_crossentropy: 0.0239
Epoch 33/200
457/457 - 87s - likelihood_loss: 836.3935 - loss: 835.9648 - mean_binary_crossentropy: 0.0139 - val_likelihood_loss: 1550.4126 - val_loss: 1546.3545 - val_mean_binary_crossentropy: 0.0258
Epoch 34/200
457/457 - 86s - likelihood_loss: 814.0302 - loss: 813.7675 - mean_binary_crossentropy: 0.0136 - val_likelihood_loss: 1304.5800 - val_loss: 1292.6309 - val_mean_binary_crossentropy: 0.0217
Epoch 35/200
457/457 - 88s - likelihood_loss: 799.8178 - loss: 799.6966 - mean_binary_crossentropy: 0.0133 - val_likelihood_loss: 1613.7540 - val_loss: 1610.6447 - val_mean_binary_crossentropy: 0.0269
Epoch 36/200
457/457 - 87s - likelihood_loss: 788.2950 - loss: 788.0989 - mean_binary_crossentropy: 0.0131 - val_likelihood_loss: 1304.7949 - val_loss: 1296.3289 - val_mean_binary_crossentropy: 0.0217
Epoch 37/200
457/457 - 87s - likelihood_loss: 768.5118 - loss: 768.2888 - mean_binary_crossentropy: 0.0128 - val_likelihood_loss: 1483.9282 - val_loss: 1479.9794 - val_mean_binary_crossentropy: 0.0247
Epoch 38/200
457/457 - 88s - likelihood_loss: 759.9513 - loss: 759.8411 - mean_binary_crossentropy: 0.0127 - val_likelihood_loss: 1218.1984 - val_loss: 1209.4510 - val_mean_binary_crossentropy: 0.0203
Epoch 39/200
457/457 - 87s - likelihood_loss: 764.4160 - loss: 764.3456 - mean_binary_crossentropy: 0.0127 - val_likelihood_loss: 1225.7694 - val_loss: 1217.2056 - val_mean_binary_crossentropy: 0.0204
Epoch 40/200
457/457 - 87s - likelihood_loss: 746.7023 - loss: 746.5943 - mean_binary_crossentropy: 0.0124 - val_likelihood_loss: 1373.9388 - val_loss: 1366.1133 - val_mean_binary_crossentropy: 0.0229
Epoch 41/200
457/457 - 88s - likelihood_loss: 722.3803 - loss: 722.3176 - mean_binary_crossentropy: 0.0120 - val_likelihood_loss: 1230.2661 - val_loss: 1221.9709 - val_mean_binary_crossentropy: 0.0205
Epoch 42/200
457/457 - 88s - likelihood_loss: 730.8698 - loss: 730.8585 - mean_binary_crossentropy: 0.0122 - val_likelihood_loss: 1246.8136 - val_loss: 1234.1028 - val_mean_binary_crossentropy: 0.0208
Epoch 43/200
457/457 - 87s - likelihood_loss: 714.3790 - loss: 714.2908 - mean_binary_crossentropy: 0.0119 - val_likelihood_loss: 1200.0182 - val_loss: 1189.4204 - val_mean_binary_crossentropy: 0.0200
Epoch 44/200
457/457 - 89s - likelihood_loss: 715.7740 - loss: 715.6759 - mean_binary_crossentropy: 0.0119 - val_likelihood_loss: 1212.4834 - val_loss: 1201.4862 - val_mean_binary_crossentropy: 0.0202
Epoch 45/200
457/457 - 87s - likelihood_loss: 719.9940 - loss: 719.8546 - mean_binary_crossentropy: 0.0120 - val_likelihood_loss: 1287.7277 - val_loss: 1278.5308 - val_mean_binary_crossentropy: 0.0215
Epoch 46/200
457/457 - 87s - likelihood_loss: 719.4962 - loss: 719.4562 - mean_binary_crossentropy: 0.0120 - val_likelihood_loss: 1206.0402 - val_loss: 1192.1925 - val_mean_binary_crossentropy: 0.0201
Epoch 47/200
457/457 - 87s - likelihood_loss: 688.3809 - loss: 688.1958 - mean_binary_crossentropy: 0.0115 - val_likelihood_loss: 1283.3651 - val_loss: 1273.2498 - val_mean_binary_crossentropy: 0.0214
Epoch 48/200
457/457 - 88s - likelihood_loss: 661.4675 - loss: 661.3349 - mean_binary_crossentropy: 0.0110 - val_likelihood_loss: 1216.6991 - val_loss: 1207.2560 - val_mean_binary_crossentropy: 0.0203
Epoch 49/200
457/457 - 88s - likelihood_loss: 672.8616 - loss: 672.6795 - mean_binary_crossentropy: 0.0112 - val_likelihood_loss: 1348.1934 - val_loss: 1340.0242 - val_mean_binary_crossentropy: 0.0225
Epoch 50/200
457/457 - 88s - likelihood_loss: 668.5559 - loss: 668.4677 - mean_binary_crossentropy: 0.0111 - val_likelihood_loss: 1288.9386 - val_loss: 1279.0227 - val_mean_binary_crossentropy: 0.0215
Epoch 51/200
457/457 - 87s - likelihood_loss: 687.7506 - loss: 687.5879 - mean_binary_crossentropy: 0.0115 - val_likelihood_loss: 1192.1992 - val_loss: 1178.1678 - val_mean_binary_crossentropy: 0.0199
Epoch 52/200
457/457 - 87s - likelihood_loss: 662.5435 - loss: 662.4128 - mean_binary_crossentropy: 0.0110 - val_likelihood_loss: 1225.4125 - val_loss: 1211.5177 - val_mean_binary_crossentropy: 0.0204
Epoch 53/200
457/457 - 88s - likelihood_loss: 666.6990 - loss: 666.5756 - mean_binary_crossentropy: 0.0111 - val_likelihood_loss: 1155.2388 - val_loss: 1144.3474 - val_mean_binary_crossentropy: 0.0193
Epoch 54/200
457/457 - 89s - likelihood_loss: 643.2304 - loss: 643.0590 - mean_binary_crossentropy: 0.0107 - val_likelihood_loss: 1152.2048 - val_loss: 1139.1772 - val_mean_binary_crossentropy: 0.0192
Epoch 55/200
457/457 - 87s - likelihood_loss: 631.9189 - loss: 631.8516 - mean_binary_crossentropy: 0.0105 - val_likelihood_loss: 1289.2599 - val_loss: 1280.8497 - val_mean_binary_crossentropy: 0.0215
Epoch 56/200
457/457 - 89s - likelihood_loss: 616.7858 - loss: 616.6404 - mean_binary_crossentropy: 0.0103 - val_likelihood_loss: 1207.8358 - val_loss: 1197.9487 - val_mean_binary_crossentropy: 0.0201
Epoch 57/200
457/457 - 88s - likelihood_loss: 614.9855 - loss: 614.8478 - mean_binary_crossentropy: 0.0102 - val_likelihood_loss: 1241.7643 - val_loss: 1231.4208 - val_mean_binary_crossentropy: 0.0207
Epoch 58/200
457/457 - 88s - likelihood_loss: 621.8093 - loss: 621.6295 - mean_binary_crossentropy: 0.0104 - val_likelihood_loss: 1269.3588 - val_loss: 1259.7426 - val_mean_binary_crossentropy: 0.0212
Epoch 59/200
457/457 - 88s - likelihood_loss: 624.8900 - loss: 624.7097 - mean_binary_crossentropy: 0.0104 - val_likelihood_loss: 1462.7156 - val_loss: 1456.4706 - val_mean_binary_crossentropy: 0.0244
Epoch 60/200
457/457 - 87s - likelihood_loss: 620.5383 - loss: 620.3940 - mean_binary_crossentropy: 0.0103 - val_likelihood_loss: 1262.3835 - val_loss: 1251.9656 - val_mean_binary_crossentropy: 0.0210
Epoch 61/200
457/457 - 87s - likelihood_loss: 619.2452 - loss: 619.1907 - mean_binary_crossentropy: 0.0103 - val_likelihood_loss: 1382.1288 - val_loss: 1374.6678 - val_mean_binary_crossentropy: 0.0230
Epoch 62/200
457/457 - 88s - likelihood_loss: 611.0871 - loss: 611.0204 - mean_binary_crossentropy: 0.0102 - val_likelihood_loss: 1634.7928 - val_loss: 1629.2252 - val_mean_binary_crossentropy: 0.0272
Epoch 63/200
457/457 - 87s - likelihood_loss: 603.4511 - loss: 603.3421 - mean_binary_crossentropy: 0.0101 - val_likelihood_loss: 1577.7910 - val_loss: 1568.4017 - val_mean_binary_crossentropy: 0.0263
Epoch 64/200
457/457 - 87s - likelihood_loss: 611.0585 - loss: 610.9423 - mean_binary_crossentropy: 0.0102 - val_likelihood_loss: 1208.9631 - val_loss: 1198.0051 - val_mean_binary_crossentropy: 0.0201
Epoch 65/200
457/457 - 87s - likelihood_loss: 607.0993 - loss: 606.9282 - mean_binary_crossentropy: 0.0101 - val_likelihood_loss: 1348.9603 - val_loss: 1337.4656 - val_mean_binary_crossentropy: 0.0225
Epoch 66/200
457/457 - 88s - likelihood_loss: 601.6577 - loss: 601.5798 - mean_binary_crossentropy: 0.0100 - val_likelihood_loss: 1293.4845 - val_loss: 1281.4707 - val_mean_binary_crossentropy: 0.0216
Epoch 67/200
457/457 - 87s - likelihood_loss: 581.6519 - loss: 581.5647 - mean_binary_crossentropy: 0.0097 - val_likelihood_loss: 1229.9753 - val_loss: 1218.1091 - val_mean_binary_crossentropy: 0.0205
Epoch 68/200
457/457 - 88s - likelihood_loss: 587.7085 - loss: 587.6479 - mean_binary_crossentropy: 0.0098 - val_likelihood_loss: 1292.3247 - val_loss: 1279.9178 - val_mean_binary_crossentropy: 0.0215
Epoch 69/200
457/457 - 87s - likelihood_loss: 588.2702 - loss: 588.0739 - mean_binary_crossentropy: 0.0098 - val_likelihood_loss: 1303.2676 - val_loss: 1292.8002 - val_mean_binary_crossentropy: 0.0217
Epoch 70/200
457/457 - 88s - likelihood_loss: 590.8978 - loss: 590.7245 - mean_binary_crossentropy: 0.0098 - val_likelihood_loss: 1225.5034 - val_loss: 1208.7042 - val_mean_binary_crossentropy: 0.0204
Epoch 71/200
457/457 - 88s - likelihood_loss: 582.1440 - loss: 582.0284 - mean_binary_crossentropy: 0.0097 - val_likelihood_loss: 1262.2578 - val_loss: 1245.7252 - val_mean_binary_crossentropy: 0.0210
Epoch 72/200
457/457 - 88s - likelihood_loss: 576.0103 - loss: 575.9231 - mean_binary_crossentropy: 0.0096 - val_likelihood_loss: 1257.9388 - val_loss: 1241.1135 - val_mean_binary_crossentropy: 0.0210
Epoch 73/200
457/457 - 90s - likelihood_loss: 575.3336 - loss: 575.2575 - mean_binary_crossentropy: 0.0096 - val_likelihood_loss: 1260.8650 - val_loss: 1241.6451 - val_mean_binary_crossentropy: 0.0210
Epoch 74/200
457/457 - 88s - likelihood_loss: 601.9426 - loss: 601.8943 - mean_binary_crossentropy: 0.0100 - val_likelihood_loss: 1273.1730 - val_loss: 1256.2372 - val_mean_binary_crossentropy: 0.0212
Epoch 75/200
457/457 - 88s - likelihood_loss: 591.7728 - loss: 591.6962 - mean_binary_crossentropy: 0.0099 - val_likelihood_loss: 1324.2998 - val_loss: 1305.4963 - val_mean_binary_crossentropy: 0.0221
Epoch 76/200
457/457 - 89s - likelihood_loss: 592.9438 - loss: 592.8629 - mean_binary_crossentropy: 0.0099 - val_likelihood_loss: 1272.8558 - val_loss: 1258.8407 - val_mean_binary_crossentropy: 0.0212
Epoch 77/200
457/457 - 88s - likelihood_loss: 591.7073 - loss: 591.5471 - mean_binary_crossentropy: 0.0099 - val_likelihood_loss: 1283.6901 - val_loss: 1270.6512 - val_mean_binary_crossentropy: 0.0214
Epoch 78/200
457/457 - 87s - likelihood_loss: 577.7544 - loss: 577.5877 - mean_binary_crossentropy: 0.0096 - val_likelihood_loss: 1248.4269 - val_loss: 1238.7429 - val_mean_binary_crossentropy: 0.0208
Epoch 79/200
457/457 - 87s - likelihood_loss: 571.1992 - loss: 571.0588 - mean_binary_crossentropy: 0.0095 - val_likelihood_loss: 1333.6320 - val_loss: 1323.6395 - val_mean_binary_crossentropy: 0.0222
Epoch 80/200
457/457 - 87s - likelihood_loss: 561.6020 - loss: 561.5204 - mean_binary_crossentropy: 0.0094 - val_likelihood_loss: 1292.9873 - val_loss: 1281.4125 - val_mean_binary_crossentropy: 0.0215
Epoch 81/200
457/457 - 87s - likelihood_loss: 544.3113 - loss: 544.0405 - mean_binary_crossentropy: 0.0091 - val_likelihood_loss: 1282.2209 - val_loss: 1272.1831 - val_mean_binary_crossentropy: 0.0214
Epoch 82/200
457/457 - 87s - likelihood_loss: 546.9877 - loss: 546.6335 - mean_binary_crossentropy: 0.0091 - val_likelihood_loss: 1619.3165 - val_loss: 1610.6963 - val_mean_binary_crossentropy: 0.0270
Epoch 83/200
457/457 - 87s - likelihood_loss: 539.8676 - loss: 539.5835 - mean_binary_crossentropy: 0.0090 - val_likelihood_loss: 1308.8215 - val_loss: 1297.4305 - val_mean_binary_crossentropy: 0.0218
Epoch 84/200
457/457 - 89s - likelihood_loss: 536.6973 - loss: 536.4859 - mean_binary_crossentropy: 0.0089 - val_likelihood_loss: 1416.2854 - val_loss: 1406.7443 - val_mean_binary_crossentropy: 0.0236
Epoch 85/200
457/457 - 88s - likelihood_loss: 540.0295 - loss: 539.9232 - mean_binary_crossentropy: 0.0090 - val_likelihood_loss: 1382.4336 - val_loss: 1368.1038 - val_mean_binary_crossentropy: 0.0230
Epoch 86/200
457/457 - 87s - likelihood_loss: 545.5506 - loss: 545.4190 - mean_binary_crossentropy: 0.0091 - val_likelihood_loss: 1270.9938 - val_loss: 1257.6345 - val_mean_binary_crossentropy: 0.0212
Epoch 87/200
457/457 - 87s - likelihood_loss: 532.9291 - loss: 532.7259 - mean_binary_crossentropy: 0.0089 - val_likelihood_loss: 1238.7643 - val_loss: 1221.4464 - val_mean_binary_crossentropy: 0.0206
Epoch 88/200
457/457 - 87s - likelihood_loss: 530.9630 - loss: 530.7532 - mean_binary_crossentropy: 0.0088 - val_likelihood_loss: 1331.7653 - val_loss: 1311.3604 - val_mean_binary_crossentropy: 0.0222
Epoch 89/200
457/457 - 87s - likelihood_loss: 534.8735 - loss: 534.5301 - mean_binary_crossentropy: 0.0089 - val_likelihood_loss: 1237.2506 - val_loss: 1221.3372 - val_mean_binary_crossentropy: 0.0206
Epoch 90/200
457/457 - 87s - likelihood_loss: 533.6570 - loss: 533.5234 - mean_binary_crossentropy: 0.0089 - val_likelihood_loss: 1201.2682 - val_loss: 1185.1394 - val_mean_binary_crossentropy: 0.0200
Epoch 91/200
457/457 - 87s - likelihood_loss: 518.1948 - loss: 518.0425 - mean_binary_crossentropy: 0.0086 - val_likelihood_loss: 1223.2676 - val_loss: 1205.5127 - val_mean_binary_crossentropy: 0.0204
Epoch 92/200
457/457 - 87s - likelihood_loss: 509.3890 - loss: 509.2527 - mean_binary_crossentropy: 0.0085 - val_likelihood_loss: 1342.3837 - val_loss: 1322.3055 - val_mean_binary_crossentropy: 0.0224
Epoch 93/200
457/457 - 87s - likelihood_loss: 505.5713 - loss: 505.4642 - mean_binary_crossentropy: 0.0084 - val_likelihood_loss: 1361.3477 - val_loss: 1341.2812 - val_mean_binary_crossentropy: 0.0227
Epoch 94/200
457/457 - 87s - likelihood_loss: 503.5905 - loss: 503.4366 - mean_binary_crossentropy: 0.0084 - val_likelihood_loss: 1424.0006 - val_loss: 1400.8555 - val_mean_binary_crossentropy: 0.0237
Epoch 95/200
457/457 - 87s - likelihood_loss: 511.0694 - loss: 510.9458 - mean_binary_crossentropy: 0.0085 - val_likelihood_loss: 1254.3849 - val_loss: 1239.7723 - val_mean_binary_crossentropy: 0.0209
Epoch 96/200
457/457 - 87s - likelihood_loss: 502.9807 - loss: 502.8575 - mean_binary_crossentropy: 0.0084 - val_likelihood_loss: 1196.3510 - val_loss: 1183.7550 - val_mean_binary_crossentropy: 0.0199
Epoch 97/200
457/457 - 87s - likelihood_loss: 508.7401 - loss: 508.6599 - mean_binary_crossentropy: 0.0085 - val_likelihood_loss: 1144.7148 - val_loss: 1130.9941 - val_mean_binary_crossentropy: 0.0191
Epoch 98/200
457/457 - 87s - likelihood_loss: 504.8313 - loss: 504.7345 - mean_binary_crossentropy: 0.0084 - val_likelihood_loss: 1241.2205 - val_loss: 1227.8193 - val_mean_binary_crossentropy: 0.0207
Epoch 99/200
457/457 - 87s - likelihood_loss: 495.0417 - loss: 494.8987 - mean_binary_crossentropy: 0.0083 - val_likelihood_loss: 1221.4027 - val_loss: 1208.7621 - val_mean_binary_crossentropy: 0.0204
Epoch 100/200
457/457 - 87s - likelihood_loss: 490.2166 - loss: 490.1375 - mean_binary_crossentropy: 0.0082 - val_likelihood_loss: 1192.7236 - val_loss: 1174.7804 - val_mean_binary_crossentropy: 0.0199
Epoch 101/200
457/457 - 87s - likelihood_loss: 479.4596 - loss: 479.3253 - mean_binary_crossentropy: 0.0080 - val_likelihood_loss: 1198.9255 - val_loss: 1183.3314 - val_mean_binary_crossentropy: 0.0200
Epoch 102/200
457/457 - 87s - likelihood_loss: 478.4949 - loss: 478.3607 - mean_binary_crossentropy: 0.0080 - val_likelihood_loss: 1277.5651 - val_loss: 1261.4065 - val_mean_binary_crossentropy: 0.0213
Epoch 103/200
457/457 - 89s - likelihood_loss: 479.0564 - loss: 478.8640 - mean_binary_crossentropy: 0.0080 - val_likelihood_loss: 1301.8203 - val_loss: 1285.9232 - val_mean_binary_crossentropy: 0.0217
Epoch 104/200
457/457 - 88s - likelihood_loss: 485.9379 - loss: 485.7278 - mean_binary_crossentropy: 0.0081 - val_likelihood_loss: 1333.9094 - val_loss: 1316.5231 - val_mean_binary_crossentropy: 0.0222
Epoch 105/200
457/457 - 88s - likelihood_loss: 498.8293 - loss: 498.4733 - mean_binary_crossentropy: 0.0083 - val_likelihood_loss: 1488.2799 - val_loss: 1476.3168 - val_mean_binary_crossentropy: 0.0248
Epoch 106/200
457/457 - 88s - likelihood_loss: 506.7399 - loss: 506.5805 - mean_binary_crossentropy: 0.0084 - val_likelihood_loss: 1292.8065 - val_loss: 1276.6675 - val_mean_binary_crossentropy: 0.0215
Epoch 107/200
457/457 - 87s - likelihood_loss: 483.5138 - loss: 483.3208 - mean_binary_crossentropy: 0.0081 - val_likelihood_loss: 1207.5162 - val_loss: 1192.7736 - val_mean_binary_crossentropy: 0.0201
Epoch 108/200
457/457 - 88s - likelihood_loss: 478.3282 - loss: 478.1620 - mean_binary_crossentropy: 0.0080 - val_likelihood_loss: 1248.2460 - val_loss: 1237.0642 - val_mean_binary_crossentropy: 0.0208
Epoch 109/200
457/457 - 88s - likelihood_loss: 483.5763 - loss: 483.4580 - mean_binary_crossentropy: 0.0081 - val_likelihood_loss: 1312.1368 - val_loss: 1301.4559 - val_mean_binary_crossentropy: 0.0219
Epoch 110/200
457/457 - 88s - likelihood_loss: 480.8132 - loss: 480.6950 - mean_binary_crossentropy: 0.0080 - val_likelihood_loss: 1326.2993 - val_loss: 1316.5861 - val_mean_binary_crossentropy: 0.0221
Epoch 111/200
457/457 - 87s - likelihood_loss: 472.3612 - loss: 472.2548 - mean_binary_crossentropy: 0.0079 - val_likelihood_loss: 1247.1384 - val_loss: 1236.9688 - val_mean_binary_crossentropy: 0.0208
Epoch 112/200
457/457 - 87s - likelihood_loss: 471.3911 - loss: 471.2395 - mean_binary_crossentropy: 0.0079 - val_likelihood_loss: 1233.4547 - val_loss: 1223.4082 - val_mean_binary_crossentropy: 0.0206
Epoch 113/200
457/457 - 87s - likelihood_loss: 464.3065 - loss: 464.1559 - mean_binary_crossentropy: 0.0077 - val_likelihood_loss: 1262.8134 - val_loss: 1252.5444 - val_mean_binary_crossentropy: 0.0210
Epoch 114/200
457/457 - 87s - likelihood_loss: 458.5451 - loss: 458.4357 - mean_binary_crossentropy: 0.0076 - val_likelihood_loss: 1404.0293 - val_loss: 1395.3414 - val_mean_binary_crossentropy: 0.0234
Epoch 115/200
457/457 - 87s - likelihood_loss: 463.7203 - loss: 463.4885 - mean_binary_crossentropy: 0.0077 - val_likelihood_loss: 1292.7638 - val_loss: 1283.0172 - val_mean_binary_crossentropy: 0.0215
Epoch 116/200
457/457 - 87s - likelihood_loss: 466.0786 - loss: 465.9494 - mean_binary_crossentropy: 0.0078 - val_likelihood_loss: 1233.1504 - val_loss: 1217.5842 - val_mean_binary_crossentropy: 0.0206
Epoch 117/200
457/457 - 88s - likelihood_loss: 468.8490 - loss: 468.7148 - mean_binary_crossentropy: 0.0078 - val_likelihood_loss: 1300.8075 - val_loss: 1282.1562 - val_mean_binary_crossentropy: 0.0217
Epoch 118/200
457/457 - 87s - likelihood_loss: 467.4668 - loss: 467.3069 - mean_binary_crossentropy: 0.0078 - val_likelihood_loss: 1273.0439 - val_loss: 1253.8209 - val_mean_binary_crossentropy: 0.0212
Epoch 119/200
457/457 - 88s - likelihood_loss: 467.1583 - loss: 466.9545 - mean_binary_crossentropy: 0.0078 - val_likelihood_loss: 1312.2288 - val_loss: 1294.8054 - val_mean_binary_crossentropy: 0.0219
Epoch 120/200
457/457 - 88s - likelihood_loss: 470.0402 - loss: 469.8549 - mean_binary_crossentropy: 0.0078 - val_likelihood_loss: 1256.5975 - val_loss: 1239.6370 - val_mean_binary_crossentropy: 0.0209
Epoch 121/200
457/457 - 88s - likelihood_loss: 464.8989 - loss: 464.7519 - mean_binary_crossentropy: 0.0077 - val_likelihood_loss: 1296.0360 - val_loss: 1275.2047 - val_mean_binary_crossentropy: 0.0216
Epoch 122/200
457/457 - 89s - likelihood_loss: 457.4272 - loss: 457.2915 - mean_binary_crossentropy: 0.0076 - val_likelihood_loss: 1298.1302 - val_loss: 1277.9279 - val_mean_binary_crossentropy: 0.0216
Epoch 123/200
457/457 - 88s - likelihood_loss: 450.4175 - loss: 450.1872 - mean_binary_crossentropy: 0.0075 - val_likelihood_loss: 1243.2815 - val_loss: 1226.6141 - val_mean_binary_crossentropy: 0.0207
Epoch 124/200
457/457 - 87s - likelihood_loss: 447.6515 - loss: 447.4610 - mean_binary_crossentropy: 0.0075 - val_likelihood_loss: 1228.5623 - val_loss: 1211.1071 - val_mean_binary_crossentropy: 0.0205
Epoch 125/200
457/457 - 88s - likelihood_loss: 444.4211 - loss: 444.2402 - mean_binary_crossentropy: 0.0074 - val_likelihood_loss: 1286.7350 - val_loss: 1273.3356 - val_mean_binary_crossentropy: 0.0214
Epoch 126/200
457/457 - 89s - likelihood_loss: 446.5458 - loss: 446.3820 - mean_binary_crossentropy: 0.0074 - val_likelihood_loss: 1292.4469 - val_loss: 1273.8397 - val_mean_binary_crossentropy: 0.0215
Epoch 127/200
457/457 - 88s - likelihood_loss: 445.5123 - loss: 445.3343 - mean_binary_crossentropy: 0.0074 - val_likelihood_loss: 1263.7988 - val_loss: 1252.3783 - val_mean_binary_crossentropy: 0.0211
Epoch 128/200
457/457 - 88s - likelihood_loss: 447.8802 - loss: 447.7353 - mean_binary_crossentropy: 0.0075 - val_likelihood_loss: 1276.6041 - val_loss: 1264.9224 - val_mean_binary_crossentropy: 0.0213
Epoch 129/200
457/457 - 88s - likelihood_loss: 464.0410 - loss: 463.8419 - mean_binary_crossentropy: 0.0077 - val_likelihood_loss: 1249.1885 - val_loss: 1238.1117 - val_mean_binary_crossentropy: 0.0208
Epoch 130/200
457/457 - 87s - likelihood_loss: 453.0874 - loss: 452.9022 - mean_binary_crossentropy: 0.0076 - val_likelihood_loss: 1260.2458 - val_loss: 1242.1835 - val_mean_binary_crossentropy: 0.0210
Epoch 131/200
457/457 - 88s - likelihood_loss: 443.8537 - loss: 443.7234 - mean_binary_crossentropy: 0.0074 - val_likelihood_loss: 1239.9918 - val_loss: 1225.9841 - val_mean_binary_crossentropy: 0.0207
Epoch 132/200
457/457 - 88s - likelihood_loss: 439.7868 - loss: 439.6253 - mean_binary_crossentropy: 0.0073 - val_likelihood_loss: 1181.2517 - val_loss: 1167.0573 - val_mean_binary_crossentropy: 0.0197
Epoch 133/200
457/457 - 88s - likelihood_loss: 436.9218 - loss: 436.7733 - mean_binary_crossentropy: 0.0073 - val_likelihood_loss: 1175.1459 - val_loss: 1160.8435 - val_mean_binary_crossentropy: 0.0196
Epoch 134/200
457/457 - 88s - likelihood_loss: 436.5157 - loss: 436.3583 - mean_binary_crossentropy: 0.0073 - val_likelihood_loss: 1244.1234 - val_loss: 1226.6899 - val_mean_binary_crossentropy: 0.0207
Epoch 135/200
457/457 - 88s - likelihood_loss: 444.6946 - loss: 444.5614 - mean_binary_crossentropy: 0.0074 - val_likelihood_loss: 1235.7871 - val_loss: 1220.5836 - val_mean_binary_crossentropy: 0.0206
Epoch 136/200
457/457 - 88s - likelihood_loss: 443.3866 - loss: 443.1203 - mean_binary_crossentropy: 0.0074 - val_likelihood_loss: 1182.1851 - val_loss: 1166.5669 - val_mean_binary_crossentropy: 0.0197
Epoch 137/200
457/457 - 87s - likelihood_loss: 444.9181 - loss: 444.7921 - mean_binary_crossentropy: 0.0074 - val_likelihood_loss: 1305.4958 - val_loss: 1285.6085 - val_mean_binary_crossentropy: 0.0218
Epoch 138/200
457/457 - 88s - likelihood_loss: 437.2568 - loss: 437.0989 - mean_binary_crossentropy: 0.0073 - val_likelihood_loss: 1327.4602 - val_loss: 1309.5800 - val_mean_binary_crossentropy: 0.0221
Epoch 139/200
457/457 - 88s - likelihood_loss: 428.3904 - loss: 428.1497 - mean_binary_crossentropy: 0.0071 - val_likelihood_loss: 1340.5261 - val_loss: 1321.4957 - val_mean_binary_crossentropy: 0.0223
Epoch 140/200
457/457 - 88s - likelihood_loss: 426.7793 - loss: 426.6192 - mean_binary_crossentropy: 0.0071 - val_likelihood_loss: 1230.0980 - val_loss: 1217.6066 - val_mean_binary_crossentropy: 0.0205
Epoch 141/200
457/457 - 88s - likelihood_loss: 425.0241 - loss: 424.8555 - mean_binary_crossentropy: 0.0071 - val_likelihood_loss: 1260.0898 - val_loss: 1244.4973 - val_mean_binary_crossentropy: 0.0210
Epoch 142/200
457/457 - 88s - likelihood_loss: 428.4599 - loss: 428.2821 - mean_binary_crossentropy: 0.0071 - val_likelihood_loss: 1297.7974 - val_loss: 1280.4548 - val_mean_binary_crossentropy: 0.0216
Epoch 143/200
457/457 - 88s - likelihood_loss: 426.2836 - loss: 426.1264 - mean_binary_crossentropy: 0.0071 - val_likelihood_loss: 1297.4286 - val_loss: 1280.1844 - val_mean_binary_crossentropy: 0.0216
Epoch 144/200
457/457 - 87s - likelihood_loss: 424.4856 - loss: 424.2007 - mean_binary_crossentropy: 0.0071 - val_likelihood_loss: 1268.6091 - val_loss: 1251.2439 - val_mean_binary_crossentropy: 0.0211
Epoch 145/200
457/457 - 89s - likelihood_loss: 427.0720 - loss: 426.9440 - mean_binary_crossentropy: 0.0071 - val_likelihood_loss: 1333.4473 - val_loss: 1310.8545 - val_mean_binary_crossentropy: 0.0222
Epoch 146/200
457/457 - 88s - likelihood_loss: 427.3844 - loss: 427.2730 - mean_binary_crossentropy: 0.0071 - val_likelihood_loss: 1300.5293 - val_loss: 1278.0664 - val_mean_binary_crossentropy: 0.0217
Epoch 147/200
457/457 - 89s - likelihood_loss: 426.2567 - loss: 426.1111 - mean_binary_crossentropy: 0.0071 - val_likelihood_loss: 1323.2014 - val_loss: 1304.3169 - val_mean_binary_crossentropy: 0.0221
Epoch 148/200
457/457 - 87s - likelihood_loss: 422.5990 - loss: 422.4671 - mean_binary_crossentropy: 0.0070 - val_likelihood_loss: 1195.0040 - val_loss: 1179.7295 - val_mean_binary_crossentropy: 0.0199
Epoch 149/200
457/457 - 88s - likelihood_loss: 426.8951 - loss: 426.7229 - mean_binary_crossentropy: 0.0071 - val_likelihood_loss: 1180.0907 - val_loss: 1166.5900 - val_mean_binary_crossentropy: 0.0197
Epoch 150/200
457/457 - 88s - likelihood_loss: 425.7577 - loss: 425.6030 - mean_binary_crossentropy: 0.0071 - val_likelihood_loss: 1198.7765 - val_loss: 1181.1862 - val_mean_binary_crossentropy: 0.0200
Epoch 151/200
457/457 - 91s - likelihood_loss: 418.6233 - loss: 418.4608 - mean_binary_crossentropy: 0.0070 - val_likelihood_loss: 1239.0001 - val_loss: 1218.8800 - val_mean_binary_crossentropy: 0.0207
Epoch 152/200
457/457 - 88s - likelihood_loss: 416.5345 - loss: 416.3399 - mean_binary_crossentropy: 0.0069 - val_likelihood_loss: 1352.9056 - val_loss: 1331.5499 - val_mean_binary_crossentropy: 0.0225
Epoch 153/200
457/457 - 87s - likelihood_loss: 414.3719 - loss: 414.1988 - mean_binary_crossentropy: 0.0069 - val_likelihood_loss: 1349.8003 - val_loss: 1328.0779 - val_mean_binary_crossentropy: 0.0225
Epoch 154/200
457/457 - 88s - likelihood_loss: 412.3678 - loss: 412.2193 - mean_binary_crossentropy: 0.0069 - val_likelihood_loss: 1236.4062 - val_loss: 1219.5564 - val_mean_binary_crossentropy: 0.0206
Epoch 155/200
457/457 - 88s - likelihood_loss: 410.1032 - loss: 409.9472 - mean_binary_crossentropy: 0.0068 - val_likelihood_loss: 1237.7859 - val_loss: 1223.8884 - val_mean_binary_crossentropy: 0.0206
Epoch 156/200
457/457 - 88s - likelihood_loss: 407.3409 - loss: 407.2035 - mean_binary_crossentropy: 0.0068 - val_likelihood_loss: 1282.1254 - val_loss: 1270.3872 - val_mean_binary_crossentropy: 0.0214
Epoch 157/200
457/457 - 87s - likelihood_loss: 403.4202 - loss: 403.2967 - mean_binary_crossentropy: 0.0067 - val_likelihood_loss: 1221.1287 - val_loss: 1207.3328 - val_mean_binary_crossentropy: 0.0204
Epoch 158/200
457/457 - 88s - likelihood_loss: 406.8375 - loss: 406.6859 - mean_binary_crossentropy: 0.0068 - val_likelihood_loss: 1238.1715 - val_loss: 1224.9508 - val_mean_binary_crossentropy: 0.0206
Epoch 159/200
457/457 - 88s - likelihood_loss: 410.1167 - loss: 409.8996 - mean_binary_crossentropy: 0.0068 - val_likelihood_loss: 1343.4015 - val_loss: 1328.6318 - val_mean_binary_crossentropy: 0.0224
Epoch 160/200
457/457 - 87s - likelihood_loss: 408.2099 - loss: 408.0350 - mean_binary_crossentropy: 0.0068 - val_likelihood_loss: 1244.5104 - val_loss: 1226.9395 - val_mean_binary_crossentropy: 0.0207
Epoch 161/200
457/457 - 88s - likelihood_loss: 411.5378 - loss: 411.4070 - mean_binary_crossentropy: 0.0069 - val_likelihood_loss: 1316.8782 - val_loss: 1304.0474 - val_mean_binary_crossentropy: 0.0219
Epoch 162/200
457/457 - 88s - likelihood_loss: 410.4130 - loss: 410.2496 - mean_binary_crossentropy: 0.0068 - val_likelihood_loss: 1290.8479 - val_loss: 1279.6639 - val_mean_binary_crossentropy: 0.0215
Epoch 163/200
457/457 - 89s - likelihood_loss: 410.6314 - loss: 410.4507 - mean_binary_crossentropy: 0.0068 - val_likelihood_loss: 1229.1288 - val_loss: 1216.5907 - val_mean_binary_crossentropy: 0.0205
Epoch 164/200
457/457 - 88s - likelihood_loss: 409.1981 - loss: 409.0104 - mean_binary_crossentropy: 0.0068 - val_likelihood_loss: 1168.0120 - val_loss: 1149.9885 - val_mean_binary_crossentropy: 0.0195
Epoch 165/200
457/457 - 88s - likelihood_loss: 412.6694 - loss: 412.5146 - mean_binary_crossentropy: 0.0069 - val_likelihood_loss: 1285.8379 - val_loss: 1263.8815 - val_mean_binary_crossentropy: 0.0214
Epoch 166/200
457/457 - 88s - likelihood_loss: 403.1497 - loss: 402.9894 - mean_binary_crossentropy: 0.0067 - val_likelihood_loss: 1374.7194 - val_loss: 1350.9056 - val_mean_binary_crossentropy: 0.0229
Epoch 167/200
457/457 - 88s - likelihood_loss: 402.2155 - loss: 402.0278 - mean_binary_crossentropy: 0.0067 - val_likelihood_loss: 1366.8309 - val_loss: 1343.8656 - val_mean_binary_crossentropy: 0.0228
Epoch 168/200
457/457 - 87s - likelihood_loss: 402.6126 - loss: 402.4558 - mean_binary_crossentropy: 0.0067 - val_likelihood_loss: 1512.2112 - val_loss: 1488.8059 - val_mean_binary_crossentropy: 0.0252
Epoch 169/200
457/457 - 88s - likelihood_loss: 409.9416 - loss: 409.7918 - mean_binary_crossentropy: 0.0068 - val_likelihood_loss: 1316.7606 - val_loss: 1298.8021 - val_mean_binary_crossentropy: 0.0219
Epoch 170/200
457/457 - 88s - likelihood_loss: 403.0496 - loss: 402.8931 - mean_binary_crossentropy: 0.0067 - val_likelihood_loss: 1497.7185 - val_loss: 1472.6741 - val_mean_binary_crossentropy: 0.0250
Epoch 171/200
457/457 - 88s - likelihood_loss: 400.5359 - loss: 400.3864 - mean_binary_crossentropy: 0.0067 - val_likelihood_loss: 1494.1439 - val_loss: 1472.1984 - val_mean_binary_crossentropy: 0.0249
Epoch 172/200
457/457 - 88s - likelihood_loss: 399.9331 - loss: 399.7649 - mean_binary_crossentropy: 0.0067 - val_likelihood_loss: 1383.2953 - val_loss: 1363.3752 - val_mean_binary_crossentropy: 0.0231
Epoch 173/200
457/457 - 87s - likelihood_loss: 402.3792 - loss: 402.2413 - mean_binary_crossentropy: 0.0067 - val_likelihood_loss: 1241.8934 - val_loss: 1228.3304 - val_mean_binary_crossentropy: 0.0207
Epoch 174/200
457/457 - 88s - likelihood_loss: 401.4268 - loss: 401.2863 - mean_binary_crossentropy: 0.0067 - val_likelihood_loss: 1249.9332 - val_loss: 1235.3877 - val_mean_binary_crossentropy: 0.0208
Epoch 175/200
457/457 - 87s - likelihood_loss: 408.0174 - loss: 407.8661 - mean_binary_crossentropy: 0.0068 - val_likelihood_loss: 1257.5627 - val_loss: 1243.2539 - val_mean_binary_crossentropy: 0.0210
Epoch 176/200
457/457 - 87s - likelihood_loss: 403.3003 - loss: 403.1342 - mean_binary_crossentropy: 0.0067 - val_likelihood_loss: 1254.4150 - val_loss: 1241.6085 - val_mean_binary_crossentropy: 0.0209
Epoch 177/200
457/457 - 87s - likelihood_loss: 396.8244 - loss: 396.6839 - mean_binary_crossentropy: 0.0066 - val_likelihood_loss: 1313.2405 - val_loss: 1300.1925 - val_mean_binary_crossentropy: 0.0219
Epoch 178/200
457/457 - 88s - likelihood_loss: 395.2560 - loss: 395.1476 - mean_binary_crossentropy: 0.0066 - val_likelihood_loss: 1316.1666 - val_loss: 1302.7986 - val_mean_binary_crossentropy: 0.0219
Epoch 179/200
457/457 - 87s - likelihood_loss: 398.6300 - loss: 398.5127 - mean_binary_crossentropy: 0.0066 - val_likelihood_loss: 1252.8209 - val_loss: 1236.0636 - val_mean_binary_crossentropy: 0.0209
Epoch 180/200
457/457 - 87s - likelihood_loss: 401.3644 - loss: 401.1604 - mean_binary_crossentropy: 0.0067 - val_likelihood_loss: 1266.1810 - val_loss: 1249.4637 - val_mean_binary_crossentropy: 0.0211
Epoch 181/200
457/457 - 88s - likelihood_loss: 400.2616 - loss: 400.1227 - mean_binary_crossentropy: 0.0067 - val_likelihood_loss: 1275.6655 - val_loss: 1256.5734 - val_mean_binary_crossentropy: 0.0213
Epoch 182/200
457/457 - 88s - likelihood_loss: 402.2281 - loss: 402.0981 - mean_binary_crossentropy: 0.0067 - val_likelihood_loss: 1330.2772 - val_loss: 1312.9722 - val_mean_binary_crossentropy: 0.0222
Epoch 183/200
457/457 - 88s - likelihood_loss: 402.3581 - loss: 402.1764 - mean_binary_crossentropy: 0.0067 - val_likelihood_loss: 1342.2289 - val_loss: 1328.3295 - val_mean_binary_crossentropy: 0.0224
Epoch 184/200
457/457 - 87s - likelihood_loss: 399.2258 - loss: 399.0945 - mean_binary_crossentropy: 0.0067 - val_likelihood_loss: 1405.5187 - val_loss: 1392.4585 - val_mean_binary_crossentropy: 0.0234
Epoch 185/200
457/457 - 87s - likelihood_loss: 400.4120 - loss: 400.2710 - mean_binary_crossentropy: 0.0067 - val_likelihood_loss: 1339.7209 - val_loss: 1327.6021 - val_mean_binary_crossentropy: 0.0223
Epoch 186/200
457/457 - 87s - likelihood_loss: 433.6678 - loss: 433.5119 - mean_binary_crossentropy: 0.0072 - val_likelihood_loss: 1240.4586 - val_loss: 1230.7479 - val_mean_binary_crossentropy: 0.0207
Epoch 187/200
457/457 - 88s - likelihood_loss: 397.6088 - loss: 397.4502 - mean_binary_crossentropy: 0.0066 - val_likelihood_loss: 1259.2415 - val_loss: 1248.8342 - val_mean_binary_crossentropy: 0.0210
Epoch 188/200
457/457 - 88s - likelihood_loss: 385.0192 - loss: 384.8329 - mean_binary_crossentropy: 0.0064 - val_likelihood_loss: 1254.1934 - val_loss: 1245.3732 - val_mean_binary_crossentropy: 0.0209
Epoch 189/200
457/457 - 88s - likelihood_loss: 381.2744 - loss: 381.1259 - mean_binary_crossentropy: 0.0064 - val_likelihood_loss: 1301.2057 - val_loss: 1292.2135 - val_mean_binary_crossentropy: 0.0217
Epoch 190/200
457/457 - 87s - likelihood_loss: 379.0129 - loss: 378.8793 - mean_binary_crossentropy: 0.0063 - val_likelihood_loss: 1309.1328 - val_loss: 1300.3490 - val_mean_binary_crossentropy: 0.0218
Epoch 191/200
457/457 - 87s - likelihood_loss: 381.0995 - loss: 380.9471 - mean_binary_crossentropy: 0.0064 - val_likelihood_loss: 1316.0447 - val_loss: 1305.2795 - val_mean_binary_crossentropy: 0.0219
Epoch 192/200
457/457 - 88s - likelihood_loss: 382.7382 - loss: 382.5164 - mean_binary_crossentropy: 0.0064 - val_likelihood_loss: 1351.4324 - val_loss: 1342.6029 - val_mean_binary_crossentropy: 0.0225
Epoch 193/200
457/457 - 88s - likelihood_loss: 389.8663 - loss: 389.7280 - mean_binary_crossentropy: 0.0065 - val_likelihood_loss: 1274.4479 - val_loss: 1263.9091 - val_mean_binary_crossentropy: 0.0212
Epoch 194/200
457/457 - 88s - likelihood_loss: 385.2558 - loss: 385.1281 - mean_binary_crossentropy: 0.0064 - val_likelihood_loss: 1386.8859 - val_loss: 1375.5846 - val_mean_binary_crossentropy: 0.0231
Epoch 195/200
457/457 - 88s - likelihood_loss: 384.8141 - loss: 384.6874 - mean_binary_crossentropy: 0.0064 - val_likelihood_loss: 1357.6038 - val_loss: 1344.0754 - val_mean_binary_crossentropy: 0.0226
Epoch 196/200
457/457 - 88s - likelihood_loss: 381.9189 - loss: 381.7657 - mean_binary_crossentropy: 0.0064 - val_likelihood_loss: 1418.5613 - val_loss: 1404.3315 - val_mean_binary_crossentropy: 0.0236
Epoch 197/200
457/457 - 88s - likelihood_loss: 376.8146 - loss: 376.6657 - mean_binary_crossentropy: 0.0063 - val_likelihood_loss: 1304.4523 - val_loss: 1290.1373 - val_mean_binary_crossentropy: 0.0217
Epoch 198/200
457/457 - 88s - likelihood_loss: 377.3611 - loss: 377.2191 - mean_binary_crossentropy: 0.0063 - val_likelihood_loss: 1309.8981 - val_loss: 1295.4194 - val_mean_binary_crossentropy: 0.0218
Epoch 199/200
457/457 - 88s - likelihood_loss: 377.3441 - loss: 377.1866 - mean_binary_crossentropy: 0.0063 - val_likelihood_loss: 1235.2650 - val_loss: 1219.4977 - val_mean_binary_crossentropy: 0.0206
Epoch 200/200
457/457 - 88s - likelihood_loss: 378.4302 - loss: 378.3215 - mean_binary_crossentropy: 0.0063 - val_likelihood_loss: 1275.6025 - val_loss: 1261.7468 - val_mean_binary_crossentropy: 0.0213
Total time elapsed for training = 22400.800562620163 seconds
Training finished at 2020-07-09 21:03:09.386343
Saved model to disk (.h5)
Pickled training history
