LAYER_NAME: output_layer
2020-07-09 09:54:52.596181: I tensorflow_io/core/kernels/cpu_check.cc:128] Your CPU supports instructions that this TensorFlow IO binary was not compiled to use: AVX2 AVX512F FMA
2020-07-09 09:54:54.816781: I tensorflow/stream_executor/platform/default/dso_loader.cc:44] Successfully opened dynamic library libcuda.so.1
2020-07-09 09:54:54.983636: I tensorflow/core/common_runtime/gpu/gpu_device.cc:1561] Found device 0 with properties: 
pciBusID: 0000:1d:00.0 name: GeForce RTX 2080 Ti computeCapability: 7.5
coreClock: 1.545GHz coreCount: 68 deviceMemorySize: 10.73GiB deviceMemoryBandwidth: 573.69GiB/s
2020-07-09 09:54:54.985738: I tensorflow/core/common_runtime/gpu/gpu_device.cc:1561] Found device 1 with properties: 
pciBusID: 0000:1e:00.0 name: GeForce RTX 2080 Ti computeCapability: 7.5
coreClock: 1.545GHz coreCount: 68 deviceMemorySize: 10.73GiB deviceMemoryBandwidth: 573.69GiB/s
2020-07-09 09:54:54.987973: I tensorflow/core/common_runtime/gpu/gpu_device.cc:1561] Found device 2 with properties: 
pciBusID: 0000:1f:00.0 name: GeForce RTX 2080 Ti computeCapability: 7.5
coreClock: 1.545GHz coreCount: 68 deviceMemorySize: 10.73GiB deviceMemoryBandwidth: 573.69GiB/s
2020-07-09 09:54:54.999508: I tensorflow/stream_executor/platform/default/dso_loader.cc:44] Successfully opened dynamic library libcudart.so.10.1
2020-07-09 09:54:55.048464: I tensorflow/stream_executor/platform/default/dso_loader.cc:44] Successfully opened dynamic library libcublas.so.10
2020-07-09 09:54:55.078807: I tensorflow/stream_executor/platform/default/dso_loader.cc:44] Successfully opened dynamic library libcufft.so.10
2020-07-09 09:54:55.105823: I tensorflow/stream_executor/platform/default/dso_loader.cc:44] Successfully opened dynamic library libcurand.so.10
2020-07-09 09:54:55.163032: I tensorflow/stream_executor/platform/default/dso_loader.cc:44] Successfully opened dynamic library libcusolver.so.10
2020-07-09 09:54:55.193453: I tensorflow/stream_executor/platform/default/dso_loader.cc:44] Successfully opened dynamic library libcusparse.so.10
2020-07-09 09:54:55.296799: I tensorflow/stream_executor/platform/default/dso_loader.cc:44] Successfully opened dynamic library libcudnn.so.7
2020-07-09 09:54:55.308417: I tensorflow/core/common_runtime/gpu/gpu_device.cc:1703] Adding visible gpu devices: 0, 1, 2
2020-07-09 09:54:56.989104: I tensorflow/core/platform/cpu_feature_guard.cc:143] Your CPU supports instructions that this TensorFlow binary was not compiled to use: AVX2 AVX512F FMA
2020-07-09 09:54:57.001247: I tensorflow/core/platform/profile_utils/cpu_utils.cc:102] CPU Frequency: 2100000000 Hz
2020-07-09 09:54:57.002956: I tensorflow/compiler/xla/service/service.cc:168] XLA service 0x5572d970fad0 initialized for platform Host (this does not guarantee that XLA will be used). Devices:
2020-07-09 09:54:57.002984: I tensorflow/compiler/xla/service/service.cc:176]   StreamExecutor device (0): Host, Default Version
2020-07-09 09:54:57.411086: I tensorflow/compiler/xla/service/service.cc:168] XLA service 0x5572d9779f70 initialized for platform CUDA (this does not guarantee that XLA will be used). Devices:
2020-07-09 09:54:57.411123: I tensorflow/compiler/xla/service/service.cc:176]   StreamExecutor device (0): GeForce RTX 2080 Ti, Compute Capability 7.5
2020-07-09 09:54:57.411130: I tensorflow/compiler/xla/service/service.cc:176]   StreamExecutor device (1): GeForce RTX 2080 Ti, Compute Capability 7.5
2020-07-09 09:54:57.411136: I tensorflow/compiler/xla/service/service.cc:176]   StreamExecutor device (2): GeForce RTX 2080 Ti, Compute Capability 7.5
2020-07-09 09:54:57.415875: I tensorflow/core/common_runtime/gpu/gpu_device.cc:1561] Found device 0 with properties: 
pciBusID: 0000:1d:00.0 name: GeForce RTX 2080 Ti computeCapability: 7.5
coreClock: 1.545GHz coreCount: 68 deviceMemorySize: 10.73GiB deviceMemoryBandwidth: 573.69GiB/s
2020-07-09 09:54:57.417763: I tensorflow/core/common_runtime/gpu/gpu_device.cc:1561] Found device 1 with properties: 
pciBusID: 0000:1e:00.0 name: GeForce RTX 2080 Ti computeCapability: 7.5
coreClock: 1.545GHz coreCount: 68 deviceMemorySize: 10.73GiB deviceMemoryBandwidth: 573.69GiB/s
2020-07-09 09:54:57.419716: I tensorflow/core/common_runtime/gpu/gpu_device.cc:1561] Found device 2 with properties: 
pciBusID: 0000:1f:00.0 name: GeForce RTX 2080 Ti computeCapability: 7.5
coreClock: 1.545GHz coreCount: 68 deviceMemorySize: 10.73GiB deviceMemoryBandwidth: 573.69GiB/s
2020-07-09 09:54:57.419755: I tensorflow/stream_executor/platform/default/dso_loader.cc:44] Successfully opened dynamic library libcudart.so.10.1
2020-07-09 09:54:57.419768: I tensorflow/stream_executor/platform/default/dso_loader.cc:44] Successfully opened dynamic library libcublas.so.10
2020-07-09 09:54:57.419779: I tensorflow/stream_executor/platform/default/dso_loader.cc:44] Successfully opened dynamic library libcufft.so.10
2020-07-09 09:54:57.419790: I tensorflow/stream_executor/platform/default/dso_loader.cc:44] Successfully opened dynamic library libcurand.so.10
2020-07-09 09:54:57.419802: I tensorflow/stream_executor/platform/default/dso_loader.cc:44] Successfully opened dynamic library libcusolver.so.10
2020-07-09 09:54:57.419813: I tensorflow/stream_executor/platform/default/dso_loader.cc:44] Successfully opened dynamic library libcusparse.so.10
2020-07-09 09:54:57.419825: I tensorflow/stream_executor/platform/default/dso_loader.cc:44] Successfully opened dynamic library libcudnn.so.7
2020-07-09 09:54:57.431159: I tensorflow/core/common_runtime/gpu/gpu_device.cc:1703] Adding visible gpu devices: 0, 1, 2
2020-07-09 09:54:57.431196: I tensorflow/stream_executor/platform/default/dso_loader.cc:44] Successfully opened dynamic library libcudart.so.10.1
2020-07-09 09:54:57.437769: I tensorflow/core/common_runtime/gpu/gpu_device.cc:1102] Device interconnect StreamExecutor with strength 1 edge matrix:
2020-07-09 09:54:57.437787: I tensorflow/core/common_runtime/gpu/gpu_device.cc:1108]      0 1 2 
2020-07-09 09:54:57.437796: I tensorflow/core/common_runtime/gpu/gpu_device.cc:1121] 0:   N N N 
2020-07-09 09:54:57.437802: I tensorflow/core/common_runtime/gpu/gpu_device.cc:1121] 1:   N N N 
2020-07-09 09:54:57.437808: I tensorflow/core/common_runtime/gpu/gpu_device.cc:1121] 2:   N N N 
2020-07-09 09:54:57.447374: I tensorflow/core/common_runtime/gpu/gpu_device.cc:1247] Created TensorFlow device (/job:localhost/replica:0/task:0/device:GPU:0 with 10176 MB memory) -> physical GPU (device: 0, name: GeForce RTX 2080 Ti, pci bus id: 0000:1d:00.0, compute capability: 7.5)
2020-07-09 09:54:57.449957: I tensorflow/core/common_runtime/gpu/gpu_device.cc:1247] Created TensorFlow device (/job:localhost/replica:0/task:0/device:GPU:1 with 10176 MB memory) -> physical GPU (device: 1, name: GeForce RTX 2080 Ti, pci bus id: 0000:1e:00.0, compute capability: 7.5)
2020-07-09 09:54:57.452462: I tensorflow/core/common_runtime/gpu/gpu_device.cc:1247] Created TensorFlow device (/job:localhost/replica:0/task:0/device:GPU:2 with 10176 MB memory) -> physical GPU (device: 2, name: GeForce RTX 2080 Ti, pci bus id: 0000:1f:00.0, compute capability: 7.5)
WARNING:tensorflow:From /home/hauthj/.conda/envs/gpu-env/lib/python3.8/site-packages/tensorflow_probability/python/layers/util.py:99: Layer.add_variable (from tensorflow.python.keras.engine.base_layer) is deprecated and will be removed in a future version.
Instructions for updating:
Please use `layer.add_weight` method instead.
2020-07-09 09:57:46.884989: I tensorflow/stream_executor/platform/default/dso_loader.cc:44] Successfully opened dynamic library libcudnn.so.7
2020-07-09 09:57:54.681074: I tensorflow/stream_executor/platform/default/dso_loader.cc:44] Successfully opened dynamic library libcublas.so.10
2.2.0
Listing all GPU resources:
[PhysicalDevice(name='/physical_device:GPU:0', device_type='GPU'), PhysicalDevice(name='/physical_device:GPU:1', device_type='GPU'), PhysicalDevice(name='/physical_device:GPU:2', device_type='GPU')]

0.10.0
------------------------------
Constructing model...
------------------------------

Input size: (None, 144, 144, 4)
Output size: (None, 144, 144, 1)
Model summary:
Model: "model_output_layer"
__________________________________________________________________________________________________
Layer (type)                    Output Shape         Param #     Connected to                     
==================================================================================================
input_layer (InputLayer)        [(None, 144, 144, 4) 0                                            
__________________________________________________________________________________________________
encoder_1_a (Conv2D)            (None, 144, 144, 32) 1184        input_layer[0][0]                
__________________________________________________________________________________________________
encoder_1_b (Conv2D)            (None, 144, 144, 32) 9248        encoder_1_a[0][0]                
__________________________________________________________________________________________________
downsample_1 (MaxPooling2D)     (None, 72, 72, 32)   0           encoder_1_b[0][0]                
__________________________________________________________________________________________________
encoder_2_a (Conv2D)            (None, 72, 72, 64)   18496       downsample_1[0][0]               
__________________________________________________________________________________________________
encoder_2_b (Conv2D)            (None, 72, 72, 64)   36928       encoder_2_a[0][0]                
__________________________________________________________________________________________________
downsample_2 (MaxPooling2D)     (None, 36, 36, 64)   0           encoder_2_b[0][0]                
__________________________________________________________________________________________________
encoder_3_a (Conv2D)            (None, 36, 36, 128)  73856       downsample_2[0][0]               
__________________________________________________________________________________________________
encoder_3_b (Conv2D)            (None, 36, 36, 128)  147584      encoder_3_a[0][0]                
__________________________________________________________________________________________________
downsample_3 (MaxPooling2D)     (None, 18, 18, 128)  0           encoder_3_b[0][0]                
__________________________________________________________________________________________________
encoder_4_a (Conv2D)            (None, 18, 18, 256)  295168      downsample_3[0][0]               
__________________________________________________________________________________________________
encoder_4_b (Conv2D)            (None, 18, 18, 256)  590080      encoder_4_a[0][0]                
__________________________________________________________________________________________________
downsample_4 (MaxPooling2D)     (None, 9, 9, 256)    0           encoder_4_b[0][0]                
__________________________________________________________________________________________________
encoder_5_a (Conv2D)            (None, 9, 9, 512)    1180160     downsample_4[0][0]               
__________________________________________________________________________________________________
encoder_5_b (Conv2D)            (None, 9, 9, 512)    2359808     encoder_5_a[0][0]                
__________________________________________________________________________________________________
upsample_4 (UpSampling2D)       (None, 18, 18, 512)  0           encoder_5_b[0][0]                
__________________________________________________________________________________________________
concat_4 (Concatenate)          (None, 18, 18, 768)  0           upsample_4[0][0]                 
                                                                 encoder_4_b[0][0]                
__________________________________________________________________________________________________
decoder_4_a (Conv2D)            (None, 18, 18, 256)  1769728     concat_4[0][0]                   
__________________________________________________________________________________________________
decoder_4_b (Conv2D)            (None, 18, 18, 256)  590080      decoder_4_a[0][0]                
__________________________________________________________________________________________________
upsample_3 (UpSampling2D)       (None, 36, 36, 256)  0           decoder_4_b[0][0]                
__________________________________________________________________________________________________
concat_3 (Concatenate)          (None, 36, 36, 384)  0           upsample_3[0][0]                 
                                                                 encoder_3_b[0][0]                
__________________________________________________________________________________________________
decoder_3_a (Conv2D)            (None, 36, 36, 128)  442496      concat_3[0][0]                   
__________________________________________________________________________________________________
decoder_3_b (Conv2D)            (None, 36, 36, 128)  147584      decoder_3_a[0][0]                
__________________________________________________________________________________________________
upsample_2 (UpSampling2D)       (None, 72, 72, 128)  0           decoder_3_b[0][0]                
__________________________________________________________________________________________________
concat_2 (Concatenate)          (None, 72, 72, 192)  0           upsample_2[0][0]                 
                                                                 encoder_2_b[0][0]                
__________________________________________________________________________________________________
decoder_2_a (Conv2D)            (None, 72, 72, 64)   110656      concat_2[0][0]                   
__________________________________________________________________________________________________
decoder_2_b (Conv2D)            (None, 72, 72, 64)   36928       decoder_2_a[0][0]                
__________________________________________________________________________________________________
upsample_1 (UpSampling2D)       (None, 144, 144, 64) 0           decoder_2_b[0][0]                
__________________________________________________________________________________________________
concat_1 (Concatenate)          (None, 144, 144, 96) 0           upsample_1[0][0]                 
                                                                 encoder_1_b[0][0]                
__________________________________________________________________________________________________
decoder_1_a (Conv2D)            (None, 144, 144, 32) 27680       concat_1[0][0]                   
__________________________________________________________________________________________________
decoder_1_b (Conv2D)            (None, 144, 144, 32) 9248        decoder_1_a[0][0]                
__________________________________________________________________________________________________
output_layer (Conv2DFlipout)    (None, 144, 144, 1)  132         decoder_1_b[0][0]                
==================================================================================================
Total params: 7,847,044
Trainable params: 7,847,044
Non-trainable params: 0
__________________________________________________________________________________________________
None
Model losses:
[<tf.Tensor: shape=(), dtype=float32, numpy=0.0017879872>, <tf.Tensor: shape=(), dtype=float32, numpy=2.8593931e-05>]
------------------------------
Loading training and testing data...
------------------------------
------------------------------
Fitting model with training data ...
------------------------------
Training the model started at 2020-07-09 09:56:17.928082
Epoch 1/200
457/457 - 86s - loss: 252718.0312 - mean_binary_crossentropy: 4.2110 - likelihood_loss: 252659.0156 - val_loss: 242873.9375 - val_mean_binary_crossentropy: 4.0272 - val_likelihood_loss: 241633.7188
Epoch 2/200
457/457 - 80s - loss: 237187.7344 - mean_binary_crossentropy: 3.9492 - likelihood_loss: 236954.3281 - val_loss: 198675.7500 - val_mean_binary_crossentropy: 3.3322 - val_likelihood_loss: 199934.3281
Epoch 3/200
457/457 - 80s - loss: 251102.2969 - mean_binary_crossentropy: 4.1836 - likelihood_loss: 251014.4375 - val_loss: 250409.1250 - val_mean_binary_crossentropy: 4.1718 - val_likelihood_loss: 250305.7656
Epoch 4/200
457/457 - 81s - loss: 231003.9688 - mean_binary_crossentropy: 3.8482 - likelihood_loss: 230892.9531 - val_loss: 222504.2656 - val_mean_binary_crossentropy: 3.7009 - val_likelihood_loss: 222053.7188
Epoch 5/200
457/457 - 80s - loss: 238406.6406 - mean_binary_crossentropy: 3.9733 - likelihood_loss: 238399.3750 - val_loss: 230578.2656 - val_mean_binary_crossentropy: 3.8258 - val_likelihood_loss: 229548.7500
Epoch 6/200
457/457 - 79s - loss: 247759.2656 - mean_binary_crossentropy: 4.1284 - likelihood_loss: 247705.6562 - val_loss: 198655.2969 - val_mean_binary_crossentropy: 3.3045 - val_likelihood_loss: 198268.9375
Epoch 7/200
457/457 - 80s - loss: 240459.5938 - mean_binary_crossentropy: 4.0146 - likelihood_loss: 240875.5938 - val_loss: 269938.3125 - val_mean_binary_crossentropy: 4.4771 - val_likelihood_loss: 268626.5625
Epoch 8/200
457/457 - 80s - loss: 220146.2031 - mean_binary_crossentropy: 3.6719 - likelihood_loss: 220315.6875 - val_loss: 179526.9688 - val_mean_binary_crossentropy: 2.9887 - val_likelihood_loss: 179321.0469
Epoch 9/200
457/457 - 80s - loss: 213961.0312 - mean_binary_crossentropy: 3.5679 - likelihood_loss: 214073.5156 - val_loss: 198829.7969 - val_mean_binary_crossentropy: 3.3036 - val_likelihood_loss: 198217.7344
Epoch 10/200
457/457 - 80s - loss: 219991.6094 - mean_binary_crossentropy: 3.6652 - likelihood_loss: 219911.8906 - val_loss: 228186.2969 - val_mean_binary_crossentropy: 3.8035 - val_likelihood_loss: 228212.2500
Epoch 11/200
457/457 - 81s - loss: 218163.4531 - mean_binary_crossentropy: 3.6381 - likelihood_loss: 218284.5156 - val_loss: 209216.9219 - val_mean_binary_crossentropy: 3.4732 - val_likelihood_loss: 208394.7188
Epoch 12/200
457/457 - 80s - loss: 228323.7812 - mean_binary_crossentropy: 3.8035 - likelihood_loss: 228207.6094 - val_loss: 191582.7969 - val_mean_binary_crossentropy: 3.1807 - val_likelihood_loss: 190844.4219
Epoch 13/200
457/457 - 80s - loss: 214343.1250 - mean_binary_crossentropy: 3.5714 - likelihood_loss: 214282.2656 - val_loss: 210454.8750 - val_mean_binary_crossentropy: 3.4919 - val_likelihood_loss: 209512.3281
Epoch 14/200
457/457 - 80s - loss: 207637.1562 - mean_binary_crossentropy: 3.4604 - likelihood_loss: 207621.2344 - val_loss: 201874.7656 - val_mean_binary_crossentropy: 3.3439 - val_likelihood_loss: 200634.4375
Epoch 15/200
457/457 - 80s - loss: 224796.0938 - mean_binary_crossentropy: 3.7465 - likelihood_loss: 224788.5000 - val_loss: 220668.3594 - val_mean_binary_crossentropy: 3.6697 - val_likelihood_loss: 220184.6406
Epoch 16/200
457/457 - 80s - loss: 210040.8906 - mean_binary_crossentropy: 3.4991 - likelihood_loss: 209945.2500 - val_loss: 176532.9219 - val_mean_binary_crossentropy: 2.9433 - val_likelihood_loss: 176596.5000
Epoch 17/200
457/457 - 79s - loss: 217265.7500 - mean_binary_crossentropy: 3.6188 - likelihood_loss: 217126.2031 - val_loss: 185338.0156 - val_mean_binary_crossentropy: 3.0794 - val_likelihood_loss: 184765.8750
Epoch 18/200
457/457 - 81s - loss: 231860.5312 - mean_binary_crossentropy: 3.8611 - likelihood_loss: 231668.1875 - val_loss: 187978.0625 - val_mean_binary_crossentropy: 3.1509 - val_likelihood_loss: 189053.9375
Epoch 19/200
457/457 - 79s - loss: 199516.0312 - mean_binary_crossentropy: 3.3245 - likelihood_loss: 199467.4531 - val_loss: 215218.7812 - val_mean_binary_crossentropy: 3.5808 - val_likelihood_loss: 214850.0625
Epoch 20/200
457/457 - 80s - loss: 214214.4844 - mean_binary_crossentropy: 3.5694 - likelihood_loss: 214163.5156 - val_loss: 213147.5156 - val_mean_binary_crossentropy: 3.5510 - val_likelihood_loss: 213062.1406
Epoch 21/200
457/457 - 80s - loss: 215638.0000 - mean_binary_crossentropy: 3.5920 - likelihood_loss: 215518.5312 - val_loss: 188552.8906 - val_mean_binary_crossentropy: 3.1600 - val_likelihood_loss: 189598.3594
Epoch 22/200
457/457 - 80s - loss: 200421.7812 - mean_binary_crossentropy: 3.3404 - likelihood_loss: 200426.2031 - val_loss: 179481.6250 - val_mean_binary_crossentropy: 2.9984 - val_likelihood_loss: 179906.4844
Epoch 23/200
457/457 - 80s - loss: 202260.4688 - mean_binary_crossentropy: 3.3695 - likelihood_loss: 202171.0469 - val_loss: 201702.2656 - val_mean_binary_crossentropy: 3.3422 - val_likelihood_loss: 200533.0000
Epoch 24/200
457/457 - 81s - loss: 199139.1250 - mean_binary_crossentropy: 3.3212 - likelihood_loss: 199273.1562 - val_loss: 178031.0938 - val_mean_binary_crossentropy: 2.9679 - val_likelihood_loss: 178074.3281
Epoch 25/200
457/457 - 81s - loss: 183930.8125 - mean_binary_crossentropy: 3.0631 - likelihood_loss: 183786.3906 - val_loss: 163622.6406 - val_mean_binary_crossentropy: 2.7315 - val_likelihood_loss: 163889.2812
Epoch 26/200
457/457 - 80s - loss: 192971.2344 - mean_binary_crossentropy: 3.2168 - likelihood_loss: 193009.8750 - val_loss: 177527.9844 - val_mean_binary_crossentropy: 2.9418 - val_likelihood_loss: 176510.8281
Epoch 27/200
457/457 - 80s - loss: 177465.1406 - mean_binary_crossentropy: 2.9577 - likelihood_loss: 177463.0312 - val_loss: 219961.4375 - val_mean_binary_crossentropy: 3.6552 - val_likelihood_loss: 219312.5625
Epoch 28/200
457/457 - 79s - loss: 196640.8906 - mean_binary_crossentropy: 3.2797 - likelihood_loss: 196784.3125 - val_loss: 172856.4219 - val_mean_binary_crossentropy: 2.8678 - val_likelihood_loss: 172067.2344
Epoch 29/200
457/457 - 80s - loss: 179125.0469 - mean_binary_crossentropy: 2.9836 - likelihood_loss: 179017.6875 - val_loss: 160272.3125 - val_mean_binary_crossentropy: 2.6548 - val_likelihood_loss: 159288.4688
Epoch 30/200
457/457 - 80s - loss: 197920.1094 - mean_binary_crossentropy: 3.2999 - likelihood_loss: 197996.1094 - val_loss: 236671.5938 - val_mean_binary_crossentropy: 3.9265 - val_likelihood_loss: 235589.7500
Epoch 31/200
457/457 - 81s - loss: 176645.9062 - mean_binary_crossentropy: 2.9440 - likelihood_loss: 176638.3594 - val_loss: 195764.9219 - val_mean_binary_crossentropy: 3.2761 - val_likelihood_loss: 196566.0156
Epoch 32/200
457/457 - 80s - loss: 168273.3438 - mean_binary_crossentropy: 2.8042 - likelihood_loss: 168249.1562 - val_loss: 187495.1094 - val_mean_binary_crossentropy: 3.1605 - val_likelihood_loss: 189630.0938
Epoch 33/200
457/457 - 79s - loss: 183825.7031 - mean_binary_crossentropy: 3.0626 - likelihood_loss: 183756.9844 - val_loss: 147100.5156 - val_mean_binary_crossentropy: 2.4459 - val_likelihood_loss: 146754.2969
Epoch 34/200
457/457 - 80s - loss: 179235.3438 - mean_binary_crossentropy: 2.9899 - likelihood_loss: 179393.2188 - val_loss: 159658.4219 - val_mean_binary_crossentropy: 2.6484 - val_likelihood_loss: 158901.3125
Epoch 35/200
457/457 - 80s - loss: 185256.2031 - mean_binary_crossentropy: 3.0843 - likelihood_loss: 185058.9375 - val_loss: 191763.0312 - val_mean_binary_crossentropy: 3.1844 - val_likelihood_loss: 191061.2031
Epoch 36/200
457/457 - 79s - loss: 187315.0938 - mean_binary_crossentropy: 3.1185 - likelihood_loss: 187112.3281 - val_loss: 166115.0938 - val_mean_binary_crossentropy: 2.7687 - val_likelihood_loss: 166119.9531
Epoch 37/200
457/457 - 79s - loss: 177920.6719 - mean_binary_crossentropy: 2.9672 - likelihood_loss: 178029.7344 - val_loss: 171145.4688 - val_mean_binary_crossentropy: 2.8440 - val_likelihood_loss: 170640.7188
Epoch 38/200
457/457 - 79s - loss: 172466.7656 - mean_binary_crossentropy: 2.8746 - likelihood_loss: 172475.0000 - val_loss: 144445.2656 - val_mean_binary_crossentropy: 2.4012 - val_likelihood_loss: 144073.2344
Epoch 39/200
457/457 - 79s - loss: 166212.8125 - mean_binary_crossentropy: 2.7683 - likelihood_loss: 166097.7969 - val_loss: 160010.5625 - val_mean_binary_crossentropy: 2.6885 - val_likelihood_loss: 161311.8281
Epoch 40/200
457/457 - 80s - loss: 175707.8125 - mean_binary_crossentropy: 2.9287 - likelihood_loss: 175723.5156 - val_loss: 141353.7656 - val_mean_binary_crossentropy: 2.3611 - val_likelihood_loss: 141665.6719
Epoch 41/200
457/457 - 80s - loss: 170782.5469 - mean_binary_crossentropy: 2.8459 - likelihood_loss: 170756.4531 - val_loss: 168179.2344 - val_mean_binary_crossentropy: 2.8045 - val_likelihood_loss: 168270.6562
Epoch 42/200
457/457 - 79s - loss: 158495.0781 - mean_binary_crossentropy: 2.6452 - likelihood_loss: 158711.7812 - val_loss: 161991.4062 - val_mean_binary_crossentropy: 2.6944 - val_likelihood_loss: 161665.5938
Epoch 43/200
457/457 - 80s - loss: 159457.1719 - mean_binary_crossentropy: 2.6578 - likelihood_loss: 159465.8438 - val_loss: 135933.9531 - val_mean_binary_crossentropy: 2.2568 - val_likelihood_loss: 135405.6094
Epoch 44/200
457/457 - 80s - loss: 163160.9062 - mean_binary_crossentropy: 2.7197 - likelihood_loss: 163183.7344 - val_loss: 123491.4766 - val_mean_binary_crossentropy: 2.0507 - val_likelihood_loss: 123039.8203
Epoch 45/200
457/457 - 80s - loss: 152960.7344 - mean_binary_crossentropy: 2.5470 - likelihood_loss: 152819.7188 - val_loss: 142968.6406 - val_mean_binary_crossentropy: 2.3763 - val_likelihood_loss: 142578.9844
Epoch 46/200
457/457 - 79s - loss: 165476.3594 - mean_binary_crossentropy: 2.7583 - likelihood_loss: 165496.0000 - val_loss: 188242.1250 - val_mean_binary_crossentropy: 3.1356 - val_likelihood_loss: 188136.2812
Epoch 47/200
457/457 - 79s - loss: 157576.2344 - mean_binary_crossentropy: 2.6236 - likelihood_loss: 157413.4688 - val_loss: 167899.7500 - val_mean_binary_crossentropy: 2.8010 - val_likelihood_loss: 168061.3594
Epoch 48/200
457/457 - 79s - loss: 167631.2344 - mean_binary_crossentropy: 2.7962 - likelihood_loss: 167773.0000 - val_loss: 164703.1719 - val_mean_binary_crossentropy: 2.7589 - val_likelihood_loss: 165534.1094
Epoch 49/200
457/457 - 79s - loss: 156404.5469 - mean_binary_crossentropy: 2.6087 - likelihood_loss: 156520.2812 - val_loss: 178318.1719 - val_mean_binary_crossentropy: 2.9640 - val_likelihood_loss: 177839.1250
Epoch 50/200
457/457 - 80s - loss: 157953.5625 - mean_binary_crossentropy: 2.6335 - likelihood_loss: 158007.4062 - val_loss: 156521.1250 - val_mean_binary_crossentropy: 2.6084 - val_likelihood_loss: 156504.8438
Epoch 51/200
457/457 - 80s - loss: 147224.9062 - mean_binary_crossentropy: 2.4541 - likelihood_loss: 147246.1875 - val_loss: 119430.4453 - val_mean_binary_crossentropy: 1.9867 - val_likelihood_loss: 119203.0234
Epoch 52/200
457/457 - 80s - loss: 147914.0469 - mean_binary_crossentropy: 2.4632 - likelihood_loss: 147792.3125 - val_loss: 138826.8594 - val_mean_binary_crossentropy: 2.3607 - val_likelihood_loss: 141643.7656
Epoch 53/200
457/457 - 80s - loss: 137355.2812 - mean_binary_crossentropy: 2.2870 - likelihood_loss: 137220.4375 - val_loss: 147129.2031 - val_mean_binary_crossentropy: 2.4486 - val_likelihood_loss: 146916.0000
Epoch 54/200
457/457 - 80s - loss: 146589.3125 - mean_binary_crossentropy: 2.4437 - likelihood_loss: 146620.7656 - val_loss: 165406.0625 - val_mean_binary_crossentropy: 2.7427 - val_likelihood_loss: 164559.5938
Epoch 55/200
457/457 - 80s - loss: 146154.5625 - mean_binary_crossentropy: 2.4367 - likelihood_loss: 146199.6250 - val_loss: 139376.2969 - val_mean_binary_crossentropy: 2.3124 - val_likelihood_loss: 138744.3281
Epoch 56/200
457/457 - 81s - loss: 136911.8750 - mean_binary_crossentropy: 2.2804 - likelihood_loss: 136821.9375 - val_loss: 180043.9844 - val_mean_binary_crossentropy: 2.9792 - val_likelihood_loss: 178750.1875
Epoch 57/200
457/457 - 80s - loss: 127570.0547 - mean_binary_crossentropy: 2.1257 - likelihood_loss: 127540.6562 - val_loss: 146545.7812 - val_mean_binary_crossentropy: 2.4497 - val_likelihood_loss: 146981.0312
Epoch 58/200
457/457 - 79s - loss: 130700.5391 - mean_binary_crossentropy: 2.1815 - likelihood_loss: 130890.6328 - val_loss: 139427.8438 - val_mean_binary_crossentropy: 2.3174 - val_likelihood_loss: 139046.3281
Epoch 59/200
457/457 - 80s - loss: 136335.5312 - mean_binary_crossentropy: 2.2750 - likelihood_loss: 136502.1562 - val_loss: 138076.7031 - val_mean_binary_crossentropy: 2.3091 - val_likelihood_loss: 138543.9062
Epoch 60/200
457/457 - 80s - loss: 145838.5625 - mean_binary_crossentropy: 2.4345 - likelihood_loss: 146067.1562 - val_loss: 95169.8047 - val_mean_binary_crossentropy: 1.5815 - val_likelihood_loss: 94890.2188
Epoch 61/200
457/457 - 80s - loss: 123122.8906 - mean_binary_crossentropy: 2.0503 - likelihood_loss: 123020.4609 - val_loss: 128479.7266 - val_mean_binary_crossentropy: 2.1334 - val_likelihood_loss: 128005.1797
Epoch 62/200
457/457 - 80s - loss: 126666.2109 - mean_binary_crossentropy: 2.1136 - likelihood_loss: 126813.9688 - val_loss: 121857.5078 - val_mean_binary_crossentropy: 2.0229 - val_likelihood_loss: 121375.9453
Epoch 63/200
457/457 - 80s - loss: 137501.9219 - mean_binary_crossentropy: 2.2905 - likelihood_loss: 137432.5000 - val_loss: 106087.8281 - val_mean_binary_crossentropy: 1.7629 - val_likelihood_loss: 105775.3750
Epoch 64/200
457/457 - 81s - loss: 126285.0547 - mean_binary_crossentropy: 2.1071 - likelihood_loss: 126428.1484 - val_loss: 115048.0156 - val_mean_binary_crossentropy: 1.9132 - val_likelihood_loss: 114791.4219
Epoch 65/200
457/457 - 80s - loss: 135834.8125 - mean_binary_crossentropy: 2.2650 - likelihood_loss: 135899.4531 - val_loss: 116403.8672 - val_mean_binary_crossentropy: 1.9420 - val_likelihood_loss: 116521.3359
Epoch 66/200
457/457 - 80s - loss: 122764.2422 - mean_binary_crossentropy: 2.0466 - likelihood_loss: 122793.4375 - val_loss: 134118.1719 - val_mean_binary_crossentropy: 2.2327 - val_likelihood_loss: 133964.5312
Epoch 67/200
457/457 - 80s - loss: 124110.7969 - mean_binary_crossentropy: 2.0725 - likelihood_loss: 124349.2109 - val_loss: 127678.1953 - val_mean_binary_crossentropy: 2.1236 - val_likelihood_loss: 127417.4141
Epoch 68/200
457/457 - 80s - loss: 124662.9922 - mean_binary_crossentropy: 2.0771 - likelihood_loss: 124623.2656 - val_loss: 157687.0469 - val_mean_binary_crossentropy: 2.6376 - val_likelihood_loss: 158256.0469
Epoch 69/200
457/457 - 80s - loss: 123093.8047 - mean_binary_crossentropy: 2.0520 - likelihood_loss: 123121.3672 - val_loss: 118114.9922 - val_mean_binary_crossentropy: 1.9725 - val_likelihood_loss: 118348.2578
Epoch 70/200
457/457 - 81s - loss: 121327.5781 - mean_binary_crossentropy: 2.0217 - likelihood_loss: 121301.7266 - val_loss: 151905.7344 - val_mean_binary_crossentropy: 2.5207 - val_likelihood_loss: 151240.9688
Epoch 71/200
457/457 - 81s - loss: 125597.9297 - mean_binary_crossentropy: 2.0931 - likelihood_loss: 125586.9531 - val_loss: 106737.2188 - val_mean_binary_crossentropy: 1.7701 - val_likelihood_loss: 106208.1250
Epoch 72/200
457/457 - 80s - loss: 112358.5469 - mean_binary_crossentropy: 1.8723 - likelihood_loss: 112336.4688 - val_loss: 137263.5156 - val_mean_binary_crossentropy: 2.3096 - val_likelihood_loss: 138576.3906
Epoch 73/200
457/457 - 81s - loss: 117396.3984 - mean_binary_crossentropy: 1.9539 - likelihood_loss: 117231.1484 - val_loss: 95962.8203 - val_mean_binary_crossentropy: 1.6106 - val_likelihood_loss: 96636.9297
Epoch 74/200
457/457 - 80s - loss: 113161.6172 - mean_binary_crossentropy: 1.8879 - likelihood_loss: 113272.8594 - val_loss: 112376.4062 - val_mean_binary_crossentropy: 1.8694 - val_likelihood_loss: 112166.1250
Epoch 75/200
457/457 - 81s - loss: 111812.0781 - mean_binary_crossentropy: 1.8641 - likelihood_loss: 111843.0547 - val_loss: 117835.4688 - val_mean_binary_crossentropy: 1.9555 - val_likelihood_loss: 117328.8203
Epoch 76/200
457/457 - 80s - loss: 106142.7422 - mean_binary_crossentropy: 1.7712 - likelihood_loss: 106270.7734 - val_loss: 96733.2578 - val_mean_binary_crossentropy: 1.6151 - val_likelihood_loss: 96906.6406
Epoch 77/200
457/457 - 80s - loss: 111004.8125 - mean_binary_crossentropy: 1.8498 - likelihood_loss: 110985.0469 - val_loss: 108158.0547 - val_mean_binary_crossentropy: 1.7982 - val_likelihood_loss: 107890.7344
Epoch 78/200
457/457 - 80s - loss: 104690.6016 - mean_binary_crossentropy: 1.7439 - likelihood_loss: 104634.7031 - val_loss: 110044.0469 - val_mean_binary_crossentropy: 1.8507 - val_likelihood_loss: 111039.8203
Epoch 79/200
457/457 - 80s - loss: 115501.3359 - mean_binary_crossentropy: 1.9231 - likelihood_loss: 115385.1484 - val_loss: 128575.6875 - val_mean_binary_crossentropy: 2.1417 - val_likelihood_loss: 128500.3594
Epoch 80/200
457/457 - 81s - loss: 111259.5938 - mean_binary_crossentropy: 1.8533 - likelihood_loss: 111200.4688 - val_loss: 122137.5078 - val_mean_binary_crossentropy: 2.0322 - val_likelihood_loss: 121931.1641
Epoch 81/200
457/457 - 79s - loss: 106714.2969 - mean_binary_crossentropy: 1.7798 - likelihood_loss: 106787.7031 - val_loss: 145398.0469 - val_mean_binary_crossentropy: 2.4118 - val_likelihood_loss: 144707.3281
Epoch 82/200
457/457 - 80s - loss: 103421.9141 - mean_binary_crossentropy: 1.7271 - likelihood_loss: 103626.7266 - val_loss: 111986.0703 - val_mean_binary_crossentropy: 1.8738 - val_likelihood_loss: 112428.7656
Epoch 83/200
457/457 - 81s - loss: 97131.0234 - mean_binary_crossentropy: 1.6191 - likelihood_loss: 97145.6719 - val_loss: 110780.1562 - val_mean_binary_crossentropy: 1.8405 - val_likelihood_loss: 110427.0391
Epoch 84/200
457/457 - 80s - loss: 97104.8125 - mean_binary_crossentropy: 1.6199 - likelihood_loss: 97196.9688 - val_loss: 92942.2812 - val_mean_binary_crossentropy: 1.5504 - val_likelihood_loss: 93021.6406
Epoch 85/200
457/457 - 80s - loss: 101618.5234 - mean_binary_crossentropy: 1.6949 - likelihood_loss: 101691.5391 - val_loss: 75540.3750 - val_mean_binary_crossentropy: 1.2621 - val_likelihood_loss: 75726.8047
Epoch 86/200
457/457 - 81s - loss: 102481.1094 - mean_binary_crossentropy: 1.7092 - likelihood_loss: 102551.2969 - val_loss: 107348.5703 - val_mean_binary_crossentropy: 1.7833 - val_likelihood_loss: 107000.1797
Epoch 87/200
457/457 - 80s - loss: 91747.7656 - mean_binary_crossentropy: 1.5304 - likelihood_loss: 91821.2188 - val_loss: 107243.8672 - val_mean_binary_crossentropy: 1.7921 - val_likelihood_loss: 107524.7109
Epoch 88/200
457/457 - 81s - loss: 102577.3750 - mean_binary_crossentropy: 1.7076 - likelihood_loss: 102454.2578 - val_loss: 105387.5234 - val_mean_binary_crossentropy: 1.7714 - val_likelihood_loss: 106284.0625
Epoch 89/200
457/457 - 81s - loss: 91659.4922 - mean_binary_crossentropy: 1.5267 - likelihood_loss: 91604.3594 - val_loss: 85230.2422 - val_mean_binary_crossentropy: 1.4190 - val_likelihood_loss: 85141.0781
Epoch 90/200
457/457 - 80s - loss: 100536.1172 - mean_binary_crossentropy: 1.6745 - likelihood_loss: 100471.7344 - val_loss: 75884.5859 - val_mean_binary_crossentropy: 1.2576 - val_likelihood_loss: 75458.0938
Epoch 91/200
457/457 - 81s - loss: 85878.9062 - mean_binary_crossentropy: 1.4308 - likelihood_loss: 85847.0391 - val_loss: 83486.6875 - val_mean_binary_crossentropy: 1.4108 - val_likelihood_loss: 84647.1328
Epoch 92/200
457/457 - 79s - loss: 92269.2969 - mean_binary_crossentropy: 1.5392 - likelihood_loss: 92350.0391 - val_loss: 85010.2031 - val_mean_binary_crossentropy: 1.4138 - val_likelihood_loss: 84830.0156
Epoch 93/200
457/457 - 80s - loss: 91261.2344 - mean_binary_crossentropy: 1.5217 - likelihood_loss: 91302.5156 - val_loss: 92625.7500 - val_mean_binary_crossentropy: 1.5383 - val_likelihood_loss: 92298.5391
Epoch 94/200
457/457 - 80s - loss: 84068.6094 - mean_binary_crossentropy: 1.4009 - likelihood_loss: 84054.6328 - val_loss: 86932.4062 - val_mean_binary_crossentropy: 1.4460 - val_likelihood_loss: 86762.2188
Epoch 95/200
457/457 - 79s - loss: 95055.7266 - mean_binary_crossentropy: 1.5867 - likelihood_loss: 95201.9375 - val_loss: 93354.6641 - val_mean_binary_crossentropy: 1.5749 - val_likelihood_loss: 94494.3359
Epoch 96/200
457/457 - 80s - loss: 86363.4922 - mean_binary_crossentropy: 1.4387 - likelihood_loss: 86322.4297 - val_loss: 67674.2812 - val_mean_binary_crossentropy: 1.1310 - val_likelihood_loss: 67858.1094
Epoch 97/200
457/457 - 80s - loss: 87954.8984 - mean_binary_crossentropy: 1.4664 - likelihood_loss: 87984.8906 - val_loss: 85140.1953 - val_mean_binary_crossentropy: 1.4157 - val_likelihood_loss: 84941.3672
Epoch 98/200
457/457 - 80s - loss: 88323.3516 - mean_binary_crossentropy: 1.4724 - likelihood_loss: 88343.5859 - val_loss: 78394.6797 - val_mean_binary_crossentropy: 1.3079 - val_likelihood_loss: 78472.2422
Epoch 99/200
457/457 - 81s - loss: 80736.0000 - mean_binary_crossentropy: 1.3460 - likelihood_loss: 80760.5859 - val_loss: 70516.1172 - val_mean_binary_crossentropy: 1.1710 - val_likelihood_loss: 70258.6016
Epoch 100/200
457/457 - 80s - loss: 86425.4375 - mean_binary_crossentropy: 1.4400 - likelihood_loss: 86402.0156 - val_loss: 98767.5781 - val_mean_binary_crossentropy: 1.6374 - val_likelihood_loss: 98247.0078
Epoch 101/200
457/457 - 80s - loss: 78549.9062 - mean_binary_crossentropy: 1.3085 - likelihood_loss: 78508.6250 - val_loss: 71417.3047 - val_mean_binary_crossentropy: 1.1911 - val_likelihood_loss: 71463.6328
Epoch 102/200
457/457 - 79s - loss: 73606.5078 - mean_binary_crossentropy: 1.2246 - likelihood_loss: 73475.6016 - val_loss: 83517.4375 - val_mean_binary_crossentropy: 1.3862 - val_likelihood_loss: 83171.9141
Epoch 103/200
457/457 - 81s - loss: 74450.7031 - mean_binary_crossentropy: 1.2401 - likelihood_loss: 74404.3281 - val_loss: 75816.8672 - val_mean_binary_crossentropy: 1.2740 - val_likelihood_loss: 76440.1484
Epoch 104/200
457/457 - 80s - loss: 73522.6016 - mean_binary_crossentropy: 1.2247 - likelihood_loss: 73483.7891 - val_loss: 83453.1562 - val_mean_binary_crossentropy: 1.3920 - val_likelihood_loss: 83519.9297
Epoch 105/200
457/457 - 80s - loss: 78288.3203 - mean_binary_crossentropy: 1.3039 - likelihood_loss: 78232.1250 - val_loss: 94869.0234 - val_mean_binary_crossentropy: 1.5744 - val_likelihood_loss: 94465.9219
Epoch 106/200
457/457 - 80s - loss: 74372.1953 - mean_binary_crossentropy: 1.2393 - likelihood_loss: 74357.2656 - val_loss: 74826.0469 - val_mean_binary_crossentropy: 1.2570 - val_likelihood_loss: 75422.8828
Epoch 107/200
457/457 - 80s - loss: 73330.5234 - mean_binary_crossentropy: 1.2215 - likelihood_loss: 73290.7812 - val_loss: 74226.4453 - val_mean_binary_crossentropy: 1.2331 - val_likelihood_loss: 73987.3203
Epoch 108/200
457/457 - 80s - loss: 69286.0234 - mean_binary_crossentropy: 1.1546 - likelihood_loss: 69276.9297 - val_loss: 80392.0469 - val_mean_binary_crossentropy: 1.3334 - val_likelihood_loss: 80003.9141
Epoch 109/200
457/457 - 81s - loss: 67501.1641 - mean_binary_crossentropy: 1.1243 - likelihood_loss: 67456.6328 - val_loss: 70005.1953 - val_mean_binary_crossentropy: 1.1664 - val_likelihood_loss: 69982.0859
Epoch 110/200
457/457 - 79s - loss: 67064.5391 - mean_binary_crossentropy: 1.1173 - likelihood_loss: 67039.6875 - val_loss: 73854.4062 - val_mean_binary_crossentropy: 1.2373 - val_likelihood_loss: 74239.1641
Epoch 111/200
457/457 - 80s - loss: 69331.3438 - mean_binary_crossentropy: 1.1560 - likelihood_loss: 69360.4531 - val_loss: 74966.7734 - val_mean_binary_crossentropy: 1.2528 - val_likelihood_loss: 75169.9219
Epoch 112/200
457/457 - 79s - loss: 69438.7188 - mean_binary_crossentropy: 1.1565 - likelihood_loss: 69392.9219 - val_loss: 59498.3672 - val_mean_binary_crossentropy: 0.9866 - val_likelihood_loss: 59197.7227
Epoch 113/200
457/457 - 80s - loss: 66748.0391 - mean_binary_crossentropy: 1.1141 - likelihood_loss: 66848.3828 - val_loss: 80186.7031 - val_mean_binary_crossentropy: 1.3294 - val_likelihood_loss: 79765.6641
Epoch 114/200
457/457 - 80s - loss: 63625.3438 - mean_binary_crossentropy: 1.0604 - likelihood_loss: 63622.6289 - val_loss: 63766.4883 - val_mean_binary_crossentropy: 1.0582 - val_likelihood_loss: 63491.9805
Epoch 115/200
457/457 - 80s - loss: 63973.5117 - mean_binary_crossentropy: 1.0676 - likelihood_loss: 64057.9297 - val_loss: 70793.4609 - val_mean_binary_crossentropy: 1.1907 - val_likelihood_loss: 71442.0859
Epoch 116/200
457/457 - 80s - loss: 69274.8750 - mean_binary_crossentropy: 1.1558 - likelihood_loss: 69350.7031 - val_loss: 72338.5391 - val_mean_binary_crossentropy: 1.2050 - val_likelihood_loss: 72299.1562
Epoch 117/200
457/457 - 80s - loss: 68919.6016 - mean_binary_crossentropy: 1.1492 - likelihood_loss: 68951.9922 - val_loss: 64169.0742 - val_mean_binary_crossentropy: 1.0707 - val_likelihood_loss: 64240.6094
Epoch 118/200
457/457 - 80s - loss: 64296.0469 - mean_binary_crossentropy: 1.0718 - likelihood_loss: 64307.4648 - val_loss: 68694.2031 - val_mean_binary_crossentropy: 1.1460 - val_likelihood_loss: 68758.1719
Epoch 119/200
457/457 - 80s - loss: 65410.2227 - mean_binary_crossentropy: 1.0895 - likelihood_loss: 65371.5117 - val_loss: 69032.3750 - val_mean_binary_crossentropy: 1.1446 - val_likelihood_loss: 68676.2891
Epoch 120/200
457/457 - 80s - loss: 63239.9258 - mean_binary_crossentropy: 1.0548 - likelihood_loss: 63287.3164 - val_loss: 65465.9766 - val_mean_binary_crossentropy: 1.0863 - val_likelihood_loss: 65178.3906
Epoch 121/200
457/457 - 80s - loss: 64229.6758 - mean_binary_crossentropy: 1.0699 - likelihood_loss: 64194.7422 - val_loss: 64591.1094 - val_mean_binary_crossentropy: 1.0863 - val_likelihood_loss: 65177.9102
Epoch 122/200
457/457 - 80s - loss: 55959.1094 - mean_binary_crossentropy: 0.9324 - likelihood_loss: 55941.5781 - val_loss: 58130.5938 - val_mean_binary_crossentropy: 0.9666 - val_likelihood_loss: 57994.1875
Epoch 123/200
457/457 - 80s - loss: 58309.9453 - mean_binary_crossentropy: 0.9724 - likelihood_loss: 58346.5156 - val_loss: 70361.0312 - val_mean_binary_crossentropy: 1.1758 - val_likelihood_loss: 70549.0859
Epoch 124/200
457/457 - 80s - loss: 57126.8438 - mean_binary_crossentropy: 0.9529 - likelihood_loss: 57175.4180 - val_loss: 58499.9922 - val_mean_binary_crossentropy: 0.9745 - val_likelihood_loss: 58469.7578
Epoch 125/200
457/457 - 80s - loss: 59379.3203 - mean_binary_crossentropy: 0.9890 - likelihood_loss: 59340.4805 - val_loss: 53269.9648 - val_mean_binary_crossentropy: 0.8853 - val_likelihood_loss: 53115.3125
Epoch 126/200
457/457 - 81s - loss: 54139.3711 - mean_binary_crossentropy: 0.9028 - likelihood_loss: 54169.8438 - val_loss: 67321.2109 - val_mean_binary_crossentropy: 1.1167 - val_likelihood_loss: 67001.2734
Epoch 127/200
457/457 - 80s - loss: 53829.2461 - mean_binary_crossentropy: 0.8964 - likelihood_loss: 53782.6523 - val_loss: 44137.8633 - val_mean_binary_crossentropy: 0.7357 - val_likelihood_loss: 44139.4922
Epoch 128/200
457/457 - 81s - loss: 50366.4141 - mean_binary_crossentropy: 0.8394 - likelihood_loss: 50363.2148 - val_loss: 47248.4453 - val_mean_binary_crossentropy: 0.7854 - val_likelihood_loss: 47124.6680
Epoch 129/200
457/457 - 80s - loss: 53465.7461 - mean_binary_crossentropy: 0.8913 - likelihood_loss: 53479.7148 - val_loss: 64067.9531 - val_mean_binary_crossentropy: 1.0623 - val_likelihood_loss: 63735.3672
Epoch 130/200
457/457 - 80s - loss: 51139.9023 - mean_binary_crossentropy: 0.8519 - likelihood_loss: 51111.0273 - val_loss: 64391.6797 - val_mean_binary_crossentropy: 1.0689 - val_likelihood_loss: 64135.7695
Epoch 131/200
457/457 - 80s - loss: 52740.5859 - mean_binary_crossentropy: 0.8782 - likelihood_loss: 52692.5469 - val_loss: 31703.2539 - val_mean_binary_crossentropy: 0.5271 - val_likelihood_loss: 31623.6289
Epoch 132/200
457/457 - 80s - loss: 46024.9141 - mean_binary_crossentropy: 0.7675 - likelihood_loss: 46048.9375 - val_loss: 45908.0977 - val_mean_binary_crossentropy: 0.7603 - val_likelihood_loss: 45617.6562
Epoch 133/200
457/457 - 80s - loss: 49518.0547 - mean_binary_crossentropy: 0.8257 - likelihood_loss: 49542.1914 - val_loss: 44628.4922 - val_mean_binary_crossentropy: 0.7443 - val_likelihood_loss: 44656.9961
Epoch 134/200
457/457 - 80s - loss: 47725.6172 - mean_binary_crossentropy: 0.7959 - likelihood_loss: 47755.1875 - val_loss: 51804.0547 - val_mean_binary_crossentropy: 0.8650 - val_likelihood_loss: 51900.8828
Epoch 135/200
457/457 - 80s - loss: 47420.7539 - mean_binary_crossentropy: 0.7904 - likelihood_loss: 47424.6406 - val_loss: 52252.8086 - val_mean_binary_crossentropy: 0.8726 - val_likelihood_loss: 52354.1172
Epoch 136/200
457/457 - 80s - loss: 48330.4258 - mean_binary_crossentropy: 0.8051 - likelihood_loss: 48303.9492 - val_loss: 45311.7266 - val_mean_binary_crossentropy: 0.7574 - val_likelihood_loss: 45441.1875
Epoch 137/200
457/457 - 80s - loss: 45260.0625 - mean_binary_crossentropy: 0.7537 - likelihood_loss: 45219.6992 - val_loss: 43607.5703 - val_mean_binary_crossentropy: 0.7244 - val_likelihood_loss: 43461.0039
Epoch 138/200
457/457 - 80s - loss: 43221.5977 - mean_binary_crossentropy: 0.7219 - likelihood_loss: 43314.7148 - val_loss: 55252.4336 - val_mean_binary_crossentropy: 0.9196 - val_likelihood_loss: 55178.4609
Epoch 139/200
457/457 - 80s - loss: 46192.1836 - mean_binary_crossentropy: 0.7698 - likelihood_loss: 46188.1367 - val_loss: 58616.8320 - val_mean_binary_crossentropy: 0.9900 - val_likelihood_loss: 59401.3516
Epoch 140/200
457/457 - 81s - loss: 43330.5273 - mean_binary_crossentropy: 0.7215 - likelihood_loss: 43287.9102 - val_loss: 53051.6250 - val_mean_binary_crossentropy: 0.8796 - val_likelihood_loss: 52773.7500
Epoch 141/200
457/457 - 80s - loss: 39502.7930 - mean_binary_crossentropy: 0.6584 - likelihood_loss: 39503.5742 - val_loss: 53065.9453 - val_mean_binary_crossentropy: 0.8840 - val_likelihood_loss: 53038.3477
Epoch 142/200
457/457 - 80s - loss: 43045.0430 - mean_binary_crossentropy: 0.7171 - likelihood_loss: 43026.4727 - val_loss: 47198.8984 - val_mean_binary_crossentropy: 0.7886 - val_likelihood_loss: 47317.7422
Epoch 143/200
457/457 - 80s - loss: 37478.0508 - mean_binary_crossentropy: 0.6245 - likelihood_loss: 37472.4258 - val_loss: 41046.7969 - val_mean_binary_crossentropy: 0.6935 - val_likelihood_loss: 41610.4219
Epoch 144/200
457/457 - 79s - loss: 43208.1094 - mean_binary_crossentropy: 0.7200 - likelihood_loss: 43197.0703 - val_loss: 46447.6172 - val_mean_binary_crossentropy: 0.7722 - val_likelihood_loss: 46331.6484
Epoch 145/200
457/457 - 80s - loss: 42907.2812 - mean_binary_crossentropy: 0.7153 - likelihood_loss: 42918.1914 - val_loss: 34641.8711 - val_mean_binary_crossentropy: 0.5764 - val_likelihood_loss: 34583.5898
Epoch 146/200
457/457 - 80s - loss: 39375.2344 - mean_binary_crossentropy: 0.6556 - likelihood_loss: 39334.2891 - val_loss: 40538.7734 - val_mean_binary_crossentropy: 0.6748 - val_likelihood_loss: 40487.2383
Epoch 147/200
457/457 - 80s - loss: 39940.8828 - mean_binary_crossentropy: 0.6654 - likelihood_loss: 39923.4648 - val_loss: 33601.9609 - val_mean_binary_crossentropy: 0.5602 - val_likelihood_loss: 33612.2422
Epoch 148/200
457/457 - 80s - loss: 43450.9727 - mean_binary_crossentropy: 0.7242 - likelihood_loss: 43450.8945 - val_loss: 32765.7637 - val_mean_binary_crossentropy: 0.5462 - val_likelihood_loss: 32773.2383
Epoch 149/200
457/457 - 80s - loss: 39377.6523 - mean_binary_crossentropy: 0.6564 - likelihood_loss: 39386.5117 - val_loss: 33021.2930 - val_mean_binary_crossentropy: 0.5484 - val_likelihood_loss: 32905.0977
Epoch 150/200
457/457 - 80s - loss: 37892.4219 - mean_binary_crossentropy: 0.6313 - likelihood_loss: 37879.8203 - val_loss: 44416.0898 - val_mean_binary_crossentropy: 0.7362 - val_likelihood_loss: 44169.5039
Epoch 151/200
457/457 - 80s - loss: 37970.5938 - mean_binary_crossentropy: 0.6322 - likelihood_loss: 37933.5586 - val_loss: 45413.6367 - val_mean_binary_crossentropy: 0.7608 - val_likelihood_loss: 45648.0820
Epoch 152/200
457/457 - 80s - loss: 37117.4336 - mean_binary_crossentropy: 0.6192 - likelihood_loss: 37151.2227 - val_loss: 41521.8359 - val_mean_binary_crossentropy: 0.6902 - val_likelihood_loss: 41414.4727
Epoch 153/200
457/457 - 80s - loss: 36998.2422 - mean_binary_crossentropy: 0.6169 - likelihood_loss: 37012.6758 - val_loss: 33754.0352 - val_mean_binary_crossentropy: 0.5621 - val_likelihood_loss: 33727.1250
Epoch 154/200
457/457 - 80s - loss: 33598.6680 - mean_binary_crossentropy: 0.5595 - likelihood_loss: 33571.4492 - val_loss: 38189.0352 - val_mean_binary_crossentropy: 0.6333 - val_likelihood_loss: 38000.2070
Epoch 155/200
457/457 - 80s - loss: 35750.1211 - mean_binary_crossentropy: 0.5968 - likelihood_loss: 35807.0938 - val_loss: 31176.4824 - val_mean_binary_crossentropy: 0.5193 - val_likelihood_loss: 31157.8242
Epoch 156/200
457/457 - 80s - loss: 35592.5898 - mean_binary_crossentropy: 0.5936 - likelihood_loss: 35615.2109 - val_loss: 36209.1289 - val_mean_binary_crossentropy: 0.6021 - val_likelihood_loss: 36126.7500
Epoch 157/200
457/457 - 81s - loss: 35781.8125 - mean_binary_crossentropy: 0.5967 - likelihood_loss: 35803.5586 - val_loss: 28553.3379 - val_mean_binary_crossentropy: 0.4765 - val_likelihood_loss: 28588.8965
Epoch 158/200
457/457 - 81s - loss: 32590.9570 - mean_binary_crossentropy: 0.5430 - likelihood_loss: 32578.9199 - val_loss: 30393.9004 - val_mean_binary_crossentropy: 0.5052 - val_likelihood_loss: 30311.4707
Epoch 159/200
457/457 - 79s - loss: 32620.1836 - mean_binary_crossentropy: 0.5435 - likelihood_loss: 32612.3711 - val_loss: 29777.4688 - val_mean_binary_crossentropy: 0.4958 - val_likelihood_loss: 29745.9590
Epoch 160/200
457/457 - 80s - loss: 31140.3750 - mean_binary_crossentropy: 0.5188 - likelihood_loss: 31129.2168 - val_loss: 27193.4297 - val_mean_binary_crossentropy: 0.4518 - val_likelihood_loss: 27110.4160
Epoch 161/200
457/457 - 80s - loss: 31521.5234 - mean_binary_crossentropy: 0.5254 - likelihood_loss: 31522.1289 - val_loss: 44634.3672 - val_mean_binary_crossentropy: 0.7392 - val_likelihood_loss: 44354.3906
Epoch 162/200
457/457 - 81s - loss: 30538.2422 - mean_binary_crossentropy: 0.5087 - likelihood_loss: 30523.3633 - val_loss: 33507.0898 - val_mean_binary_crossentropy: 0.5588 - val_likelihood_loss: 33528.4023
Epoch 163/200
457/457 - 81s - loss: 30329.9961 - mean_binary_crossentropy: 0.5053 - likelihood_loss: 30316.1953 - val_loss: 28665.1836 - val_mean_binary_crossentropy: 0.4770 - val_likelihood_loss: 28621.8848
Epoch 164/200
457/457 - 80s - loss: 29242.5449 - mean_binary_crossentropy: 0.4873 - likelihood_loss: 29235.1914 - val_loss: 26050.5508 - val_mean_binary_crossentropy: 0.4350 - val_likelihood_loss: 26099.5273
Epoch 165/200
457/457 - 80s - loss: 29902.7090 - mean_binary_crossentropy: 0.4983 - likelihood_loss: 29898.9062 - val_loss: 32331.3867 - val_mean_binary_crossentropy: 0.5406 - val_likelihood_loss: 32438.1660
Epoch 166/200
457/457 - 80s - loss: 30483.8320 - mean_binary_crossentropy: 0.5081 - likelihood_loss: 30488.4180 - val_loss: 31307.2051 - val_mean_binary_crossentropy: 0.5204 - val_likelihood_loss: 31224.5898
Epoch 167/200
457/457 - 81s - loss: 31501.5527 - mean_binary_crossentropy: 0.5249 - likelihood_loss: 31494.0625 - val_loss: 32030.8887 - val_mean_binary_crossentropy: 0.5317 - val_likelihood_loss: 31900.1562
Epoch 168/200
457/457 - 80s - loss: 26189.6504 - mean_binary_crossentropy: 0.4362 - likelihood_loss: 26171.0859 - val_loss: 34064.5586 - val_mean_binary_crossentropy: 0.5675 - val_likelihood_loss: 34052.0938
Epoch 169/200
457/457 - 81s - loss: 26169.5527 - mean_binary_crossentropy: 0.4361 - likelihood_loss: 26165.5312 - val_loss: 38915.8750 - val_mean_binary_crossentropy: 0.6464 - val_likelihood_loss: 38784.9883
Epoch 170/200
457/457 - 81s - loss: 26888.7363 - mean_binary_crossentropy: 0.4479 - likelihood_loss: 26875.7715 - val_loss: 23352.6523 - val_mean_binary_crossentropy: 0.3886 - val_likelihood_loss: 23316.6230
Epoch 171/200
457/457 - 80s - loss: 27395.6543 - mean_binary_crossentropy: 0.4568 - likelihood_loss: 27409.7305 - val_loss: 23412.4668 - val_mean_binary_crossentropy: 0.3890 - val_likelihood_loss: 23342.5742
Epoch 172/200
457/457 - 80s - loss: 27306.5312 - mean_binary_crossentropy: 0.4550 - likelihood_loss: 27297.8613 - val_loss: 34519.5586 - val_mean_binary_crossentropy: 0.5745 - val_likelihood_loss: 34468.1875
Epoch 173/200
457/457 - 81s - loss: 28430.5625 - mean_binary_crossentropy: 0.4736 - likelihood_loss: 28413.4199 - val_loss: 22737.5371 - val_mean_binary_crossentropy: 0.3781 - val_likelihood_loss: 22684.8535
Epoch 174/200
457/457 - 80s - loss: 26246.1250 - mean_binary_crossentropy: 0.4377 - likelihood_loss: 26261.2188 - val_loss: 26553.4570 - val_mean_binary_crossentropy: 0.4417 - val_likelihood_loss: 26504.8594
Epoch 175/200
457/457 - 81s - loss: 27552.1738 - mean_binary_crossentropy: 0.4587 - likelihood_loss: 27522.8906 - val_loss: 27313.6602 - val_mean_binary_crossentropy: 0.4542 - val_likelihood_loss: 27254.4238
Epoch 176/200
457/457 - 81s - loss: 27947.4980 - mean_binary_crossentropy: 0.4660 - likelihood_loss: 27960.7090 - val_loss: 26368.6816 - val_mean_binary_crossentropy: 0.4395 - val_likelihood_loss: 26371.0195
Epoch 177/200
457/457 - 81s - loss: 25229.8613 - mean_binary_crossentropy: 0.4207 - likelihood_loss: 25241.7246 - val_loss: 30210.6836 - val_mean_binary_crossentropy: 0.5018 - val_likelihood_loss: 30106.5586
Epoch 178/200
457/457 - 80s - loss: 25696.7402 - mean_binary_crossentropy: 0.4289 - likelihood_loss: 25736.0664 - val_loss: 32735.6191 - val_mean_binary_crossentropy: 0.5438 - val_likelihood_loss: 32628.8262
Epoch 179/200
457/457 - 80s - loss: 28432.6895 - mean_binary_crossentropy: 0.4740 - likelihood_loss: 28437.4434 - val_loss: 30492.4102 - val_mean_binary_crossentropy: 0.5098 - val_likelihood_loss: 30587.1465
Epoch 180/200
457/457 - 81s - loss: 25419.6074 - mean_binary_crossentropy: 0.4238 - likelihood_loss: 25429.9980 - val_loss: 27008.0195 - val_mean_binary_crossentropy: 0.4494 - val_likelihood_loss: 26963.5957
Epoch 181/200
457/457 - 80s - loss: 25277.7070 - mean_binary_crossentropy: 0.4215 - likelihood_loss: 25291.9277 - val_loss: 28090.2324 - val_mean_binary_crossentropy: 0.4664 - val_likelihood_loss: 27985.4043
Epoch 182/200
457/457 - 80s - loss: 23285.3047 - mean_binary_crossentropy: 0.3881 - likelihood_loss: 23285.8594 - val_loss: 22679.7266 - val_mean_binary_crossentropy: 0.3761 - val_likelihood_loss: 22565.6250
Epoch 183/200
457/457 - 80s - loss: 23670.1484 - mean_binary_crossentropy: 0.3948 - likelihood_loss: 23686.6367 - val_loss: 24860.6465 - val_mean_binary_crossentropy: 0.4132 - val_likelihood_loss: 24792.0273
Epoch 184/200
457/457 - 80s - loss: 23830.7168 - mean_binary_crossentropy: 0.3972 - likelihood_loss: 23834.6777 - val_loss: 24570.7441 - val_mean_binary_crossentropy: 0.4086 - val_likelihood_loss: 24518.0254
Epoch 185/200
457/457 - 80s - loss: 24688.3984 - mean_binary_crossentropy: 0.4116 - likelihood_loss: 24694.5000 - val_loss: 27913.6113 - val_mean_binary_crossentropy: 0.4656 - val_likelihood_loss: 27933.7441
Epoch 186/200
457/457 - 80s - loss: 24075.4023 - mean_binary_crossentropy: 0.4015 - likelihood_loss: 24089.2129 - val_loss: 25437.6133 - val_mean_binary_crossentropy: 0.4222 - val_likelihood_loss: 25334.9648
Epoch 187/200
457/457 - 81s - loss: 23516.0469 - mean_binary_crossentropy: 0.3918 - likelihood_loss: 23509.1660 - val_loss: 24519.6504 - val_mean_binary_crossentropy: 0.4090 - val_likelihood_loss: 24537.5938
Epoch 188/200
457/457 - 81s - loss: 20872.5352 - mean_binary_crossentropy: 0.3477 - likelihood_loss: 20860.6855 - val_loss: 25779.8047 - val_mean_binary_crossentropy: 0.4296 - val_likelihood_loss: 25774.2305
Epoch 189/200
457/457 - 81s - loss: 21247.5176 - mean_binary_crossentropy: 0.3541 - likelihood_loss: 21243.2148 - val_loss: 20672.3770 - val_mean_binary_crossentropy: 0.3440 - val_likelihood_loss: 20639.6680
Epoch 190/200
457/457 - 80s - loss: 22277.8359 - mean_binary_crossentropy: 0.3714 - likelihood_loss: 22285.6602 - val_loss: 22121.1152 - val_mean_binary_crossentropy: 0.3689 - val_likelihood_loss: 22136.2949
Epoch 191/200
457/457 - 80s - loss: 20449.8516 - mean_binary_crossentropy: 0.3408 - likelihood_loss: 20447.1445 - val_loss: 25981.7734 - val_mean_binary_crossentropy: 0.4314 - val_likelihood_loss: 25885.6914
Epoch 192/200
457/457 - 80s - loss: 22241.1445 - mean_binary_crossentropy: 0.3705 - likelihood_loss: 22232.0879 - val_loss: 19577.9805 - val_mean_binary_crossentropy: 0.3257 - val_likelihood_loss: 19543.5938
Epoch 193/200
457/457 - 80s - loss: 20721.1465 - mean_binary_crossentropy: 0.3456 - likelihood_loss: 20736.5859 - val_loss: 26054.8555 - val_mean_binary_crossentropy: 0.4334 - val_likelihood_loss: 26002.2969
Epoch 194/200
457/457 - 80s - loss: 20752.1836 - mean_binary_crossentropy: 0.3455 - likelihood_loss: 20728.4297 - val_loss: 20629.6523 - val_mean_binary_crossentropy: 0.3427 - val_likelihood_loss: 20561.7285
Epoch 195/200
457/457 - 81s - loss: 21604.2422 - mean_binary_crossentropy: 0.3610 - likelihood_loss: 21659.6914 - val_loss: 23754.3770 - val_mean_binary_crossentropy: 0.3984 - val_likelihood_loss: 23903.5410
Epoch 196/200
457/457 - 81s - loss: 20898.7578 - mean_binary_crossentropy: 0.3482 - likelihood_loss: 20892.4609 - val_loss: 24923.6426 - val_mean_binary_crossentropy: 0.4156 - val_likelihood_loss: 24934.6152
Epoch 197/200
457/457 - 80s - loss: 21028.9414 - mean_binary_crossentropy: 0.3506 - likelihood_loss: 21035.5625 - val_loss: 22521.5996 - val_mean_binary_crossentropy: 0.3741 - val_likelihood_loss: 22446.1289
Epoch 198/200
457/457 - 79s - loss: 19955.2207 - mean_binary_crossentropy: 0.3326 - likelihood_loss: 19956.2500 - val_loss: 20421.7461 - val_mean_binary_crossentropy: 0.3395 - val_likelihood_loss: 20372.7988
Epoch 199/200
457/457 - 80s - loss: 19526.9199 - mean_binary_crossentropy: 0.3252 - likelihood_loss: 19514.7070 - val_loss: 25548.9062 - val_mean_binary_crossentropy: 0.4245 - val_likelihood_loss: 25467.5391
Epoch 200/200
457/457 - 79s - loss: 19618.3691 - mean_binary_crossentropy: 0.3269 - likelihood_loss: 19612.2598 - val_loss: 19804.7109 - val_mean_binary_crossentropy: 0.3292 - val_likelihood_loss: 19749.4863
Total time elapsed for training = 20814.290594816208 seconds
Training finished at 2020-07-09 15:43:12.218725
Saved model to disk (.h5)
Pickled training history
