LAYER_NAME: output_layer
2020-07-08 20:44:49.829770: I tensorflow_io/core/kernels/cpu_check.cc:128] Your CPU supports instructions that this TensorFlow IO binary was not compiled to use: AVX2 AVX512F FMA
2020-07-08 20:44:50.928676: I tensorflow/stream_executor/platform/default/dso_loader.cc:44] Successfully opened dynamic library libcuda.so.1
2020-07-08 20:44:51.073722: I tensorflow/core/common_runtime/gpu/gpu_device.cc:1561] Found device 0 with properties: 
pciBusID: 0000:1d:00.0 name: GeForce RTX 2080 Ti computeCapability: 7.5
coreClock: 1.545GHz coreCount: 68 deviceMemorySize: 10.73GiB deviceMemoryBandwidth: 573.69GiB/s
2020-07-08 20:44:51.075755: I tensorflow/core/common_runtime/gpu/gpu_device.cc:1561] Found device 1 with properties: 
pciBusID: 0000:1e:00.0 name: GeForce RTX 2080 Ti computeCapability: 7.5
coreClock: 1.545GHz coreCount: 68 deviceMemorySize: 10.73GiB deviceMemoryBandwidth: 573.69GiB/s
2020-07-08 20:44:51.077796: I tensorflow/core/common_runtime/gpu/gpu_device.cc:1561] Found device 2 with properties: 
pciBusID: 0000:1f:00.0 name: GeForce RTX 2080 Ti computeCapability: 7.5
coreClock: 1.545GHz coreCount: 68 deviceMemorySize: 10.73GiB deviceMemoryBandwidth: 573.69GiB/s
2020-07-08 20:44:51.079400: I tensorflow/stream_executor/platform/default/dso_loader.cc:44] Successfully opened dynamic library libcudart.so.10.1
2020-07-08 20:44:51.083866: I tensorflow/stream_executor/platform/default/dso_loader.cc:44] Successfully opened dynamic library libcublas.so.10
2020-07-08 20:44:51.087304: I tensorflow/stream_executor/platform/default/dso_loader.cc:44] Successfully opened dynamic library libcufft.so.10
2020-07-08 20:44:51.088876: I tensorflow/stream_executor/platform/default/dso_loader.cc:44] Successfully opened dynamic library libcurand.so.10
2020-07-08 20:44:51.092292: I tensorflow/stream_executor/platform/default/dso_loader.cc:44] Successfully opened dynamic library libcusolver.so.10
2020-07-08 20:44:51.094733: I tensorflow/stream_executor/platform/default/dso_loader.cc:44] Successfully opened dynamic library libcusparse.so.10
2020-07-08 20:44:51.100626: I tensorflow/stream_executor/platform/default/dso_loader.cc:44] Successfully opened dynamic library libcudnn.so.7
2020-07-08 20:44:51.112770: I tensorflow/core/common_runtime/gpu/gpu_device.cc:1703] Adding visible gpu devices: 0, 1, 2
2020-07-08 20:44:51.874143: I tensorflow/core/platform/cpu_feature_guard.cc:143] Your CPU supports instructions that this TensorFlow binary was not compiled to use: AVX2 AVX512F FMA
2020-07-08 20:44:51.885616: I tensorflow/core/platform/profile_utils/cpu_utils.cc:102] CPU Frequency: 2100000000 Hz
2020-07-08 20:44:51.887291: I tensorflow/compiler/xla/service/service.cc:168] XLA service 0x558702c51ad0 initialized for platform Host (this does not guarantee that XLA will be used). Devices:
2020-07-08 20:44:51.887319: I tensorflow/compiler/xla/service/service.cc:176]   StreamExecutor device (0): Host, Default Version
2020-07-08 20:44:52.433546: I tensorflow/compiler/xla/service/service.cc:168] XLA service 0x558702cbbf70 initialized for platform CUDA (this does not guarantee that XLA will be used). Devices:
2020-07-08 20:44:52.433582: I tensorflow/compiler/xla/service/service.cc:176]   StreamExecutor device (0): GeForce RTX 2080 Ti, Compute Capability 7.5
2020-07-08 20:44:52.433589: I tensorflow/compiler/xla/service/service.cc:176]   StreamExecutor device (1): GeForce RTX 2080 Ti, Compute Capability 7.5
2020-07-08 20:44:52.433595: I tensorflow/compiler/xla/service/service.cc:176]   StreamExecutor device (2): GeForce RTX 2080 Ti, Compute Capability 7.5
2020-07-08 20:44:52.436079: I tensorflow/core/common_runtime/gpu/gpu_device.cc:1561] Found device 0 with properties: 
pciBusID: 0000:1d:00.0 name: GeForce RTX 2080 Ti computeCapability: 7.5
coreClock: 1.545GHz coreCount: 68 deviceMemorySize: 10.73GiB deviceMemoryBandwidth: 573.69GiB/s
2020-07-08 20:44:52.438045: I tensorflow/core/common_runtime/gpu/gpu_device.cc:1561] Found device 1 with properties: 
pciBusID: 0000:1e:00.0 name: GeForce RTX 2080 Ti computeCapability: 7.5
coreClock: 1.545GHz coreCount: 68 deviceMemorySize: 10.73GiB deviceMemoryBandwidth: 573.69GiB/s
2020-07-08 20:44:52.439996: I tensorflow/core/common_runtime/gpu/gpu_device.cc:1561] Found device 2 with properties: 
pciBusID: 0000:1f:00.0 name: GeForce RTX 2080 Ti computeCapability: 7.5
coreClock: 1.545GHz coreCount: 68 deviceMemorySize: 10.73GiB deviceMemoryBandwidth: 573.69GiB/s
2020-07-08 20:44:52.440035: I tensorflow/stream_executor/platform/default/dso_loader.cc:44] Successfully opened dynamic library libcudart.so.10.1
2020-07-08 20:44:52.440047: I tensorflow/stream_executor/platform/default/dso_loader.cc:44] Successfully opened dynamic library libcublas.so.10
2020-07-08 20:44:52.440059: I tensorflow/stream_executor/platform/default/dso_loader.cc:44] Successfully opened dynamic library libcufft.so.10
2020-07-08 20:44:52.440071: I tensorflow/stream_executor/platform/default/dso_loader.cc:44] Successfully opened dynamic library libcurand.so.10
2020-07-08 20:44:52.440082: I tensorflow/stream_executor/platform/default/dso_loader.cc:44] Successfully opened dynamic library libcusolver.so.10
2020-07-08 20:44:52.440094: I tensorflow/stream_executor/platform/default/dso_loader.cc:44] Successfully opened dynamic library libcusparse.so.10
2020-07-08 20:44:52.440105: I tensorflow/stream_executor/platform/default/dso_loader.cc:44] Successfully opened dynamic library libcudnn.so.7
2020-07-08 20:44:52.451520: I tensorflow/core/common_runtime/gpu/gpu_device.cc:1703] Adding visible gpu devices: 0, 1, 2
2020-07-08 20:44:52.451559: I tensorflow/stream_executor/platform/default/dso_loader.cc:44] Successfully opened dynamic library libcudart.so.10.1
2020-07-08 20:44:52.458366: I tensorflow/core/common_runtime/gpu/gpu_device.cc:1102] Device interconnect StreamExecutor with strength 1 edge matrix:
2020-07-08 20:44:52.458386: I tensorflow/core/common_runtime/gpu/gpu_device.cc:1108]      0 1 2 
2020-07-08 20:44:52.458396: I tensorflow/core/common_runtime/gpu/gpu_device.cc:1121] 0:   N N N 
2020-07-08 20:44:52.458402: I tensorflow/core/common_runtime/gpu/gpu_device.cc:1121] 1:   N N N 
2020-07-08 20:44:52.458407: I tensorflow/core/common_runtime/gpu/gpu_device.cc:1121] 2:   N N N 
2020-07-08 20:44:52.467941: I tensorflow/core/common_runtime/gpu/gpu_device.cc:1247] Created TensorFlow device (/job:localhost/replica:0/task:0/device:GPU:0 with 10176 MB memory) -> physical GPU (device: 0, name: GeForce RTX 2080 Ti, pci bus id: 0000:1d:00.0, compute capability: 7.5)
2020-07-08 20:44:52.470489: I tensorflow/core/common_runtime/gpu/gpu_device.cc:1247] Created TensorFlow device (/job:localhost/replica:0/task:0/device:GPU:1 with 10176 MB memory) -> physical GPU (device: 1, name: GeForce RTX 2080 Ti, pci bus id: 0000:1e:00.0, compute capability: 7.5)
2020-07-08 20:44:52.472987: I tensorflow/core/common_runtime/gpu/gpu_device.cc:1247] Created TensorFlow device (/job:localhost/replica:0/task:0/device:GPU:2 with 10176 MB memory) -> physical GPU (device: 2, name: GeForce RTX 2080 Ti, pci bus id: 0000:1f:00.0, compute capability: 7.5)
WARNING:tensorflow:From /home/hauthj/.conda/envs/gpu-env/lib/python3.8/site-packages/tensorflow_probability/python/layers/util.py:99: Layer.add_variable (from tensorflow.python.keras.engine.base_layer) is deprecated and will be removed in a future version.
Instructions for updating:
Please use `layer.add_weight` method instead.
